CRITICAL - 2025-01-04 13:47:47 --> ErrorException: Undefined array key "kd_kelas"
[Method: GET, Route: daftar_siswa]
in APPPATH\Views\daftar_murid_view.php on line 72.
 1 APPPATH\Views\daftar_murid_view.php(72): CodeIgniter\Debug\Exceptions->errorHandler(2, 'Undefined array key "kd_kelas"', 'C:\\xampp\\htdocs\\si_manajemen_nilai\\app\\Views\\daftar_murid_view.php', 72)
 2 SYSTEMPATH\View\View.php(234): include('C:\\xampp\\htdocs\\si_manajemen_nilai\\app\\Views\\daftar_murid_view.php')
 3 SYSTEMPATH\View\View.php(237): CodeIgniter\View\View->CodeIgniter\View\{closure}()
 4 SYSTEMPATH\Common.php(1171): CodeIgniter\View\View->render('daftar_murid_view', [], true)
 5 APPPATH\Controllers\Daftarsiswa.php(23): view('daftar_murid_view', [...])
 6 SYSTEMPATH\CodeIgniter.php(933): App\Controllers\Daftarsiswa->index()
 7 SYSTEMPATH\CodeIgniter.php(509): CodeIgniter\CodeIgniter->runController(Object(App\Controllers\Daftarsiswa))
 8 SYSTEMPATH\CodeIgniter.php(355): CodeIgniter\CodeIgniter->handleRequest(null, Object(Config\Cache), false)
 9 SYSTEMPATH\Boot.php(325): CodeIgniter\CodeIgniter->run()
10 SYSTEMPATH\Boot.php(67): CodeIgniter\Boot::runCodeIgniter(Object(CodeIgniter\CodeIgniter))
11 FCPATH\index.php(56): CodeIgniter\Boot::bootWeb(Object(Config\Paths))
12 SYSTEMPATH\rewrite.php(44): require_once('C:\\xampp\\htdocs\\si_manajemen_nilai\\public\\index.php')
CRITICAL - 2025-01-04 14:29:56 --> ParseError: syntax error, unexpected token "}"
[Method: GET, Route: daftar_siswa]
in APPPATH\Models\DaftarsiswaModel.php on line 17.
 1 SYSTEMPATH\Autoloader\Autoloader.php(296): CodeIgniter\Autoloader\Autoloader->includeFile('C:\\xampp\\htdocs\\si_manajemen_nilai\\app\\Models\\DaftarsiswaModel.php')
 2 SYSTEMPATH\Autoloader\Autoloader.php(272): CodeIgniter\Autoloader\Autoloader->loadInNamespace('App\\Models\\DaftarsiswaModel')
 3 APPPATH\Controllers\Daftarsiswa.php(12): CodeIgniter\Autoloader\Autoloader->loadClass('App\\Models\\DaftarsiswaModel')
 4 SYSTEMPATH\CodeIgniter.php(933): App\Controllers\Daftarsiswa->index()
 5 SYSTEMPATH\CodeIgniter.php(509): CodeIgniter\CodeIgniter->runController(Object(App\Controllers\Daftarsiswa))
 6 SYSTEMPATH\CodeIgniter.php(355): CodeIgniter\CodeIgniter->handleRequest(null, Object(Config\Cache), false)
 7 SYSTEMPATH\Boot.php(325): CodeIgniter\CodeIgniter->run()
 8 SYSTEMPATH\Boot.php(67): CodeIgniter\Boot::runCodeIgniter(Object(CodeIgniter\CodeIgniter))
 9 FCPATH\index.php(56): CodeIgniter\Boot::bootWeb(Object(Config\Paths))
10 SYSTEMPATH\rewrite.php(44): require_once('C:\\xampp\\htdocs\\si_manajemen_nilai\\public\\index.php')
CRITICAL - 2025-01-04 14:30:15 --> ArgumentCountError: Too few arguments to function App\Models\DaftarsiswaModel::dataSiswa(), 0 passed in C:\xampp\htdocs\si_manajemen_nilai\app\Controllers\Daftarsiswa.php on line 17 and exactly 1 expected
[Method: GET, Route: daftar_siswa]
in APPPATH\Models\DaftarsiswaModel.php on line 15.
 1 APPPATH\Controllers\Daftarsiswa.php(17): App\Models\DaftarsiswaModel->dataSiswa()
 2 SYSTEMPATH\CodeIgniter.php(933): App\Controllers\Daftarsiswa->index()
 3 SYSTEMPATH\CodeIgniter.php(509): CodeIgniter\CodeIgniter->runController(Object(App\Controllers\Daftarsiswa))
 4 SYSTEMPATH\CodeIgniter.php(355): CodeIgniter\CodeIgniter->handleRequest(null, Object(Config\Cache), false)
 5 SYSTEMPATH\Boot.php(325): CodeIgniter\CodeIgniter->run()
 6 SYSTEMPATH\Boot.php(67): CodeIgniter\Boot::runCodeIgniter(Object(CodeIgniter\CodeIgniter))
 7 FCPATH\index.php(56): CodeIgniter\Boot::bootWeb(Object(Config\Paths))
 8 SYSTEMPATH\rewrite.php(44): require_once('C:\\xampp\\htdocs\\si_manajemen_nilai\\public\\index.php')
CRITICAL - 2025-01-04 14:30:22 --> BadMethodCallException: Call to undefined method App\Models\DaftarsiswaModel::dataSiswa
[Method: GET, Route: daftar_siswa]
in SYSTEMPATH\Model.php on line 932.
 1 APPPATH\Controllers\Daftarsiswa.php(17): CodeIgniter\Model->__call('dataSiswa', [])
 2 SYSTEMPATH\CodeIgniter.php(933): App\Controllers\Daftarsiswa->index()
 3 SYSTEMPATH\CodeIgniter.php(509): CodeIgniter\CodeIgniter->runController(Object(App\Controllers\Daftarsiswa))
 4 SYSTEMPATH\CodeIgniter.php(355): CodeIgniter\CodeIgniter->handleRequest(null, Object(Config\Cache), false)
 5 SYSTEMPATH\Boot.php(325): CodeIgniter\CodeIgniter->run()
 6 SYSTEMPATH\Boot.php(67): CodeIgniter\Boot::runCodeIgniter(Object(CodeIgniter\CodeIgniter))
 7 FCPATH\index.php(56): CodeIgniter\Boot::bootWeb(Object(Config\Paths))
 8 SYSTEMPATH\rewrite.php(44): require_once('C:\\xampp\\htdocs\\si_manajemen_nilai\\public\\index.php')
CRITICAL - 2025-01-04 14:30:38 --> BadMethodCallException: Call to undefined method App\Models\DaftarsiswaModel::dataSiswa
[Method: GET, Route: daftar_siswa]
in SYSTEMPATH\Model.php on line 932.
 1 APPPATH\Controllers\Daftarsiswa.php(17): CodeIgniter\Model->__call('dataSiswa', [])
 2 SYSTEMPATH\CodeIgniter.php(933): App\Controllers\Daftarsiswa->index()
 3 SYSTEMPATH\CodeIgniter.php(509): CodeIgniter\CodeIgniter->runController(Object(App\Controllers\Daftarsiswa))
 4 SYSTEMPATH\CodeIgniter.php(355): CodeIgniter\CodeIgniter->handleRequest(null, Object(Config\Cache), false)
 5 SYSTEMPATH\Boot.php(325): CodeIgniter\CodeIgniter->run()
 6 SYSTEMPATH\Boot.php(67): CodeIgniter\Boot::runCodeIgniter(Object(CodeIgniter\CodeIgniter))
 7 FCPATH\index.php(56): CodeIgniter\Boot::bootWeb(Object(Config\Paths))
 8 SYSTEMPATH\rewrite.php(44): require_once('C:\\xampp\\htdocs\\si_manajemen_nilai\\public\\index.php')
CRITICAL - 2025-01-04 14:31:21 --> BadMethodCallException: Call to undefined method App\Models\DaftarsiswaModel::dataSiswa
[Method: GET, Route: daftar_siswa]
in SYSTEMPATH\Model.php on line 932.
 1 APPPATH\Controllers\Daftarsiswa.php(17): CodeIgniter\Model->__call('dataSiswa', [])
 2 SYSTEMPATH\CodeIgniter.php(933): App\Controllers\Daftarsiswa->index()
 3 SYSTEMPATH\CodeIgniter.php(509): CodeIgniter\CodeIgniter->runController(Object(App\Controllers\Daftarsiswa))
 4 SYSTEMPATH\CodeIgniter.php(355): CodeIgniter\CodeIgniter->handleRequest(null, Object(Config\Cache), false)
 5 SYSTEMPATH\Boot.php(325): CodeIgniter\CodeIgniter->run()
 6 SYSTEMPATH\Boot.php(67): CodeIgniter\Boot::runCodeIgniter(Object(CodeIgniter\CodeIgniter))
 7 FCPATH\index.php(56): CodeIgniter\Boot::bootWeb(Object(Config\Paths))
 8 SYSTEMPATH\rewrite.php(44): require_once('C:\\xampp\\htdocs\\si_manajemen_nilai\\public\\index.php')
CRITICAL - 2025-01-04 14:31:36 --> ArgumentCountError: Too few arguments to function App\Models\DaftarsiswaModel::dataSiswa(), 0 passed in C:\xampp\htdocs\si_manajemen_nilai\app\Controllers\Daftarsiswa.php on line 17 and exactly 1 expected
[Method: GET, Route: daftar_siswa]
in APPPATH\Models\DaftarsiswaModel.php on line 15.
 1 APPPATH\Controllers\Daftarsiswa.php(17): App\Models\DaftarsiswaModel->dataSiswa()
 2 SYSTEMPATH\CodeIgniter.php(933): App\Controllers\Daftarsiswa->index()
 3 SYSTEMPATH\CodeIgniter.php(509): CodeIgniter\CodeIgniter->runController(Object(App\Controllers\Daftarsiswa))
 4 SYSTEMPATH\CodeIgniter.php(355): CodeIgniter\CodeIgniter->handleRequest(null, Object(Config\Cache), false)
 5 SYSTEMPATH\Boot.php(325): CodeIgniter\CodeIgniter->run()
 6 SYSTEMPATH\Boot.php(67): CodeIgniter\Boot::runCodeIgniter(Object(CodeIgniter\CodeIgniter))
 7 FCPATH\index.php(56): CodeIgniter\Boot::bootWeb(Object(Config\Paths))
 8 SYSTEMPATH\rewrite.php(44): require_once('C:\\xampp\\htdocs\\si_manajemen_nilai\\public\\index.php')
CRITICAL - 2025-01-04 14:31:45 --> BadMethodCallException: Call to undefined method App\Models\DaftarsiswaModel::dataSiswa
[Method: GET, Route: daftar_siswa]
in SYSTEMPATH\Model.php on line 932.
 1 APPPATH\Controllers\Daftarsiswa.php(17): CodeIgniter\Model->__call('dataSiswa', [])
 2 SYSTEMPATH\CodeIgniter.php(933): App\Controllers\Daftarsiswa->index()
 3 SYSTEMPATH\CodeIgniter.php(509): CodeIgniter\CodeIgniter->runController(Object(App\Controllers\Daftarsiswa))
 4 SYSTEMPATH\CodeIgniter.php(355): CodeIgniter\CodeIgniter->handleRequest(null, Object(Config\Cache), false)
 5 SYSTEMPATH\Boot.php(325): CodeIgniter\CodeIgniter->run()
 6 SYSTEMPATH\Boot.php(67): CodeIgniter\Boot::runCodeIgniter(Object(CodeIgniter\CodeIgniter))
 7 FCPATH\index.php(56): CodeIgniter\Boot::bootWeb(Object(Config\Paths))
 8 SYSTEMPATH\rewrite.php(44): require_once('C:\\xampp\\htdocs\\si_manajemen_nilai\\public\\index.php')
CRITICAL - 2025-01-04 14:32:15 --> ArgumentCountError: Too few arguments to function App\Models\DaftarsiswaModel::dataSiswa(), 0 passed in C:\xampp\htdocs\si_manajemen_nilai\app\Controllers\Daftarsiswa.php on line 17 and exactly 1 expected
[Method: GET, Route: daftar_siswa]
in APPPATH\Models\DaftarsiswaModel.php on line 15.
 1 APPPATH\Controllers\Daftarsiswa.php(17): App\Models\DaftarsiswaModel->dataSiswa()
 2 SYSTEMPATH\CodeIgniter.php(933): App\Controllers\Daftarsiswa->index()
 3 SYSTEMPATH\CodeIgniter.php(509): CodeIgniter\CodeIgniter->runController(Object(App\Controllers\Daftarsiswa))
 4 SYSTEMPATH\CodeIgniter.php(355): CodeIgniter\CodeIgniter->handleRequest(null, Object(Config\Cache), false)
 5 SYSTEMPATH\Boot.php(325): CodeIgniter\CodeIgniter->run()
 6 SYSTEMPATH\Boot.php(67): CodeIgniter\Boot::runCodeIgniter(Object(CodeIgniter\CodeIgniter))
 7 FCPATH\index.php(56): CodeIgniter\Boot::bootWeb(Object(Config\Paths))
 8 SYSTEMPATH\rewrite.php(44): require_once('C:\\xampp\\htdocs\\si_manajemen_nilai\\public\\index.php')
CRITICAL - 2025-01-04 14:32:32 --> ArgumentCountError: Too few arguments to function App\Models\DaftarsiswaModel::dataSiswa(), 0 passed in C:\xampp\htdocs\si_manajemen_nilai\app\Controllers\Daftarsiswa.php on line 17 and exactly 1 expected
[Method: GET, Route: daftar_siswa]
in APPPATH\Models\DaftarsiswaModel.php on line 15.
 1 APPPATH\Controllers\Daftarsiswa.php(17): App\Models\DaftarsiswaModel->dataSiswa()
 2 SYSTEMPATH\CodeIgniter.php(933): App\Controllers\Daftarsiswa->index()
 3 SYSTEMPATH\CodeIgniter.php(509): CodeIgniter\CodeIgniter->runController(Object(App\Controllers\Daftarsiswa))
 4 SYSTEMPATH\CodeIgniter.php(355): CodeIgniter\CodeIgniter->handleRequest(null, Object(Config\Cache), false)
 5 SYSTEMPATH\Boot.php(325): CodeIgniter\CodeIgniter->run()
 6 SYSTEMPATH\Boot.php(67): CodeIgniter\Boot::runCodeIgniter(Object(CodeIgniter\CodeIgniter))
 7 FCPATH\index.php(56): CodeIgniter\Boot::bootWeb(Object(Config\Paths))
 8 SYSTEMPATH\rewrite.php(44): require_once('C:\\xampp\\htdocs\\si_manajemen_nilai\\public\\index.php')
CRITICAL - 2025-01-04 14:33:11 --> ArgumentCountError: Too few arguments to function App\Models\DaftarsiswaModel::dataSiswa(), 0 passed in C:\xampp\htdocs\si_manajemen_nilai\app\Controllers\Daftarsiswa.php on line 17 and exactly 1 expected
[Method: GET, Route: daftar_siswa]
in APPPATH\Models\DaftarsiswaModel.php on line 15.
 1 APPPATH\Controllers\Daftarsiswa.php(17): App\Models\DaftarsiswaModel->dataSiswa()
 2 SYSTEMPATH\CodeIgniter.php(933): App\Controllers\Daftarsiswa->index()
 3 SYSTEMPATH\CodeIgniter.php(509): CodeIgniter\CodeIgniter->runController(Object(App\Controllers\Daftarsiswa))
 4 SYSTEMPATH\CodeIgniter.php(355): CodeIgniter\CodeIgniter->handleRequest(null, Object(Config\Cache), false)
 5 SYSTEMPATH\Boot.php(325): CodeIgniter\CodeIgniter->run()
 6 SYSTEMPATH\Boot.php(67): CodeIgniter\Boot::runCodeIgniter(Object(CodeIgniter\CodeIgniter))
 7 FCPATH\index.php(56): CodeIgniter\Boot::bootWeb(Object(Config\Paths))
 8 SYSTEMPATH\rewrite.php(44): require_once('C:\\xampp\\htdocs\\si_manajemen_nilai\\public\\index.php')
CRITICAL - 2025-01-04 14:33:27 --> BadMethodCallException: Call to undefined method App\Models\DaftarsiswaModel::dataSiswa
[Method: GET, Route: daftar_siswa]
in SYSTEMPATH\Model.php on line 932.
 1 APPPATH\Controllers\Daftarsiswa.php(17): CodeIgniter\Model->__call('dataSiswa', [])
 2 SYSTEMPATH\CodeIgniter.php(933): App\Controllers\Daftarsiswa->index()
 3 SYSTEMPATH\CodeIgniter.php(509): CodeIgniter\CodeIgniter->runController(Object(App\Controllers\Daftarsiswa))
 4 SYSTEMPATH\CodeIgniter.php(355): CodeIgniter\CodeIgniter->handleRequest(null, Object(Config\Cache), false)
 5 SYSTEMPATH\Boot.php(325): CodeIgniter\CodeIgniter->run()
 6 SYSTEMPATH\Boot.php(67): CodeIgniter\Boot::runCodeIgniter(Object(CodeIgniter\CodeIgniter))
 7 FCPATH\index.php(56): CodeIgniter\Boot::bootWeb(Object(Config\Paths))
 8 SYSTEMPATH\rewrite.php(44): require_once('C:\\xampp\\htdocs\\si_manajemen_nilai\\public\\index.php')
CRITICAL - 2025-01-04 14:33:44 --> BadMethodCallException: Call to undefined method App\Models\DaftarsiswaModel::dataSiswa
[Method: GET, Route: daftar_siswa]
in SYSTEMPATH\Model.php on line 932.
 1 APPPATH\Controllers\Daftarsiswa.php(17): CodeIgniter\Model->__call('dataSiswa', [])
 2 SYSTEMPATH\CodeIgniter.php(933): App\Controllers\Daftarsiswa->index()
 3 SYSTEMPATH\CodeIgniter.php(509): CodeIgniter\CodeIgniter->runController(Object(App\Controllers\Daftarsiswa))
 4 SYSTEMPATH\CodeIgniter.php(355): CodeIgniter\CodeIgniter->handleRequest(null, Object(Config\Cache), false)
 5 SYSTEMPATH\Boot.php(325): CodeIgniter\CodeIgniter->run()
 6 SYSTEMPATH\Boot.php(67): CodeIgniter\Boot::runCodeIgniter(Object(CodeIgniter\CodeIgniter))
 7 FCPATH\index.php(56): CodeIgniter\Boot::bootWeb(Object(Config\Paths))
 8 SYSTEMPATH\rewrite.php(44): require_once('C:\\xampp\\htdocs\\si_manajemen_nilai\\public\\index.php')
CRITICAL - 2025-01-04 14:33:49 --> BadMethodCallException: Call to undefined method App\Models\DaftarsiswaModel::dataSiswa
[Method: GET, Route: daftar_siswa]
in SYSTEMPATH\Model.php on line 932.
 1 APPPATH\Controllers\Daftarsiswa.php(17): CodeIgniter\Model->__call('dataSiswa', [])
 2 SYSTEMPATH\CodeIgniter.php(933): App\Controllers\Daftarsiswa->index()
 3 SYSTEMPATH\CodeIgniter.php(509): CodeIgniter\CodeIgniter->runController(Object(App\Controllers\Daftarsiswa))
 4 SYSTEMPATH\CodeIgniter.php(355): CodeIgniter\CodeIgniter->handleRequest(null, Object(Config\Cache), false)
 5 SYSTEMPATH\Boot.php(325): CodeIgniter\CodeIgniter->run()
 6 SYSTEMPATH\Boot.php(67): CodeIgniter\Boot::runCodeIgniter(Object(CodeIgniter\CodeIgniter))
 7 FCPATH\index.php(56): CodeIgniter\Boot::bootWeb(Object(Config\Paths))
 8 SYSTEMPATH\rewrite.php(44): require_once('C:\\xampp\\htdocs\\si_manajemen_nilai\\public\\index.php')
CRITICAL - 2025-01-04 14:34:56 --> ErrorException: Undefined array key "tahun_ajaran"
[Method: GET, Route: daftar_siswa]
in APPPATH\Views\daftar_murid_view.php on line 63.
 1 APPPATH\Views\daftar_murid_view.php(63): CodeIgniter\Debug\Exceptions->errorHandler(2, 'Undefined array key "tahun_ajaran"', 'C:\\xampp\\htdocs\\si_manajemen_nilai\\app\\Views\\daftar_murid_view.php', 63)
 2 SYSTEMPATH\View\View.php(234): include('C:\\xampp\\htdocs\\si_manajemen_nilai\\app\\Views\\daftar_murid_view.php')
 3 SYSTEMPATH\View\View.php(237): CodeIgniter\View\View->CodeIgniter\View\{closure}()
 4 SYSTEMPATH\Common.php(1171): CodeIgniter\View\View->render('daftar_murid_view', [], true)
 5 APPPATH\Controllers\Daftarsiswa.php(22): view('daftar_murid_view', [...])
 6 SYSTEMPATH\CodeIgniter.php(933): App\Controllers\Daftarsiswa->index()
 7 SYSTEMPATH\CodeIgniter.php(509): CodeIgniter\CodeIgniter->runController(Object(App\Controllers\Daftarsiswa))
 8 SYSTEMPATH\CodeIgniter.php(355): CodeIgniter\CodeIgniter->handleRequest(null, Object(Config\Cache), false)
 9 SYSTEMPATH\Boot.php(325): CodeIgniter\CodeIgniter->run()
10 SYSTEMPATH\Boot.php(67): CodeIgniter\Boot::runCodeIgniter(Object(CodeIgniter\CodeIgniter))
11 FCPATH\index.php(56): CodeIgniter\Boot::bootWeb(Object(Config\Paths))
12 SYSTEMPATH\rewrite.php(44): require_once('C:\\xampp\\htdocs\\si_manajemen_nilai\\public\\index.php')
CRITICAL - 2025-01-04 15:15:28 --> ErrorException: Undefined array key "kelas"
[Method: GET, Route: daftar_siswa/siswa/X%20RPL%201]
in APPPATH\Views\daftar_murid_isi_view.php on line 13.
 1 APPPATH\Views\daftar_murid_isi_view.php(13): CodeIgniter\Debug\Exceptions->errorHandler(2, 'Undefined array key "kelas"', 'C:\\xampp\\htdocs\\si_manajemen_nilai\\app\\Views\\daftar_murid_isi_view.php', 13)
 2 SYSTEMPATH\View\View.php(234): include('C:\\xampp\\htdocs\\si_manajemen_nilai\\app\\Views\\daftar_murid_isi_view.php')
 3 SYSTEMPATH\View\View.php(237): CodeIgniter\View\View->CodeIgniter\View\{closure}()
 4 SYSTEMPATH\Common.php(1171): CodeIgniter\View\View->render('daftar_murid_isi_view', [], true)
 5 APPPATH\Controllers\Daftarsiswa.php(30): view('daftar_murid_isi_view', [...])
 6 SYSTEMPATH\CodeIgniter.php(933): App\Controllers\Daftarsiswa->siswa('X RPL 1')
 7 SYSTEMPATH\CodeIgniter.php(509): CodeIgniter\CodeIgniter->runController(Object(App\Controllers\Daftarsiswa))
 8 SYSTEMPATH\CodeIgniter.php(355): CodeIgniter\CodeIgniter->handleRequest(null, Object(Config\Cache), false)
 9 SYSTEMPATH\Boot.php(325): CodeIgniter\CodeIgniter->run()
10 SYSTEMPATH\Boot.php(67): CodeIgniter\Boot::runCodeIgniter(Object(CodeIgniter\CodeIgniter))
11 FCPATH\index.php(56): CodeIgniter\Boot::bootWeb(Object(Config\Paths))
12 SYSTEMPATH\rewrite.php(44): require_once('C:\\xampp\\htdocs\\si_manajemen_nilai\\public\\index.php')
CRITICAL - 2025-01-04 15:17:46 --> ErrorException: Undefined array key "kelas"
[Method: GET, Route: daftar_siswa/siswa/X%20RPL%201]
in APPPATH\Views\daftar_murid_isi_view.php on line 13.
 1 APPPATH\Views\daftar_murid_isi_view.php(13): CodeIgniter\Debug\Exceptions->errorHandler(2, 'Undefined array key "kelas"', 'C:\\xampp\\htdocs\\si_manajemen_nilai\\app\\Views\\daftar_murid_isi_view.php', 13)
 2 SYSTEMPATH\View\View.php(234): include('C:\\xampp\\htdocs\\si_manajemen_nilai\\app\\Views\\daftar_murid_isi_view.php')
 3 SYSTEMPATH\View\View.php(237): CodeIgniter\View\View->CodeIgniter\View\{closure}()
 4 SYSTEMPATH\Common.php(1171): CodeIgniter\View\View->render('daftar_murid_isi_view', [], true)
 5 APPPATH\Controllers\Daftarsiswa.php(35): view('daftar_murid_isi_view', [...])
 6 SYSTEMPATH\CodeIgniter.php(933): App\Controllers\Daftarsiswa->siswa('X RPL 1')
 7 SYSTEMPATH\CodeIgniter.php(509): CodeIgniter\CodeIgniter->runController(Object(App\Controllers\Daftarsiswa))
 8 SYSTEMPATH\CodeIgniter.php(355): CodeIgniter\CodeIgniter->handleRequest(null, Object(Config\Cache), false)
 9 SYSTEMPATH\Boot.php(325): CodeIgniter\CodeIgniter->run()
10 SYSTEMPATH\Boot.php(67): CodeIgniter\Boot::runCodeIgniter(Object(CodeIgniter\CodeIgniter))
11 FCPATH\index.php(56): CodeIgniter\Boot::bootWeb(Object(Config\Paths))
12 SYSTEMPATH\rewrite.php(44): require_once('C:\\xampp\\htdocs\\si_manajemen_nilai\\public\\index.php')
CRITICAL - 2025-01-04 15:18:36 --> ErrorException: Undefined array key "kelas"
[Method: GET, Route: daftar_siswa/siswa/X%20RPL%201]
in APPPATH\Views\daftar_murid_isi_view.php on line 13.
 1 APPPATH\Views\daftar_murid_isi_view.php(13): CodeIgniter\Debug\Exceptions->errorHandler(2, 'Undefined array key "kelas"', 'C:\\xampp\\htdocs\\si_manajemen_nilai\\app\\Views\\daftar_murid_isi_view.php', 13)
 2 SYSTEMPATH\View\View.php(234): include('C:\\xampp\\htdocs\\si_manajemen_nilai\\app\\Views\\daftar_murid_isi_view.php')
 3 SYSTEMPATH\View\View.php(237): CodeIgniter\View\View->CodeIgniter\View\{closure}()
 4 SYSTEMPATH\Common.php(1171): CodeIgniter\View\View->render('daftar_murid_isi_view', [], true)
 5 APPPATH\Controllers\Daftarsiswa.php(35): view('daftar_murid_isi_view', [...])
 6 SYSTEMPATH\CodeIgniter.php(933): App\Controllers\Daftarsiswa->siswa('X RPL 1')
 7 SYSTEMPATH\CodeIgniter.php(509): CodeIgniter\CodeIgniter->runController(Object(App\Controllers\Daftarsiswa))
 8 SYSTEMPATH\CodeIgniter.php(355): CodeIgniter\CodeIgniter->handleRequest(null, Object(Config\Cache), false)
 9 SYSTEMPATH\Boot.php(325): CodeIgniter\CodeIgniter->run()
10 SYSTEMPATH\Boot.php(67): CodeIgniter\Boot::runCodeIgniter(Object(CodeIgniter\CodeIgniter))
11 FCPATH\index.php(56): CodeIgniter\Boot::bootWeb(Object(Config\Paths))
12 SYSTEMPATH\rewrite.php(44): require_once('C:\\xampp\\htdocs\\si_manajemen_nilai\\public\\index.php')
CRITICAL - 2025-01-04 15:19:26 --> ErrorException: Undefined variable $kode
[Method: GET, Route: daftar_siswa/siswa/X%20RPL%201]
in APPPATH\Views\daftar_murid_isi_view.php on line 58.
 1 APPPATH\Views\daftar_murid_isi_view.php(58): CodeIgniter\Debug\Exceptions->errorHandler(2, 'Undefined variable $kode', 'C:\\xampp\\htdocs\\si_manajemen_nilai\\app\\Views\\daftar_murid_isi_view.php', 58)
 2 SYSTEMPATH\View\View.php(234): include('C:\\xampp\\htdocs\\si_manajemen_nilai\\app\\Views\\daftar_murid_isi_view.php')
 3 SYSTEMPATH\View\View.php(237): CodeIgniter\View\View->CodeIgniter\View\{closure}()
 4 SYSTEMPATH\Common.php(1171): CodeIgniter\View\View->render('daftar_murid_isi_view', [], true)
 5 APPPATH\Controllers\Daftarsiswa.php(35): view('daftar_murid_isi_view', [...])
 6 SYSTEMPATH\CodeIgniter.php(933): App\Controllers\Daftarsiswa->siswa('X RPL 1')
 7 SYSTEMPATH\CodeIgniter.php(509): CodeIgniter\CodeIgniter->runController(Object(App\Controllers\Daftarsiswa))
 8 SYSTEMPATH\CodeIgniter.php(355): CodeIgniter\CodeIgniter->handleRequest(null, Object(Config\Cache), false)
 9 SYSTEMPATH\Boot.php(325): CodeIgniter\CodeIgniter->run()
10 SYSTEMPATH\Boot.php(67): CodeIgniter\Boot::runCodeIgniter(Object(CodeIgniter\CodeIgniter))
11 FCPATH\index.php(56): CodeIgniter\Boot::bootWeb(Object(Config\Paths))
12 SYSTEMPATH\rewrite.php(44): require_once('C:\\xampp\\htdocs\\si_manajemen_nilai\\public\\index.php')
CRITICAL - 2025-01-04 15:23:49 --> ErrorException: Undefined array key "kelas"
[Method: GET, Route: daftar_siswa/siswa/X%20RPL%201]
in APPPATH\Views\daftar_murid_isi_view.php on line 13.
 1 APPPATH\Views\daftar_murid_isi_view.php(13): CodeIgniter\Debug\Exceptions->errorHandler(2, 'Undefined array key "kelas"', 'C:\\xampp\\htdocs\\si_manajemen_nilai\\app\\Views\\daftar_murid_isi_view.php', 13)
 2 SYSTEMPATH\View\View.php(234): include('C:\\xampp\\htdocs\\si_manajemen_nilai\\app\\Views\\daftar_murid_isi_view.php')
 3 SYSTEMPATH\View\View.php(237): CodeIgniter\View\View->CodeIgniter\View\{closure}()
 4 SYSTEMPATH\Common.php(1171): CodeIgniter\View\View->render('daftar_murid_isi_view', [], true)
 5 APPPATH\Controllers\Daftarsiswa.php(35): view('daftar_murid_isi_view', [...])
 6 SYSTEMPATH\CodeIgniter.php(933): App\Controllers\Daftarsiswa->siswa('X RPL 1')
 7 SYSTEMPATH\CodeIgniter.php(509): CodeIgniter\CodeIgniter->runController(Object(App\Controllers\Daftarsiswa))
 8 SYSTEMPATH\CodeIgniter.php(355): CodeIgniter\CodeIgniter->handleRequest(null, Object(Config\Cache), false)
 9 SYSTEMPATH\Boot.php(325): CodeIgniter\CodeIgniter->run()
10 SYSTEMPATH\Boot.php(67): CodeIgniter\Boot::runCodeIgniter(Object(CodeIgniter\CodeIgniter))
11 FCPATH\index.php(56): CodeIgniter\Boot::bootWeb(Object(Config\Paths))
12 SYSTEMPATH\rewrite.php(44): require_once('C:\\xampp\\htdocs\\si_manajemen_nilai\\public\\index.php')
CRITICAL - 2025-01-04 15:30:42 --> ErrorException: Undefined variable $kelas
[Method: GET, Route: daftar_siswa/siswa/X/RPL%201]
in APPPATH\Models\DaftarsiswaModel.php on line 19.
 1 APPPATH\Models\DaftarsiswaModel.php(19): CodeIgniter\Debug\Exceptions->errorHandler(2, 'Undefined variable $kelas', 'C:\\xampp\\htdocs\\si_manajemen_nilai\\app\\Models\\DaftarsiswaModel.php', 19)
 2 APPPATH\Controllers\Daftarsiswa.php(30): App\Models\DaftarsiswaModel->dataSiswa()
 3 SYSTEMPATH\CodeIgniter.php(933): App\Controllers\Daftarsiswa->siswa('X', 'RPL 1')
 4 SYSTEMPATH\CodeIgniter.php(509): CodeIgniter\CodeIgniter->runController(Object(App\Controllers\Daftarsiswa))
 5 SYSTEMPATH\CodeIgniter.php(355): CodeIgniter\CodeIgniter->handleRequest(null, Object(Config\Cache), false)
 6 SYSTEMPATH\Boot.php(325): CodeIgniter\CodeIgniter->run()
 7 SYSTEMPATH\Boot.php(67): CodeIgniter\Boot::runCodeIgniter(Object(CodeIgniter\CodeIgniter))
 8 FCPATH\index.php(56): CodeIgniter\Boot::bootWeb(Object(Config\Paths))
 9 SYSTEMPATH\rewrite.php(44): require_once('C:\\xampp\\htdocs\\si_manajemen_nilai\\public\\index.php')
CRITICAL - 2025-01-04 15:31:06 --> ErrorException: Undefined variable $kelas
[Method: GET, Route: daftar_siswa/siswa/X/RPL%201]
in APPPATH\Models\DaftarsiswaModel.php on line 19.
 1 APPPATH\Models\DaftarsiswaModel.php(19): CodeIgniter\Debug\Exceptions->errorHandler(2, 'Undefined variable $kelas', 'C:\\xampp\\htdocs\\si_manajemen_nilai\\app\\Models\\DaftarsiswaModel.php', 19)
 2 APPPATH\Controllers\Daftarsiswa.php(30): App\Models\DaftarsiswaModel->dataSiswa()
 3 SYSTEMPATH\CodeIgniter.php(933): App\Controllers\Daftarsiswa->siswa('X', 'RPL 1')
 4 SYSTEMPATH\CodeIgniter.php(509): CodeIgniter\CodeIgniter->runController(Object(App\Controllers\Daftarsiswa))
 5 SYSTEMPATH\CodeIgniter.php(355): CodeIgniter\CodeIgniter->handleRequest(null, Object(Config\Cache), false)
 6 SYSTEMPATH\Boot.php(325): CodeIgniter\CodeIgniter->run()
 7 SYSTEMPATH\Boot.php(67): CodeIgniter\Boot::runCodeIgniter(Object(CodeIgniter\CodeIgniter))
 8 FCPATH\index.php(56): CodeIgniter\Boot::bootWeb(Object(Config\Paths))
 9 SYSTEMPATH\rewrite.php(44): require_once('C:\\xampp\\htdocs\\si_manajemen_nilai\\public\\index.php')
ERROR - 2025-01-04 15:32:13 --> mysqli_sql_exception: Unknown column 'dt_jurusan.nama_jurusan' in 'field list' in C:\xampp\htdocs\si_manajemen_nilai\system\Database\MySQLi\Connection.php:312
Stack trace:
#0 C:\xampp\htdocs\si_manajemen_nilai\system\Database\MySQLi\Connection.php(312): mysqli->query('SELECT `dt_kela...', 0)
#1 C:\xampp\htdocs\si_manajemen_nilai\system\Database\BaseConnection.php(734): CodeIgniter\Database\MySQLi\Connection->execute('SELECT `dt_kela...')
#2 C:\xampp\htdocs\si_manajemen_nilai\system\Database\BaseConnection.php(648): CodeIgniter\Database\BaseConnection->simpleQuery('SELECT `dt_kela...')
#3 C:\xampp\htdocs\si_manajemen_nilai\system\Database\BaseBuilder.php(1644): CodeIgniter\Database\BaseConnection->query('SELECT `dt_kela...', Array, false)
#4 C:\xampp\htdocs\si_manajemen_nilai\app\Models\DaftarkelasModel.php(68): CodeIgniter\Database\BaseBuilder->get()
#5 C:\xampp\htdocs\si_manajemen_nilai\app\Controllers\Daftarsiswa.php(31): App\Models\DaftarkelasModel->dataRinciKelas('X', 'RPL 1')
#6 C:\xampp\htdocs\si_manajemen_nilai\system\CodeIgniter.php(933): App\Controllers\Daftarsiswa->siswa('X', 'RPL 1')
#7 C:\xampp\htdocs\si_manajemen_nilai\system\CodeIgniter.php(509): CodeIgniter\CodeIgniter->runController(Object(App\Controllers\Daftarsiswa))
#8 C:\xampp\htdocs\si_manajemen_nilai\system\CodeIgniter.php(355): CodeIgniter\CodeIgniter->handleRequest(NULL, Object(Config\Cache), false)
#9 C:\xampp\htdocs\si_manajemen_nilai\system\Boot.php(325): CodeIgniter\CodeIgniter->run()
#10 C:\xampp\htdocs\si_manajemen_nilai\system\Boot.php(67): CodeIgniter\Boot::runCodeIgniter(Object(CodeIgniter\CodeIgniter))
#11 C:\xampp\htdocs\si_manajemen_nilai\public\index.php(56): CodeIgniter\Boot::bootWeb(Object(Config\Paths))
#12 C:\xampp\htdocs\si_manajemen_nilai\system\rewrite.php(44): require_once('C:\\xampp\\htdocs...')
#13 {main}
CRITICAL - 2025-01-04 15:32:13 --> CodeIgniter\Database\Exceptions\DatabaseException: Unknown column 'dt_jurusan.nama_jurusan' in 'field list'
[Method: GET, Route: daftar_siswa/siswa/X/RPL%201]
in SYSTEMPATH\Database\BaseConnection.php on line 688.
 1 SYSTEMPATH\Database\BaseBuilder.php(1644): CodeIgniter\Database\BaseConnection->query('SELECT `dt_kelas`.`id_kelas`, `dt_kelas`.`kd_kelas`, `dt_kelas`.`id_jurusan`, `dt_jurusan`.`nama_jurusan`, `dt_jurusan`.`nama_panjang`, `dt_kelas`.`kelas`
FROM `dt_kelas`
WHERE `kelas` = :kelas:
AND `nama_jurusan` = :nama_jurusan:', [...], false)
 2 APPPATH\Models\DaftarkelasModel.php(68): CodeIgniter\Database\BaseBuilder->get()
 3 APPPATH\Controllers\Daftarsiswa.php(31): App\Models\DaftarkelasModel->dataRinciKelas('X', 'RPL 1')
 4 SYSTEMPATH\CodeIgniter.php(933): App\Controllers\Daftarsiswa->siswa('X', 'RPL 1')
 5 SYSTEMPATH\CodeIgniter.php(509): CodeIgniter\CodeIgniter->runController(Object(App\Controllers\Daftarsiswa))
 6 SYSTEMPATH\CodeIgniter.php(355): CodeIgniter\CodeIgniter->handleRequest(null, Object(Config\Cache), false)
 7 SYSTEMPATH\Boot.php(325): CodeIgniter\CodeIgniter->run()
 8 SYSTEMPATH\Boot.php(67): CodeIgniter\Boot::runCodeIgniter(Object(CodeIgniter\CodeIgniter))
 9 FCPATH\index.php(56): CodeIgniter\Boot::bootWeb(Object(Config\Paths))
10 SYSTEMPATH\rewrite.php(44): require_once('C:\\xampp\\htdocs\\si_manajemen_nilai\\public\\index.php')
CRITICAL - 2025-01-04 15:32:13 --> [Caused by] CodeIgniter\Database\Exceptions\DatabaseException: Unknown column 'dt_jurusan.nama_jurusan' in 'field list'
in SYSTEMPATH\Database\MySQLi\Connection.php on line 317.
 1 SYSTEMPATH\Database\BaseConnection.php(734): CodeIgniter\Database\MySQLi\Connection->execute('SELECT `dt_kelas`.`id_kelas`, `dt_kelas`.`kd_kelas`, `dt_kelas`.`id_jurusan`, `dt_jurusan`.`nama_jurusan`, `dt_jurusan`.`nama_panjang`, `dt_kelas`.`kelas`
FROM `dt_kelas`
WHERE `kelas` = \'X\'
AND `nama_jurusan` = \'RPL 1\'')
 2 SYSTEMPATH\Database\BaseConnection.php(648): CodeIgniter\Database\BaseConnection->simpleQuery('SELECT `dt_kelas`.`id_kelas`, `dt_kelas`.`kd_kelas`, `dt_kelas`.`id_jurusan`, `dt_jurusan`.`nama_jurusan`, `dt_jurusan`.`nama_panjang`, `dt_kelas`.`kelas`
FROM `dt_kelas`
WHERE `kelas` = \'X\'
AND `nama_jurusan` = \'RPL 1\'')
 3 SYSTEMPATH\Database\BaseBuilder.php(1644): CodeIgniter\Database\BaseConnection->query('SELECT `dt_kelas`.`id_kelas`, `dt_kelas`.`kd_kelas`, `dt_kelas`.`id_jurusan`, `dt_jurusan`.`nama_jurusan`, `dt_jurusan`.`nama_panjang`, `dt_kelas`.`kelas`
FROM `dt_kelas`
WHERE `kelas` = :kelas:
AND `nama_jurusan` = :nama_jurusan:', [...], false)
 4 APPPATH\Models\DaftarkelasModel.php(68): CodeIgniter\Database\BaseBuilder->get()
 5 APPPATH\Controllers\Daftarsiswa.php(31): App\Models\DaftarkelasModel->dataRinciKelas('X', 'RPL 1')
 6 SYSTEMPATH\CodeIgniter.php(933): App\Controllers\Daftarsiswa->siswa('X', 'RPL 1')
 7 SYSTEMPATH\CodeIgniter.php(509): CodeIgniter\CodeIgniter->runController(Object(App\Controllers\Daftarsiswa))
 8 SYSTEMPATH\CodeIgniter.php(355): CodeIgniter\CodeIgniter->handleRequest(null, Object(Config\Cache), false)
 9 SYSTEMPATH\Boot.php(325): CodeIgniter\CodeIgniter->run()
10 SYSTEMPATH\Boot.php(67): CodeIgniter\Boot::runCodeIgniter(Object(CodeIgniter\CodeIgniter))
11 FCPATH\index.php(56): CodeIgniter\Boot::bootWeb(Object(Config\Paths))
12 SYSTEMPATH\rewrite.php(44): require_once('C:\\xampp\\htdocs\\si_manajemen_nilai\\public\\index.php')
CRITICAL - 2025-01-04 15:32:13 --> [Caused by] mysqli_sql_exception: Unknown column 'dt_jurusan.nama_jurusan' in 'field list'
in SYSTEMPATH\Database\MySQLi\Connection.php on line 312.
 1 SYSTEMPATH\Database\MySQLi\Connection.php(312): mysqli->query('SELECT `dt_kelas`.`id_kelas`, `dt_kelas`.`kd_kelas`, `dt_kelas`.`id_jurusan`, `dt_jurusan`.`nama_jurusan`, `dt_jurusan`.`nama_panjang`, `dt_kelas`.`kelas`
FROM `dt_kelas`
WHERE `kelas` = \'X\'
AND `nama_jurusan` = \'RPL 1\'', 0)
 2 SYSTEMPATH\Database\BaseConnection.php(734): CodeIgniter\Database\MySQLi\Connection->execute('SELECT `dt_kelas`.`id_kelas`, `dt_kelas`.`kd_kelas`, `dt_kelas`.`id_jurusan`, `dt_jurusan`.`nama_jurusan`, `dt_jurusan`.`nama_panjang`, `dt_kelas`.`kelas`
FROM `dt_kelas`
WHERE `kelas` = \'X\'
AND `nama_jurusan` = \'RPL 1\'')
 3 SYSTEMPATH\Database\BaseConnection.php(648): CodeIgniter\Database\BaseConnection->simpleQuery('SELECT `dt_kelas`.`id_kelas`, `dt_kelas`.`kd_kelas`, `dt_kelas`.`id_jurusan`, `dt_jurusan`.`nama_jurusan`, `dt_jurusan`.`nama_panjang`, `dt_kelas`.`kelas`
FROM `dt_kelas`
WHERE `kelas` = \'X\'
AND `nama_jurusan` = \'RPL 1\'')
 4 SYSTEMPATH\Database\BaseBuilder.php(1644): CodeIgniter\Database\BaseConnection->query('SELECT `dt_kelas`.`id_kelas`, `dt_kelas`.`kd_kelas`, `dt_kelas`.`id_jurusan`, `dt_jurusan`.`nama_jurusan`, `dt_jurusan`.`nama_panjang`, `dt_kelas`.`kelas`
FROM `dt_kelas`
WHERE `kelas` = :kelas:
AND `nama_jurusan` = :nama_jurusan:', [...], false)
 5 APPPATH\Models\DaftarkelasModel.php(68): CodeIgniter\Database\BaseBuilder->get()
 6 APPPATH\Controllers\Daftarsiswa.php(31): App\Models\DaftarkelasModel->dataRinciKelas('X', 'RPL 1')
 7 SYSTEMPATH\CodeIgniter.php(933): App\Controllers\Daftarsiswa->siswa('X', 'RPL 1')
 8 SYSTEMPATH\CodeIgniter.php(509): CodeIgniter\CodeIgniter->runController(Object(App\Controllers\Daftarsiswa))
 9 SYSTEMPATH\CodeIgniter.php(355): CodeIgniter\CodeIgniter->handleRequest(null, Object(Config\Cache), false)
10 SYSTEMPATH\Boot.php(325): CodeIgniter\CodeIgniter->run()
11 SYSTEMPATH\Boot.php(67): CodeIgniter\Boot::runCodeIgniter(Object(CodeIgniter\CodeIgniter))
12 FCPATH\index.php(56): CodeIgniter\Boot::bootWeb(Object(Config\Paths))
13 SYSTEMPATH\rewrite.php(44): require_once('C:\\xampp\\htdocs\\si_manajemen_nilai\\public\\index.php')
ERROR - 2025-01-04 15:32:57 --> mysqli_sql_exception: Unknown column 'dt_jurusan.nama_jurusan' in 'field list' in C:\xampp\htdocs\si_manajemen_nilai\system\Database\MySQLi\Connection.php:312
Stack trace:
#0 C:\xampp\htdocs\si_manajemen_nilai\system\Database\MySQLi\Connection.php(312): mysqli->query('SELECT `dt_kela...', 0)
#1 C:\xampp\htdocs\si_manajemen_nilai\system\Database\BaseConnection.php(734): CodeIgniter\Database\MySQLi\Connection->execute('SELECT `dt_kela...')
#2 C:\xampp\htdocs\si_manajemen_nilai\system\Database\BaseConnection.php(648): CodeIgniter\Database\BaseConnection->simpleQuery('SELECT `dt_kela...')
#3 C:\xampp\htdocs\si_manajemen_nilai\system\Database\BaseBuilder.php(1644): CodeIgniter\Database\BaseConnection->query('SELECT `dt_kela...', Array, false)
#4 C:\xampp\htdocs\si_manajemen_nilai\app\Models\DaftarkelasModel.php(68): CodeIgniter\Database\BaseBuilder->get()
#5 C:\xampp\htdocs\si_manajemen_nilai\app\Controllers\Daftarsiswa.php(31): App\Models\DaftarkelasModel->dataRinciKelas('X', 'RPL 1')
#6 C:\xampp\htdocs\si_manajemen_nilai\system\CodeIgniter.php(933): App\Controllers\Daftarsiswa->siswa('X', 'RPL 1')
#7 C:\xampp\htdocs\si_manajemen_nilai\system\CodeIgniter.php(509): CodeIgniter\CodeIgniter->runController(Object(App\Controllers\Daftarsiswa))
#8 C:\xampp\htdocs\si_manajemen_nilai\system\CodeIgniter.php(355): CodeIgniter\CodeIgniter->handleRequest(NULL, Object(Config\Cache), false)
#9 C:\xampp\htdocs\si_manajemen_nilai\system\Boot.php(325): CodeIgniter\CodeIgniter->run()
#10 C:\xampp\htdocs\si_manajemen_nilai\system\Boot.php(67): CodeIgniter\Boot::runCodeIgniter(Object(CodeIgniter\CodeIgniter))
#11 C:\xampp\htdocs\si_manajemen_nilai\public\index.php(56): CodeIgniter\Boot::bootWeb(Object(Config\Paths))
#12 C:\xampp\htdocs\si_manajemen_nilai\system\rewrite.php(44): require_once('C:\\xampp\\htdocs...')
#13 {main}
CRITICAL - 2025-01-04 15:32:57 --> CodeIgniter\Database\Exceptions\DatabaseException: Unknown column 'dt_jurusan.nama_jurusan' in 'field list'
[Method: GET, Route: daftar_siswa/siswa/X/RPL%201]
in SYSTEMPATH\Database\BaseConnection.php on line 688.
 1 SYSTEMPATH\Database\BaseBuilder.php(1644): CodeIgniter\Database\BaseConnection->query('SELECT `dt_kelas`.`id_kelas`, `dt_kelas`.`kd_kelas`, `dt_kelas`.`id_jurusan`, `dt_jurusan`.`nama_jurusan`, `dt_jurusan`.`nama_panjang`, `dt_kelas`.`kelas`
FROM `dt_kelas`
WHERE `dt`.`kelas` = :dt.kelas:
AND `dt`.`jurusan`.`nama_jurusan` = :dt.jurusan.nama_jurusan:', [...], false)
 2 APPPATH\Models\DaftarkelasModel.php(68): CodeIgniter\Database\BaseBuilder->get()
 3 APPPATH\Controllers\Daftarsiswa.php(31): App\Models\DaftarkelasModel->dataRinciKelas('X', 'RPL 1')
 4 SYSTEMPATH\CodeIgniter.php(933): App\Controllers\Daftarsiswa->siswa('X', 'RPL 1')
 5 SYSTEMPATH\CodeIgniter.php(509): CodeIgniter\CodeIgniter->runController(Object(App\Controllers\Daftarsiswa))
 6 SYSTEMPATH\CodeIgniter.php(355): CodeIgniter\CodeIgniter->handleRequest(null, Object(Config\Cache), false)
 7 SYSTEMPATH\Boot.php(325): CodeIgniter\CodeIgniter->run()
 8 SYSTEMPATH\Boot.php(67): CodeIgniter\Boot::runCodeIgniter(Object(CodeIgniter\CodeIgniter))
 9 FCPATH\index.php(56): CodeIgniter\Boot::bootWeb(Object(Config\Paths))
10 SYSTEMPATH\rewrite.php(44): require_once('C:\\xampp\\htdocs\\si_manajemen_nilai\\public\\index.php')
CRITICAL - 2025-01-04 15:32:57 --> [Caused by] CodeIgniter\Database\Exceptions\DatabaseException: Unknown column 'dt_jurusan.nama_jurusan' in 'field list'
in SYSTEMPATH\Database\MySQLi\Connection.php on line 317.
 1 SYSTEMPATH\Database\BaseConnection.php(734): CodeIgniter\Database\MySQLi\Connection->execute('SELECT `dt_kelas`.`id_kelas`, `dt_kelas`.`kd_kelas`, `dt_kelas`.`id_jurusan`, `dt_jurusan`.`nama_jurusan`, `dt_jurusan`.`nama_panjang`, `dt_kelas`.`kelas`
FROM `dt_kelas`
WHERE `dt`.`kelas` = \'X\'
AND `dt`.`jurusan`.`nama_jurusan` = \'RPL 1\'')
 2 SYSTEMPATH\Database\BaseConnection.php(648): CodeIgniter\Database\BaseConnection->simpleQuery('SELECT `dt_kelas`.`id_kelas`, `dt_kelas`.`kd_kelas`, `dt_kelas`.`id_jurusan`, `dt_jurusan`.`nama_jurusan`, `dt_jurusan`.`nama_panjang`, `dt_kelas`.`kelas`
FROM `dt_kelas`
WHERE `dt`.`kelas` = \'X\'
AND `dt`.`jurusan`.`nama_jurusan` = \'RPL 1\'')
 3 SYSTEMPATH\Database\BaseBuilder.php(1644): CodeIgniter\Database\BaseConnection->query('SELECT `dt_kelas`.`id_kelas`, `dt_kelas`.`kd_kelas`, `dt_kelas`.`id_jurusan`, `dt_jurusan`.`nama_jurusan`, `dt_jurusan`.`nama_panjang`, `dt_kelas`.`kelas`
FROM `dt_kelas`
WHERE `dt`.`kelas` = :dt.kelas:
AND `dt`.`jurusan`.`nama_jurusan` = :dt.jurusan.nama_jurusan:', [...], false)
 4 APPPATH\Models\DaftarkelasModel.php(68): CodeIgniter\Database\BaseBuilder->get()
 5 APPPATH\Controllers\Daftarsiswa.php(31): App\Models\DaftarkelasModel->dataRinciKelas('X', 'RPL 1')
 6 SYSTEMPATH\CodeIgniter.php(933): App\Controllers\Daftarsiswa->siswa('X', 'RPL 1')
 7 SYSTEMPATH\CodeIgniter.php(509): CodeIgniter\CodeIgniter->runController(Object(App\Controllers\Daftarsiswa))
 8 SYSTEMPATH\CodeIgniter.php(355): CodeIgniter\CodeIgniter->handleRequest(null, Object(Config\Cache), false)
 9 SYSTEMPATH\Boot.php(325): CodeIgniter\CodeIgniter->run()
10 SYSTEMPATH\Boot.php(67): CodeIgniter\Boot::runCodeIgniter(Object(CodeIgniter\CodeIgniter))
11 FCPATH\index.php(56): CodeIgniter\Boot::bootWeb(Object(Config\Paths))
12 SYSTEMPATH\rewrite.php(44): require_once('C:\\xampp\\htdocs\\si_manajemen_nilai\\public\\index.php')
CRITICAL - 2025-01-04 15:32:57 --> [Caused by] mysqli_sql_exception: Unknown column 'dt_jurusan.nama_jurusan' in 'field list'
in SYSTEMPATH\Database\MySQLi\Connection.php on line 312.
 1 SYSTEMPATH\Database\MySQLi\Connection.php(312): mysqli->query('SELECT `dt_kelas`.`id_kelas`, `dt_kelas`.`kd_kelas`, `dt_kelas`.`id_jurusan`, `dt_jurusan`.`nama_jurusan`, `dt_jurusan`.`nama_panjang`, `dt_kelas`.`kelas`
FROM `dt_kelas`
WHERE `dt`.`kelas` = \'X\'
AND `dt`.`jurusan`.`nama_jurusan` = \'RPL 1\'', 0)
 2 SYSTEMPATH\Database\BaseConnection.php(734): CodeIgniter\Database\MySQLi\Connection->execute('SELECT `dt_kelas`.`id_kelas`, `dt_kelas`.`kd_kelas`, `dt_kelas`.`id_jurusan`, `dt_jurusan`.`nama_jurusan`, `dt_jurusan`.`nama_panjang`, `dt_kelas`.`kelas`
FROM `dt_kelas`
WHERE `dt`.`kelas` = \'X\'
AND `dt`.`jurusan`.`nama_jurusan` = \'RPL 1\'')
 3 SYSTEMPATH\Database\BaseConnection.php(648): CodeIgniter\Database\BaseConnection->simpleQuery('SELECT `dt_kelas`.`id_kelas`, `dt_kelas`.`kd_kelas`, `dt_kelas`.`id_jurusan`, `dt_jurusan`.`nama_jurusan`, `dt_jurusan`.`nama_panjang`, `dt_kelas`.`kelas`
FROM `dt_kelas`
WHERE `dt`.`kelas` = \'X\'
AND `dt`.`jurusan`.`nama_jurusan` = \'RPL 1\'')
 4 SYSTEMPATH\Database\BaseBuilder.php(1644): CodeIgniter\Database\BaseConnection->query('SELECT `dt_kelas`.`id_kelas`, `dt_kelas`.`kd_kelas`, `dt_kelas`.`id_jurusan`, `dt_jurusan`.`nama_jurusan`, `dt_jurusan`.`nama_panjang`, `dt_kelas`.`kelas`
FROM `dt_kelas`
WHERE `dt`.`kelas` = :dt.kelas:
AND `dt`.`jurusan`.`nama_jurusan` = :dt.jurusan.nama_jurusan:', [...], false)
 5 APPPATH\Models\DaftarkelasModel.php(68): CodeIgniter\Database\BaseBuilder->get()
 6 APPPATH\Controllers\Daftarsiswa.php(31): App\Models\DaftarkelasModel->dataRinciKelas('X', 'RPL 1')
 7 SYSTEMPATH\CodeIgniter.php(933): App\Controllers\Daftarsiswa->siswa('X', 'RPL 1')
 8 SYSTEMPATH\CodeIgniter.php(509): CodeIgniter\CodeIgniter->runController(Object(App\Controllers\Daftarsiswa))
 9 SYSTEMPATH\CodeIgniter.php(355): CodeIgniter\CodeIgniter->handleRequest(null, Object(Config\Cache), false)
10 SYSTEMPATH\Boot.php(325): CodeIgniter\CodeIgniter->run()
11 SYSTEMPATH\Boot.php(67): CodeIgniter\Boot::runCodeIgniter(Object(CodeIgniter\CodeIgniter))
12 FCPATH\index.php(56): CodeIgniter\Boot::bootWeb(Object(Config\Paths))
13 SYSTEMPATH\rewrite.php(44): require_once('C:\\xampp\\htdocs\\si_manajemen_nilai\\public\\index.php')
ERROR - 2025-01-04 15:33:31 --> mysqli_sql_exception: Unknown column 'nama' in 'where clause' in C:\xampp\htdocs\si_manajemen_nilai\system\Database\MySQLi\Connection.php:312
Stack trace:
#0 C:\xampp\htdocs\si_manajemen_nilai\system\Database\MySQLi\Connection.php(312): mysqli->query('SELECT `dt_kela...', 0)
#1 C:\xampp\htdocs\si_manajemen_nilai\system\Database\BaseConnection.php(734): CodeIgniter\Database\MySQLi\Connection->execute('SELECT `dt_kela...')
#2 C:\xampp\htdocs\si_manajemen_nilai\system\Database\BaseConnection.php(648): CodeIgniter\Database\BaseConnection->simpleQuery('SELECT `dt_kela...')
#3 C:\xampp\htdocs\si_manajemen_nilai\system\Database\BaseBuilder.php(1644): CodeIgniter\Database\BaseConnection->query('SELECT `dt_kela...', Array, false)
#4 C:\xampp\htdocs\si_manajemen_nilai\app\Models\DaftarkelasModel.php(69): CodeIgniter\Database\BaseBuilder->get()
#5 C:\xampp\htdocs\si_manajemen_nilai\app\Controllers\Daftarsiswa.php(31): App\Models\DaftarkelasModel->dataRinciKelas('X', 'RPL 1')
#6 C:\xampp\htdocs\si_manajemen_nilai\system\CodeIgniter.php(933): App\Controllers\Daftarsiswa->siswa('X', 'RPL 1')
#7 C:\xampp\htdocs\si_manajemen_nilai\system\CodeIgniter.php(509): CodeIgniter\CodeIgniter->runController(Object(App\Controllers\Daftarsiswa))
#8 C:\xampp\htdocs\si_manajemen_nilai\system\CodeIgniter.php(355): CodeIgniter\CodeIgniter->handleRequest(NULL, Object(Config\Cache), false)
#9 C:\xampp\htdocs\si_manajemen_nilai\system\Boot.php(325): CodeIgniter\CodeIgniter->run()
#10 C:\xampp\htdocs\si_manajemen_nilai\system\Boot.php(67): CodeIgniter\Boot::runCodeIgniter(Object(CodeIgniter\CodeIgniter))
#11 C:\xampp\htdocs\si_manajemen_nilai\public\index.php(56): CodeIgniter\Boot::bootWeb(Object(Config\Paths))
#12 C:\xampp\htdocs\si_manajemen_nilai\system\rewrite.php(44): require_once('C:\\xampp\\htdocs...')
#13 {main}
CRITICAL - 2025-01-04 15:33:31 --> CodeIgniter\Database\Exceptions\DatabaseException: Unknown column 'nama' in 'where clause'
[Method: GET, Route: daftar_siswa/siswa/X/RPL%201]
in SYSTEMPATH\Database\BaseConnection.php on line 688.
 1 SYSTEMPATH\Database\BaseBuilder.php(1644): CodeIgniter\Database\BaseConnection->query('SELECT `dt_kelas`.`id_kelas`, `dt_kelas`.`kd_kelas`, `dt_kelas`.`id_jurusan`, `dt_jurusan`.`nama_jurusan`, `dt_jurusan`.`nama_panjang`, `dt_kelas`.`kelas`
FROM `dt_kelas`
JOIN `dt_jurusan` ON `dt_kelas`.`id_jurusan` = `dt_jurusan`.`id_jurusan`
WHERE `kelas` = :kelas:
AND `nama` = :nama:', [...], false)
 2 APPPATH\Models\DaftarkelasModel.php(69): CodeIgniter\Database\BaseBuilder->get()
 3 APPPATH\Controllers\Daftarsiswa.php(31): App\Models\DaftarkelasModel->dataRinciKelas('X', 'RPL 1')
 4 SYSTEMPATH\CodeIgniter.php(933): App\Controllers\Daftarsiswa->siswa('X', 'RPL 1')
 5 SYSTEMPATH\CodeIgniter.php(509): CodeIgniter\CodeIgniter->runController(Object(App\Controllers\Daftarsiswa))
 6 SYSTEMPATH\CodeIgniter.php(355): CodeIgniter\CodeIgniter->handleRequest(null, Object(Config\Cache), false)
 7 SYSTEMPATH\Boot.php(325): CodeIgniter\CodeIgniter->run()
 8 SYSTEMPATH\Boot.php(67): CodeIgniter\Boot::runCodeIgniter(Object(CodeIgniter\CodeIgniter))
 9 FCPATH\index.php(56): CodeIgniter\Boot::bootWeb(Object(Config\Paths))
10 SYSTEMPATH\rewrite.php(44): require_once('C:\\xampp\\htdocs\\si_manajemen_nilai\\public\\index.php')
CRITICAL - 2025-01-04 15:33:31 --> [Caused by] CodeIgniter\Database\Exceptions\DatabaseException: Unknown column 'nama' in 'where clause'
in SYSTEMPATH\Database\MySQLi\Connection.php on line 317.
 1 SYSTEMPATH\Database\BaseConnection.php(734): CodeIgniter\Database\MySQLi\Connection->execute('SELECT `dt_kelas`.`id_kelas`, `dt_kelas`.`kd_kelas`, `dt_kelas`.`id_jurusan`, `dt_jurusan`.`nama_jurusan`, `dt_jurusan`.`nama_panjang`, `dt_kelas`.`kelas`
FROM `dt_kelas`
JOIN `dt_jurusan` ON `dt_kelas`.`id_jurusan` = `dt_jurusan`.`id_jurusan`
WHERE `kelas` = \'X\'
AND `nama` = \'RPL 1\'')
 2 SYSTEMPATH\Database\BaseConnection.php(648): CodeIgniter\Database\BaseConnection->simpleQuery('SELECT `dt_kelas`.`id_kelas`, `dt_kelas`.`kd_kelas`, `dt_kelas`.`id_jurusan`, `dt_jurusan`.`nama_jurusan`, `dt_jurusan`.`nama_panjang`, `dt_kelas`.`kelas`
FROM `dt_kelas`
JOIN `dt_jurusan` ON `dt_kelas`.`id_jurusan` = `dt_jurusan`.`id_jurusan`
WHERE `kelas` = \'X\'
AND `nama` = \'RPL 1\'')
 3 SYSTEMPATH\Database\BaseBuilder.php(1644): CodeIgniter\Database\BaseConnection->query('SELECT `dt_kelas`.`id_kelas`, `dt_kelas`.`kd_kelas`, `dt_kelas`.`id_jurusan`, `dt_jurusan`.`nama_jurusan`, `dt_jurusan`.`nama_panjang`, `dt_kelas`.`kelas`
FROM `dt_kelas`
JOIN `dt_jurusan` ON `dt_kelas`.`id_jurusan` = `dt_jurusan`.`id_jurusan`
WHERE `kelas` = :kelas:
AND `nama` = :nama:', [...], false)
 4 APPPATH\Models\DaftarkelasModel.php(69): CodeIgniter\Database\BaseBuilder->get()
 5 APPPATH\Controllers\Daftarsiswa.php(31): App\Models\DaftarkelasModel->dataRinciKelas('X', 'RPL 1')
 6 SYSTEMPATH\CodeIgniter.php(933): App\Controllers\Daftarsiswa->siswa('X', 'RPL 1')
 7 SYSTEMPATH\CodeIgniter.php(509): CodeIgniter\CodeIgniter->runController(Object(App\Controllers\Daftarsiswa))
 8 SYSTEMPATH\CodeIgniter.php(355): CodeIgniter\CodeIgniter->handleRequest(null, Object(Config\Cache), false)
 9 SYSTEMPATH\Boot.php(325): CodeIgniter\CodeIgniter->run()
10 SYSTEMPATH\Boot.php(67): CodeIgniter\Boot::runCodeIgniter(Object(CodeIgniter\CodeIgniter))
11 FCPATH\index.php(56): CodeIgniter\Boot::bootWeb(Object(Config\Paths))
12 SYSTEMPATH\rewrite.php(44): require_once('C:\\xampp\\htdocs\\si_manajemen_nilai\\public\\index.php')
CRITICAL - 2025-01-04 15:33:31 --> [Caused by] mysqli_sql_exception: Unknown column 'nama' in 'where clause'
in SYSTEMPATH\Database\MySQLi\Connection.php on line 312.
 1 SYSTEMPATH\Database\MySQLi\Connection.php(312): mysqli->query('SELECT `dt_kelas`.`id_kelas`, `dt_kelas`.`kd_kelas`, `dt_kelas`.`id_jurusan`, `dt_jurusan`.`nama_jurusan`, `dt_jurusan`.`nama_panjang`, `dt_kelas`.`kelas`
FROM `dt_kelas`
JOIN `dt_jurusan` ON `dt_kelas`.`id_jurusan` = `dt_jurusan`.`id_jurusan`
WHERE `kelas` = \'X\'
AND `nama` = \'RPL 1\'', 0)
 2 SYSTEMPATH\Database\BaseConnection.php(734): CodeIgniter\Database\MySQLi\Connection->execute('SELECT `dt_kelas`.`id_kelas`, `dt_kelas`.`kd_kelas`, `dt_kelas`.`id_jurusan`, `dt_jurusan`.`nama_jurusan`, `dt_jurusan`.`nama_panjang`, `dt_kelas`.`kelas`
FROM `dt_kelas`
JOIN `dt_jurusan` ON `dt_kelas`.`id_jurusan` = `dt_jurusan`.`id_jurusan`
WHERE `kelas` = \'X\'
AND `nama` = \'RPL 1\'')
 3 SYSTEMPATH\Database\BaseConnection.php(648): CodeIgniter\Database\BaseConnection->simpleQuery('SELECT `dt_kelas`.`id_kelas`, `dt_kelas`.`kd_kelas`, `dt_kelas`.`id_jurusan`, `dt_jurusan`.`nama_jurusan`, `dt_jurusan`.`nama_panjang`, `dt_kelas`.`kelas`
FROM `dt_kelas`
JOIN `dt_jurusan` ON `dt_kelas`.`id_jurusan` = `dt_jurusan`.`id_jurusan`
WHERE `kelas` = \'X\'
AND `nama` = \'RPL 1\'')
 4 SYSTEMPATH\Database\BaseBuilder.php(1644): CodeIgniter\Database\BaseConnection->query('SELECT `dt_kelas`.`id_kelas`, `dt_kelas`.`kd_kelas`, `dt_kelas`.`id_jurusan`, `dt_jurusan`.`nama_jurusan`, `dt_jurusan`.`nama_panjang`, `dt_kelas`.`kelas`
FROM `dt_kelas`
JOIN `dt_jurusan` ON `dt_kelas`.`id_jurusan` = `dt_jurusan`.`id_jurusan`
WHERE `kelas` = :kelas:
AND `nama` = :nama:', [...], false)
 5 APPPATH\Models\DaftarkelasModel.php(69): CodeIgniter\Database\BaseBuilder->get()
 6 APPPATH\Controllers\Daftarsiswa.php(31): App\Models\DaftarkelasModel->dataRinciKelas('X', 'RPL 1')
 7 SYSTEMPATH\CodeIgniter.php(933): App\Controllers\Daftarsiswa->siswa('X', 'RPL 1')
 8 SYSTEMPATH\CodeIgniter.php(509): CodeIgniter\CodeIgniter->runController(Object(App\Controllers\Daftarsiswa))
 9 SYSTEMPATH\CodeIgniter.php(355): CodeIgniter\CodeIgniter->handleRequest(null, Object(Config\Cache), false)
10 SYSTEMPATH\Boot.php(325): CodeIgniter\CodeIgniter->run()
11 SYSTEMPATH\Boot.php(67): CodeIgniter\Boot::runCodeIgniter(Object(CodeIgniter\CodeIgniter))
12 FCPATH\index.php(56): CodeIgniter\Boot::bootWeb(Object(Config\Paths))
13 SYSTEMPATH\rewrite.php(44): require_once('C:\\xampp\\htdocs\\si_manajemen_nilai\\public\\index.php')
ERROR - 2025-01-04 15:34:07 --> mysqli_sql_exception: Unknown column 'dt_kelas.nama_jurusan' in 'where clause' in C:\xampp\htdocs\si_manajemen_nilai\system\Database\MySQLi\Connection.php:312
Stack trace:
#0 C:\xampp\htdocs\si_manajemen_nilai\system\Database\MySQLi\Connection.php(312): mysqli->query('SELECT `dt_kela...', 0)
#1 C:\xampp\htdocs\si_manajemen_nilai\system\Database\BaseConnection.php(734): CodeIgniter\Database\MySQLi\Connection->execute('SELECT `dt_kela...')
#2 C:\xampp\htdocs\si_manajemen_nilai\system\Database\BaseConnection.php(648): CodeIgniter\Database\BaseConnection->simpleQuery('SELECT `dt_kela...')
#3 C:\xampp\htdocs\si_manajemen_nilai\system\Database\BaseBuilder.php(1644): CodeIgniter\Database\BaseConnection->query('SELECT `dt_kela...', Array, false)
#4 C:\xampp\htdocs\si_manajemen_nilai\app\Models\DaftarkelasModel.php(69): CodeIgniter\Database\BaseBuilder->get()
#5 C:\xampp\htdocs\si_manajemen_nilai\app\Controllers\Daftarsiswa.php(31): App\Models\DaftarkelasModel->dataRinciKelas('X', 'RPL 1')
#6 C:\xampp\htdocs\si_manajemen_nilai\system\CodeIgniter.php(933): App\Controllers\Daftarsiswa->siswa('X', 'RPL 1')
#7 C:\xampp\htdocs\si_manajemen_nilai\system\CodeIgniter.php(509): CodeIgniter\CodeIgniter->runController(Object(App\Controllers\Daftarsiswa))
#8 C:\xampp\htdocs\si_manajemen_nilai\system\CodeIgniter.php(355): CodeIgniter\CodeIgniter->handleRequest(NULL, Object(Config\Cache), false)
#9 C:\xampp\htdocs\si_manajemen_nilai\system\Boot.php(325): CodeIgniter\CodeIgniter->run()
#10 C:\xampp\htdocs\si_manajemen_nilai\system\Boot.php(67): CodeIgniter\Boot::runCodeIgniter(Object(CodeIgniter\CodeIgniter))
#11 C:\xampp\htdocs\si_manajemen_nilai\public\index.php(56): CodeIgniter\Boot::bootWeb(Object(Config\Paths))
#12 C:\xampp\htdocs\si_manajemen_nilai\system\rewrite.php(44): require_once('C:\\xampp\\htdocs...')
#13 {main}
CRITICAL - 2025-01-04 15:34:07 --> CodeIgniter\Database\Exceptions\DatabaseException: Unknown column 'dt_kelas.nama_jurusan' in 'where clause'
[Method: GET, Route: daftar_siswa/siswa/X/RPL%201]
in SYSTEMPATH\Database\BaseConnection.php on line 688.
 1 SYSTEMPATH\Database\BaseBuilder.php(1644): CodeIgniter\Database\BaseConnection->query('SELECT `dt_kelas`.`id_kelas`, `dt_kelas`.`kd_kelas`, `dt_kelas`.`id_jurusan`, `dt_jurusan`.`nama_jurusan`, `dt_jurusan`.`nama_panjang`, `dt_kelas`.`kelas`
FROM `dt_kelas`
JOIN `dt_jurusan` ON `dt_kelas`.`id_jurusan` = `dt_jurusan`.`id_jurusan`
WHERE `dt_kelas`.`kelas` = :dt_kelas.kelas:
AND `dt_kelas`.`nama_jurusan` = :dt_kelas.nama_jurusan:', [...], false)
 2 APPPATH\Models\DaftarkelasModel.php(69): CodeIgniter\Database\BaseBuilder->get()
 3 APPPATH\Controllers\Daftarsiswa.php(31): App\Models\DaftarkelasModel->dataRinciKelas('X', 'RPL 1')
 4 SYSTEMPATH\CodeIgniter.php(933): App\Controllers\Daftarsiswa->siswa('X', 'RPL 1')
 5 SYSTEMPATH\CodeIgniter.php(509): CodeIgniter\CodeIgniter->runController(Object(App\Controllers\Daftarsiswa))
 6 SYSTEMPATH\CodeIgniter.php(355): CodeIgniter\CodeIgniter->handleRequest(null, Object(Config\Cache), false)
 7 SYSTEMPATH\Boot.php(325): CodeIgniter\CodeIgniter->run()
 8 SYSTEMPATH\Boot.php(67): CodeIgniter\Boot::runCodeIgniter(Object(CodeIgniter\CodeIgniter))
 9 FCPATH\index.php(56): CodeIgniter\Boot::bootWeb(Object(Config\Paths))
10 SYSTEMPATH\rewrite.php(44): require_once('C:\\xampp\\htdocs\\si_manajemen_nilai\\public\\index.php')
CRITICAL - 2025-01-04 15:34:07 --> [Caused by] CodeIgniter\Database\Exceptions\DatabaseException: Unknown column 'dt_kelas.nama_jurusan' in 'where clause'
in SYSTEMPATH\Database\MySQLi\Connection.php on line 317.
 1 SYSTEMPATH\Database\BaseConnection.php(734): CodeIgniter\Database\MySQLi\Connection->execute('SELECT `dt_kelas`.`id_kelas`, `dt_kelas`.`kd_kelas`, `dt_kelas`.`id_jurusan`, `dt_jurusan`.`nama_jurusan`, `dt_jurusan`.`nama_panjang`, `dt_kelas`.`kelas`
FROM `dt_kelas`
JOIN `dt_jurusan` ON `dt_kelas`.`id_jurusan` = `dt_jurusan`.`id_jurusan`
WHERE `dt_kelas`.`kelas` = \'X\'
AND `dt_kelas`.`nama_jurusan` = \'RPL 1\'')
 2 SYSTEMPATH\Database\BaseConnection.php(648): CodeIgniter\Database\BaseConnection->simpleQuery('SELECT `dt_kelas`.`id_kelas`, `dt_kelas`.`kd_kelas`, `dt_kelas`.`id_jurusan`, `dt_jurusan`.`nama_jurusan`, `dt_jurusan`.`nama_panjang`, `dt_kelas`.`kelas`
FROM `dt_kelas`
JOIN `dt_jurusan` ON `dt_kelas`.`id_jurusan` = `dt_jurusan`.`id_jurusan`
WHERE `dt_kelas`.`kelas` = \'X\'
AND `dt_kelas`.`nama_jurusan` = \'RPL 1\'')
 3 SYSTEMPATH\Database\BaseBuilder.php(1644): CodeIgniter\Database\BaseConnection->query('SELECT `dt_kelas`.`id_kelas`, `dt_kelas`.`kd_kelas`, `dt_kelas`.`id_jurusan`, `dt_jurusan`.`nama_jurusan`, `dt_jurusan`.`nama_panjang`, `dt_kelas`.`kelas`
FROM `dt_kelas`
JOIN `dt_jurusan` ON `dt_kelas`.`id_jurusan` = `dt_jurusan`.`id_jurusan`
WHERE `dt_kelas`.`kelas` = :dt_kelas.kelas:
AND `dt_kelas`.`nama_jurusan` = :dt_kelas.nama_jurusan:', [...], false)
 4 APPPATH\Models\DaftarkelasModel.php(69): CodeIgniter\Database\BaseBuilder->get()
 5 APPPATH\Controllers\Daftarsiswa.php(31): App\Models\DaftarkelasModel->dataRinciKelas('X', 'RPL 1')
 6 SYSTEMPATH\CodeIgniter.php(933): App\Controllers\Daftarsiswa->siswa('X', 'RPL 1')
 7 SYSTEMPATH\CodeIgniter.php(509): CodeIgniter\CodeIgniter->runController(Object(App\Controllers\Daftarsiswa))
 8 SYSTEMPATH\CodeIgniter.php(355): CodeIgniter\CodeIgniter->handleRequest(null, Object(Config\Cache), false)
 9 SYSTEMPATH\Boot.php(325): CodeIgniter\CodeIgniter->run()
10 SYSTEMPATH\Boot.php(67): CodeIgniter\Boot::runCodeIgniter(Object(CodeIgniter\CodeIgniter))
11 FCPATH\index.php(56): CodeIgniter\Boot::bootWeb(Object(Config\Paths))
12 SYSTEMPATH\rewrite.php(44): require_once('C:\\xampp\\htdocs\\si_manajemen_nilai\\public\\index.php')
CRITICAL - 2025-01-04 15:34:07 --> [Caused by] mysqli_sql_exception: Unknown column 'dt_kelas.nama_jurusan' in 'where clause'
in SYSTEMPATH\Database\MySQLi\Connection.php on line 312.
 1 SYSTEMPATH\Database\MySQLi\Connection.php(312): mysqli->query('SELECT `dt_kelas`.`id_kelas`, `dt_kelas`.`kd_kelas`, `dt_kelas`.`id_jurusan`, `dt_jurusan`.`nama_jurusan`, `dt_jurusan`.`nama_panjang`, `dt_kelas`.`kelas`
FROM `dt_kelas`
JOIN `dt_jurusan` ON `dt_kelas`.`id_jurusan` = `dt_jurusan`.`id_jurusan`
WHERE `dt_kelas`.`kelas` = \'X\'
AND `dt_kelas`.`nama_jurusan` = \'RPL 1\'', 0)
 2 SYSTEMPATH\Database\BaseConnection.php(734): CodeIgniter\Database\MySQLi\Connection->execute('SELECT `dt_kelas`.`id_kelas`, `dt_kelas`.`kd_kelas`, `dt_kelas`.`id_jurusan`, `dt_jurusan`.`nama_jurusan`, `dt_jurusan`.`nama_panjang`, `dt_kelas`.`kelas`
FROM `dt_kelas`
JOIN `dt_jurusan` ON `dt_kelas`.`id_jurusan` = `dt_jurusan`.`id_jurusan`
WHERE `dt_kelas`.`kelas` = \'X\'
AND `dt_kelas`.`nama_jurusan` = \'RPL 1\'')
 3 SYSTEMPATH\Database\BaseConnection.php(648): CodeIgniter\Database\BaseConnection->simpleQuery('SELECT `dt_kelas`.`id_kelas`, `dt_kelas`.`kd_kelas`, `dt_kelas`.`id_jurusan`, `dt_jurusan`.`nama_jurusan`, `dt_jurusan`.`nama_panjang`, `dt_kelas`.`kelas`
FROM `dt_kelas`
JOIN `dt_jurusan` ON `dt_kelas`.`id_jurusan` = `dt_jurusan`.`id_jurusan`
WHERE `dt_kelas`.`kelas` = \'X\'
AND `dt_kelas`.`nama_jurusan` = \'RPL 1\'')
 4 SYSTEMPATH\Database\BaseBuilder.php(1644): CodeIgniter\Database\BaseConnection->query('SELECT `dt_kelas`.`id_kelas`, `dt_kelas`.`kd_kelas`, `dt_kelas`.`id_jurusan`, `dt_jurusan`.`nama_jurusan`, `dt_jurusan`.`nama_panjang`, `dt_kelas`.`kelas`
FROM `dt_kelas`
JOIN `dt_jurusan` ON `dt_kelas`.`id_jurusan` = `dt_jurusan`.`id_jurusan`
WHERE `dt_kelas`.`kelas` = :dt_kelas.kelas:
AND `dt_kelas`.`nama_jurusan` = :dt_kelas.nama_jurusan:', [...], false)
 5 APPPATH\Models\DaftarkelasModel.php(69): CodeIgniter\Database\BaseBuilder->get()
 6 APPPATH\Controllers\Daftarsiswa.php(31): App\Models\DaftarkelasModel->dataRinciKelas('X', 'RPL 1')
 7 SYSTEMPATH\CodeIgniter.php(933): App\Controllers\Daftarsiswa->siswa('X', 'RPL 1')
 8 SYSTEMPATH\CodeIgniter.php(509): CodeIgniter\CodeIgniter->runController(Object(App\Controllers\Daftarsiswa))
 9 SYSTEMPATH\CodeIgniter.php(355): CodeIgniter\CodeIgniter->handleRequest(null, Object(Config\Cache), false)
10 SYSTEMPATH\Boot.php(325): CodeIgniter\CodeIgniter->run()
11 SYSTEMPATH\Boot.php(67): CodeIgniter\Boot::runCodeIgniter(Object(CodeIgniter\CodeIgniter))
12 FCPATH\index.php(56): CodeIgniter\Boot::bootWeb(Object(Config\Paths))
13 SYSTEMPATH\rewrite.php(44): require_once('C:\\xampp\\htdocs\\si_manajemen_nilai\\public\\index.php')
CRITICAL - 2025-01-04 15:38:10 --> ErrorException: Undefined array key "kelas"
[Method: GET, Route: daftar_siswa/siswa/X/RPL%201]
in APPPATH\Views\daftar_murid_isi_view.php on line 13.
 1 APPPATH\Views\daftar_murid_isi_view.php(13): CodeIgniter\Debug\Exceptions->errorHandler(2, 'Undefined array key "kelas"', 'C:\\xampp\\htdocs\\si_manajemen_nilai\\app\\Views\\daftar_murid_isi_view.php', 13)
 2 SYSTEMPATH\View\View.php(234): include('C:\\xampp\\htdocs\\si_manajemen_nilai\\app\\Views\\daftar_murid_isi_view.php')
 3 SYSTEMPATH\View\View.php(237): CodeIgniter\View\View->CodeIgniter\View\{closure}()
 4 SYSTEMPATH\Common.php(1171): CodeIgniter\View\View->render('daftar_murid_isi_view', [], true)
 5 APPPATH\Controllers\Daftarsiswa.php(35): view('daftar_murid_isi_view', [...])
 6 SYSTEMPATH\CodeIgniter.php(933): App\Controllers\Daftarsiswa->siswa('X', 'RPL 1')
 7 SYSTEMPATH\CodeIgniter.php(509): CodeIgniter\CodeIgniter->runController(Object(App\Controllers\Daftarsiswa))
 8 SYSTEMPATH\CodeIgniter.php(355): CodeIgniter\CodeIgniter->handleRequest(null, Object(Config\Cache), false)
 9 SYSTEMPATH\Boot.php(325): CodeIgniter\CodeIgniter->run()
10 SYSTEMPATH\Boot.php(67): CodeIgniter\Boot::runCodeIgniter(Object(CodeIgniter\CodeIgniter))
11 FCPATH\index.php(56): CodeIgniter\Boot::bootWeb(Object(Config\Paths))
12 SYSTEMPATH\rewrite.php(44): require_once('C:\\xampp\\htdocs\\si_manajemen_nilai\\public\\index.php')
