CRITICAL - 2025-01-23 12:33:36 --> ErrorException: Array to string conversion
[Method: GET, Route: daftar_nilai/mapel_nilai/X/Informatika]
in APPPATH\Views\nilaitugas_kelas.php on line 13.
 1 APPPATH\Views\nilaitugas_kelas.php(13): CodeIgniter\Debug\Exceptions->errorHandler(2, 'Array to string conversion', 'C:\\xampp\\htdocs\\si_manajemen_nilai\\app\\Views\\nilaitugas_kelas.php', 13)
 2 SYSTEMPATH\View\View.php(234): include('C:\\xampp\\htdocs\\si_manajemen_nilai\\app\\Views\\nilaitugas_kelas.php')
 3 SYSTEMPATH\View\View.php(237): CodeIgniter\View\View->CodeIgniter\View\{closure}()
 4 SYSTEMPATH\Common.php(1171): CodeIgniter\View\View->render('nilaitugas_kelas', [], true)
 5 APPPATH\Controllers\Daftarnilai.php(66): view('nilaitugas_kelas', [...])
 6 SYSTEMPATH\CodeIgniter.php(933): App\Controllers\Daftarnilai->mapel_nilai('X', 'Informatika')
 7 SYSTEMPATH\CodeIgniter.php(509): CodeIgniter\CodeIgniter->runController(Object(App\Controllers\Daftarnilai))
 8 SYSTEMPATH\CodeIgniter.php(355): CodeIgniter\CodeIgniter->handleRequest(null, Object(Config\Cache), false)
 9 SYSTEMPATH\Boot.php(325): CodeIgniter\CodeIgniter->run()
10 SYSTEMPATH\Boot.php(67): CodeIgniter\Boot::runCodeIgniter(Object(CodeIgniter\CodeIgniter))
11 FCPATH\index.php(56): CodeIgniter\Boot::bootWeb(Object(Config\Paths))
12 SYSTEMPATH\rewrite.php(44): require_once('C:\\xampp\\htdocs\\si_manajemen_nilai\\public\\index.php')
CRITICAL - 2025-01-23 12:34:16 --> ErrorException: Array to string conversion
[Method: GET, Route: daftar_nilai/mapel_nilai/X/Informatika]
in APPPATH\Views\nilaitugas_kelas.php on line 13.
 1 APPPATH\Views\nilaitugas_kelas.php(13): CodeIgniter\Debug\Exceptions->errorHandler(2, 'Array to string conversion', 'C:\\xampp\\htdocs\\si_manajemen_nilai\\app\\Views\\nilaitugas_kelas.php', 13)
 2 SYSTEMPATH\View\View.php(234): include('C:\\xampp\\htdocs\\si_manajemen_nilai\\app\\Views\\nilaitugas_kelas.php')
 3 SYSTEMPATH\View\View.php(237): CodeIgniter\View\View->CodeIgniter\View\{closure}()
 4 SYSTEMPATH\Common.php(1171): CodeIgniter\View\View->render('nilaitugas_kelas', [], true)
 5 APPPATH\Controllers\Daftarnilai.php(66): view('nilaitugas_kelas', [...])
 6 SYSTEMPATH\CodeIgniter.php(933): App\Controllers\Daftarnilai->mapel_nilai('X', 'Informatika')
 7 SYSTEMPATH\CodeIgniter.php(509): CodeIgniter\CodeIgniter->runController(Object(App\Controllers\Daftarnilai))
 8 SYSTEMPATH\CodeIgniter.php(355): CodeIgniter\CodeIgniter->handleRequest(null, Object(Config\Cache), false)
 9 SYSTEMPATH\Boot.php(325): CodeIgniter\CodeIgniter->run()
10 SYSTEMPATH\Boot.php(67): CodeIgniter\Boot::runCodeIgniter(Object(CodeIgniter\CodeIgniter))
11 FCPATH\index.php(56): CodeIgniter\Boot::bootWeb(Object(Config\Paths))
12 SYSTEMPATH\rewrite.php(44): require_once('C:\\xampp\\htdocs\\si_manajemen_nilai\\public\\index.php')
CRITICAL - 2025-01-23 12:34:41 --> ErrorException: Array to string conversion
[Method: GET, Route: daftar_nilai/mapel_nilai/X/Informatika]
in APPPATH\Views\nilaitugas_kelas.php on line 13.
 1 APPPATH\Views\nilaitugas_kelas.php(13): CodeIgniter\Debug\Exceptions->errorHandler(2, 'Array to string conversion', 'C:\\xampp\\htdocs\\si_manajemen_nilai\\app\\Views\\nilaitugas_kelas.php', 13)
 2 SYSTEMPATH\View\View.php(234): include('C:\\xampp\\htdocs\\si_manajemen_nilai\\app\\Views\\nilaitugas_kelas.php')
 3 SYSTEMPATH\View\View.php(237): CodeIgniter\View\View->CodeIgniter\View\{closure}()
 4 SYSTEMPATH\Common.php(1171): CodeIgniter\View\View->render('nilaitugas_kelas', [], true)
 5 APPPATH\Controllers\Daftarnilai.php(66): view('nilaitugas_kelas', [...])
 6 SYSTEMPATH\CodeIgniter.php(933): App\Controllers\Daftarnilai->mapel_nilai('X', 'Informatika')
 7 SYSTEMPATH\CodeIgniter.php(509): CodeIgniter\CodeIgniter->runController(Object(App\Controllers\Daftarnilai))
 8 SYSTEMPATH\CodeIgniter.php(355): CodeIgniter\CodeIgniter->handleRequest(null, Object(Config\Cache), false)
 9 SYSTEMPATH\Boot.php(325): CodeIgniter\CodeIgniter->run()
10 SYSTEMPATH\Boot.php(67): CodeIgniter\Boot::runCodeIgniter(Object(CodeIgniter\CodeIgniter))
11 FCPATH\index.php(56): CodeIgniter\Boot::bootWeb(Object(Config\Paths))
12 SYSTEMPATH\rewrite.php(44): require_once('C:\\xampp\\htdocs\\si_manajemen_nilai\\public\\index.php')
CRITICAL - 2025-01-23 12:35:07 --> ErrorException: Undefined array key "nama_mapel"
[Method: GET, Route: daftar_nilai/mapel_nilai/X/Informatika]
in APPPATH\Views\nilaitugas_kelas.php on line 13.
 1 APPPATH\Views\nilaitugas_kelas.php(13): CodeIgniter\Debug\Exceptions->errorHandler(2, 'Undefined array key "nama_mapel"', 'C:\\xampp\\htdocs\\si_manajemen_nilai\\app\\Views\\nilaitugas_kelas.php', 13)
 2 SYSTEMPATH\View\View.php(234): include('C:\\xampp\\htdocs\\si_manajemen_nilai\\app\\Views\\nilaitugas_kelas.php')
 3 SYSTEMPATH\View\View.php(237): CodeIgniter\View\View->CodeIgniter\View\{closure}()
 4 SYSTEMPATH\Common.php(1171): CodeIgniter\View\View->render('nilaitugas_kelas', [], true)
 5 APPPATH\Controllers\Daftarnilai.php(66): view('nilaitugas_kelas', [...])
 6 SYSTEMPATH\CodeIgniter.php(933): App\Controllers\Daftarnilai->mapel_nilai('X', 'Informatika')
 7 SYSTEMPATH\CodeIgniter.php(509): CodeIgniter\CodeIgniter->runController(Object(App\Controllers\Daftarnilai))
 8 SYSTEMPATH\CodeIgniter.php(355): CodeIgniter\CodeIgniter->handleRequest(null, Object(Config\Cache), false)
 9 SYSTEMPATH\Boot.php(325): CodeIgniter\CodeIgniter->run()
10 SYSTEMPATH\Boot.php(67): CodeIgniter\Boot::runCodeIgniter(Object(CodeIgniter\CodeIgniter))
11 FCPATH\index.php(56): CodeIgniter\Boot::bootWeb(Object(Config\Paths))
12 SYSTEMPATH\rewrite.php(44): require_once('C:\\xampp\\htdocs\\si_manajemen_nilai\\public\\index.php')
CRITICAL - 2025-01-23 12:36:35 --> ErrorException: Array to string conversion
[Method: GET, Route: daftar_nilai/mapel_nilai/X/Informatika]
in APPPATH\Views\nilaitugas_kelas.php on line 13.
 1 APPPATH\Views\nilaitugas_kelas.php(13): CodeIgniter\Debug\Exceptions->errorHandler(2, 'Array to string conversion', 'C:\\xampp\\htdocs\\si_manajemen_nilai\\app\\Views\\nilaitugas_kelas.php', 13)
 2 SYSTEMPATH\View\View.php(234): include('C:\\xampp\\htdocs\\si_manajemen_nilai\\app\\Views\\nilaitugas_kelas.php')
 3 SYSTEMPATH\View\View.php(237): CodeIgniter\View\View->CodeIgniter\View\{closure}()
 4 SYSTEMPATH\Common.php(1171): CodeIgniter\View\View->render('nilaitugas_kelas', [], true)
 5 APPPATH\Controllers\Daftarnilai.php(66): view('nilaitugas_kelas', [...])
 6 SYSTEMPATH\CodeIgniter.php(933): App\Controllers\Daftarnilai->mapel_nilai('X', 'Informatika')
 7 SYSTEMPATH\CodeIgniter.php(509): CodeIgniter\CodeIgniter->runController(Object(App\Controllers\Daftarnilai))
 8 SYSTEMPATH\CodeIgniter.php(355): CodeIgniter\CodeIgniter->handleRequest(null, Object(Config\Cache), false)
 9 SYSTEMPATH\Boot.php(325): CodeIgniter\CodeIgniter->run()
10 SYSTEMPATH\Boot.php(67): CodeIgniter\Boot::runCodeIgniter(Object(CodeIgniter\CodeIgniter))
11 FCPATH\index.php(56): CodeIgniter\Boot::bootWeb(Object(Config\Paths))
12 SYSTEMPATH\rewrite.php(44): require_once('C:\\xampp\\htdocs\\si_manajemen_nilai\\public\\index.php')
CRITICAL - 2025-01-23 12:36:45 --> ErrorException: Array to string conversion
[Method: GET, Route: daftar_nilai/mapel_nilai/X/Informatika]
in APPPATH\Views\nilaitugas_kelas.php on line 13.
 1 APPPATH\Views\nilaitugas_kelas.php(13): CodeIgniter\Debug\Exceptions->errorHandler(2, 'Array to string conversion', 'C:\\xampp\\htdocs\\si_manajemen_nilai\\app\\Views\\nilaitugas_kelas.php', 13)
 2 SYSTEMPATH\View\View.php(234): include('C:\\xampp\\htdocs\\si_manajemen_nilai\\app\\Views\\nilaitugas_kelas.php')
 3 SYSTEMPATH\View\View.php(237): CodeIgniter\View\View->CodeIgniter\View\{closure}()
 4 SYSTEMPATH\Common.php(1171): CodeIgniter\View\View->render('nilaitugas_kelas', [], true)
 5 APPPATH\Controllers\Daftarnilai.php(66): view('nilaitugas_kelas', [...])
 6 SYSTEMPATH\CodeIgniter.php(933): App\Controllers\Daftarnilai->mapel_nilai('X', 'Informatika')
 7 SYSTEMPATH\CodeIgniter.php(509): CodeIgniter\CodeIgniter->runController(Object(App\Controllers\Daftarnilai))
 8 SYSTEMPATH\CodeIgniter.php(355): CodeIgniter\CodeIgniter->handleRequest(null, Object(Config\Cache), false)
 9 SYSTEMPATH\Boot.php(325): CodeIgniter\CodeIgniter->run()
10 SYSTEMPATH\Boot.php(67): CodeIgniter\Boot::runCodeIgniter(Object(CodeIgniter\CodeIgniter))
11 FCPATH\index.php(56): CodeIgniter\Boot::bootWeb(Object(Config\Paths))
12 SYSTEMPATH\rewrite.php(44): require_once('C:\\xampp\\htdocs\\si_manajemen_nilai\\public\\index.php')
CRITICAL - 2025-01-23 12:37:18 --> ErrorException: Array to string conversion
[Method: GET, Route: daftar_nilai/mapel_nilai/X/Informatika]
in APPPATH\Views\nilaitugas_kelas.php on line 13.
 1 APPPATH\Views\nilaitugas_kelas.php(13): CodeIgniter\Debug\Exceptions->errorHandler(2, 'Array to string conversion', 'C:\\xampp\\htdocs\\si_manajemen_nilai\\app\\Views\\nilaitugas_kelas.php', 13)
 2 SYSTEMPATH\View\View.php(234): include('C:\\xampp\\htdocs\\si_manajemen_nilai\\app\\Views\\nilaitugas_kelas.php')
 3 SYSTEMPATH\View\View.php(237): CodeIgniter\View\View->CodeIgniter\View\{closure}()
 4 SYSTEMPATH\Common.php(1171): CodeIgniter\View\View->render('nilaitugas_kelas', [], true)
 5 APPPATH\Controllers\Daftarnilai.php(66): view('nilaitugas_kelas', [...])
 6 SYSTEMPATH\CodeIgniter.php(933): App\Controllers\Daftarnilai->mapel_nilai('X', 'Informatika')
 7 SYSTEMPATH\CodeIgniter.php(509): CodeIgniter\CodeIgniter->runController(Object(App\Controllers\Daftarnilai))
 8 SYSTEMPATH\CodeIgniter.php(355): CodeIgniter\CodeIgniter->handleRequest(null, Object(Config\Cache), false)
 9 SYSTEMPATH\Boot.php(325): CodeIgniter\CodeIgniter->run()
10 SYSTEMPATH\Boot.php(67): CodeIgniter\Boot::runCodeIgniter(Object(CodeIgniter\CodeIgniter))
11 FCPATH\index.php(56): CodeIgniter\Boot::bootWeb(Object(Config\Paths))
12 SYSTEMPATH\rewrite.php(44): require_once('C:\\xampp\\htdocs\\si_manajemen_nilai\\public\\index.php')
CRITICAL - 2025-01-23 12:38:44 --> ErrorException: Undefined array key "nama_mapel"
[Method: GET, Route: daftar_nilai/mapel_nilai/X/Informatika]
in APPPATH\Views\nilaitugas_kelas.php on line 13.
 1 APPPATH\Views\nilaitugas_kelas.php(13): CodeIgniter\Debug\Exceptions->errorHandler(2, 'Undefined array key "nama_mapel"', 'C:\\xampp\\htdocs\\si_manajemen_nilai\\app\\Views\\nilaitugas_kelas.php', 13)
 2 SYSTEMPATH\View\View.php(234): include('C:\\xampp\\htdocs\\si_manajemen_nilai\\app\\Views\\nilaitugas_kelas.php')
 3 SYSTEMPATH\View\View.php(237): CodeIgniter\View\View->CodeIgniter\View\{closure}()
 4 SYSTEMPATH\Common.php(1171): CodeIgniter\View\View->render('nilaitugas_kelas', [], true)
 5 APPPATH\Controllers\Daftarnilai.php(66): view('nilaitugas_kelas', [...])
 6 SYSTEMPATH\CodeIgniter.php(933): App\Controllers\Daftarnilai->mapel_nilai('X', 'Informatika')
 7 SYSTEMPATH\CodeIgniter.php(509): CodeIgniter\CodeIgniter->runController(Object(App\Controllers\Daftarnilai))
 8 SYSTEMPATH\CodeIgniter.php(355): CodeIgniter\CodeIgniter->handleRequest(null, Object(Config\Cache), false)
 9 SYSTEMPATH\Boot.php(325): CodeIgniter\CodeIgniter->run()
10 SYSTEMPATH\Boot.php(67): CodeIgniter\Boot::runCodeIgniter(Object(CodeIgniter\CodeIgniter))
11 FCPATH\index.php(56): CodeIgniter\Boot::bootWeb(Object(Config\Paths))
12 SYSTEMPATH\rewrite.php(44): require_once('C:\\xampp\\htdocs\\si_manajemen_nilai\\public\\index.php')
CRITICAL - 2025-01-23 12:52:12 --> ErrorException: Allowed memory size of 536870912 bytes exhausted (tried to allocate 536870920 bytes)
[Method: GET, Route: daftar_nilai/mapel_nilai/X/Informatika]
in APPPATH\Models\DaftarmapelModel.php on line 28.
 1 [internal function]: CodeIgniter\Debug\Exceptions->shutdownHandler()
CRITICAL - 2025-01-23 12:53:51 --> ErrorException: Allowed memory size of 536870912 bytes exhausted (tried to allocate 536870920 bytes)
[Method: GET, Route: daftar_nilai/mapel_nilai/X/Informatika]
in APPPATH\Models\DaftarmapelModel.php on line 28.
 1 [internal function]: CodeIgniter\Debug\Exceptions->shutdownHandler()
CRITICAL - 2025-01-23 12:54:35 --> ErrorException: Undefined array key "name"
[Method: GET, Route: daftar_nilai/mapel_nilai/X/Informatika]
in APPPATH\Models\DaftarmapelModel.php on line 29.
 1 APPPATH\Models\DaftarmapelModel.php(29): CodeIgniter\Debug\Exceptions->errorHandler(2, 'Undefined array key "name"', 'C:\\xampp\\htdocs\\si_manajemen_nilai\\app\\Models\\DaftarmapelModel.php', 29)
 2 APPPATH\Controllers\Daftarnilai.php(62): App\Models\DaftarmapelModel->dataMapelDetail('Informatika')
 3 SYSTEMPATH\CodeIgniter.php(933): App\Controllers\Daftarnilai->mapel_nilai('X', 'Informatika')
 4 SYSTEMPATH\CodeIgniter.php(509): CodeIgniter\CodeIgniter->runController(Object(App\Controllers\Daftarnilai))
 5 SYSTEMPATH\CodeIgniter.php(355): CodeIgniter\CodeIgniter->handleRequest(null, Object(Config\Cache), false)
 6 SYSTEMPATH\Boot.php(325): CodeIgniter\CodeIgniter->run()
 7 SYSTEMPATH\Boot.php(67): CodeIgniter\Boot::runCodeIgniter(Object(CodeIgniter\CodeIgniter))
 8 FCPATH\index.php(56): CodeIgniter\Boot::bootWeb(Object(Config\Paths))
 9 SYSTEMPATH\rewrite.php(44): require_once('C:\\xampp\\htdocs\\si_manajemen_nilai\\public\\index.php')
CRITICAL - 2025-01-23 12:55:50 --> ErrorException: Undefined array key "nama_mapel"
[Method: GET, Route: daftar_nilai/mapel_nilai/X/Informatika]
in APPPATH\Views\nilaitugas_kelas.php on line 13.
 1 APPPATH\Views\nilaitugas_kelas.php(13): CodeIgniter\Debug\Exceptions->errorHandler(2, 'Undefined array key "nama_mapel"', 'C:\\xampp\\htdocs\\si_manajemen_nilai\\app\\Views\\nilaitugas_kelas.php', 13)
 2 SYSTEMPATH\View\View.php(234): include('C:\\xampp\\htdocs\\si_manajemen_nilai\\app\\Views\\nilaitugas_kelas.php')
 3 SYSTEMPATH\View\View.php(237): CodeIgniter\View\View->CodeIgniter\View\{closure}()
 4 SYSTEMPATH\Common.php(1171): CodeIgniter\View\View->render('nilaitugas_kelas', [], true)
 5 APPPATH\Controllers\Daftarnilai.php(66): view('nilaitugas_kelas', [...])
 6 SYSTEMPATH\CodeIgniter.php(933): App\Controllers\Daftarnilai->mapel_nilai('X', 'Informatika')
 7 SYSTEMPATH\CodeIgniter.php(509): CodeIgniter\CodeIgniter->runController(Object(App\Controllers\Daftarnilai))
 8 SYSTEMPATH\CodeIgniter.php(355): CodeIgniter\CodeIgniter->handleRequest(null, Object(Config\Cache), false)
 9 SYSTEMPATH\Boot.php(325): CodeIgniter\CodeIgniter->run()
10 SYSTEMPATH\Boot.php(67): CodeIgniter\Boot::runCodeIgniter(Object(CodeIgniter\CodeIgniter))
11 FCPATH\index.php(56): CodeIgniter\Boot::bootWeb(Object(Config\Paths))
12 SYSTEMPATH\rewrite.php(44): require_once('C:\\xampp\\htdocs\\si_manajemen_nilai\\public\\index.php')
CRITICAL - 2025-01-23 12:58:34 --> ErrorException: Undefined array key "nama_mapel"
[Method: GET, Route: daftar_nilai/mapel_nilai/X/Informatika]
in APPPATH\Views\nilaitugas_kelas.php on line 13.
 1 APPPATH\Views\nilaitugas_kelas.php(13): CodeIgniter\Debug\Exceptions->errorHandler(2, 'Undefined array key "nama_mapel"', 'C:\\xampp\\htdocs\\si_manajemen_nilai\\app\\Views\\nilaitugas_kelas.php', 13)
 2 SYSTEMPATH\View\View.php(234): include('C:\\xampp\\htdocs\\si_manajemen_nilai\\app\\Views\\nilaitugas_kelas.php')
 3 SYSTEMPATH\View\View.php(237): CodeIgniter\View\View->CodeIgniter\View\{closure}()
 4 SYSTEMPATH\Common.php(1171): CodeIgniter\View\View->render('nilaitugas_kelas', [], true)
 5 APPPATH\Controllers\Daftarnilai.php(66): view('nilaitugas_kelas', [...])
 6 SYSTEMPATH\CodeIgniter.php(933): App\Controllers\Daftarnilai->mapel_nilai('X', 'Informatika')
 7 SYSTEMPATH\CodeIgniter.php(509): CodeIgniter\CodeIgniter->runController(Object(App\Controllers\Daftarnilai))
 8 SYSTEMPATH\CodeIgniter.php(355): CodeIgniter\CodeIgniter->handleRequest(null, Object(Config\Cache), false)
 9 SYSTEMPATH\Boot.php(325): CodeIgniter\CodeIgniter->run()
10 SYSTEMPATH\Boot.php(67): CodeIgniter\Boot::runCodeIgniter(Object(CodeIgniter\CodeIgniter))
11 FCPATH\index.php(56): CodeIgniter\Boot::bootWeb(Object(Config\Paths))
12 SYSTEMPATH\rewrite.php(44): require_once('C:\\xampp\\htdocs\\si_manajemen_nilai\\public\\index.php')
CRITICAL - 2025-01-23 13:00:15 --> ErrorException: Undefined variable $nama_mapel
[Method: GET, Route: daftar_nilai/peserta_didik/13/1/Informatika]
in APPPATH\Views\nilaitugas_siswa.php on line 13.
 1 APPPATH\Views\nilaitugas_siswa.php(13): CodeIgniter\Debug\Exceptions->errorHandler(2, 'Undefined variable $nama_mapel', 'C:\\xampp\\htdocs\\si_manajemen_nilai\\app\\Views\\nilaitugas_siswa.php', 13)
 2 SYSTEMPATH\View\View.php(234): include('C:\\xampp\\htdocs\\si_manajemen_nilai\\app\\Views\\nilaitugas_siswa.php')
 3 SYSTEMPATH\View\View.php(237): CodeIgniter\View\View->CodeIgniter\View\{closure}()
 4 SYSTEMPATH\Common.php(1171): CodeIgniter\View\View->render('nilaitugas_siswa', [], true)
 5 APPPATH\Controllers\Daftarnilai.php(42): view('nilaitugas_siswa', [...])
 6 SYSTEMPATH\CodeIgniter.php(933): App\Controllers\Daftarnilai->peserta_didik('13', '1', 'Informatika')
 7 SYSTEMPATH\CodeIgniter.php(509): CodeIgniter\CodeIgniter->runController(Object(App\Controllers\Daftarnilai))
 8 SYSTEMPATH\CodeIgniter.php(355): CodeIgniter\CodeIgniter->handleRequest(null, Object(Config\Cache), false)
 9 SYSTEMPATH\Boot.php(325): CodeIgniter\CodeIgniter->run()
10 SYSTEMPATH\Boot.php(67): CodeIgniter\Boot::runCodeIgniter(Object(CodeIgniter\CodeIgniter))
11 FCPATH\index.php(56): CodeIgniter\Boot::bootWeb(Object(Config\Paths))
12 SYSTEMPATH\rewrite.php(44): require_once('C:\\xampp\\htdocs\\si_manajemen_nilai\\public\\index.php')
CRITICAL - 2025-01-23 13:03:11 --> ErrorException: Undefined variable $id_mapel
[Method: GET, Route: daftar_nilai/mapel_nilai/X/Informatika]
in APPPATH\Views\nilaitugas_kelas.php on line 46.
 1 APPPATH\Views\nilaitugas_kelas.php(46): CodeIgniter\Debug\Exceptions->errorHandler(2, 'Undefined variable $id_mapel', 'C:\\xampp\\htdocs\\si_manajemen_nilai\\app\\Views\\nilaitugas_kelas.php', 46)
 2 SYSTEMPATH\View\View.php(234): include('C:\\xampp\\htdocs\\si_manajemen_nilai\\app\\Views\\nilaitugas_kelas.php')
 3 SYSTEMPATH\View\View.php(237): CodeIgniter\View\View->CodeIgniter\View\{closure}()
 4 SYSTEMPATH\Common.php(1171): CodeIgniter\View\View->render('nilaitugas_kelas', [], true)
 5 APPPATH\Controllers\Daftarnilai.php(67): view('nilaitugas_kelas', [...])
 6 SYSTEMPATH\CodeIgniter.php(933): App\Controllers\Daftarnilai->mapel_nilai('X', 'Informatika')
 7 SYSTEMPATH\CodeIgniter.php(509): CodeIgniter\CodeIgniter->runController(Object(App\Controllers\Daftarnilai))
 8 SYSTEMPATH\CodeIgniter.php(355): CodeIgniter\CodeIgniter->handleRequest(null, Object(Config\Cache), false)
 9 SYSTEMPATH\Boot.php(325): CodeIgniter\CodeIgniter->run()
10 SYSTEMPATH\Boot.php(67): CodeIgniter\Boot::runCodeIgniter(Object(CodeIgniter\CodeIgniter))
11 FCPATH\index.php(56): CodeIgniter\Boot::bootWeb(Object(Config\Paths))
12 SYSTEMPATH\rewrite.php(44): require_once('C:\\xampp\\htdocs\\si_manajemen_nilai\\public\\index.php')
ERROR - 2025-01-23 13:04:38 --> mysqli_sql_exception: You have an error in your SQL syntax; check the manual that corresponds to your MariaDB server version for the right syntax to use near '' at line 1 in C:\xampp\htdocs\si_manajemen_nilai\system\Database\MySQLi\Connection.php:312
Stack trace:
#0 C:\xampp\htdocs\si_manajemen_nilai\system\Database\MySQLi\Connection.php(312): mysqli->query('SELECT id_mapel...', 0)
#1 C:\xampp\htdocs\si_manajemen_nilai\system\Database\BaseConnection.php(734): CodeIgniter\Database\MySQLi\Connection->execute('SELECT id_mapel...')
#2 C:\xampp\htdocs\si_manajemen_nilai\system\Database\BaseConnection.php(648): CodeIgniter\Database\BaseConnection->simpleQuery('SELECT id_mapel...')
#3 C:\xampp\htdocs\si_manajemen_nilai\app\Models\DaftarmapelModel.php(32): CodeIgniter\Database\BaseConnection->query('SELECT id_mapel...')
#4 C:\xampp\htdocs\si_manajemen_nilai\app\Controllers\Daftarnilai.php(63): App\Models\DaftarmapelModel->dataMapelDetailID('')
#5 C:\xampp\htdocs\si_manajemen_nilai\system\CodeIgniter.php(933): App\Controllers\Daftarnilai->mapel_nilai('X', 'Informatika')
#6 C:\xampp\htdocs\si_manajemen_nilai\system\CodeIgniter.php(509): CodeIgniter\CodeIgniter->runController(Object(App\Controllers\Daftarnilai))
#7 C:\xampp\htdocs\si_manajemen_nilai\system\CodeIgniter.php(355): CodeIgniter\CodeIgniter->handleRequest(NULL, Object(Config\Cache), false)
#8 C:\xampp\htdocs\si_manajemen_nilai\system\Boot.php(325): CodeIgniter\CodeIgniter->run()
#9 C:\xampp\htdocs\si_manajemen_nilai\system\Boot.php(67): CodeIgniter\Boot::runCodeIgniter(Object(CodeIgniter\CodeIgniter))
#10 C:\xampp\htdocs\si_manajemen_nilai\public\index.php(56): CodeIgniter\Boot::bootWeb(Object(Config\Paths))
#11 C:\xampp\htdocs\si_manajemen_nilai\system\rewrite.php(44): require_once('C:\\xampp\\htdocs...')
#12 {main}
CRITICAL - 2025-01-23 13:04:38 --> CodeIgniter\Database\Exceptions\DatabaseException: You have an error in your SQL syntax; check the manual that corresponds to your MariaDB server version for the right syntax to use near '' at line 1
[Method: GET, Route: daftar_nilai/mapel_nilai/X/Informatika]
in SYSTEMPATH\Database\BaseConnection.php on line 688.
 1 APPPATH\Models\DaftarmapelModel.php(32): CodeIgniter\Database\BaseConnection->query('SELECT id_mapel FROM dt_mapel WHERE nama_mapel = ')
 2 APPPATH\Controllers\Daftarnilai.php(63): App\Models\DaftarmapelModel->dataMapelDetailID('')
 3 SYSTEMPATH\CodeIgniter.php(933): App\Controllers\Daftarnilai->mapel_nilai('X', 'Informatika')
 4 SYSTEMPATH\CodeIgniter.php(509): CodeIgniter\CodeIgniter->runController(Object(App\Controllers\Daftarnilai))
 5 SYSTEMPATH\CodeIgniter.php(355): CodeIgniter\CodeIgniter->handleRequest(null, Object(Config\Cache), false)
 6 SYSTEMPATH\Boot.php(325): CodeIgniter\CodeIgniter->run()
 7 SYSTEMPATH\Boot.php(67): CodeIgniter\Boot::runCodeIgniter(Object(CodeIgniter\CodeIgniter))
 8 FCPATH\index.php(56): CodeIgniter\Boot::bootWeb(Object(Config\Paths))
 9 SYSTEMPATH\rewrite.php(44): require_once('C:\\xampp\\htdocs\\si_manajemen_nilai\\public\\index.php')
CRITICAL - 2025-01-23 13:04:38 --> [Caused by] CodeIgniter\Database\Exceptions\DatabaseException: You have an error in your SQL syntax; check the manual that corresponds to your MariaDB server version for the right syntax to use near '' at line 1
in SYSTEMPATH\Database\MySQLi\Connection.php on line 317.
 1 SYSTEMPATH\Database\BaseConnection.php(734): CodeIgniter\Database\MySQLi\Connection->execute('SELECT id_mapel FROM dt_mapel WHERE nama_mapel = ')
 2 SYSTEMPATH\Database\BaseConnection.php(648): CodeIgniter\Database\BaseConnection->simpleQuery('SELECT id_mapel FROM dt_mapel WHERE nama_mapel = ')
 3 APPPATH\Models\DaftarmapelModel.php(32): CodeIgniter\Database\BaseConnection->query('SELECT id_mapel FROM dt_mapel WHERE nama_mapel = ')
 4 APPPATH\Controllers\Daftarnilai.php(63): App\Models\DaftarmapelModel->dataMapelDetailID('')
 5 SYSTEMPATH\CodeIgniter.php(933): App\Controllers\Daftarnilai->mapel_nilai('X', 'Informatika')
 6 SYSTEMPATH\CodeIgniter.php(509): CodeIgniter\CodeIgniter->runController(Object(App\Controllers\Daftarnilai))
 7 SYSTEMPATH\CodeIgniter.php(355): CodeIgniter\CodeIgniter->handleRequest(null, Object(Config\Cache), false)
 8 SYSTEMPATH\Boot.php(325): CodeIgniter\CodeIgniter->run()
 9 SYSTEMPATH\Boot.php(67): CodeIgniter\Boot::runCodeIgniter(Object(CodeIgniter\CodeIgniter))
10 FCPATH\index.php(56): CodeIgniter\Boot::bootWeb(Object(Config\Paths))
11 SYSTEMPATH\rewrite.php(44): require_once('C:\\xampp\\htdocs\\si_manajemen_nilai\\public\\index.php')
CRITICAL - 2025-01-23 13:04:38 --> [Caused by] mysqli_sql_exception: You have an error in your SQL syntax; check the manual that corresponds to your MariaDB server version for the right syntax to use near '' at line 1
in SYSTEMPATH\Database\MySQLi\Connection.php on line 312.
 1 SYSTEMPATH\Database\MySQLi\Connection.php(312): mysqli->query('SELECT id_mapel FROM dt_mapel WHERE nama_mapel = ', 0)
 2 SYSTEMPATH\Database\BaseConnection.php(734): CodeIgniter\Database\MySQLi\Connection->execute('SELECT id_mapel FROM dt_mapel WHERE nama_mapel = ')
 3 SYSTEMPATH\Database\BaseConnection.php(648): CodeIgniter\Database\BaseConnection->simpleQuery('SELECT id_mapel FROM dt_mapel WHERE nama_mapel = ')
 4 APPPATH\Models\DaftarmapelModel.php(32): CodeIgniter\Database\BaseConnection->query('SELECT id_mapel FROM dt_mapel WHERE nama_mapel = ')
 5 APPPATH\Controllers\Daftarnilai.php(63): App\Models\DaftarmapelModel->dataMapelDetailID('')
 6 SYSTEMPATH\CodeIgniter.php(933): App\Controllers\Daftarnilai->mapel_nilai('X', 'Informatika')
 7 SYSTEMPATH\CodeIgniter.php(509): CodeIgniter\CodeIgniter->runController(Object(App\Controllers\Daftarnilai))
 8 SYSTEMPATH\CodeIgniter.php(355): CodeIgniter\CodeIgniter->handleRequest(null, Object(Config\Cache), false)
 9 SYSTEMPATH\Boot.php(325): CodeIgniter\CodeIgniter->run()
10 SYSTEMPATH\Boot.php(67): CodeIgniter\Boot::runCodeIgniter(Object(CodeIgniter\CodeIgniter))
11 FCPATH\index.php(56): CodeIgniter\Boot::bootWeb(Object(Config\Paths))
12 SYSTEMPATH\rewrite.php(44): require_once('C:\\xampp\\htdocs\\si_manajemen_nilai\\public\\index.php')
ERROR - 2025-01-23 13:04:46 --> mysqli_sql_exception: You have an error in your SQL syntax; check the manual that corresponds to your MariaDB server version for the right syntax to use near '' at line 1 in C:\xampp\htdocs\si_manajemen_nilai\system\Database\MySQLi\Connection.php:312
Stack trace:
#0 C:\xampp\htdocs\si_manajemen_nilai\system\Database\MySQLi\Connection.php(312): mysqli->query('SELECT id_mapel...', 0)
#1 C:\xampp\htdocs\si_manajemen_nilai\system\Database\BaseConnection.php(734): CodeIgniter\Database\MySQLi\Connection->execute('SELECT id_mapel...')
#2 C:\xampp\htdocs\si_manajemen_nilai\system\Database\BaseConnection.php(648): CodeIgniter\Database\BaseConnection->simpleQuery('SELECT id_mapel...')
#3 C:\xampp\htdocs\si_manajemen_nilai\app\Models\DaftarmapelModel.php(32): CodeIgniter\Database\BaseConnection->query('SELECT id_mapel...')
#4 C:\xampp\htdocs\si_manajemen_nilai\app\Controllers\Daftarnilai.php(63): App\Models\DaftarmapelModel->dataMapelDetailID('')
#5 C:\xampp\htdocs\si_manajemen_nilai\system\CodeIgniter.php(933): App\Controllers\Daftarnilai->mapel_nilai('X', 'Informatika')
#6 C:\xampp\htdocs\si_manajemen_nilai\system\CodeIgniter.php(509): CodeIgniter\CodeIgniter->runController(Object(App\Controllers\Daftarnilai))
#7 C:\xampp\htdocs\si_manajemen_nilai\system\CodeIgniter.php(355): CodeIgniter\CodeIgniter->handleRequest(NULL, Object(Config\Cache), false)
#8 C:\xampp\htdocs\si_manajemen_nilai\system\Boot.php(325): CodeIgniter\CodeIgniter->run()
#9 C:\xampp\htdocs\si_manajemen_nilai\system\Boot.php(67): CodeIgniter\Boot::runCodeIgniter(Object(CodeIgniter\CodeIgniter))
#10 C:\xampp\htdocs\si_manajemen_nilai\public\index.php(56): CodeIgniter\Boot::bootWeb(Object(Config\Paths))
#11 C:\xampp\htdocs\si_manajemen_nilai\system\rewrite.php(44): require_once('C:\\xampp\\htdocs...')
#12 {main}
CRITICAL - 2025-01-23 13:04:46 --> CodeIgniter\Database\Exceptions\DatabaseException: You have an error in your SQL syntax; check the manual that corresponds to your MariaDB server version for the right syntax to use near '' at line 1
[Method: GET, Route: daftar_nilai/mapel_nilai/X/Informatika]
in SYSTEMPATH\Database\BaseConnection.php on line 688.
 1 APPPATH\Models\DaftarmapelModel.php(32): CodeIgniter\Database\BaseConnection->query('SELECT id_mapel FROM dt_mapel WHERE nama_mapel = ')
 2 APPPATH\Controllers\Daftarnilai.php(63): App\Models\DaftarmapelModel->dataMapelDetailID('')
 3 SYSTEMPATH\CodeIgniter.php(933): App\Controllers\Daftarnilai->mapel_nilai('X', 'Informatika')
 4 SYSTEMPATH\CodeIgniter.php(509): CodeIgniter\CodeIgniter->runController(Object(App\Controllers\Daftarnilai))
 5 SYSTEMPATH\CodeIgniter.php(355): CodeIgniter\CodeIgniter->handleRequest(null, Object(Config\Cache), false)
 6 SYSTEMPATH\Boot.php(325): CodeIgniter\CodeIgniter->run()
 7 SYSTEMPATH\Boot.php(67): CodeIgniter\Boot::runCodeIgniter(Object(CodeIgniter\CodeIgniter))
 8 FCPATH\index.php(56): CodeIgniter\Boot::bootWeb(Object(Config\Paths))
 9 SYSTEMPATH\rewrite.php(44): require_once('C:\\xampp\\htdocs\\si_manajemen_nilai\\public\\index.php')
CRITICAL - 2025-01-23 13:04:46 --> [Caused by] CodeIgniter\Database\Exceptions\DatabaseException: You have an error in your SQL syntax; check the manual that corresponds to your MariaDB server version for the right syntax to use near '' at line 1
in SYSTEMPATH\Database\MySQLi\Connection.php on line 317.
 1 SYSTEMPATH\Database\BaseConnection.php(734): CodeIgniter\Database\MySQLi\Connection->execute('SELECT id_mapel FROM dt_mapel WHERE nama_mapel = ')
 2 SYSTEMPATH\Database\BaseConnection.php(648): CodeIgniter\Database\BaseConnection->simpleQuery('SELECT id_mapel FROM dt_mapel WHERE nama_mapel = ')
 3 APPPATH\Models\DaftarmapelModel.php(32): CodeIgniter\Database\BaseConnection->query('SELECT id_mapel FROM dt_mapel WHERE nama_mapel = ')
 4 APPPATH\Controllers\Daftarnilai.php(63): App\Models\DaftarmapelModel->dataMapelDetailID('')
 5 SYSTEMPATH\CodeIgniter.php(933): App\Controllers\Daftarnilai->mapel_nilai('X', 'Informatika')
 6 SYSTEMPATH\CodeIgniter.php(509): CodeIgniter\CodeIgniter->runController(Object(App\Controllers\Daftarnilai))
 7 SYSTEMPATH\CodeIgniter.php(355): CodeIgniter\CodeIgniter->handleRequest(null, Object(Config\Cache), false)
 8 SYSTEMPATH\Boot.php(325): CodeIgniter\CodeIgniter->run()
 9 SYSTEMPATH\Boot.php(67): CodeIgniter\Boot::runCodeIgniter(Object(CodeIgniter\CodeIgniter))
10 FCPATH\index.php(56): CodeIgniter\Boot::bootWeb(Object(Config\Paths))
11 SYSTEMPATH\rewrite.php(44): require_once('C:\\xampp\\htdocs\\si_manajemen_nilai\\public\\index.php')
CRITICAL - 2025-01-23 13:04:46 --> [Caused by] mysqli_sql_exception: You have an error in your SQL syntax; check the manual that corresponds to your MariaDB server version for the right syntax to use near '' at line 1
in SYSTEMPATH\Database\MySQLi\Connection.php on line 312.
 1 SYSTEMPATH\Database\MySQLi\Connection.php(312): mysqli->query('SELECT id_mapel FROM dt_mapel WHERE nama_mapel = ', 0)
 2 SYSTEMPATH\Database\BaseConnection.php(734): CodeIgniter\Database\MySQLi\Connection->execute('SELECT id_mapel FROM dt_mapel WHERE nama_mapel = ')
 3 SYSTEMPATH\Database\BaseConnection.php(648): CodeIgniter\Database\BaseConnection->simpleQuery('SELECT id_mapel FROM dt_mapel WHERE nama_mapel = ')
 4 APPPATH\Models\DaftarmapelModel.php(32): CodeIgniter\Database\BaseConnection->query('SELECT id_mapel FROM dt_mapel WHERE nama_mapel = ')
 5 APPPATH\Controllers\Daftarnilai.php(63): App\Models\DaftarmapelModel->dataMapelDetailID('')
 6 SYSTEMPATH\CodeIgniter.php(933): App\Controllers\Daftarnilai->mapel_nilai('X', 'Informatika')
 7 SYSTEMPATH\CodeIgniter.php(509): CodeIgniter\CodeIgniter->runController(Object(App\Controllers\Daftarnilai))
 8 SYSTEMPATH\CodeIgniter.php(355): CodeIgniter\CodeIgniter->handleRequest(null, Object(Config\Cache), false)
 9 SYSTEMPATH\Boot.php(325): CodeIgniter\CodeIgniter->run()
10 SYSTEMPATH\Boot.php(67): CodeIgniter\Boot::runCodeIgniter(Object(CodeIgniter\CodeIgniter))
11 FCPATH\index.php(56): CodeIgniter\Boot::bootWeb(Object(Config\Paths))
12 SYSTEMPATH\rewrite.php(44): require_once('C:\\xampp\\htdocs\\si_manajemen_nilai\\public\\index.php')
ERROR - 2025-01-23 13:09:02 --> mysqli_sql_exception: You have an error in your SQL syntax; check the manual that corresponds to your MariaDB server version for the right syntax to use near '' at line 1 in C:\xampp\htdocs\si_manajemen_nilai\system\Database\MySQLi\Connection.php:312
Stack trace:
#0 C:\xampp\htdocs\si_manajemen_nilai\system\Database\MySQLi\Connection.php(312): mysqli->query('SELECT id_mapel...', 0)
#1 C:\xampp\htdocs\si_manajemen_nilai\system\Database\BaseConnection.php(734): CodeIgniter\Database\MySQLi\Connection->execute('SELECT id_mapel...')
#2 C:\xampp\htdocs\si_manajemen_nilai\system\Database\BaseConnection.php(648): CodeIgniter\Database\BaseConnection->simpleQuery('SELECT id_mapel...')
#3 C:\xampp\htdocs\si_manajemen_nilai\app\Models\DaftarmapelModel.php(32): CodeIgniter\Database\BaseConnection->query('SELECT id_mapel...')
#4 C:\xampp\htdocs\si_manajemen_nilai\app\Controllers\Daftarnilai.php(63): App\Models\DaftarmapelModel->dataMapelDetailID('')
#5 C:\xampp\htdocs\si_manajemen_nilai\system\CodeIgniter.php(933): App\Controllers\Daftarnilai->mapel_nilai('X', 'Informatika')
#6 C:\xampp\htdocs\si_manajemen_nilai\system\CodeIgniter.php(509): CodeIgniter\CodeIgniter->runController(Object(App\Controllers\Daftarnilai))
#7 C:\xampp\htdocs\si_manajemen_nilai\system\CodeIgniter.php(355): CodeIgniter\CodeIgniter->handleRequest(NULL, Object(Config\Cache), false)
#8 C:\xampp\htdocs\si_manajemen_nilai\system\Boot.php(325): CodeIgniter\CodeIgniter->run()
#9 C:\xampp\htdocs\si_manajemen_nilai\system\Boot.php(67): CodeIgniter\Boot::runCodeIgniter(Object(CodeIgniter\CodeIgniter))
#10 C:\xampp\htdocs\si_manajemen_nilai\public\index.php(56): CodeIgniter\Boot::bootWeb(Object(Config\Paths))
#11 C:\xampp\htdocs\si_manajemen_nilai\system\rewrite.php(44): require_once('C:\\xampp\\htdocs...')
#12 {main}
CRITICAL - 2025-01-23 13:09:02 --> CodeIgniter\Database\Exceptions\DatabaseException: You have an error in your SQL syntax; check the manual that corresponds to your MariaDB server version for the right syntax to use near '' at line 1
[Method: GET, Route: daftar_nilai/mapel_nilai/X/Informatika]
in SYSTEMPATH\Database\BaseConnection.php on line 688.
 1 APPPATH\Models\DaftarmapelModel.php(32): CodeIgniter\Database\BaseConnection->query('SELECT id_mapel FROM dt_mapel WHERE nama_mapel = ')
 2 APPPATH\Controllers\Daftarnilai.php(63): App\Models\DaftarmapelModel->dataMapelDetailID('')
 3 SYSTEMPATH\CodeIgniter.php(933): App\Controllers\Daftarnilai->mapel_nilai('X', 'Informatika')
 4 SYSTEMPATH\CodeIgniter.php(509): CodeIgniter\CodeIgniter->runController(Object(App\Controllers\Daftarnilai))
 5 SYSTEMPATH\CodeIgniter.php(355): CodeIgniter\CodeIgniter->handleRequest(null, Object(Config\Cache), false)
 6 SYSTEMPATH\Boot.php(325): CodeIgniter\CodeIgniter->run()
 7 SYSTEMPATH\Boot.php(67): CodeIgniter\Boot::runCodeIgniter(Object(CodeIgniter\CodeIgniter))
 8 FCPATH\index.php(56): CodeIgniter\Boot::bootWeb(Object(Config\Paths))
 9 SYSTEMPATH\rewrite.php(44): require_once('C:\\xampp\\htdocs\\si_manajemen_nilai\\public\\index.php')
CRITICAL - 2025-01-23 13:09:02 --> [Caused by] CodeIgniter\Database\Exceptions\DatabaseException: You have an error in your SQL syntax; check the manual that corresponds to your MariaDB server version for the right syntax to use near '' at line 1
in SYSTEMPATH\Database\MySQLi\Connection.php on line 317.
 1 SYSTEMPATH\Database\BaseConnection.php(734): CodeIgniter\Database\MySQLi\Connection->execute('SELECT id_mapel FROM dt_mapel WHERE nama_mapel = ')
 2 SYSTEMPATH\Database\BaseConnection.php(648): CodeIgniter\Database\BaseConnection->simpleQuery('SELECT id_mapel FROM dt_mapel WHERE nama_mapel = ')
 3 APPPATH\Models\DaftarmapelModel.php(32): CodeIgniter\Database\BaseConnection->query('SELECT id_mapel FROM dt_mapel WHERE nama_mapel = ')
 4 APPPATH\Controllers\Daftarnilai.php(63): App\Models\DaftarmapelModel->dataMapelDetailID('')
 5 SYSTEMPATH\CodeIgniter.php(933): App\Controllers\Daftarnilai->mapel_nilai('X', 'Informatika')
 6 SYSTEMPATH\CodeIgniter.php(509): CodeIgniter\CodeIgniter->runController(Object(App\Controllers\Daftarnilai))
 7 SYSTEMPATH\CodeIgniter.php(355): CodeIgniter\CodeIgniter->handleRequest(null, Object(Config\Cache), false)
 8 SYSTEMPATH\Boot.php(325): CodeIgniter\CodeIgniter->run()
 9 SYSTEMPATH\Boot.php(67): CodeIgniter\Boot::runCodeIgniter(Object(CodeIgniter\CodeIgniter))
10 FCPATH\index.php(56): CodeIgniter\Boot::bootWeb(Object(Config\Paths))
11 SYSTEMPATH\rewrite.php(44): require_once('C:\\xampp\\htdocs\\si_manajemen_nilai\\public\\index.php')
CRITICAL - 2025-01-23 13:09:02 --> [Caused by] mysqli_sql_exception: You have an error in your SQL syntax; check the manual that corresponds to your MariaDB server version for the right syntax to use near '' at line 1
in SYSTEMPATH\Database\MySQLi\Connection.php on line 312.
 1 SYSTEMPATH\Database\MySQLi\Connection.php(312): mysqli->query('SELECT id_mapel FROM dt_mapel WHERE nama_mapel = ', 0)
 2 SYSTEMPATH\Database\BaseConnection.php(734): CodeIgniter\Database\MySQLi\Connection->execute('SELECT id_mapel FROM dt_mapel WHERE nama_mapel = ')
 3 SYSTEMPATH\Database\BaseConnection.php(648): CodeIgniter\Database\BaseConnection->simpleQuery('SELECT id_mapel FROM dt_mapel WHERE nama_mapel = ')
 4 APPPATH\Models\DaftarmapelModel.php(32): CodeIgniter\Database\BaseConnection->query('SELECT id_mapel FROM dt_mapel WHERE nama_mapel = ')
 5 APPPATH\Controllers\Daftarnilai.php(63): App\Models\DaftarmapelModel->dataMapelDetailID('')
 6 SYSTEMPATH\CodeIgniter.php(933): App\Controllers\Daftarnilai->mapel_nilai('X', 'Informatika')
 7 SYSTEMPATH\CodeIgniter.php(509): CodeIgniter\CodeIgniter->runController(Object(App\Controllers\Daftarnilai))
 8 SYSTEMPATH\CodeIgniter.php(355): CodeIgniter\CodeIgniter->handleRequest(null, Object(Config\Cache), false)
 9 SYSTEMPATH\Boot.php(325): CodeIgniter\CodeIgniter->run()
10 SYSTEMPATH\Boot.php(67): CodeIgniter\Boot::runCodeIgniter(Object(CodeIgniter\CodeIgniter))
11 FCPATH\index.php(56): CodeIgniter\Boot::bootWeb(Object(Config\Paths))
12 SYSTEMPATH\rewrite.php(44): require_once('C:\\xampp\\htdocs\\si_manajemen_nilai\\public\\index.php')
CRITICAL - 2025-01-23 13:10:16 --> ErrorException: Trying to access array offset on value of type null
[Method: GET, Route: daftar_nilai/mapel_nilai/X/Informatika/9]
in APPPATH\Models\DaftarmapelModel.php on line 34.
 1 APPPATH\Models\DaftarmapelModel.php(34): CodeIgniter\Debug\Exceptions->errorHandler(2, 'Trying to access array offset on value of type null', 'C:\\xampp\\htdocs\\si_manajemen_nilai\\app\\Models\\DaftarmapelModel.php', 34)
 2 APPPATH\Controllers\Daftarnilai.php(63): App\Models\DaftarmapelModel->dataMapelDetailID('9')
 3 SYSTEMPATH\CodeIgniter.php(933): App\Controllers\Daftarnilai->mapel_nilai('X', 'Informatika', '9')
 4 SYSTEMPATH\CodeIgniter.php(509): CodeIgniter\CodeIgniter->runController(Object(App\Controllers\Daftarnilai))
 5 SYSTEMPATH\CodeIgniter.php(355): CodeIgniter\CodeIgniter->handleRequest(null, Object(Config\Cache), false)
 6 SYSTEMPATH\Boot.php(325): CodeIgniter\CodeIgniter->run()
 7 SYSTEMPATH\Boot.php(67): CodeIgniter\Boot::runCodeIgniter(Object(CodeIgniter\CodeIgniter))
 8 FCPATH\index.php(56): CodeIgniter\Boot::bootWeb(Object(Config\Paths))
 9 SYSTEMPATH\rewrite.php(44): require_once('C:\\xampp\\htdocs\\si_manajemen_nilai\\public\\index.php')
CRITICAL - 2025-01-23 13:10:45 --> ErrorException: Trying to access array offset on value of type null
[Method: GET, Route: daftar_nilai/mapel_nilai/X/Informatika/9]
in APPPATH\Models\DaftarmapelModel.php on line 34.
 1 APPPATH\Models\DaftarmapelModel.php(34): CodeIgniter\Debug\Exceptions->errorHandler(2, 'Trying to access array offset on value of type null', 'C:\\xampp\\htdocs\\si_manajemen_nilai\\app\\Models\\DaftarmapelModel.php', 34)
 2 APPPATH\Controllers\Daftarnilai.php(63): App\Models\DaftarmapelModel->dataMapelDetailID('9')
 3 SYSTEMPATH\CodeIgniter.php(933): App\Controllers\Daftarnilai->mapel_nilai('X', 'Informatika', '9')
 4 SYSTEMPATH\CodeIgniter.php(509): CodeIgniter\CodeIgniter->runController(Object(App\Controllers\Daftarnilai))
 5 SYSTEMPATH\CodeIgniter.php(355): CodeIgniter\CodeIgniter->handleRequest(null, Object(Config\Cache), false)
 6 SYSTEMPATH\Boot.php(325): CodeIgniter\CodeIgniter->run()
 7 SYSTEMPATH\Boot.php(67): CodeIgniter\Boot::runCodeIgniter(Object(CodeIgniter\CodeIgniter))
 8 FCPATH\index.php(56): CodeIgniter\Boot::bootWeb(Object(Config\Paths))
 9 SYSTEMPATH\rewrite.php(44): require_once('C:\\xampp\\htdocs\\si_manajemen_nilai\\public\\index.php')
CRITICAL - 2025-01-23 13:11:13 --> ErrorException: Undefined variable $nama_mapel
[Method: GET, Route: daftar_nilai/peserta_didik/13/1/Informatika/9]
in APPPATH\Views\nilaitugas_siswa.php on line 13.
 1 APPPATH\Views\nilaitugas_siswa.php(13): CodeIgniter\Debug\Exceptions->errorHandler(2, 'Undefined variable $nama_mapel', 'C:\\xampp\\htdocs\\si_manajemen_nilai\\app\\Views\\nilaitugas_siswa.php', 13)
 2 SYSTEMPATH\View\View.php(234): include('C:\\xampp\\htdocs\\si_manajemen_nilai\\app\\Views\\nilaitugas_siswa.php')
 3 SYSTEMPATH\View\View.php(237): CodeIgniter\View\View->CodeIgniter\View\{closure}()
 4 SYSTEMPATH\Common.php(1171): CodeIgniter\View\View->render('nilaitugas_siswa', [], true)
 5 APPPATH\Controllers\Daftarnilai.php(42): view('nilaitugas_siswa', [...])
 6 SYSTEMPATH\CodeIgniter.php(933): App\Controllers\Daftarnilai->peserta_didik('13', '1', 'Informatika', '9')
 7 SYSTEMPATH\CodeIgniter.php(509): CodeIgniter\CodeIgniter->runController(Object(App\Controllers\Daftarnilai))
 8 SYSTEMPATH\CodeIgniter.php(355): CodeIgniter\CodeIgniter->handleRequest(null, Object(Config\Cache), false)
 9 SYSTEMPATH\Boot.php(325): CodeIgniter\CodeIgniter->run()
10 SYSTEMPATH\Boot.php(67): CodeIgniter\Boot::runCodeIgniter(Object(CodeIgniter\CodeIgniter))
11 FCPATH\index.php(56): CodeIgniter\Boot::bootWeb(Object(Config\Paths))
12 SYSTEMPATH\rewrite.php(44): require_once('C:\\xampp\\htdocs\\si_manajemen_nilai\\public\\index.php')
CRITICAL - 2025-01-23 13:12:50 --> ErrorException: Undefined variable $nama_mapel
[Method: GET, Route: daftar_nilai/peserta_didik/13/1/Informatika/9]
in APPPATH\Views\nilaitugas_siswa.php on line 13.
 1 APPPATH\Views\nilaitugas_siswa.php(13): CodeIgniter\Debug\Exceptions->errorHandler(2, 'Undefined variable $nama_mapel', 'C:\\xampp\\htdocs\\si_manajemen_nilai\\app\\Views\\nilaitugas_siswa.php', 13)
 2 SYSTEMPATH\View\View.php(234): include('C:\\xampp\\htdocs\\si_manajemen_nilai\\app\\Views\\nilaitugas_siswa.php')
 3 SYSTEMPATH\View\View.php(237): CodeIgniter\View\View->CodeIgniter\View\{closure}()
 4 SYSTEMPATH\Common.php(1171): CodeIgniter\View\View->render('nilaitugas_siswa', [], true)
 5 APPPATH\Controllers\Daftarnilai.php(43): view('nilaitugas_siswa', [...])
 6 SYSTEMPATH\CodeIgniter.php(933): App\Controllers\Daftarnilai->peserta_didik('13', '1', 'Informatika', '9')
 7 SYSTEMPATH\CodeIgniter.php(509): CodeIgniter\CodeIgniter->runController(Object(App\Controllers\Daftarnilai))
 8 SYSTEMPATH\CodeIgniter.php(355): CodeIgniter\CodeIgniter->handleRequest(null, Object(Config\Cache), false)
 9 SYSTEMPATH\Boot.php(325): CodeIgniter\CodeIgniter->run()
10 SYSTEMPATH\Boot.php(67): CodeIgniter\Boot::runCodeIgniter(Object(CodeIgniter\CodeIgniter))
11 FCPATH\index.php(56): CodeIgniter\Boot::bootWeb(Object(Config\Paths))
12 SYSTEMPATH\rewrite.php(44): require_once('C:\\xampp\\htdocs\\si_manajemen_nilai\\public\\index.php')
