INFO - 2025-02-13 10:26:05 --> Session: Class initialized using 'CodeIgniter\Session\Handlers\FileHandler' driver.
INFO - 2025-02-13 10:26:05 --> Session: Class initialized using 'CodeIgniter\Session\Handlers\FileHandler' driver.
INFO - 2025-02-13 10:26:08 --> Session: Class initialized using 'CodeIgniter\Session\Handlers\FileHandler' driver.
INFO - 2025-02-13 10:26:09 --> Session: Class initialized using 'CodeIgniter\Session\Handlers\FileHandler' driver.
INFO - 2025-02-13 10:26:16 --> Session: Class initialized using 'CodeIgniter\Session\Handlers\FileHandler' driver.
INFO - 2025-02-13 10:26:16 --> Session: Class initialized using 'CodeIgniter\Session\Handlers\FileHandler' driver.
INFO - 2025-02-13 10:26:25 --> Session: Class initialized using 'CodeIgniter\Session\Handlers\FileHandler' driver.
INFO - 2025-02-13 10:26:30 --> Session: Class initialized using 'CodeIgniter\Session\Handlers\FileHandler' driver.
INFO - 2025-02-13 10:26:33 --> Session: Class initialized using 'CodeIgniter\Session\Handlers\FileHandler' driver.
INFO - 2025-02-13 10:26:36 --> Session: Class initialized using 'CodeIgniter\Session\Handlers\FileHandler' driver.
INFO - 2025-02-13 10:26:41 --> Session: Class initialized using 'CodeIgniter\Session\Handlers\FileHandler' driver.
INFO - 2025-02-13 10:26:54 --> Session: Class initialized using 'CodeIgniter\Session\Handlers\FileHandler' driver.
INFO - 2025-02-13 10:26:58 --> Session: Class initialized using 'CodeIgniter\Session\Handlers\FileHandler' driver.
INFO - 2025-02-13 10:27:05 --> Session: Class initialized using 'CodeIgniter\Session\Handlers\FileHandler' driver.
INFO - 2025-02-13 10:27:14 --> Session: Class initialized using 'CodeIgniter\Session\Handlers\FileHandler' driver.
INFO - 2025-02-13 10:27:19 --> Session: Class initialized using 'CodeIgniter\Session\Handlers\FileHandler' driver.
INFO - 2025-02-13 10:27:23 --> Session: Class initialized using 'CodeIgniter\Session\Handlers\FileHandler' driver.
INFO - 2025-02-13 10:27:36 --> Session: Class initialized using 'CodeIgniter\Session\Handlers\FileHandler' driver.
INFO - 2025-02-13 10:29:08 --> Session: Class initialized using 'CodeIgniter\Session\Handlers\FileHandler' driver.
INFO - 2025-02-13 10:29:14 --> Session: Class initialized using 'CodeIgniter\Session\Handlers\FileHandler' driver.
INFO - 2025-02-13 10:29:16 --> Session: Class initialized using 'CodeIgniter\Session\Handlers\FileHandler' driver.
INFO - 2025-02-13 10:29:19 --> Session: Class initialized using 'CodeIgniter\Session\Handlers\FileHandler' driver.
INFO - 2025-02-13 10:29:21 --> Session: Class initialized using 'CodeIgniter\Session\Handlers\FileHandler' driver.
INFO - 2025-02-13 10:29:24 --> Session: Class initialized using 'CodeIgniter\Session\Handlers\FileHandler' driver.
INFO - 2025-02-13 10:29:27 --> Session: Class initialized using 'CodeIgniter\Session\Handlers\FileHandler' driver.
INFO - 2025-02-13 10:29:54 --> Session: Class initialized using 'CodeIgniter\Session\Handlers\FileHandler' driver.
INFO - 2025-02-13 10:30:00 --> Session: Class initialized using 'CodeIgniter\Session\Handlers\FileHandler' driver.
INFO - 2025-02-13 10:38:00 --> Session: Class initialized using 'CodeIgniter\Session\Handlers\FileHandler' driver.
INFO - 2025-02-13 10:40:05 --> Session: Class initialized using 'CodeIgniter\Session\Handlers\FileHandler' driver.
INFO - 2025-02-13 10:40:46 --> Session: Class initialized using 'CodeIgniter\Session\Handlers\FileHandler' driver.
INFO - 2025-02-13 10:40:52 --> Session: Class initialized using 'CodeIgniter\Session\Handlers\FileHandler' driver.
INFO - 2025-02-13 10:41:04 --> Session: Class initialized using 'CodeIgniter\Session\Handlers\FileHandler' driver.
INFO - 2025-02-13 10:41:09 --> Session: Class initialized using 'CodeIgniter\Session\Handlers\FileHandler' driver.
INFO - 2025-02-13 10:41:19 --> Session: Class initialized using 'CodeIgniter\Session\Handlers\FileHandler' driver.
INFO - 2025-02-13 10:41:24 --> Session: Class initialized using 'CodeIgniter\Session\Handlers\FileHandler' driver.
INFO - 2025-02-13 10:41:29 --> Session: Class initialized using 'CodeIgniter\Session\Handlers\FileHandler' driver.
INFO - 2025-02-13 10:41:32 --> Session: Class initialized using 'CodeIgniter\Session\Handlers\FileHandler' driver.
INFO - 2025-02-13 10:41:49 --> Session: Class initialized using 'CodeIgniter\Session\Handlers\FileHandler' driver.
INFO - 2025-02-13 10:41:54 --> Session: Class initialized using 'CodeIgniter\Session\Handlers\FileHandler' driver.
INFO - 2025-02-13 10:41:59 --> Session: Class initialized using 'CodeIgniter\Session\Handlers\FileHandler' driver.
INFO - 2025-02-13 10:42:16 --> Session: Class initialized using 'CodeIgniter\Session\Handlers\FileHandler' driver.
INFO - 2025-02-13 10:42:39 --> Session: Class initialized using 'CodeIgniter\Session\Handlers\FileHandler' driver.
INFO - 2025-02-13 10:42:52 --> Session: Class initialized using 'CodeIgniter\Session\Handlers\FileHandler' driver.
INFO - 2025-02-13 10:42:56 --> Session: Class initialized using 'CodeIgniter\Session\Handlers\FileHandler' driver.
INFO - 2025-02-13 10:43:00 --> Session: Class initialized using 'CodeIgniter\Session\Handlers\FileHandler' driver.
INFO - 2025-02-13 10:43:12 --> Session: Class initialized using 'CodeIgniter\Session\Handlers\FileHandler' driver.
INFO - 2025-02-13 10:43:16 --> Session: Class initialized using 'CodeIgniter\Session\Handlers\FileHandler' driver.
INFO - 2025-02-13 10:44:44 --> Session: Class initialized using 'CodeIgniter\Session\Handlers\FileHandler' driver.
INFO - 2025-02-13 10:45:04 --> Session: Class initialized using 'CodeIgniter\Session\Handlers\FileHandler' driver.
INFO - 2025-02-13 10:45:08 --> Session: Class initialized using 'CodeIgniter\Session\Handlers\FileHandler' driver.
INFO - 2025-02-13 10:45:34 --> Session: Class initialized using 'CodeIgniter\Session\Handlers\FileHandler' driver.
INFO - 2025-02-13 10:45:39 --> Session: Class initialized using 'CodeIgniter\Session\Handlers\FileHandler' driver.
INFO - 2025-02-13 10:46:05 --> Session: Class initialized using 'CodeIgniter\Session\Handlers\FileHandler' driver.
INFO - 2025-02-13 10:46:09 --> Session: Class initialized using 'CodeIgniter\Session\Handlers\FileHandler' driver.
INFO - 2025-02-13 10:46:13 --> Session: Class initialized using 'CodeIgniter\Session\Handlers\FileHandler' driver.
INFO - 2025-02-13 10:46:20 --> Session: Class initialized using 'CodeIgniter\Session\Handlers\FileHandler' driver.
INFO - 2025-02-13 10:46:24 --> Session: Class initialized using 'CodeIgniter\Session\Handlers\FileHandler' driver.
INFO - 2025-02-13 10:46:29 --> Session: Class initialized using 'CodeIgniter\Session\Handlers\FileHandler' driver.
INFO - 2025-02-13 10:46:35 --> Session: Class initialized using 'CodeIgniter\Session\Handlers\FileHandler' driver.
INFO - 2025-02-13 10:46:49 --> Session: Class initialized using 'CodeIgniter\Session\Handlers\FileHandler' driver.
INFO - 2025-02-13 10:46:53 --> Session: Class initialized using 'CodeIgniter\Session\Handlers\FileHandler' driver.
INFO - 2025-02-13 10:49:02 --> Session: Class initialized using 'CodeIgniter\Session\Handlers\FileHandler' driver.
INFO - 2025-02-13 11:07:47 --> Session: Class initialized using 'CodeIgniter\Session\Handlers\FileHandler' driver.
INFO - 2025-02-13 11:07:53 --> Session: Class initialized using 'CodeIgniter\Session\Handlers\FileHandler' driver.
INFO - 2025-02-13 11:07:59 --> Session: Class initialized using 'CodeIgniter\Session\Handlers\FileHandler' driver.
INFO - 2025-02-13 11:08:13 --> Session: Class initialized using 'CodeIgniter\Session\Handlers\FileHandler' driver.
INFO - 2025-02-13 11:11:00 --> Session: Class initialized using 'CodeIgniter\Session\Handlers\FileHandler' driver.
INFO - 2025-02-13 11:11:30 --> Session: Class initialized using 'CodeIgniter\Session\Handlers\FileHandler' driver.
INFO - 2025-02-13 11:11:58 --> Session: Class initialized using 'CodeIgniter\Session\Handlers\FileHandler' driver.
CRITICAL - 2025-02-13 11:11:58 --> ErrorException: require_once(C:\xampp\htdocs\si_manajemen_nilai\app\Views\report_pdf/vendor/autoload.php): Failed to open stream: No such file or directory
[Method: GET, Route: daftar_kelas/cetak_kelas]
in APPPATH\Views\report_pdf\data_kelas.php on line 3.
 1 APPPATH\Views\report_pdf\data_kelas.php(3): CodeIgniter\Debug\Exceptions->errorHandler(2, 'require_once(C:\\xampp\\htdocs\\si_manajemen_nilai\\app\\Views\\report_pdf/vendor/autoload.php): Failed to open stream: No such file or directory', 'C:\\xampp\\htdocs\\si_manajemen_nilai\\app\\Views\\report_pdf\\data_kelas.php', 3)
 2 APPPATH\Views\report_pdf\data_kelas.php(3): require_once()
 3 SYSTEMPATH\View\View.php(234): include('C:\\xampp\\htdocs\\si_manajemen_nilai\\app\\Views\\report_pdf\\data_kelas.php')
 4 SYSTEMPATH\View\View.php(237): CodeIgniter\View\View->CodeIgniter\View\{closure}()
 5 SYSTEMPATH\Common.php(1171): CodeIgniter\View\View->render('report_pdf/data_kelas.php', [], true)
 6 APPPATH\Controllers\Daftarkelas.php(108): view('report_pdf/data_kelas.php')
 7 SYSTEMPATH\CodeIgniter.php(933): App\Controllers\Daftarkelas->cetakPDF()
 8 SYSTEMPATH\CodeIgniter.php(509): CodeIgniter\CodeIgniter->runController(Object(App\Controllers\Daftarkelas))
 9 SYSTEMPATH\CodeIgniter.php(355): CodeIgniter\CodeIgniter->handleRequest(null, Object(Config\Cache), false)
10 SYSTEMPATH\Boot.php(325): CodeIgniter\CodeIgniter->run()
11 SYSTEMPATH\Boot.php(67): CodeIgniter\Boot::runCodeIgniter(Object(CodeIgniter\CodeIgniter))
12 FCPATH\index.php(56): CodeIgniter\Boot::bootWeb(Object(Config\Paths))
13 SYSTEMPATH\rewrite.php(44): require_once('C:\\xampp\\htdocs\\si_manajemen_nilai\\public\\index.php')
INFO - 2025-02-13 11:14:07 --> Session: Class initialized using 'CodeIgniter\Session\Handlers\FileHandler' driver.
CRITICAL - 2025-02-13 11:14:07 --> CodeIgniter\View\Exceptions\ViewException: Invalid file: "C:\xampp\htdocs\si_manajemen_nilai\app\Views\report_pdf/vendor/autoload.php"
[Method: GET, Route: daftar_kelas/cetak_kelas]
in SYSTEMPATH\Exceptions\FrameworkException.php on line 41.
 1 SYSTEMPATH\View\View.php(222): CodeIgniter\Exceptions\FrameworkException::forInvalidFile('C:\\xampp\\htdocs\\si_manajemen_nilai\\app\\Views\\report_pdf/vendor/autoload.php')
 2 SYSTEMPATH\View\View.php(487): CodeIgniter\View\View->render('C:\\xampp\\htdocs\\si_manajemen_nilai\\app\\Views\\report_pdf/vendor/autoload.php', null, true)
 3 APPPATH\Views\report_pdf\data_kelas.php(3): CodeIgniter\View\View->include('C:\\xampp\\htdocs\\si_manajemen_nilai\\app\\Views\\report_pdf/vendor/autoload.php')
 4 SYSTEMPATH\View\View.php(234): include('C:\\xampp\\htdocs\\si_manajemen_nilai\\app\\Views\\report_pdf\\data_kelas.php')
 5 SYSTEMPATH\View\View.php(237): CodeIgniter\View\View->CodeIgniter\View\{closure}()
 6 SYSTEMPATH\Common.php(1171): CodeIgniter\View\View->render('report_pdf/data_kelas.php', [], true)
 7 APPPATH\Controllers\Daftarkelas.php(108): view('report_pdf/data_kelas.php')
 8 SYSTEMPATH\CodeIgniter.php(933): App\Controllers\Daftarkelas->cetakPDF()
 9 SYSTEMPATH\CodeIgniter.php(509): CodeIgniter\CodeIgniter->runController(Object(App\Controllers\Daftarkelas))
10 SYSTEMPATH\CodeIgniter.php(355): CodeIgniter\CodeIgniter->handleRequest(null, Object(Config\Cache), false)
11 SYSTEMPATH\Boot.php(325): CodeIgniter\CodeIgniter->run()
12 SYSTEMPATH\Boot.php(67): CodeIgniter\Boot::runCodeIgniter(Object(CodeIgniter\CodeIgniter))
13 FCPATH\index.php(56): CodeIgniter\Boot::bootWeb(Object(Config\Paths))
14 SYSTEMPATH\rewrite.php(44): require_once('C:\\xampp\\htdocs\\si_manajemen_nilai\\public\\index.php')
INFO - 2025-02-13 11:15:22 --> Session: Class initialized using 'CodeIgniter\Session\Handlers\FileHandler' driver.
CRITICAL - 2025-02-13 11:15:22 --> CodeIgniter\View\Exceptions\ViewException: Invalid file: "C:\xampp\htdocs\si_manajemen_nilai\app\Views\report_pdf../../../vendor/autoload.php"
[Method: GET, Route: daftar_kelas/cetak_kelas]
in SYSTEMPATH\Exceptions\FrameworkException.php on line 41.
 1 SYSTEMPATH\View\View.php(222): CodeIgniter\Exceptions\FrameworkException::forInvalidFile('C:\\xampp\\htdocs\\si_manajemen_nilai\\app\\Views\\report_pdf../../../vendor/autoload.php')
 2 SYSTEMPATH\View\View.php(487): CodeIgniter\View\View->render('C:\\xampp\\htdocs\\si_manajemen_nilai\\app\\Views\\report_pdf../../../vendor/autoload.php', null, true)
 3 APPPATH\Views\report_pdf\data_kelas.php(3): CodeIgniter\View\View->include('C:\\xampp\\htdocs\\si_manajemen_nilai\\app\\Views\\report_pdf../../../vendor/autoload.php')
 4 SYSTEMPATH\View\View.php(234): include('C:\\xampp\\htdocs\\si_manajemen_nilai\\app\\Views\\report_pdf\\data_kelas.php')
 5 SYSTEMPATH\View\View.php(237): CodeIgniter\View\View->CodeIgniter\View\{closure}()
 6 SYSTEMPATH\Common.php(1171): CodeIgniter\View\View->render('report_pdf/data_kelas.php', [], true)
 7 APPPATH\Controllers\Daftarkelas.php(108): view('report_pdf/data_kelas.php')
 8 SYSTEMPATH\CodeIgniter.php(933): App\Controllers\Daftarkelas->cetakPDF()
 9 SYSTEMPATH\CodeIgniter.php(509): CodeIgniter\CodeIgniter->runController(Object(App\Controllers\Daftarkelas))
10 SYSTEMPATH\CodeIgniter.php(355): CodeIgniter\CodeIgniter->handleRequest(null, Object(Config\Cache), false)
11 SYSTEMPATH\Boot.php(325): CodeIgniter\CodeIgniter->run()
12 SYSTEMPATH\Boot.php(67): CodeIgniter\Boot::runCodeIgniter(Object(CodeIgniter\CodeIgniter))
13 FCPATH\index.php(56): CodeIgniter\Boot::bootWeb(Object(Config\Paths))
14 SYSTEMPATH\rewrite.php(44): require_once('C:\\xampp\\htdocs\\si_manajemen_nilai\\public\\index.php')
INFO - 2025-02-13 11:15:33 --> Session: Class initialized using 'CodeIgniter\Session\Handlers\FileHandler' driver.
CRITICAL - 2025-02-13 11:15:33 --> CodeIgniter\View\Exceptions\ViewException: Invalid file: "C:\xampp\htdocs\si_manajemen_nilai\app\Views\report_pdf../../vendor/autoload.php"
[Method: GET, Route: daftar_kelas/cetak_kelas]
in SYSTEMPATH\Exceptions\FrameworkException.php on line 41.
 1 SYSTEMPATH\View\View.php(222): CodeIgniter\Exceptions\FrameworkException::forInvalidFile('C:\\xampp\\htdocs\\si_manajemen_nilai\\app\\Views\\report_pdf../../vendor/autoload.php')
 2 SYSTEMPATH\View\View.php(487): CodeIgniter\View\View->render('C:\\xampp\\htdocs\\si_manajemen_nilai\\app\\Views\\report_pdf../../vendor/autoload.php', null, true)
 3 APPPATH\Views\report_pdf\data_kelas.php(3): CodeIgniter\View\View->include('C:\\xampp\\htdocs\\si_manajemen_nilai\\app\\Views\\report_pdf../../vendor/autoload.php')
 4 SYSTEMPATH\View\View.php(234): include('C:\\xampp\\htdocs\\si_manajemen_nilai\\app\\Views\\report_pdf\\data_kelas.php')
 5 SYSTEMPATH\View\View.php(237): CodeIgniter\View\View->CodeIgniter\View\{closure}()
 6 SYSTEMPATH\Common.php(1171): CodeIgniter\View\View->render('report_pdf/data_kelas.php', [], true)
 7 APPPATH\Controllers\Daftarkelas.php(108): view('report_pdf/data_kelas.php')
 8 SYSTEMPATH\CodeIgniter.php(933): App\Controllers\Daftarkelas->cetakPDF()
 9 SYSTEMPATH\CodeIgniter.php(509): CodeIgniter\CodeIgniter->runController(Object(App\Controllers\Daftarkelas))
10 SYSTEMPATH\CodeIgniter.php(355): CodeIgniter\CodeIgniter->handleRequest(null, Object(Config\Cache), false)
11 SYSTEMPATH\Boot.php(325): CodeIgniter\CodeIgniter->run()
12 SYSTEMPATH\Boot.php(67): CodeIgniter\Boot::runCodeIgniter(Object(CodeIgniter\CodeIgniter))
13 FCPATH\index.php(56): CodeIgniter\Boot::bootWeb(Object(Config\Paths))
14 SYSTEMPATH\rewrite.php(44): require_once('C:\\xampp\\htdocs\\si_manajemen_nilai\\public\\index.php')
INFO - 2025-02-13 11:15:52 --> Session: Class initialized using 'CodeIgniter\Session\Handlers\FileHandler' driver.
CRITICAL - 2025-02-13 11:15:52 --> CodeIgniter\View\Exceptions\ViewException: Invalid file: "C:\xampp\htdocs\si_manajemen_nilai\app\Views\report_pdf../vendor/autoload.php"
[Method: GET, Route: daftar_kelas/cetak_kelas]
in SYSTEMPATH\Exceptions\FrameworkException.php on line 41.
 1 SYSTEMPATH\View\View.php(222): CodeIgniter\Exceptions\FrameworkException::forInvalidFile('C:\\xampp\\htdocs\\si_manajemen_nilai\\app\\Views\\report_pdf../vendor/autoload.php')
 2 SYSTEMPATH\View\View.php(487): CodeIgniter\View\View->render('C:\\xampp\\htdocs\\si_manajemen_nilai\\app\\Views\\report_pdf../vendor/autoload.php', null, true)
 3 APPPATH\Views\report_pdf\data_kelas.php(3): CodeIgniter\View\View->include('C:\\xampp\\htdocs\\si_manajemen_nilai\\app\\Views\\report_pdf../vendor/autoload.php')
 4 SYSTEMPATH\View\View.php(234): include('C:\\xampp\\htdocs\\si_manajemen_nilai\\app\\Views\\report_pdf\\data_kelas.php')
 5 SYSTEMPATH\View\View.php(237): CodeIgniter\View\View->CodeIgniter\View\{closure}()
 6 SYSTEMPATH\Common.php(1171): CodeIgniter\View\View->render('report_pdf/data_kelas.php', [], true)
 7 APPPATH\Controllers\Daftarkelas.php(108): view('report_pdf/data_kelas.php')
 8 SYSTEMPATH\CodeIgniter.php(933): App\Controllers\Daftarkelas->cetakPDF()
 9 SYSTEMPATH\CodeIgniter.php(509): CodeIgniter\CodeIgniter->runController(Object(App\Controllers\Daftarkelas))
10 SYSTEMPATH\CodeIgniter.php(355): CodeIgniter\CodeIgniter->handleRequest(null, Object(Config\Cache), false)
11 SYSTEMPATH\Boot.php(325): CodeIgniter\CodeIgniter->run()
12 SYSTEMPATH\Boot.php(67): CodeIgniter\Boot::runCodeIgniter(Object(CodeIgniter\CodeIgniter))
13 FCPATH\index.php(56): CodeIgniter\Boot::bootWeb(Object(Config\Paths))
14 SYSTEMPATH\rewrite.php(44): require_once('C:\\xampp\\htdocs\\si_manajemen_nilai\\public\\index.php')
INFO - 2025-02-13 11:16:04 --> Session: Class initialized using 'CodeIgniter\Session\Handlers\FileHandler' driver.
CRITICAL - 2025-02-13 11:16:04 --> CodeIgniter\View\Exceptions\ViewException: Invalid file: "C:\xampp\htdocs\si_manajemen_nilai\app\Views\report_pdfvendor/autoload.php"
[Method: GET, Route: daftar_kelas/cetak_kelas]
in SYSTEMPATH\Exceptions\FrameworkException.php on line 41.
 1 SYSTEMPATH\View\View.php(222): CodeIgniter\Exceptions\FrameworkException::forInvalidFile('C:\\xampp\\htdocs\\si_manajemen_nilai\\app\\Views\\report_pdfvendor/autoload.php')
 2 SYSTEMPATH\View\View.php(487): CodeIgniter\View\View->render('C:\\xampp\\htdocs\\si_manajemen_nilai\\app\\Views\\report_pdfvendor/autoload.php', null, true)
 3 APPPATH\Views\report_pdf\data_kelas.php(3): CodeIgniter\View\View->include('C:\\xampp\\htdocs\\si_manajemen_nilai\\app\\Views\\report_pdfvendor/autoload.php')
 4 SYSTEMPATH\View\View.php(234): include('C:\\xampp\\htdocs\\si_manajemen_nilai\\app\\Views\\report_pdf\\data_kelas.php')
 5 SYSTEMPATH\View\View.php(237): CodeIgniter\View\View->CodeIgniter\View\{closure}()
 6 SYSTEMPATH\Common.php(1171): CodeIgniter\View\View->render('report_pdf/data_kelas.php', [], true)
 7 APPPATH\Controllers\Daftarkelas.php(108): view('report_pdf/data_kelas.php')
 8 SYSTEMPATH\CodeIgniter.php(933): App\Controllers\Daftarkelas->cetakPDF()
 9 SYSTEMPATH\CodeIgniter.php(509): CodeIgniter\CodeIgniter->runController(Object(App\Controllers\Daftarkelas))
10 SYSTEMPATH\CodeIgniter.php(355): CodeIgniter\CodeIgniter->handleRequest(null, Object(Config\Cache), false)
11 SYSTEMPATH\Boot.php(325): CodeIgniter\CodeIgniter->run()
12 SYSTEMPATH\Boot.php(67): CodeIgniter\Boot::runCodeIgniter(Object(CodeIgniter\CodeIgniter))
13 FCPATH\index.php(56): CodeIgniter\Boot::bootWeb(Object(Config\Paths))
14 SYSTEMPATH\rewrite.php(44): require_once('C:\\xampp\\htdocs\\si_manajemen_nilai\\public\\index.php')
INFO - 2025-02-13 11:16:42 --> Session: Class initialized using 'CodeIgniter\Session\Handlers\FileHandler' driver.
CRITICAL - 2025-02-13 11:16:42 --> CodeIgniter\View\Exceptions\ViewException: Invalid file: "C:\xampp\htdocs\si_manajemen_nilai\app\Views\report_pdf../../../../vendor/autoload.php"
[Method: GET, Route: daftar_kelas/cetak_kelas]
in SYSTEMPATH\Exceptions\FrameworkException.php on line 41.
 1 SYSTEMPATH\View\View.php(222): CodeIgniter\Exceptions\FrameworkException::forInvalidFile('C:\\xampp\\htdocs\\si_manajemen_nilai\\app\\Views\\report_pdf../../../../vendor/autoload.php')
 2 SYSTEMPATH\View\View.php(487): CodeIgniter\View\View->render('C:\\xampp\\htdocs\\si_manajemen_nilai\\app\\Views\\report_pdf../../../../vendor/autoload.php', null, true)
 3 APPPATH\Views\report_pdf\data_kelas.php(3): CodeIgniter\View\View->include('C:\\xampp\\htdocs\\si_manajemen_nilai\\app\\Views\\report_pdf../../../../vendor/autoload.php')
 4 SYSTEMPATH\View\View.php(234): include('C:\\xampp\\htdocs\\si_manajemen_nilai\\app\\Views\\report_pdf\\data_kelas.php')
 5 SYSTEMPATH\View\View.php(237): CodeIgniter\View\View->CodeIgniter\View\{closure}()
 6 SYSTEMPATH\Common.php(1171): CodeIgniter\View\View->render('report_pdf/data_kelas.php', [], true)
 7 APPPATH\Controllers\Daftarkelas.php(108): view('report_pdf/data_kelas.php')
 8 SYSTEMPATH\CodeIgniter.php(933): App\Controllers\Daftarkelas->cetakPDF()
 9 SYSTEMPATH\CodeIgniter.php(509): CodeIgniter\CodeIgniter->runController(Object(App\Controllers\Daftarkelas))
10 SYSTEMPATH\CodeIgniter.php(355): CodeIgniter\CodeIgniter->handleRequest(null, Object(Config\Cache), false)
11 SYSTEMPATH\Boot.php(325): CodeIgniter\CodeIgniter->run()
12 SYSTEMPATH\Boot.php(67): CodeIgniter\Boot::runCodeIgniter(Object(CodeIgniter\CodeIgniter))
13 FCPATH\index.php(56): CodeIgniter\Boot::bootWeb(Object(Config\Paths))
14 SYSTEMPATH\rewrite.php(44): require_once('C:\\xampp\\htdocs\\si_manajemen_nilai\\public\\index.php')
INFO - 2025-02-13 11:17:23 --> Session: Class initialized using 'CodeIgniter\Session\Handlers\FileHandler' driver.
CRITICAL - 2025-02-13 11:17:23 --> CodeIgniter\View\Exceptions\ViewException: Invalid file: "C:\xampp\htdocs\si_manajemen_nilai\app\Views\report_pdf../../../vendor/autoload.php"
[Method: GET, Route: daftar_kelas/cetak_kelas]
in SYSTEMPATH\Exceptions\FrameworkException.php on line 41.
 1 SYSTEMPATH\View\View.php(222): CodeIgniter\Exceptions\FrameworkException::forInvalidFile('C:\\xampp\\htdocs\\si_manajemen_nilai\\app\\Views\\report_pdf../../../vendor/autoload.php')
 2 SYSTEMPATH\View\View.php(487): CodeIgniter\View\View->render('C:\\xampp\\htdocs\\si_manajemen_nilai\\app\\Views\\report_pdf../../../vendor/autoload.php', null, true)
 3 APPPATH\Views\report_pdf\data_kelas.php(3): CodeIgniter\View\View->include('C:\\xampp\\htdocs\\si_manajemen_nilai\\app\\Views\\report_pdf../../../vendor/autoload.php')
 4 SYSTEMPATH\View\View.php(234): include('C:\\xampp\\htdocs\\si_manajemen_nilai\\app\\Views\\report_pdf\\data_kelas.php')
 5 SYSTEMPATH\View\View.php(237): CodeIgniter\View\View->CodeIgniter\View\{closure}()
 6 SYSTEMPATH\Common.php(1171): CodeIgniter\View\View->render('report_pdf/data_kelas.php', [], true)
 7 APPPATH\Controllers\Daftarkelas.php(108): view('report_pdf/data_kelas.php')
 8 SYSTEMPATH\CodeIgniter.php(933): App\Controllers\Daftarkelas->cetakPDF()
 9 SYSTEMPATH\CodeIgniter.php(509): CodeIgniter\CodeIgniter->runController(Object(App\Controllers\Daftarkelas))
10 SYSTEMPATH\CodeIgniter.php(355): CodeIgniter\CodeIgniter->handleRequest(null, Object(Config\Cache), false)
11 SYSTEMPATH\Boot.php(325): CodeIgniter\CodeIgniter->run()
12 SYSTEMPATH\Boot.php(67): CodeIgniter\Boot::runCodeIgniter(Object(CodeIgniter\CodeIgniter))
13 FCPATH\index.php(56): CodeIgniter\Boot::bootWeb(Object(Config\Paths))
14 SYSTEMPATH\rewrite.php(44): require_once('C:\\xampp\\htdocs\\si_manajemen_nilai\\public\\index.php')
INFO - 2025-02-13 11:18:51 --> Session: Class initialized using 'CodeIgniter\Session\Handlers\FileHandler' driver.
CRITICAL - 2025-02-13 11:18:51 --> CodeIgniter\View\Exceptions\ViewException: Invalid file: "C:\xampp\htdocs\si_manajemen_nilai\app\Views\report_pdf../../vendor/autoload.php"
[Method: GET, Route: daftar_kelas/cetak_kelas]
in SYSTEMPATH\Exceptions\FrameworkException.php on line 41.
 1 SYSTEMPATH\View\View.php(222): CodeIgniter\Exceptions\FrameworkException::forInvalidFile('C:\\xampp\\htdocs\\si_manajemen_nilai\\app\\Views\\report_pdf../../vendor/autoload.php')
 2 SYSTEMPATH\View\View.php(487): CodeIgniter\View\View->render('C:\\xampp\\htdocs\\si_manajemen_nilai\\app\\Views\\report_pdf../../vendor/autoload.php', null, true)
 3 APPPATH\Views\report_pdf\data_kelas.php(3): CodeIgniter\View\View->include('C:\\xampp\\htdocs\\si_manajemen_nilai\\app\\Views\\report_pdf../../vendor/autoload.php')
 4 SYSTEMPATH\View\View.php(234): include('C:\\xampp\\htdocs\\si_manajemen_nilai\\app\\Views\\report_pdf\\data_kelas.php')
 5 SYSTEMPATH\View\View.php(237): CodeIgniter\View\View->CodeIgniter\View\{closure}()
 6 SYSTEMPATH\Common.php(1171): CodeIgniter\View\View->render('report_pdf/data_kelas.php', [], true)
 7 APPPATH\Controllers\Daftarkelas.php(108): view('report_pdf/data_kelas.php')
 8 SYSTEMPATH\CodeIgniter.php(933): App\Controllers\Daftarkelas->cetakPDF()
 9 SYSTEMPATH\CodeIgniter.php(509): CodeIgniter\CodeIgniter->runController(Object(App\Controllers\Daftarkelas))
10 SYSTEMPATH\CodeIgniter.php(355): CodeIgniter\CodeIgniter->handleRequest(null, Object(Config\Cache), false)
11 SYSTEMPATH\Boot.php(325): CodeIgniter\CodeIgniter->run()
12 SYSTEMPATH\Boot.php(67): CodeIgniter\Boot::runCodeIgniter(Object(CodeIgniter\CodeIgniter))
13 FCPATH\index.php(56): CodeIgniter\Boot::bootWeb(Object(Config\Paths))
14 SYSTEMPATH\rewrite.php(44): require_once('C:\\xampp\\htdocs\\si_manajemen_nilai\\public\\index.php')
INFO - 2025-02-13 11:19:03 --> Session: Class initialized using 'CodeIgniter\Session\Handlers\FileHandler' driver.
CRITICAL - 2025-02-13 11:19:03 --> CodeIgniter\View\Exceptions\ViewException: Invalid file: "../../../vendor/autoload.php"
[Method: GET, Route: daftar_kelas/cetak_kelas]
in SYSTEMPATH\Exceptions\FrameworkException.php on line 41.
 1 SYSTEMPATH\View\View.php(222): CodeIgniter\Exceptions\FrameworkException::forInvalidFile('../../../vendor/autoload.php')
 2 SYSTEMPATH\View\View.php(487): CodeIgniter\View\View->render('../../../vendor/autoload.php', null, true)
 3 APPPATH\Views\report_pdf\data_kelas.php(3): CodeIgniter\View\View->include('../../../vendor/autoload.php')
 4 SYSTEMPATH\View\View.php(234): include('C:\\xampp\\htdocs\\si_manajemen_nilai\\app\\Views\\report_pdf\\data_kelas.php')
 5 SYSTEMPATH\View\View.php(237): CodeIgniter\View\View->CodeIgniter\View\{closure}()
 6 SYSTEMPATH\Common.php(1171): CodeIgniter\View\View->render('report_pdf/data_kelas.php', [], true)
 7 APPPATH\Controllers\Daftarkelas.php(108): view('report_pdf/data_kelas.php')
 8 SYSTEMPATH\CodeIgniter.php(933): App\Controllers\Daftarkelas->cetakPDF()
 9 SYSTEMPATH\CodeIgniter.php(509): CodeIgniter\CodeIgniter->runController(Object(App\Controllers\Daftarkelas))
10 SYSTEMPATH\CodeIgniter.php(355): CodeIgniter\CodeIgniter->handleRequest(null, Object(Config\Cache), false)
11 SYSTEMPATH\Boot.php(325): CodeIgniter\CodeIgniter->run()
12 SYSTEMPATH\Boot.php(67): CodeIgniter\Boot::runCodeIgniter(Object(CodeIgniter\CodeIgniter))
13 FCPATH\index.php(56): CodeIgniter\Boot::bootWeb(Object(Config\Paths))
14 SYSTEMPATH\rewrite.php(44): require_once('C:\\xampp\\htdocs\\si_manajemen_nilai\\public\\index.php')
INFO - 2025-02-13 14:45:38 --> Session: Class initialized using 'CodeIgniter\Session\Handlers\FileHandler' driver.
INFO - 2025-02-13 14:45:40 --> Session: Class initialized using 'CodeIgniter\Session\Handlers\FileHandler' driver.
INFO - 2025-02-13 14:45:52 --> Session: Class initialized using 'CodeIgniter\Session\Handlers\FileHandler' driver.
INFO - 2025-02-13 14:45:53 --> Session: Class initialized using 'CodeIgniter\Session\Handlers\FileHandler' driver.
INFO - 2025-02-13 14:46:01 --> Session: Class initialized using 'CodeIgniter\Session\Handlers\FileHandler' driver.
INFO - 2025-02-13 14:46:05 --> Session: Class initialized using 'CodeIgniter\Session\Handlers\FileHandler' driver.
INFO - 2025-02-13 14:46:09 --> Session: Class initialized using 'CodeIgniter\Session\Handlers\FileHandler' driver.
CRITICAL - 2025-02-13 14:46:09 --> ErrorException: require(C:\xampp\htdocs\si_manajemen_nilai\app\/vendor/autoload.php): Failed to open stream: No such file or directory
[Method: GET, Route: daftar_kelas/cetak_kelas]
in APPPATH\Views\report_pdf\data_kelas.php on line 4.
 1 APPPATH\Views\report_pdf\data_kelas.php(4): CodeIgniter\Debug\Exceptions->errorHandler(2, 'require(C:\\xampp\\htdocs\\si_manajemen_nilai\\app\\/vendor/autoload.php): Failed to open stream: No such file or directory', 'C:\\xampp\\htdocs\\si_manajemen_nilai\\app\\Views\\report_pdf\\data_kelas.php', 4)
 2 APPPATH\Views\report_pdf\data_kelas.php(4): require()
 3 SYSTEMPATH\View\View.php(234): include('C:\\xampp\\htdocs\\si_manajemen_nilai\\app\\Views\\report_pdf\\data_kelas.php')
 4 SYSTEMPATH\View\View.php(237): CodeIgniter\View\View->CodeIgniter\View\{closure}()
 5 SYSTEMPATH\Common.php(1171): CodeIgniter\View\View->render('report_pdf/data_kelas.php', [], true)
 6 APPPATH\Controllers\Daftarkelas.php(108): view('report_pdf/data_kelas.php')
 7 SYSTEMPATH\CodeIgniter.php(933): App\Controllers\Daftarkelas->cetakPDF()
 8 SYSTEMPATH\CodeIgniter.php(509): CodeIgniter\CodeIgniter->runController(Object(App\Controllers\Daftarkelas))
 9 SYSTEMPATH\CodeIgniter.php(355): CodeIgniter\CodeIgniter->handleRequest(null, Object(Config\Cache), false)
10 SYSTEMPATH\Boot.php(325): CodeIgniter\CodeIgniter->run()
11 SYSTEMPATH\Boot.php(67): CodeIgniter\Boot::runCodeIgniter(Object(CodeIgniter\CodeIgniter))
12 FCPATH\index.php(56): CodeIgniter\Boot::bootWeb(Object(Config\Paths))
13 SYSTEMPATH\rewrite.php(44): require_once('C:\\xampp\\htdocs\\si_manajemen_nilai\\public\\index.php')
INFO - 2025-02-13 14:46:56 --> Session: Class initialized using 'CodeIgniter\Session\Handlers\FileHandler' driver.
INFO - 2025-02-13 14:48:11 --> Session: Class initialized using 'CodeIgniter\Session\Handlers\FileHandler' driver.
CRITICAL - 2025-02-13 14:48:11 --> ErrorException: require(C:\xampp\htdocs\si_manajemen_nilai\app\C:\xampp\htdocs\si_manajemen_nilai\app\Views\report_pdf../vendor/autoload.php): Failed to open stream: No such file or directory
[Method: GET, Route: daftar_kelas/cetak_kelas]
in APPPATH\Views\report_pdf\data_kelas.php on line 4.
 1 APPPATH\Views\report_pdf\data_kelas.php(4): CodeIgniter\Debug\Exceptions->errorHandler(2, 'require(C:\\xampp\\htdocs\\si_manajemen_nilai\\app\\C:\\xampp\\htdocs\\si_manajemen_nilai\\app\\Views\\report_pdf../vendor/autoload.php): Failed to open stream: No such file or directory', 'C:\\xampp\\htdocs\\si_manajemen_nilai\\app\\Views\\report_pdf\\data_kelas.php', 4)
 2 APPPATH\Views\report_pdf\data_kelas.php(4): require()
 3 SYSTEMPATH\View\View.php(234): include('C:\\xampp\\htdocs\\si_manajemen_nilai\\app\\Views\\report_pdf\\data_kelas.php')
 4 SYSTEMPATH\View\View.php(237): CodeIgniter\View\View->CodeIgniter\View\{closure}()
 5 SYSTEMPATH\Common.php(1171): CodeIgniter\View\View->render('report_pdf/data_kelas.php', [], true)
 6 APPPATH\Controllers\Daftarkelas.php(108): view('report_pdf/data_kelas.php')
 7 SYSTEMPATH\CodeIgniter.php(933): App\Controllers\Daftarkelas->cetakPDF()
 8 SYSTEMPATH\CodeIgniter.php(509): CodeIgniter\CodeIgniter->runController(Object(App\Controllers\Daftarkelas))
 9 SYSTEMPATH\CodeIgniter.php(355): CodeIgniter\CodeIgniter->handleRequest(null, Object(Config\Cache), false)
10 SYSTEMPATH\Boot.php(325): CodeIgniter\CodeIgniter->run()
11 SYSTEMPATH\Boot.php(67): CodeIgniter\Boot::runCodeIgniter(Object(CodeIgniter\CodeIgniter))
12 FCPATH\index.php(56): CodeIgniter\Boot::bootWeb(Object(Config\Paths))
13 SYSTEMPATH\rewrite.php(44): require_once('C:\\xampp\\htdocs\\si_manajemen_nilai\\public\\index.php')
INFO - 2025-02-13 14:51:32 --> Session: Class initialized using 'CodeIgniter\Session\Handlers\FileHandler' driver.
INFO - 2025-02-13 14:52:00 --> Session: Class initialized using 'CodeIgniter\Session\Handlers\FileHandler' driver.
CRITICAL - 2025-02-13 14:52:00 --> ErrorException: require_once(C:\xampp\htdocs\si_manajemen_nilai\C:\xampp\htdocs\si_manajemen_nilai\app\Views\report_pdfvendor/autoload.php): Failed to open stream: No such file or directory
[Method: GET, Route: daftar_kelas/cetak_kelas]
in APPPATH\Views\report_pdf\data_kelas.php on line 6.
 1 APPPATH\Views\report_pdf\data_kelas.php(6): CodeIgniter\Debug\Exceptions->errorHandler(2, 'require_once(C:\\xampp\\htdocs\\si_manajemen_nilai\\C:\\xampp\\htdocs\\si_manajemen_nilai\\app\\Views\\report_pdfvendor/autoload.php): Failed to open stream: No such file or directory', 'C:\\xampp\\htdocs\\si_manajemen_nilai\\app\\Views\\report_pdf\\data_kelas.php', 6)
 2 APPPATH\Views\report_pdf\data_kelas.php(6): require_once()
 3 SYSTEMPATH\View\View.php(234): include('C:\\xampp\\htdocs\\si_manajemen_nilai\\app\\Views\\report_pdf\\data_kelas.php')
 4 SYSTEMPATH\View\View.php(237): CodeIgniter\View\View->CodeIgniter\View\{closure}()
 5 SYSTEMPATH\Common.php(1171): CodeIgniter\View\View->render('report_pdf/data_kelas.php', [], true)
 6 APPPATH\Controllers\Daftarkelas.php(108): view('report_pdf/data_kelas.php')
 7 SYSTEMPATH\CodeIgniter.php(933): App\Controllers\Daftarkelas->cetakPDF()
 8 SYSTEMPATH\CodeIgniter.php(509): CodeIgniter\CodeIgniter->runController(Object(App\Controllers\Daftarkelas))
 9 SYSTEMPATH\CodeIgniter.php(355): CodeIgniter\CodeIgniter->handleRequest(null, Object(Config\Cache), false)
10 SYSTEMPATH\Boot.php(325): CodeIgniter\CodeIgniter->run()
11 SYSTEMPATH\Boot.php(67): CodeIgniter\Boot::runCodeIgniter(Object(CodeIgniter\CodeIgniter))
12 FCPATH\index.php(56): CodeIgniter\Boot::bootWeb(Object(Config\Paths))
13 SYSTEMPATH\rewrite.php(44): require_once('C:\\xampp\\htdocs\\si_manajemen_nilai\\public\\index.php')
