INFO - 2025-05-18 10:33:16 --> Session: Class initialized using 'CodeIgniter\Session\Handlers\FileHandler' driver.
INFO - 2025-05-18 10:33:24 --> Session: Class initialized using 'CodeIgniter\Session\Handlers\FileHandler' driver.
WARNING - 2025-05-18 10:33:37 --> [DEPRECATED] htmlspecialchars(): Passing null to parameter #1 ($string) of type string is deprecated in APPPATH\Controllers\Loginadmin.php on line 18.
 1 APPPATH\Controllers\Loginadmin.php(18): htmlspecialchars(null)
 2 SYSTEMPATH\CodeIgniter.php(933): App\Controllers\Loginadmin->masuk()
 3 SYSTEMPATH\CodeIgniter.php(509): CodeIgniter\CodeIgniter->runController(Object(App\Controllers\Loginadmin))
 4 SYSTEMPATH\CodeIgniter.php(355): CodeIgniter\CodeIgniter->handleRequest(null, Object(Config\Cache), false)
 5 SYSTEMPATH\Boot.php(325): CodeIgniter\CodeIgniter->run()
 6 SYSTEMPATH\Boot.php(67): CodeIgniter\Boot::runCodeIgniter(Object(CodeIgniter\CodeIgniter))
 7 FCPATH\index.php(56): CodeIgniter\Boot::bootWeb(Object(Config\Paths))
 8 SYSTEMPATH\rewrite.php(44): require_once('C:\\xampp\\htdocs\\SI_Manajemen_nilai\\public\\index.php')
INFO - 2025-05-18 10:33:37 --> Session: Class initialized using 'CodeIgniter\Session\Handlers\FileHandler' driver.
INFO - 2025-05-18 10:33:38 --> Session: Class initialized using 'CodeIgniter\Session\Handlers\FileHandler' driver.
INFO - 2025-05-18 10:33:44 --> Session: Class initialized using 'CodeIgniter\Session\Handlers\FileHandler' driver.
WARNING - 2025-05-18 10:33:45 --> [DEPRECATED] substr(): Passing null to parameter #1 ($string) of type string is deprecated in APPPATH\Controllers\Periodeajaran.php on line 13.
 1 APPPATH\Controllers\Periodeajaran.php(13): substr(null, 2, 3)
 2 SYSTEMPATH\CodeIgniter.php(933): App\Controllers\Periodeajaran->index()
 3 SYSTEMPATH\CodeIgniter.php(509): CodeIgniter\CodeIgniter->runController(Object(App\Controllers\Periodeajaran))
 4 SYSTEMPATH\CodeIgniter.php(355): CodeIgniter\CodeIgniter->handleRequest(null, Object(Config\Cache), false)
 5 SYSTEMPATH\Boot.php(325): CodeIgniter\CodeIgniter->run()
 6 SYSTEMPATH\Boot.php(67): CodeIgniter\Boot::runCodeIgniter(Object(CodeIgniter\CodeIgniter))
 7 FCPATH\index.php(56): CodeIgniter\Boot::bootWeb(Object(Config\Paths))
 8 SYSTEMPATH\rewrite.php(44): require_once('C:\\xampp\\htdocs\\SI_Manajemen_nilai\\public\\index.php')
INFO - 2025-05-18 10:33:50 --> Session: Class initialized using 'CodeIgniter\Session\Handlers\FileHandler' driver.
WARNING - 2025-05-18 10:33:50 --> [DEPRECATED] substr(): Passing null to parameter #1 ($string) of type string is deprecated in APPPATH\Controllers\Daftarjurusan.php on line 13.
 1 APPPATH\Controllers\Daftarjurusan.php(13): substr(null, 2, 3)
 2 SYSTEMPATH\CodeIgniter.php(933): App\Controllers\Daftarjurusan->index()
 3 SYSTEMPATH\CodeIgniter.php(509): CodeIgniter\CodeIgniter->runController(Object(App\Controllers\Daftarjurusan))
 4 SYSTEMPATH\CodeIgniter.php(355): CodeIgniter\CodeIgniter->handleRequest(null, Object(Config\Cache), false)
 5 SYSTEMPATH\Boot.php(325): CodeIgniter\CodeIgniter->run()
 6 SYSTEMPATH\Boot.php(67): CodeIgniter\Boot::runCodeIgniter(Object(CodeIgniter\CodeIgniter))
 7 FCPATH\index.php(56): CodeIgniter\Boot::bootWeb(Object(Config\Paths))
 8 SYSTEMPATH\rewrite.php(44): require_once('C:\\xampp\\htdocs\\SI_Manajemen_nilai\\public\\index.php')
INFO - 2025-05-18 10:33:54 --> Session: Class initialized using 'CodeIgniter\Session\Handlers\FileHandler' driver.
INFO - 2025-05-18 10:33:57 --> Session: Class initialized using 'CodeIgniter\Session\Handlers\FileHandler' driver.
INFO - 2025-05-18 10:34:01 --> Session: Class initialized using 'CodeIgniter\Session\Handlers\FileHandler' driver.
INFO - 2025-05-18 10:34:11 --> Session: Class initialized using 'CodeIgniter\Session\Handlers\FileHandler' driver.
INFO - 2025-05-18 10:36:20 --> Session: Class initialized using 'CodeIgniter\Session\Handlers\FileHandler' driver.
INFO - 2025-05-18 10:36:25 --> Session: Class initialized using 'CodeIgniter\Session\Handlers\FileHandler' driver.
INFO - 2025-05-18 10:36:28 --> Session: Class initialized using 'CodeIgniter\Session\Handlers\FileHandler' driver.
INFO - 2025-05-18 10:36:35 --> Session: Class initialized using 'CodeIgniter\Session\Handlers\FileHandler' driver.
WARNING - 2025-05-18 10:36:35 --> [DEPRECATED] substr(): Passing null to parameter #1 ($string) of type string is deprecated in APPPATH\Controllers\Periodeajaran.php on line 13.
 1 APPPATH\Controllers\Periodeajaran.php(13): substr(null, 2, 3)
 2 SYSTEMPATH\CodeIgniter.php(933): App\Controllers\Periodeajaran->index()
 3 SYSTEMPATH\CodeIgniter.php(509): CodeIgniter\CodeIgniter->runController(Object(App\Controllers\Periodeajaran))
 4 SYSTEMPATH\CodeIgniter.php(355): CodeIgniter\CodeIgniter->handleRequest(null, Object(Config\Cache), false)
 5 SYSTEMPATH\Boot.php(325): CodeIgniter\CodeIgniter->run()
 6 SYSTEMPATH\Boot.php(67): CodeIgniter\Boot::runCodeIgniter(Object(CodeIgniter\CodeIgniter))
 7 FCPATH\index.php(56): CodeIgniter\Boot::bootWeb(Object(Config\Paths))
 8 SYSTEMPATH\rewrite.php(44): require_once('C:\\xampp\\htdocs\\SI_Manajemen_nilai\\public\\index.php')
INFO - 2025-05-18 10:39:33 --> Session: Class initialized using 'CodeIgniter\Session\Handlers\FileHandler' driver.
INFO - 2025-05-18 10:39:36 --> Session: Class initialized using 'CodeIgniter\Session\Handlers\FileHandler' driver.
INFO - 2025-05-18 10:39:56 --> Session: Class initialized using 'CodeIgniter\Session\Handlers\FileHandler' driver.
WARNING - 2025-05-18 10:39:56 --> [DEPRECATED] substr(): Passing null to parameter #1 ($string) of type string is deprecated in APPPATH\Controllers\Daftarjurusan.php on line 13.
 1 APPPATH\Controllers\Daftarjurusan.php(13): substr(null, 2, 3)
 2 SYSTEMPATH\CodeIgniter.php(933): App\Controllers\Daftarjurusan->index()
 3 SYSTEMPATH\CodeIgniter.php(509): CodeIgniter\CodeIgniter->runController(Object(App\Controllers\Daftarjurusan))
 4 SYSTEMPATH\CodeIgniter.php(355): CodeIgniter\CodeIgniter->handleRequest(null, Object(Config\Cache), false)
 5 SYSTEMPATH\Boot.php(325): CodeIgniter\CodeIgniter->run()
 6 SYSTEMPATH\Boot.php(67): CodeIgniter\Boot::runCodeIgniter(Object(CodeIgniter\CodeIgniter))
 7 FCPATH\index.php(56): CodeIgniter\Boot::bootWeb(Object(Config\Paths))
 8 SYSTEMPATH\rewrite.php(44): require_once('C:\\xampp\\htdocs\\SI_Manajemen_nilai\\public\\index.php')
INFO - 2025-05-18 10:40:24 --> Session: Class initialized using 'CodeIgniter\Session\Handlers\FileHandler' driver.
INFO - 2025-05-18 10:40:25 --> Session: Class initialized using 'CodeIgniter\Session\Handlers\FileHandler' driver.
INFO - 2025-05-18 10:40:34 --> Session: Class initialized using 'CodeIgniter\Session\Handlers\FileHandler' driver.
INFO - 2025-05-18 10:40:38 --> Session: Class initialized using 'CodeIgniter\Session\Handlers\FileHandler' driver.
WARNING - 2025-05-18 10:40:38 --> [DEPRECATED] substr(): Passing null to parameter #1 ($string) of type string is deprecated in APPPATH\Controllers\Daftarkelas.php on line 37.
 1 APPPATH\Controllers\Daftarkelas.php(37): substr(null, 2, 3)
 2 SYSTEMPATH\CodeIgniter.php(933): App\Controllers\Daftarkelas->periode('1')
 3 SYSTEMPATH\CodeIgniter.php(509): CodeIgniter\CodeIgniter->runController(Object(App\Controllers\Daftarkelas))
 4 SYSTEMPATH\CodeIgniter.php(355): CodeIgniter\CodeIgniter->handleRequest(null, Object(Config\Cache), false)
 5 SYSTEMPATH\Boot.php(325): CodeIgniter\CodeIgniter->run()
 6 SYSTEMPATH\Boot.php(67): CodeIgniter\Boot::runCodeIgniter(Object(CodeIgniter\CodeIgniter))
 7 FCPATH\index.php(56): CodeIgniter\Boot::bootWeb(Object(Config\Paths))
 8 SYSTEMPATH\rewrite.php(44): require_once('C:\\xampp\\htdocs\\SI_Manajemen_nilai\\public\\index.php')
INFO - 2025-05-18 10:40:49 --> Session: Class initialized using 'CodeIgniter\Session\Handlers\FileHandler' driver.
INFO - 2025-05-18 10:40:50 --> Session: Class initialized using 'CodeIgniter\Session\Handlers\FileHandler' driver.
INFO - 2025-05-18 10:41:01 --> Session: Class initialized using 'CodeIgniter\Session\Handlers\FileHandler' driver.
INFO - 2025-05-18 10:41:06 --> Session: Class initialized using 'CodeIgniter\Session\Handlers\FileHandler' driver.
INFO - 2025-05-18 10:41:10 --> Session: Class initialized using 'CodeIgniter\Session\Handlers\FileHandler' driver.
WARNING - 2025-05-18 10:41:10 --> [DEPRECATED] substr(): Passing null to parameter #1 ($string) of type string is deprecated in APPPATH\Controllers\Daftarmapel.php on line 37.
 1 APPPATH\Controllers\Daftarmapel.php(37): substr(null, 2, 3)
 2 SYSTEMPATH\CodeIgniter.php(933): App\Controllers\Daftarmapel->periode('1')
 3 SYSTEMPATH\CodeIgniter.php(509): CodeIgniter\CodeIgniter->runController(Object(App\Controllers\Daftarmapel))
 4 SYSTEMPATH\CodeIgniter.php(355): CodeIgniter\CodeIgniter->handleRequest(null, Object(Config\Cache), false)
 5 SYSTEMPATH\Boot.php(325): CodeIgniter\CodeIgniter->run()
 6 SYSTEMPATH\Boot.php(67): CodeIgniter\Boot::runCodeIgniter(Object(CodeIgniter\CodeIgniter))
 7 FCPATH\index.php(56): CodeIgniter\Boot::bootWeb(Object(Config\Paths))
 8 SYSTEMPATH\rewrite.php(44): require_once('C:\\xampp\\htdocs\\SI_Manajemen_nilai\\public\\index.php')
INFO - 2025-05-18 10:41:34 --> Session: Class initialized using 'CodeIgniter\Session\Handlers\FileHandler' driver.
INFO - 2025-05-18 10:41:35 --> Session: Class initialized using 'CodeIgniter\Session\Handlers\FileHandler' driver.
INFO - 2025-05-18 10:41:43 --> Session: Class initialized using 'CodeIgniter\Session\Handlers\FileHandler' driver.
INFO - 2025-05-18 10:41:47 --> Session: Class initialized using 'CodeIgniter\Session\Handlers\FileHandler' driver.
INFO - 2025-05-18 10:41:52 --> Session: Class initialized using 'CodeIgniter\Session\Handlers\FileHandler' driver.
WARNING - 2025-05-18 10:41:52 --> [DEPRECATED] substr(): Passing null to parameter #1 ($string) of type string is deprecated in APPPATH\Controllers\Daftarsiswa.php on line 54.
 1 APPPATH\Controllers\Daftarsiswa.php(54): substr(null, 2, 3)
 2 SYSTEMPATH\CodeIgniter.php(933): App\Controllers\Daftarsiswa->rinci_siswa('1', '1', '1')
 3 SYSTEMPATH\CodeIgniter.php(509): CodeIgniter\CodeIgniter->runController(Object(App\Controllers\Daftarsiswa))
 4 SYSTEMPATH\CodeIgniter.php(355): CodeIgniter\CodeIgniter->handleRequest(null, Object(Config\Cache), false)
 5 SYSTEMPATH\Boot.php(325): CodeIgniter\CodeIgniter->run()
 6 SYSTEMPATH\Boot.php(67): CodeIgniter\Boot::runCodeIgniter(Object(CodeIgniter\CodeIgniter))
 7 FCPATH\index.php(56): CodeIgniter\Boot::bootWeb(Object(Config\Paths))
 8 SYSTEMPATH\rewrite.php(44): require_once('C:\\xampp\\htdocs\\SI_Manajemen_nilai\\public\\index.php')
INFO - 2025-05-18 10:42:01 --> Session: Class initialized using 'CodeIgniter\Session\Handlers\FileHandler' driver.
INFO - 2025-05-18 10:42:04 --> Session: Class initialized using 'CodeIgniter\Session\Handlers\FileHandler' driver.
INFO - 2025-05-18 10:42:08 --> Session: Class initialized using 'CodeIgniter\Session\Handlers\FileHandler' driver.
ERROR - 2025-05-18 10:42:08 --> mysqli_sql_exception: Unknown column 'dt_nilai_murid.deskripsi' in 'field list' in C:\xampp\htdocs\SI_Manajemen_nilai\system\Database\MySQLi\Connection.php:312
Stack trace:
#0 C:\xampp\htdocs\SI_Manajemen_nilai\system\Database\MySQLi\Connection.php(312): mysqli->query('SELECT dt_nilai...', 0)
#1 C:\xampp\htdocs\SI_Manajemen_nilai\system\Database\BaseConnection.php(734): CodeIgniter\Database\MySQLi\Connection->execute('SELECT dt_nilai...')
#2 C:\xampp\htdocs\SI_Manajemen_nilai\system\Database\BaseConnection.php(648): CodeIgniter\Database\BaseConnection->simpleQuery('SELECT dt_nilai...')
#3 C:\xampp\htdocs\SI_Manajemen_nilai\app\Models\DaftarnilaisiswaModel.php(59): CodeIgniter\Database\BaseConnection->query('SELECT dt_nilai...')
#4 C:\xampp\htdocs\SI_Manajemen_nilai\app\Controllers\Daftarnilai_siswa.php(180): App\Models\DaftarnilaisiswaModel->dataNilai('Ganjil', '1', 'X', '1', '1')
#5 C:\xampp\htdocs\SI_Manajemen_nilai\system\CodeIgniter.php(933): App\Controllers\Daftarnilai_siswa->peserta_didik('X', '1', 'Pemrograman Das...', '1', '1', 'Ganjil')
#6 C:\xampp\htdocs\SI_Manajemen_nilai\system\CodeIgniter.php(509): CodeIgniter\CodeIgniter->runController(Object(App\Controllers\Daftarnilai_siswa))
#7 C:\xampp\htdocs\SI_Manajemen_nilai\system\CodeIgniter.php(355): CodeIgniter\CodeIgniter->handleRequest(NULL, Object(Config\Cache), false)
#8 C:\xampp\htdocs\SI_Manajemen_nilai\system\Boot.php(325): CodeIgniter\CodeIgniter->run()
#9 C:\xampp\htdocs\SI_Manajemen_nilai\system\Boot.php(67): CodeIgniter\Boot::runCodeIgniter(Object(CodeIgniter\CodeIgniter))
#10 C:\xampp\htdocs\SI_Manajemen_nilai\public\index.php(56): CodeIgniter\Boot::bootWeb(Object(Config\Paths))
#11 C:\xampp\htdocs\SI_Manajemen_nilai\system\rewrite.php(44): require_once('C:\\xampp\\htdocs...')
#12 {main}
CRITICAL - 2025-05-18 10:42:09 --> CodeIgniter\Database\Exceptions\DatabaseException: Unknown column 'dt_nilai_murid.deskripsi' in 'field list'
[Method: GET, Route: daftar_nilai_siswa/peserta_didik/X/1/Pemrograman%20Dasar%202/1/1/Ganjil]
in SYSTEMPATH\Database\BaseConnection.php on line 688.
 1 APPPATH\Models\DaftarnilaisiswaModel.php(59): CodeIgniter\Database\BaseConnection->query('SELECT dt_nilai_murid.id_nilai, dt_nilai_murid.id_siswa, dt_siswa.nis, dt_siswa.nisn, dt_siswa.nama_siswa, 
        dt_nilai_murid.id_mapel, dt_mapel.nama_mapel, dt_nilai_murid.kelas, dt_nilai_murid.id_jurusan, dt_jurusan.nama_jurusan, 
        dt_nilai_murid.id_periode, dt_periode_ajaran.tahun_ajaran, dt_nilai_murid.semester, dt_nilai_murid.nilai_1, 
        dt_nilai_murid.nilai_2, dt_nilai_murid.nilai_3, dt_nilai_murid.nilai_4, dt_nilai_murid.nilai_5, dt_nilai_murid.nilai_6,
        dt_nilai_murid.nilai_7, dt_nilai_murid.nilai_8, dt_nilai_murid.nilai_9, dt_nilai_murid.na_materi, dt_nilai_murid.LM_1, 
        dt_nilai_murid.LM_2, dt_nilai_murid.LM_3, dt_nilai_murid.na_sumatif, dt_nilai_murid.pts, dt_nilai_murid.pat, 
        dt_nilai_murid.nilai_akhir, dt_nilai_murid.nilai_rapor, dt_nilai_murid.deskripsi FROM dt_nilai_murid 
        INNER JOIN dt_siswa ON dt_nilai_murid.id_siswa = dt_siswa.id_siswa 
        INNER JOIN dt_mapel ON dt_nilai_murid.id_mapel = dt_mapel.id_mapel 
        INNER JOIN dt_jurusan ON dt_nilai_murid.id_jurusan = dt_jurusan.id_jurusan 
        INNER JOIN dt_periode_ajaran ON dt_nilai_murid.id_periode = dt_periode_ajaran.id_periode 
        WHERE semester = \'Ganjil\' AND dt_nilai_murid.id_periode = 1 AND dt_nilai_murid.kelas = \'X\'
        AND dt_nilai_murid.id_jurusan = 1 AND dt_nilai_murid.id_mapel = 1')
 2 APPPATH\Controllers\Daftarnilai_siswa.php(180): App\Models\DaftarnilaisiswaModel->dataNilai('Ganjil', '1', 'X', '1', '1')
 3 SYSTEMPATH\CodeIgniter.php(933): App\Controllers\Daftarnilai_siswa->peserta_didik('X', '1', 'Pemrograman Dasar 2', '1', '1', 'Ganjil')
 4 SYSTEMPATH\CodeIgniter.php(509): CodeIgniter\CodeIgniter->runController(Object(App\Controllers\Daftarnilai_siswa))
 5 SYSTEMPATH\CodeIgniter.php(355): CodeIgniter\CodeIgniter->handleRequest(null, Object(Config\Cache), false)
 6 SYSTEMPATH\Boot.php(325): CodeIgniter\CodeIgniter->run()
 7 SYSTEMPATH\Boot.php(67): CodeIgniter\Boot::runCodeIgniter(Object(CodeIgniter\CodeIgniter))
 8 FCPATH\index.php(56): CodeIgniter\Boot::bootWeb(Object(Config\Paths))
 9 SYSTEMPATH\rewrite.php(44): require_once('C:\\xampp\\htdocs\\SI_Manajemen_nilai\\public\\index.php')
CRITICAL - 2025-05-18 10:42:09 --> [Caused by] CodeIgniter\Database\Exceptions\DatabaseException: Unknown column 'dt_nilai_murid.deskripsi' in 'field list'
in SYSTEMPATH\Database\MySQLi\Connection.php on line 317.
 1 SYSTEMPATH\Database\BaseConnection.php(734): CodeIgniter\Database\MySQLi\Connection->execute('SELECT dt_nilai_murid.id_nilai, dt_nilai_murid.id_siswa, dt_siswa.nis, dt_siswa.nisn, dt_siswa.nama_siswa, 
        dt_nilai_murid.id_mapel, dt_mapel.nama_mapel, dt_nilai_murid.kelas, dt_nilai_murid.id_jurusan, dt_jurusan.nama_jurusan, 
        dt_nilai_murid.id_periode, dt_periode_ajaran.tahun_ajaran, dt_nilai_murid.semester, dt_nilai_murid.nilai_1, 
        dt_nilai_murid.nilai_2, dt_nilai_murid.nilai_3, dt_nilai_murid.nilai_4, dt_nilai_murid.nilai_5, dt_nilai_murid.nilai_6,
        dt_nilai_murid.nilai_7, dt_nilai_murid.nilai_8, dt_nilai_murid.nilai_9, dt_nilai_murid.na_materi, dt_nilai_murid.LM_1, 
        dt_nilai_murid.LM_2, dt_nilai_murid.LM_3, dt_nilai_murid.na_sumatif, dt_nilai_murid.pts, dt_nilai_murid.pat, 
        dt_nilai_murid.nilai_akhir, dt_nilai_murid.nilai_rapor, dt_nilai_murid.deskripsi FROM dt_nilai_murid 
        INNER JOIN dt_siswa ON dt_nilai_murid.id_siswa = dt_siswa.id_siswa 
        INNER JOIN dt_mapel ON dt_nilai_murid.id_mapel = dt_mapel.id_mapel 
        INNER JOIN dt_jurusan ON dt_nilai_murid.id_jurusan = dt_jurusan.id_jurusan 
        INNER JOIN dt_periode_ajaran ON dt_nilai_murid.id_periode = dt_periode_ajaran.id_periode 
        WHERE semester = \'Ganjil\' AND dt_nilai_murid.id_periode = 1 AND dt_nilai_murid.kelas = \'X\'
        AND dt_nilai_murid.id_jurusan = 1 AND dt_nilai_murid.id_mapel = 1')
 2 SYSTEMPATH\Database\BaseConnection.php(648): CodeIgniter\Database\BaseConnection->simpleQuery('SELECT dt_nilai_murid.id_nilai, dt_nilai_murid.id_siswa, dt_siswa.nis, dt_siswa.nisn, dt_siswa.nama_siswa, 
        dt_nilai_murid.id_mapel, dt_mapel.nama_mapel, dt_nilai_murid.kelas, dt_nilai_murid.id_jurusan, dt_jurusan.nama_jurusan, 
        dt_nilai_murid.id_periode, dt_periode_ajaran.tahun_ajaran, dt_nilai_murid.semester, dt_nilai_murid.nilai_1, 
        dt_nilai_murid.nilai_2, dt_nilai_murid.nilai_3, dt_nilai_murid.nilai_4, dt_nilai_murid.nilai_5, dt_nilai_murid.nilai_6,
        dt_nilai_murid.nilai_7, dt_nilai_murid.nilai_8, dt_nilai_murid.nilai_9, dt_nilai_murid.na_materi, dt_nilai_murid.LM_1, 
        dt_nilai_murid.LM_2, dt_nilai_murid.LM_3, dt_nilai_murid.na_sumatif, dt_nilai_murid.pts, dt_nilai_murid.pat, 
        dt_nilai_murid.nilai_akhir, dt_nilai_murid.nilai_rapor, dt_nilai_murid.deskripsi FROM dt_nilai_murid 
        INNER JOIN dt_siswa ON dt_nilai_murid.id_siswa = dt_siswa.id_siswa 
        INNER JOIN dt_mapel ON dt_nilai_murid.id_mapel = dt_mapel.id_mapel 
        INNER JOIN dt_jurusan ON dt_nilai_murid.id_jurusan = dt_jurusan.id_jurusan 
        INNER JOIN dt_periode_ajaran ON dt_nilai_murid.id_periode = dt_periode_ajaran.id_periode 
        WHERE semester = \'Ganjil\' AND dt_nilai_murid.id_periode = 1 AND dt_nilai_murid.kelas = \'X\'
        AND dt_nilai_murid.id_jurusan = 1 AND dt_nilai_murid.id_mapel = 1')
 3 APPPATH\Models\DaftarnilaisiswaModel.php(59): CodeIgniter\Database\BaseConnection->query('SELECT dt_nilai_murid.id_nilai, dt_nilai_murid.id_siswa, dt_siswa.nis, dt_siswa.nisn, dt_siswa.nama_siswa, 
        dt_nilai_murid.id_mapel, dt_mapel.nama_mapel, dt_nilai_murid.kelas, dt_nilai_murid.id_jurusan, dt_jurusan.nama_jurusan, 
        dt_nilai_murid.id_periode, dt_periode_ajaran.tahun_ajaran, dt_nilai_murid.semester, dt_nilai_murid.nilai_1, 
        dt_nilai_murid.nilai_2, dt_nilai_murid.nilai_3, dt_nilai_murid.nilai_4, dt_nilai_murid.nilai_5, dt_nilai_murid.nilai_6,
        dt_nilai_murid.nilai_7, dt_nilai_murid.nilai_8, dt_nilai_murid.nilai_9, dt_nilai_murid.na_materi, dt_nilai_murid.LM_1, 
        dt_nilai_murid.LM_2, dt_nilai_murid.LM_3, dt_nilai_murid.na_sumatif, dt_nilai_murid.pts, dt_nilai_murid.pat, 
        dt_nilai_murid.nilai_akhir, dt_nilai_murid.nilai_rapor, dt_nilai_murid.deskripsi FROM dt_nilai_murid 
        INNER JOIN dt_siswa ON dt_nilai_murid.id_siswa = dt_siswa.id_siswa 
        INNER JOIN dt_mapel ON dt_nilai_murid.id_mapel = dt_mapel.id_mapel 
        INNER JOIN dt_jurusan ON dt_nilai_murid.id_jurusan = dt_jurusan.id_jurusan 
        INNER JOIN dt_periode_ajaran ON dt_nilai_murid.id_periode = dt_periode_ajaran.id_periode 
        WHERE semester = \'Ganjil\' AND dt_nilai_murid.id_periode = 1 AND dt_nilai_murid.kelas = \'X\'
        AND dt_nilai_murid.id_jurusan = 1 AND dt_nilai_murid.id_mapel = 1')
 4 APPPATH\Controllers\Daftarnilai_siswa.php(180): App\Models\DaftarnilaisiswaModel->dataNilai('Ganjil', '1', 'X', '1', '1')
 5 SYSTEMPATH\CodeIgniter.php(933): App\Controllers\Daftarnilai_siswa->peserta_didik('X', '1', 'Pemrograman Dasar 2', '1', '1', 'Ganjil')
 6 SYSTEMPATH\CodeIgniter.php(509): CodeIgniter\CodeIgniter->runController(Object(App\Controllers\Daftarnilai_siswa))
 7 SYSTEMPATH\CodeIgniter.php(355): CodeIgniter\CodeIgniter->handleRequest(null, Object(Config\Cache), false)
 8 SYSTEMPATH\Boot.php(325): CodeIgniter\CodeIgniter->run()
 9 SYSTEMPATH\Boot.php(67): CodeIgniter\Boot::runCodeIgniter(Object(CodeIgniter\CodeIgniter))
10 FCPATH\index.php(56): CodeIgniter\Boot::bootWeb(Object(Config\Paths))
11 SYSTEMPATH\rewrite.php(44): require_once('C:\\xampp\\htdocs\\SI_Manajemen_nilai\\public\\index.php')
CRITICAL - 2025-05-18 10:42:09 --> [Caused by] mysqli_sql_exception: Unknown column 'dt_nilai_murid.deskripsi' in 'field list'
in SYSTEMPATH\Database\MySQLi\Connection.php on line 312.
 1 SYSTEMPATH\Database\MySQLi\Connection.php(312): mysqli->query('SELECT dt_nilai_murid.id_nilai, dt_nilai_murid.id_siswa, dt_siswa.nis, dt_siswa.nisn, dt_siswa.nama_siswa, 
        dt_nilai_murid.id_mapel, dt_mapel.nama_mapel, dt_nilai_murid.kelas, dt_nilai_murid.id_jurusan, dt_jurusan.nama_jurusan, 
        dt_nilai_murid.id_periode, dt_periode_ajaran.tahun_ajaran, dt_nilai_murid.semester, dt_nilai_murid.nilai_1, 
        dt_nilai_murid.nilai_2, dt_nilai_murid.nilai_3, dt_nilai_murid.nilai_4, dt_nilai_murid.nilai_5, dt_nilai_murid.nilai_6,
        dt_nilai_murid.nilai_7, dt_nilai_murid.nilai_8, dt_nilai_murid.nilai_9, dt_nilai_murid.na_materi, dt_nilai_murid.LM_1, 
        dt_nilai_murid.LM_2, dt_nilai_murid.LM_3, dt_nilai_murid.na_sumatif, dt_nilai_murid.pts, dt_nilai_murid.pat, 
        dt_nilai_murid.nilai_akhir, dt_nilai_murid.nilai_rapor, dt_nilai_murid.deskripsi FROM dt_nilai_murid 
        INNER JOIN dt_siswa ON dt_nilai_murid.id_siswa = dt_siswa.id_siswa 
        INNER JOIN dt_mapel ON dt_nilai_murid.id_mapel = dt_mapel.id_mapel 
        INNER JOIN dt_jurusan ON dt_nilai_murid.id_jurusan = dt_jurusan.id_jurusan 
        INNER JOIN dt_periode_ajaran ON dt_nilai_murid.id_periode = dt_periode_ajaran.id_periode 
        WHERE semester = \'Ganjil\' AND dt_nilai_murid.id_periode = 1 AND dt_nilai_murid.kelas = \'X\'
        AND dt_nilai_murid.id_jurusan = 1 AND dt_nilai_murid.id_mapel = 1', 0)
 2 SYSTEMPATH\Database\BaseConnection.php(734): CodeIgniter\Database\MySQLi\Connection->execute('SELECT dt_nilai_murid.id_nilai, dt_nilai_murid.id_siswa, dt_siswa.nis, dt_siswa.nisn, dt_siswa.nama_siswa, 
        dt_nilai_murid.id_mapel, dt_mapel.nama_mapel, dt_nilai_murid.kelas, dt_nilai_murid.id_jurusan, dt_jurusan.nama_jurusan, 
        dt_nilai_murid.id_periode, dt_periode_ajaran.tahun_ajaran, dt_nilai_murid.semester, dt_nilai_murid.nilai_1, 
        dt_nilai_murid.nilai_2, dt_nilai_murid.nilai_3, dt_nilai_murid.nilai_4, dt_nilai_murid.nilai_5, dt_nilai_murid.nilai_6,
        dt_nilai_murid.nilai_7, dt_nilai_murid.nilai_8, dt_nilai_murid.nilai_9, dt_nilai_murid.na_materi, dt_nilai_murid.LM_1, 
        dt_nilai_murid.LM_2, dt_nilai_murid.LM_3, dt_nilai_murid.na_sumatif, dt_nilai_murid.pts, dt_nilai_murid.pat, 
        dt_nilai_murid.nilai_akhir, dt_nilai_murid.nilai_rapor, dt_nilai_murid.deskripsi FROM dt_nilai_murid 
        INNER JOIN dt_siswa ON dt_nilai_murid.id_siswa = dt_siswa.id_siswa 
        INNER JOIN dt_mapel ON dt_nilai_murid.id_mapel = dt_mapel.id_mapel 
        INNER JOIN dt_jurusan ON dt_nilai_murid.id_jurusan = dt_jurusan.id_jurusan 
        INNER JOIN dt_periode_ajaran ON dt_nilai_murid.id_periode = dt_periode_ajaran.id_periode 
        WHERE semester = \'Ganjil\' AND dt_nilai_murid.id_periode = 1 AND dt_nilai_murid.kelas = \'X\'
        AND dt_nilai_murid.id_jurusan = 1 AND dt_nilai_murid.id_mapel = 1')
 3 SYSTEMPATH\Database\BaseConnection.php(648): CodeIgniter\Database\BaseConnection->simpleQuery('SELECT dt_nilai_murid.id_nilai, dt_nilai_murid.id_siswa, dt_siswa.nis, dt_siswa.nisn, dt_siswa.nama_siswa, 
        dt_nilai_murid.id_mapel, dt_mapel.nama_mapel, dt_nilai_murid.kelas, dt_nilai_murid.id_jurusan, dt_jurusan.nama_jurusan, 
        dt_nilai_murid.id_periode, dt_periode_ajaran.tahun_ajaran, dt_nilai_murid.semester, dt_nilai_murid.nilai_1, 
        dt_nilai_murid.nilai_2, dt_nilai_murid.nilai_3, dt_nilai_murid.nilai_4, dt_nilai_murid.nilai_5, dt_nilai_murid.nilai_6,
        dt_nilai_murid.nilai_7, dt_nilai_murid.nilai_8, dt_nilai_murid.nilai_9, dt_nilai_murid.na_materi, dt_nilai_murid.LM_1, 
        dt_nilai_murid.LM_2, dt_nilai_murid.LM_3, dt_nilai_murid.na_sumatif, dt_nilai_murid.pts, dt_nilai_murid.pat, 
        dt_nilai_murid.nilai_akhir, dt_nilai_murid.nilai_rapor, dt_nilai_murid.deskripsi FROM dt_nilai_murid 
        INNER JOIN dt_siswa ON dt_nilai_murid.id_siswa = dt_siswa.id_siswa 
        INNER JOIN dt_mapel ON dt_nilai_murid.id_mapel = dt_mapel.id_mapel 
        INNER JOIN dt_jurusan ON dt_nilai_murid.id_jurusan = dt_jurusan.id_jurusan 
        INNER JOIN dt_periode_ajaran ON dt_nilai_murid.id_periode = dt_periode_ajaran.id_periode 
        WHERE semester = \'Ganjil\' AND dt_nilai_murid.id_periode = 1 AND dt_nilai_murid.kelas = \'X\'
        AND dt_nilai_murid.id_jurusan = 1 AND dt_nilai_murid.id_mapel = 1')
 4 APPPATH\Models\DaftarnilaisiswaModel.php(59): CodeIgniter\Database\BaseConnection->query('SELECT dt_nilai_murid.id_nilai, dt_nilai_murid.id_siswa, dt_siswa.nis, dt_siswa.nisn, dt_siswa.nama_siswa, 
        dt_nilai_murid.id_mapel, dt_mapel.nama_mapel, dt_nilai_murid.kelas, dt_nilai_murid.id_jurusan, dt_jurusan.nama_jurusan, 
        dt_nilai_murid.id_periode, dt_periode_ajaran.tahun_ajaran, dt_nilai_murid.semester, dt_nilai_murid.nilai_1, 
        dt_nilai_murid.nilai_2, dt_nilai_murid.nilai_3, dt_nilai_murid.nilai_4, dt_nilai_murid.nilai_5, dt_nilai_murid.nilai_6,
        dt_nilai_murid.nilai_7, dt_nilai_murid.nilai_8, dt_nilai_murid.nilai_9, dt_nilai_murid.na_materi, dt_nilai_murid.LM_1, 
        dt_nilai_murid.LM_2, dt_nilai_murid.LM_3, dt_nilai_murid.na_sumatif, dt_nilai_murid.pts, dt_nilai_murid.pat, 
        dt_nilai_murid.nilai_akhir, dt_nilai_murid.nilai_rapor, dt_nilai_murid.deskripsi FROM dt_nilai_murid 
        INNER JOIN dt_siswa ON dt_nilai_murid.id_siswa = dt_siswa.id_siswa 
        INNER JOIN dt_mapel ON dt_nilai_murid.id_mapel = dt_mapel.id_mapel 
        INNER JOIN dt_jurusan ON dt_nilai_murid.id_jurusan = dt_jurusan.id_jurusan 
        INNER JOIN dt_periode_ajaran ON dt_nilai_murid.id_periode = dt_periode_ajaran.id_periode 
        WHERE semester = \'Ganjil\' AND dt_nilai_murid.id_periode = 1 AND dt_nilai_murid.kelas = \'X\'
        AND dt_nilai_murid.id_jurusan = 1 AND dt_nilai_murid.id_mapel = 1')
 5 APPPATH\Controllers\Daftarnilai_siswa.php(180): App\Models\DaftarnilaisiswaModel->dataNilai('Ganjil', '1', 'X', '1', '1')
 6 SYSTEMPATH\CodeIgniter.php(933): App\Controllers\Daftarnilai_siswa->peserta_didik('X', '1', 'Pemrograman Dasar 2', '1', '1', 'Ganjil')
 7 SYSTEMPATH\CodeIgniter.php(509): CodeIgniter\CodeIgniter->runController(Object(App\Controllers\Daftarnilai_siswa))
 8 SYSTEMPATH\CodeIgniter.php(355): CodeIgniter\CodeIgniter->handleRequest(null, Object(Config\Cache), false)
 9 SYSTEMPATH\Boot.php(325): CodeIgniter\CodeIgniter->run()
10 SYSTEMPATH\Boot.php(67): CodeIgniter\Boot::runCodeIgniter(Object(CodeIgniter\CodeIgniter))
11 FCPATH\index.php(56): CodeIgniter\Boot::bootWeb(Object(Config\Paths))
12 SYSTEMPATH\rewrite.php(44): require_once('C:\\xampp\\htdocs\\SI_Manajemen_nilai\\public\\index.php')
INFO - 2025-05-18 10:42:21 --> Session: Class initialized using 'CodeIgniter\Session\Handlers\FileHandler' driver.
ERROR - 2025-05-18 10:42:21 --> mysqli_sql_exception: Unknown column 'dt_nilai_murid.deskripsi' in 'field list' in C:\xampp\htdocs\SI_Manajemen_nilai\system\Database\MySQLi\Connection.php:312
Stack trace:
#0 C:\xampp\htdocs\SI_Manajemen_nilai\system\Database\MySQLi\Connection.php(312): mysqli->query('SELECT dt_nilai...', 0)
#1 C:\xampp\htdocs\SI_Manajemen_nilai\system\Database\BaseConnection.php(734): CodeIgniter\Database\MySQLi\Connection->execute('SELECT dt_nilai...')
#2 C:\xampp\htdocs\SI_Manajemen_nilai\system\Database\BaseConnection.php(648): CodeIgniter\Database\BaseConnection->simpleQuery('SELECT dt_nilai...')
#3 C:\xampp\htdocs\SI_Manajemen_nilai\app\Models\DaftarnilaisiswaModel.php(59): CodeIgniter\Database\BaseConnection->query('SELECT dt_nilai...')
#4 C:\xampp\htdocs\SI_Manajemen_nilai\app\Controllers\Daftarnilai_siswa.php(180): App\Models\DaftarnilaisiswaModel->dataNilai('Genap', '1', 'X', '1', '1')
#5 C:\xampp\htdocs\SI_Manajemen_nilai\system\CodeIgniter.php(933): App\Controllers\Daftarnilai_siswa->peserta_didik('X', '1', 'Pemrograman Das...', '1', '1', 'Genap')
#6 C:\xampp\htdocs\SI_Manajemen_nilai\system\CodeIgniter.php(509): CodeIgniter\CodeIgniter->runController(Object(App\Controllers\Daftarnilai_siswa))
#7 C:\xampp\htdocs\SI_Manajemen_nilai\system\CodeIgniter.php(355): CodeIgniter\CodeIgniter->handleRequest(NULL, Object(Config\Cache), false)
#8 C:\xampp\htdocs\SI_Manajemen_nilai\system\Boot.php(325): CodeIgniter\CodeIgniter->run()
#9 C:\xampp\htdocs\SI_Manajemen_nilai\system\Boot.php(67): CodeIgniter\Boot::runCodeIgniter(Object(CodeIgniter\CodeIgniter))
#10 C:\xampp\htdocs\SI_Manajemen_nilai\public\index.php(56): CodeIgniter\Boot::bootWeb(Object(Config\Paths))
#11 C:\xampp\htdocs\SI_Manajemen_nilai\system\rewrite.php(44): require_once('C:\\xampp\\htdocs...')
#12 {main}
CRITICAL - 2025-05-18 10:42:21 --> CodeIgniter\Database\Exceptions\DatabaseException: Unknown column 'dt_nilai_murid.deskripsi' in 'field list'
[Method: GET, Route: daftar_nilai_siswa/peserta_didik/X/1/Pemrograman%20Dasar%202/1/1/Genap]
in SYSTEMPATH\Database\BaseConnection.php on line 688.
 1 APPPATH\Models\DaftarnilaisiswaModel.php(59): CodeIgniter\Database\BaseConnection->query('SELECT dt_nilai_murid.id_nilai, dt_nilai_murid.id_siswa, dt_siswa.nis, dt_siswa.nisn, dt_siswa.nama_siswa, 
        dt_nilai_murid.id_mapel, dt_mapel.nama_mapel, dt_nilai_murid.kelas, dt_nilai_murid.id_jurusan, dt_jurusan.nama_jurusan, 
        dt_nilai_murid.id_periode, dt_periode_ajaran.tahun_ajaran, dt_nilai_murid.semester, dt_nilai_murid.nilai_1, 
        dt_nilai_murid.nilai_2, dt_nilai_murid.nilai_3, dt_nilai_murid.nilai_4, dt_nilai_murid.nilai_5, dt_nilai_murid.nilai_6,
        dt_nilai_murid.nilai_7, dt_nilai_murid.nilai_8, dt_nilai_murid.nilai_9, dt_nilai_murid.na_materi, dt_nilai_murid.LM_1, 
        dt_nilai_murid.LM_2, dt_nilai_murid.LM_3, dt_nilai_murid.na_sumatif, dt_nilai_murid.pts, dt_nilai_murid.pat, 
        dt_nilai_murid.nilai_akhir, dt_nilai_murid.nilai_rapor, dt_nilai_murid.deskripsi FROM dt_nilai_murid 
        INNER JOIN dt_siswa ON dt_nilai_murid.id_siswa = dt_siswa.id_siswa 
        INNER JOIN dt_mapel ON dt_nilai_murid.id_mapel = dt_mapel.id_mapel 
        INNER JOIN dt_jurusan ON dt_nilai_murid.id_jurusan = dt_jurusan.id_jurusan 
        INNER JOIN dt_periode_ajaran ON dt_nilai_murid.id_periode = dt_periode_ajaran.id_periode 
        WHERE semester = \'Genap\' AND dt_nilai_murid.id_periode = 1 AND dt_nilai_murid.kelas = \'X\'
        AND dt_nilai_murid.id_jurusan = 1 AND dt_nilai_murid.id_mapel = 1')
 2 APPPATH\Controllers\Daftarnilai_siswa.php(180): App\Models\DaftarnilaisiswaModel->dataNilai('Genap', '1', 'X', '1', '1')
 3 SYSTEMPATH\CodeIgniter.php(933): App\Controllers\Daftarnilai_siswa->peserta_didik('X', '1', 'Pemrograman Dasar 2', '1', '1', 'Genap')
 4 SYSTEMPATH\CodeIgniter.php(509): CodeIgniter\CodeIgniter->runController(Object(App\Controllers\Daftarnilai_siswa))
 5 SYSTEMPATH\CodeIgniter.php(355): CodeIgniter\CodeIgniter->handleRequest(null, Object(Config\Cache), false)
 6 SYSTEMPATH\Boot.php(325): CodeIgniter\CodeIgniter->run()
 7 SYSTEMPATH\Boot.php(67): CodeIgniter\Boot::runCodeIgniter(Object(CodeIgniter\CodeIgniter))
 8 FCPATH\index.php(56): CodeIgniter\Boot::bootWeb(Object(Config\Paths))
 9 SYSTEMPATH\rewrite.php(44): require_once('C:\\xampp\\htdocs\\SI_Manajemen_nilai\\public\\index.php')
CRITICAL - 2025-05-18 10:42:21 --> [Caused by] CodeIgniter\Database\Exceptions\DatabaseException: Unknown column 'dt_nilai_murid.deskripsi' in 'field list'
in SYSTEMPATH\Database\MySQLi\Connection.php on line 317.
 1 SYSTEMPATH\Database\BaseConnection.php(734): CodeIgniter\Database\MySQLi\Connection->execute('SELECT dt_nilai_murid.id_nilai, dt_nilai_murid.id_siswa, dt_siswa.nis, dt_siswa.nisn, dt_siswa.nama_siswa, 
        dt_nilai_murid.id_mapel, dt_mapel.nama_mapel, dt_nilai_murid.kelas, dt_nilai_murid.id_jurusan, dt_jurusan.nama_jurusan, 
        dt_nilai_murid.id_periode, dt_periode_ajaran.tahun_ajaran, dt_nilai_murid.semester, dt_nilai_murid.nilai_1, 
        dt_nilai_murid.nilai_2, dt_nilai_murid.nilai_3, dt_nilai_murid.nilai_4, dt_nilai_murid.nilai_5, dt_nilai_murid.nilai_6,
        dt_nilai_murid.nilai_7, dt_nilai_murid.nilai_8, dt_nilai_murid.nilai_9, dt_nilai_murid.na_materi, dt_nilai_murid.LM_1, 
        dt_nilai_murid.LM_2, dt_nilai_murid.LM_3, dt_nilai_murid.na_sumatif, dt_nilai_murid.pts, dt_nilai_murid.pat, 
        dt_nilai_murid.nilai_akhir, dt_nilai_murid.nilai_rapor, dt_nilai_murid.deskripsi FROM dt_nilai_murid 
        INNER JOIN dt_siswa ON dt_nilai_murid.id_siswa = dt_siswa.id_siswa 
        INNER JOIN dt_mapel ON dt_nilai_murid.id_mapel = dt_mapel.id_mapel 
        INNER JOIN dt_jurusan ON dt_nilai_murid.id_jurusan = dt_jurusan.id_jurusan 
        INNER JOIN dt_periode_ajaran ON dt_nilai_murid.id_periode = dt_periode_ajaran.id_periode 
        WHERE semester = \'Genap\' AND dt_nilai_murid.id_periode = 1 AND dt_nilai_murid.kelas = \'X\'
        AND dt_nilai_murid.id_jurusan = 1 AND dt_nilai_murid.id_mapel = 1')
 2 SYSTEMPATH\Database\BaseConnection.php(648): CodeIgniter\Database\BaseConnection->simpleQuery('SELECT dt_nilai_murid.id_nilai, dt_nilai_murid.id_siswa, dt_siswa.nis, dt_siswa.nisn, dt_siswa.nama_siswa, 
        dt_nilai_murid.id_mapel, dt_mapel.nama_mapel, dt_nilai_murid.kelas, dt_nilai_murid.id_jurusan, dt_jurusan.nama_jurusan, 
        dt_nilai_murid.id_periode, dt_periode_ajaran.tahun_ajaran, dt_nilai_murid.semester, dt_nilai_murid.nilai_1, 
        dt_nilai_murid.nilai_2, dt_nilai_murid.nilai_3, dt_nilai_murid.nilai_4, dt_nilai_murid.nilai_5, dt_nilai_murid.nilai_6,
        dt_nilai_murid.nilai_7, dt_nilai_murid.nilai_8, dt_nilai_murid.nilai_9, dt_nilai_murid.na_materi, dt_nilai_murid.LM_1, 
        dt_nilai_murid.LM_2, dt_nilai_murid.LM_3, dt_nilai_murid.na_sumatif, dt_nilai_murid.pts, dt_nilai_murid.pat, 
        dt_nilai_murid.nilai_akhir, dt_nilai_murid.nilai_rapor, dt_nilai_murid.deskripsi FROM dt_nilai_murid 
        INNER JOIN dt_siswa ON dt_nilai_murid.id_siswa = dt_siswa.id_siswa 
        INNER JOIN dt_mapel ON dt_nilai_murid.id_mapel = dt_mapel.id_mapel 
        INNER JOIN dt_jurusan ON dt_nilai_murid.id_jurusan = dt_jurusan.id_jurusan 
        INNER JOIN dt_periode_ajaran ON dt_nilai_murid.id_periode = dt_periode_ajaran.id_periode 
        WHERE semester = \'Genap\' AND dt_nilai_murid.id_periode = 1 AND dt_nilai_murid.kelas = \'X\'
        AND dt_nilai_murid.id_jurusan = 1 AND dt_nilai_murid.id_mapel = 1')
 3 APPPATH\Models\DaftarnilaisiswaModel.php(59): CodeIgniter\Database\BaseConnection->query('SELECT dt_nilai_murid.id_nilai, dt_nilai_murid.id_siswa, dt_siswa.nis, dt_siswa.nisn, dt_siswa.nama_siswa, 
        dt_nilai_murid.id_mapel, dt_mapel.nama_mapel, dt_nilai_murid.kelas, dt_nilai_murid.id_jurusan, dt_jurusan.nama_jurusan, 
        dt_nilai_murid.id_periode, dt_periode_ajaran.tahun_ajaran, dt_nilai_murid.semester, dt_nilai_murid.nilai_1, 
        dt_nilai_murid.nilai_2, dt_nilai_murid.nilai_3, dt_nilai_murid.nilai_4, dt_nilai_murid.nilai_5, dt_nilai_murid.nilai_6,
        dt_nilai_murid.nilai_7, dt_nilai_murid.nilai_8, dt_nilai_murid.nilai_9, dt_nilai_murid.na_materi, dt_nilai_murid.LM_1, 
        dt_nilai_murid.LM_2, dt_nilai_murid.LM_3, dt_nilai_murid.na_sumatif, dt_nilai_murid.pts, dt_nilai_murid.pat, 
        dt_nilai_murid.nilai_akhir, dt_nilai_murid.nilai_rapor, dt_nilai_murid.deskripsi FROM dt_nilai_murid 
        INNER JOIN dt_siswa ON dt_nilai_murid.id_siswa = dt_siswa.id_siswa 
        INNER JOIN dt_mapel ON dt_nilai_murid.id_mapel = dt_mapel.id_mapel 
        INNER JOIN dt_jurusan ON dt_nilai_murid.id_jurusan = dt_jurusan.id_jurusan 
        INNER JOIN dt_periode_ajaran ON dt_nilai_murid.id_periode = dt_periode_ajaran.id_periode 
        WHERE semester = \'Genap\' AND dt_nilai_murid.id_periode = 1 AND dt_nilai_murid.kelas = \'X\'
        AND dt_nilai_murid.id_jurusan = 1 AND dt_nilai_murid.id_mapel = 1')
 4 APPPATH\Controllers\Daftarnilai_siswa.php(180): App\Models\DaftarnilaisiswaModel->dataNilai('Genap', '1', 'X', '1', '1')
 5 SYSTEMPATH\CodeIgniter.php(933): App\Controllers\Daftarnilai_siswa->peserta_didik('X', '1', 'Pemrograman Dasar 2', '1', '1', 'Genap')
 6 SYSTEMPATH\CodeIgniter.php(509): CodeIgniter\CodeIgniter->runController(Object(App\Controllers\Daftarnilai_siswa))
 7 SYSTEMPATH\CodeIgniter.php(355): CodeIgniter\CodeIgniter->handleRequest(null, Object(Config\Cache), false)
 8 SYSTEMPATH\Boot.php(325): CodeIgniter\CodeIgniter->run()
 9 SYSTEMPATH\Boot.php(67): CodeIgniter\Boot::runCodeIgniter(Object(CodeIgniter\CodeIgniter))
10 FCPATH\index.php(56): CodeIgniter\Boot::bootWeb(Object(Config\Paths))
11 SYSTEMPATH\rewrite.php(44): require_once('C:\\xampp\\htdocs\\SI_Manajemen_nilai\\public\\index.php')
CRITICAL - 2025-05-18 10:42:21 --> [Caused by] mysqli_sql_exception: Unknown column 'dt_nilai_murid.deskripsi' in 'field list'
in SYSTEMPATH\Database\MySQLi\Connection.php on line 312.
 1 SYSTEMPATH\Database\MySQLi\Connection.php(312): mysqli->query('SELECT dt_nilai_murid.id_nilai, dt_nilai_murid.id_siswa, dt_siswa.nis, dt_siswa.nisn, dt_siswa.nama_siswa, 
        dt_nilai_murid.id_mapel, dt_mapel.nama_mapel, dt_nilai_murid.kelas, dt_nilai_murid.id_jurusan, dt_jurusan.nama_jurusan, 
        dt_nilai_murid.id_periode, dt_periode_ajaran.tahun_ajaran, dt_nilai_murid.semester, dt_nilai_murid.nilai_1, 
        dt_nilai_murid.nilai_2, dt_nilai_murid.nilai_3, dt_nilai_murid.nilai_4, dt_nilai_murid.nilai_5, dt_nilai_murid.nilai_6,
        dt_nilai_murid.nilai_7, dt_nilai_murid.nilai_8, dt_nilai_murid.nilai_9, dt_nilai_murid.na_materi, dt_nilai_murid.LM_1, 
        dt_nilai_murid.LM_2, dt_nilai_murid.LM_3, dt_nilai_murid.na_sumatif, dt_nilai_murid.pts, dt_nilai_murid.pat, 
        dt_nilai_murid.nilai_akhir, dt_nilai_murid.nilai_rapor, dt_nilai_murid.deskripsi FROM dt_nilai_murid 
        INNER JOIN dt_siswa ON dt_nilai_murid.id_siswa = dt_siswa.id_siswa 
        INNER JOIN dt_mapel ON dt_nilai_murid.id_mapel = dt_mapel.id_mapel 
        INNER JOIN dt_jurusan ON dt_nilai_murid.id_jurusan = dt_jurusan.id_jurusan 
        INNER JOIN dt_periode_ajaran ON dt_nilai_murid.id_periode = dt_periode_ajaran.id_periode 
        WHERE semester = \'Genap\' AND dt_nilai_murid.id_periode = 1 AND dt_nilai_murid.kelas = \'X\'
        AND dt_nilai_murid.id_jurusan = 1 AND dt_nilai_murid.id_mapel = 1', 0)
 2 SYSTEMPATH\Database\BaseConnection.php(734): CodeIgniter\Database\MySQLi\Connection->execute('SELECT dt_nilai_murid.id_nilai, dt_nilai_murid.id_siswa, dt_siswa.nis, dt_siswa.nisn, dt_siswa.nama_siswa, 
        dt_nilai_murid.id_mapel, dt_mapel.nama_mapel, dt_nilai_murid.kelas, dt_nilai_murid.id_jurusan, dt_jurusan.nama_jurusan, 
        dt_nilai_murid.id_periode, dt_periode_ajaran.tahun_ajaran, dt_nilai_murid.semester, dt_nilai_murid.nilai_1, 
        dt_nilai_murid.nilai_2, dt_nilai_murid.nilai_3, dt_nilai_murid.nilai_4, dt_nilai_murid.nilai_5, dt_nilai_murid.nilai_6,
        dt_nilai_murid.nilai_7, dt_nilai_murid.nilai_8, dt_nilai_murid.nilai_9, dt_nilai_murid.na_materi, dt_nilai_murid.LM_1, 
        dt_nilai_murid.LM_2, dt_nilai_murid.LM_3, dt_nilai_murid.na_sumatif, dt_nilai_murid.pts, dt_nilai_murid.pat, 
        dt_nilai_murid.nilai_akhir, dt_nilai_murid.nilai_rapor, dt_nilai_murid.deskripsi FROM dt_nilai_murid 
        INNER JOIN dt_siswa ON dt_nilai_murid.id_siswa = dt_siswa.id_siswa 
        INNER JOIN dt_mapel ON dt_nilai_murid.id_mapel = dt_mapel.id_mapel 
        INNER JOIN dt_jurusan ON dt_nilai_murid.id_jurusan = dt_jurusan.id_jurusan 
        INNER JOIN dt_periode_ajaran ON dt_nilai_murid.id_periode = dt_periode_ajaran.id_periode 
        WHERE semester = \'Genap\' AND dt_nilai_murid.id_periode = 1 AND dt_nilai_murid.kelas = \'X\'
        AND dt_nilai_murid.id_jurusan = 1 AND dt_nilai_murid.id_mapel = 1')
 3 SYSTEMPATH\Database\BaseConnection.php(648): CodeIgniter\Database\BaseConnection->simpleQuery('SELECT dt_nilai_murid.id_nilai, dt_nilai_murid.id_siswa, dt_siswa.nis, dt_siswa.nisn, dt_siswa.nama_siswa, 
        dt_nilai_murid.id_mapel, dt_mapel.nama_mapel, dt_nilai_murid.kelas, dt_nilai_murid.id_jurusan, dt_jurusan.nama_jurusan, 
        dt_nilai_murid.id_periode, dt_periode_ajaran.tahun_ajaran, dt_nilai_murid.semester, dt_nilai_murid.nilai_1, 
        dt_nilai_murid.nilai_2, dt_nilai_murid.nilai_3, dt_nilai_murid.nilai_4, dt_nilai_murid.nilai_5, dt_nilai_murid.nilai_6,
        dt_nilai_murid.nilai_7, dt_nilai_murid.nilai_8, dt_nilai_murid.nilai_9, dt_nilai_murid.na_materi, dt_nilai_murid.LM_1, 
        dt_nilai_murid.LM_2, dt_nilai_murid.LM_3, dt_nilai_murid.na_sumatif, dt_nilai_murid.pts, dt_nilai_murid.pat, 
        dt_nilai_murid.nilai_akhir, dt_nilai_murid.nilai_rapor, dt_nilai_murid.deskripsi FROM dt_nilai_murid 
        INNER JOIN dt_siswa ON dt_nilai_murid.id_siswa = dt_siswa.id_siswa 
        INNER JOIN dt_mapel ON dt_nilai_murid.id_mapel = dt_mapel.id_mapel 
        INNER JOIN dt_jurusan ON dt_nilai_murid.id_jurusan = dt_jurusan.id_jurusan 
        INNER JOIN dt_periode_ajaran ON dt_nilai_murid.id_periode = dt_periode_ajaran.id_periode 
        WHERE semester = \'Genap\' AND dt_nilai_murid.id_periode = 1 AND dt_nilai_murid.kelas = \'X\'
        AND dt_nilai_murid.id_jurusan = 1 AND dt_nilai_murid.id_mapel = 1')
 4 APPPATH\Models\DaftarnilaisiswaModel.php(59): CodeIgniter\Database\BaseConnection->query('SELECT dt_nilai_murid.id_nilai, dt_nilai_murid.id_siswa, dt_siswa.nis, dt_siswa.nisn, dt_siswa.nama_siswa, 
        dt_nilai_murid.id_mapel, dt_mapel.nama_mapel, dt_nilai_murid.kelas, dt_nilai_murid.id_jurusan, dt_jurusan.nama_jurusan, 
        dt_nilai_murid.id_periode, dt_periode_ajaran.tahun_ajaran, dt_nilai_murid.semester, dt_nilai_murid.nilai_1, 
        dt_nilai_murid.nilai_2, dt_nilai_murid.nilai_3, dt_nilai_murid.nilai_4, dt_nilai_murid.nilai_5, dt_nilai_murid.nilai_6,
        dt_nilai_murid.nilai_7, dt_nilai_murid.nilai_8, dt_nilai_murid.nilai_9, dt_nilai_murid.na_materi, dt_nilai_murid.LM_1, 
        dt_nilai_murid.LM_2, dt_nilai_murid.LM_3, dt_nilai_murid.na_sumatif, dt_nilai_murid.pts, dt_nilai_murid.pat, 
        dt_nilai_murid.nilai_akhir, dt_nilai_murid.nilai_rapor, dt_nilai_murid.deskripsi FROM dt_nilai_murid 
        INNER JOIN dt_siswa ON dt_nilai_murid.id_siswa = dt_siswa.id_siswa 
        INNER JOIN dt_mapel ON dt_nilai_murid.id_mapel = dt_mapel.id_mapel 
        INNER JOIN dt_jurusan ON dt_nilai_murid.id_jurusan = dt_jurusan.id_jurusan 
        INNER JOIN dt_periode_ajaran ON dt_nilai_murid.id_periode = dt_periode_ajaran.id_periode 
        WHERE semester = \'Genap\' AND dt_nilai_murid.id_periode = 1 AND dt_nilai_murid.kelas = \'X\'
        AND dt_nilai_murid.id_jurusan = 1 AND dt_nilai_murid.id_mapel = 1')
 5 APPPATH\Controllers\Daftarnilai_siswa.php(180): App\Models\DaftarnilaisiswaModel->dataNilai('Genap', '1', 'X', '1', '1')
 6 SYSTEMPATH\CodeIgniter.php(933): App\Controllers\Daftarnilai_siswa->peserta_didik('X', '1', 'Pemrograman Dasar 2', '1', '1', 'Genap')
 7 SYSTEMPATH\CodeIgniter.php(509): CodeIgniter\CodeIgniter->runController(Object(App\Controllers\Daftarnilai_siswa))
 8 SYSTEMPATH\CodeIgniter.php(355): CodeIgniter\CodeIgniter->handleRequest(null, Object(Config\Cache), false)
 9 SYSTEMPATH\Boot.php(325): CodeIgniter\CodeIgniter->run()
10 SYSTEMPATH\Boot.php(67): CodeIgniter\Boot::runCodeIgniter(Object(CodeIgniter\CodeIgniter))
11 FCPATH\index.php(56): CodeIgniter\Boot::bootWeb(Object(Config\Paths))
12 SYSTEMPATH\rewrite.php(44): require_once('C:\\xampp\\htdocs\\SI_Manajemen_nilai\\public\\index.php')
INFO - 2025-05-18 10:42:25 --> Session: Class initialized using 'CodeIgniter\Session\Handlers\FileHandler' driver.
INFO - 2025-05-18 10:42:29 --> Session: Class initialized using 'CodeIgniter\Session\Handlers\FileHandler' driver.
INFO - 2025-05-18 10:42:32 --> Session: Class initialized using 'CodeIgniter\Session\Handlers\FileHandler' driver.
INFO - 2025-05-18 10:42:38 --> Session: Class initialized using 'CodeIgniter\Session\Handlers\FileHandler' driver.
INFO - 2025-05-18 10:43:14 --> Session: Class initialized using 'CodeIgniter\Session\Handlers\FileHandler' driver.
INFO - 2025-05-18 10:45:31 --> Session: Class initialized using 'CodeIgniter\Session\Handlers\FileHandler' driver.
INFO - 2025-05-18 10:45:36 --> Session: Class initialized using 'CodeIgniter\Session\Handlers\FileHandler' driver.
INFO - 2025-05-18 10:45:43 --> Session: Class initialized using 'CodeIgniter\Session\Handlers\FileHandler' driver.
ERROR - 2025-05-18 10:45:43 --> mysqli_sql_exception: Unknown column 'dt_nilai_murid.deskripsi' in 'field list' in C:\xampp\htdocs\SI_Manajemen_nilai\system\Database\MySQLi\Connection.php:312
Stack trace:
#0 C:\xampp\htdocs\SI_Manajemen_nilai\system\Database\MySQLi\Connection.php(312): mysqli->query('SELECT dt_nilai...', 0)
#1 C:\xampp\htdocs\SI_Manajemen_nilai\system\Database\BaseConnection.php(734): CodeIgniter\Database\MySQLi\Connection->execute('SELECT dt_nilai...')
#2 C:\xampp\htdocs\SI_Manajemen_nilai\system\Database\BaseConnection.php(648): CodeIgniter\Database\BaseConnection->simpleQuery('SELECT dt_nilai...')
#3 C:\xampp\htdocs\SI_Manajemen_nilai\app\Models\DaftarnilaisiswaModel.php(59): CodeIgniter\Database\BaseConnection->query('SELECT dt_nilai...')
#4 C:\xampp\htdocs\SI_Manajemen_nilai\app\Controllers\Daftarnilai_siswa.php(180): App\Models\DaftarnilaisiswaModel->dataNilai('Ganjil', '1', 'X', '1', '1')
#5 C:\xampp\htdocs\SI_Manajemen_nilai\system\CodeIgniter.php(933): App\Controllers\Daftarnilai_siswa->peserta_didik('X', '1', 'Pemrograman Das...', '1', '1', 'Ganjil')
#6 C:\xampp\htdocs\SI_Manajemen_nilai\system\CodeIgniter.php(509): CodeIgniter\CodeIgniter->runController(Object(App\Controllers\Daftarnilai_siswa))
#7 C:\xampp\htdocs\SI_Manajemen_nilai\system\CodeIgniter.php(355): CodeIgniter\CodeIgniter->handleRequest(NULL, Object(Config\Cache), false)
#8 C:\xampp\htdocs\SI_Manajemen_nilai\system\Boot.php(325): CodeIgniter\CodeIgniter->run()
#9 C:\xampp\htdocs\SI_Manajemen_nilai\system\Boot.php(67): CodeIgniter\Boot::runCodeIgniter(Object(CodeIgniter\CodeIgniter))
#10 C:\xampp\htdocs\SI_Manajemen_nilai\public\index.php(56): CodeIgniter\Boot::bootWeb(Object(Config\Paths))
#11 C:\xampp\htdocs\SI_Manajemen_nilai\system\rewrite.php(44): require_once('C:\\xampp\\htdocs...')
#12 {main}
CRITICAL - 2025-05-18 10:45:43 --> CodeIgniter\Database\Exceptions\DatabaseException: Unknown column 'dt_nilai_murid.deskripsi' in 'field list'
[Method: GET, Route: daftar_nilai_siswa/peserta_didik/X/1/Pemrograman%20Dasar%202/1/1/Ganjil]
in SYSTEMPATH\Database\BaseConnection.php on line 688.
 1 APPPATH\Models\DaftarnilaisiswaModel.php(59): CodeIgniter\Database\BaseConnection->query('SELECT dt_nilai_murid.id_nilai, dt_nilai_murid.id_siswa, dt_siswa.nis, dt_siswa.nisn, dt_siswa.nama_siswa, 
        dt_nilai_murid.id_mapel, dt_mapel.nama_mapel, dt_nilai_murid.kelas, dt_nilai_murid.id_jurusan, dt_jurusan.nama_jurusan, 
        dt_nilai_murid.id_periode, dt_periode_ajaran.tahun_ajaran, dt_nilai_murid.semester, dt_nilai_murid.nilai_1, 
        dt_nilai_murid.nilai_2, dt_nilai_murid.nilai_3, dt_nilai_murid.nilai_4, dt_nilai_murid.nilai_5, dt_nilai_murid.nilai_6,
        dt_nilai_murid.nilai_7, dt_nilai_murid.nilai_8, dt_nilai_murid.nilai_9, dt_nilai_murid.na_materi, dt_nilai_murid.LM_1, 
        dt_nilai_murid.LM_2, dt_nilai_murid.LM_3, dt_nilai_murid.na_sumatif, dt_nilai_murid.pts, dt_nilai_murid.pat, 
        dt_nilai_murid.nilai_akhir, dt_nilai_murid.nilai_rapor, dt_nilai_murid.deskripsi FROM dt_nilai_murid 
        INNER JOIN dt_siswa ON dt_nilai_murid.id_siswa = dt_siswa.id_siswa 
        INNER JOIN dt_mapel ON dt_nilai_murid.id_mapel = dt_mapel.id_mapel 
        INNER JOIN dt_jurusan ON dt_nilai_murid.id_jurusan = dt_jurusan.id_jurusan 
        INNER JOIN dt_periode_ajaran ON dt_nilai_murid.id_periode = dt_periode_ajaran.id_periode 
        WHERE semester = \'Ganjil\' AND dt_nilai_murid.id_periode = 1 AND dt_nilai_murid.kelas = \'X\'
        AND dt_nilai_murid.id_jurusan = 1 AND dt_nilai_murid.id_mapel = 1')
 2 APPPATH\Controllers\Daftarnilai_siswa.php(180): App\Models\DaftarnilaisiswaModel->dataNilai('Ganjil', '1', 'X', '1', '1')
 3 SYSTEMPATH\CodeIgniter.php(933): App\Controllers\Daftarnilai_siswa->peserta_didik('X', '1', 'Pemrograman Dasar 2', '1', '1', 'Ganjil')
 4 SYSTEMPATH\CodeIgniter.php(509): CodeIgniter\CodeIgniter->runController(Object(App\Controllers\Daftarnilai_siswa))
 5 SYSTEMPATH\CodeIgniter.php(355): CodeIgniter\CodeIgniter->handleRequest(null, Object(Config\Cache), false)
 6 SYSTEMPATH\Boot.php(325): CodeIgniter\CodeIgniter->run()
 7 SYSTEMPATH\Boot.php(67): CodeIgniter\Boot::runCodeIgniter(Object(CodeIgniter\CodeIgniter))
 8 FCPATH\index.php(56): CodeIgniter\Boot::bootWeb(Object(Config\Paths))
 9 SYSTEMPATH\rewrite.php(44): require_once('C:\\xampp\\htdocs\\SI_Manajemen_nilai\\public\\index.php')
CRITICAL - 2025-05-18 10:45:43 --> [Caused by] CodeIgniter\Database\Exceptions\DatabaseException: Unknown column 'dt_nilai_murid.deskripsi' in 'field list'
in SYSTEMPATH\Database\MySQLi\Connection.php on line 317.
 1 SYSTEMPATH\Database\BaseConnection.php(734): CodeIgniter\Database\MySQLi\Connection->execute('SELECT dt_nilai_murid.id_nilai, dt_nilai_murid.id_siswa, dt_siswa.nis, dt_siswa.nisn, dt_siswa.nama_siswa, 
        dt_nilai_murid.id_mapel, dt_mapel.nama_mapel, dt_nilai_murid.kelas, dt_nilai_murid.id_jurusan, dt_jurusan.nama_jurusan, 
        dt_nilai_murid.id_periode, dt_periode_ajaran.tahun_ajaran, dt_nilai_murid.semester, dt_nilai_murid.nilai_1, 
        dt_nilai_murid.nilai_2, dt_nilai_murid.nilai_3, dt_nilai_murid.nilai_4, dt_nilai_murid.nilai_5, dt_nilai_murid.nilai_6,
        dt_nilai_murid.nilai_7, dt_nilai_murid.nilai_8, dt_nilai_murid.nilai_9, dt_nilai_murid.na_materi, dt_nilai_murid.LM_1, 
        dt_nilai_murid.LM_2, dt_nilai_murid.LM_3, dt_nilai_murid.na_sumatif, dt_nilai_murid.pts, dt_nilai_murid.pat, 
        dt_nilai_murid.nilai_akhir, dt_nilai_murid.nilai_rapor, dt_nilai_murid.deskripsi FROM dt_nilai_murid 
        INNER JOIN dt_siswa ON dt_nilai_murid.id_siswa = dt_siswa.id_siswa 
        INNER JOIN dt_mapel ON dt_nilai_murid.id_mapel = dt_mapel.id_mapel 
        INNER JOIN dt_jurusan ON dt_nilai_murid.id_jurusan = dt_jurusan.id_jurusan 
        INNER JOIN dt_periode_ajaran ON dt_nilai_murid.id_periode = dt_periode_ajaran.id_periode 
        WHERE semester = \'Ganjil\' AND dt_nilai_murid.id_periode = 1 AND dt_nilai_murid.kelas = \'X\'
        AND dt_nilai_murid.id_jurusan = 1 AND dt_nilai_murid.id_mapel = 1')
 2 SYSTEMPATH\Database\BaseConnection.php(648): CodeIgniter\Database\BaseConnection->simpleQuery('SELECT dt_nilai_murid.id_nilai, dt_nilai_murid.id_siswa, dt_siswa.nis, dt_siswa.nisn, dt_siswa.nama_siswa, 
        dt_nilai_murid.id_mapel, dt_mapel.nama_mapel, dt_nilai_murid.kelas, dt_nilai_murid.id_jurusan, dt_jurusan.nama_jurusan, 
        dt_nilai_murid.id_periode, dt_periode_ajaran.tahun_ajaran, dt_nilai_murid.semester, dt_nilai_murid.nilai_1, 
        dt_nilai_murid.nilai_2, dt_nilai_murid.nilai_3, dt_nilai_murid.nilai_4, dt_nilai_murid.nilai_5, dt_nilai_murid.nilai_6,
        dt_nilai_murid.nilai_7, dt_nilai_murid.nilai_8, dt_nilai_murid.nilai_9, dt_nilai_murid.na_materi, dt_nilai_murid.LM_1, 
        dt_nilai_murid.LM_2, dt_nilai_murid.LM_3, dt_nilai_murid.na_sumatif, dt_nilai_murid.pts, dt_nilai_murid.pat, 
        dt_nilai_murid.nilai_akhir, dt_nilai_murid.nilai_rapor, dt_nilai_murid.deskripsi FROM dt_nilai_murid 
        INNER JOIN dt_siswa ON dt_nilai_murid.id_siswa = dt_siswa.id_siswa 
        INNER JOIN dt_mapel ON dt_nilai_murid.id_mapel = dt_mapel.id_mapel 
        INNER JOIN dt_jurusan ON dt_nilai_murid.id_jurusan = dt_jurusan.id_jurusan 
        INNER JOIN dt_periode_ajaran ON dt_nilai_murid.id_periode = dt_periode_ajaran.id_periode 
        WHERE semester = \'Ganjil\' AND dt_nilai_murid.id_periode = 1 AND dt_nilai_murid.kelas = \'X\'
        AND dt_nilai_murid.id_jurusan = 1 AND dt_nilai_murid.id_mapel = 1')
 3 APPPATH\Models\DaftarnilaisiswaModel.php(59): CodeIgniter\Database\BaseConnection->query('SELECT dt_nilai_murid.id_nilai, dt_nilai_murid.id_siswa, dt_siswa.nis, dt_siswa.nisn, dt_siswa.nama_siswa, 
        dt_nilai_murid.id_mapel, dt_mapel.nama_mapel, dt_nilai_murid.kelas, dt_nilai_murid.id_jurusan, dt_jurusan.nama_jurusan, 
        dt_nilai_murid.id_periode, dt_periode_ajaran.tahun_ajaran, dt_nilai_murid.semester, dt_nilai_murid.nilai_1, 
        dt_nilai_murid.nilai_2, dt_nilai_murid.nilai_3, dt_nilai_murid.nilai_4, dt_nilai_murid.nilai_5, dt_nilai_murid.nilai_6,
        dt_nilai_murid.nilai_7, dt_nilai_murid.nilai_8, dt_nilai_murid.nilai_9, dt_nilai_murid.na_materi, dt_nilai_murid.LM_1, 
        dt_nilai_murid.LM_2, dt_nilai_murid.LM_3, dt_nilai_murid.na_sumatif, dt_nilai_murid.pts, dt_nilai_murid.pat, 
        dt_nilai_murid.nilai_akhir, dt_nilai_murid.nilai_rapor, dt_nilai_murid.deskripsi FROM dt_nilai_murid 
        INNER JOIN dt_siswa ON dt_nilai_murid.id_siswa = dt_siswa.id_siswa 
        INNER JOIN dt_mapel ON dt_nilai_murid.id_mapel = dt_mapel.id_mapel 
        INNER JOIN dt_jurusan ON dt_nilai_murid.id_jurusan = dt_jurusan.id_jurusan 
        INNER JOIN dt_periode_ajaran ON dt_nilai_murid.id_periode = dt_periode_ajaran.id_periode 
        WHERE semester = \'Ganjil\' AND dt_nilai_murid.id_periode = 1 AND dt_nilai_murid.kelas = \'X\'
        AND dt_nilai_murid.id_jurusan = 1 AND dt_nilai_murid.id_mapel = 1')
 4 APPPATH\Controllers\Daftarnilai_siswa.php(180): App\Models\DaftarnilaisiswaModel->dataNilai('Ganjil', '1', 'X', '1', '1')
 5 SYSTEMPATH\CodeIgniter.php(933): App\Controllers\Daftarnilai_siswa->peserta_didik('X', '1', 'Pemrograman Dasar 2', '1', '1', 'Ganjil')
 6 SYSTEMPATH\CodeIgniter.php(509): CodeIgniter\CodeIgniter->runController(Object(App\Controllers\Daftarnilai_siswa))
 7 SYSTEMPATH\CodeIgniter.php(355): CodeIgniter\CodeIgniter->handleRequest(null, Object(Config\Cache), false)
 8 SYSTEMPATH\Boot.php(325): CodeIgniter\CodeIgniter->run()
 9 SYSTEMPATH\Boot.php(67): CodeIgniter\Boot::runCodeIgniter(Object(CodeIgniter\CodeIgniter))
10 FCPATH\index.php(56): CodeIgniter\Boot::bootWeb(Object(Config\Paths))
11 SYSTEMPATH\rewrite.php(44): require_once('C:\\xampp\\htdocs\\SI_Manajemen_nilai\\public\\index.php')
CRITICAL - 2025-05-18 10:45:43 --> [Caused by] mysqli_sql_exception: Unknown column 'dt_nilai_murid.deskripsi' in 'field list'
in SYSTEMPATH\Database\MySQLi\Connection.php on line 312.
 1 SYSTEMPATH\Database\MySQLi\Connection.php(312): mysqli->query('SELECT dt_nilai_murid.id_nilai, dt_nilai_murid.id_siswa, dt_siswa.nis, dt_siswa.nisn, dt_siswa.nama_siswa, 
        dt_nilai_murid.id_mapel, dt_mapel.nama_mapel, dt_nilai_murid.kelas, dt_nilai_murid.id_jurusan, dt_jurusan.nama_jurusan, 
        dt_nilai_murid.id_periode, dt_periode_ajaran.tahun_ajaran, dt_nilai_murid.semester, dt_nilai_murid.nilai_1, 
        dt_nilai_murid.nilai_2, dt_nilai_murid.nilai_3, dt_nilai_murid.nilai_4, dt_nilai_murid.nilai_5, dt_nilai_murid.nilai_6,
        dt_nilai_murid.nilai_7, dt_nilai_murid.nilai_8, dt_nilai_murid.nilai_9, dt_nilai_murid.na_materi, dt_nilai_murid.LM_1, 
        dt_nilai_murid.LM_2, dt_nilai_murid.LM_3, dt_nilai_murid.na_sumatif, dt_nilai_murid.pts, dt_nilai_murid.pat, 
        dt_nilai_murid.nilai_akhir, dt_nilai_murid.nilai_rapor, dt_nilai_murid.deskripsi FROM dt_nilai_murid 
        INNER JOIN dt_siswa ON dt_nilai_murid.id_siswa = dt_siswa.id_siswa 
        INNER JOIN dt_mapel ON dt_nilai_murid.id_mapel = dt_mapel.id_mapel 
        INNER JOIN dt_jurusan ON dt_nilai_murid.id_jurusan = dt_jurusan.id_jurusan 
        INNER JOIN dt_periode_ajaran ON dt_nilai_murid.id_periode = dt_periode_ajaran.id_periode 
        WHERE semester = \'Ganjil\' AND dt_nilai_murid.id_periode = 1 AND dt_nilai_murid.kelas = \'X\'
        AND dt_nilai_murid.id_jurusan = 1 AND dt_nilai_murid.id_mapel = 1', 0)
 2 SYSTEMPATH\Database\BaseConnection.php(734): CodeIgniter\Database\MySQLi\Connection->execute('SELECT dt_nilai_murid.id_nilai, dt_nilai_murid.id_siswa, dt_siswa.nis, dt_siswa.nisn, dt_siswa.nama_siswa, 
        dt_nilai_murid.id_mapel, dt_mapel.nama_mapel, dt_nilai_murid.kelas, dt_nilai_murid.id_jurusan, dt_jurusan.nama_jurusan, 
        dt_nilai_murid.id_periode, dt_periode_ajaran.tahun_ajaran, dt_nilai_murid.semester, dt_nilai_murid.nilai_1, 
        dt_nilai_murid.nilai_2, dt_nilai_murid.nilai_3, dt_nilai_murid.nilai_4, dt_nilai_murid.nilai_5, dt_nilai_murid.nilai_6,
        dt_nilai_murid.nilai_7, dt_nilai_murid.nilai_8, dt_nilai_murid.nilai_9, dt_nilai_murid.na_materi, dt_nilai_murid.LM_1, 
        dt_nilai_murid.LM_2, dt_nilai_murid.LM_3, dt_nilai_murid.na_sumatif, dt_nilai_murid.pts, dt_nilai_murid.pat, 
        dt_nilai_murid.nilai_akhir, dt_nilai_murid.nilai_rapor, dt_nilai_murid.deskripsi FROM dt_nilai_murid 
        INNER JOIN dt_siswa ON dt_nilai_murid.id_siswa = dt_siswa.id_siswa 
        INNER JOIN dt_mapel ON dt_nilai_murid.id_mapel = dt_mapel.id_mapel 
        INNER JOIN dt_jurusan ON dt_nilai_murid.id_jurusan = dt_jurusan.id_jurusan 
        INNER JOIN dt_periode_ajaran ON dt_nilai_murid.id_periode = dt_periode_ajaran.id_periode 
        WHERE semester = \'Ganjil\' AND dt_nilai_murid.id_periode = 1 AND dt_nilai_murid.kelas = \'X\'
        AND dt_nilai_murid.id_jurusan = 1 AND dt_nilai_murid.id_mapel = 1')
 3 SYSTEMPATH\Database\BaseConnection.php(648): CodeIgniter\Database\BaseConnection->simpleQuery('SELECT dt_nilai_murid.id_nilai, dt_nilai_murid.id_siswa, dt_siswa.nis, dt_siswa.nisn, dt_siswa.nama_siswa, 
        dt_nilai_murid.id_mapel, dt_mapel.nama_mapel, dt_nilai_murid.kelas, dt_nilai_murid.id_jurusan, dt_jurusan.nama_jurusan, 
        dt_nilai_murid.id_periode, dt_periode_ajaran.tahun_ajaran, dt_nilai_murid.semester, dt_nilai_murid.nilai_1, 
        dt_nilai_murid.nilai_2, dt_nilai_murid.nilai_3, dt_nilai_murid.nilai_4, dt_nilai_murid.nilai_5, dt_nilai_murid.nilai_6,
        dt_nilai_murid.nilai_7, dt_nilai_murid.nilai_8, dt_nilai_murid.nilai_9, dt_nilai_murid.na_materi, dt_nilai_murid.LM_1, 
        dt_nilai_murid.LM_2, dt_nilai_murid.LM_3, dt_nilai_murid.na_sumatif, dt_nilai_murid.pts, dt_nilai_murid.pat, 
        dt_nilai_murid.nilai_akhir, dt_nilai_murid.nilai_rapor, dt_nilai_murid.deskripsi FROM dt_nilai_murid 
        INNER JOIN dt_siswa ON dt_nilai_murid.id_siswa = dt_siswa.id_siswa 
        INNER JOIN dt_mapel ON dt_nilai_murid.id_mapel = dt_mapel.id_mapel 
        INNER JOIN dt_jurusan ON dt_nilai_murid.id_jurusan = dt_jurusan.id_jurusan 
        INNER JOIN dt_periode_ajaran ON dt_nilai_murid.id_periode = dt_periode_ajaran.id_periode 
        WHERE semester = \'Ganjil\' AND dt_nilai_murid.id_periode = 1 AND dt_nilai_murid.kelas = \'X\'
        AND dt_nilai_murid.id_jurusan = 1 AND dt_nilai_murid.id_mapel = 1')
 4 APPPATH\Models\DaftarnilaisiswaModel.php(59): CodeIgniter\Database\BaseConnection->query('SELECT dt_nilai_murid.id_nilai, dt_nilai_murid.id_siswa, dt_siswa.nis, dt_siswa.nisn, dt_siswa.nama_siswa, 
        dt_nilai_murid.id_mapel, dt_mapel.nama_mapel, dt_nilai_murid.kelas, dt_nilai_murid.id_jurusan, dt_jurusan.nama_jurusan, 
        dt_nilai_murid.id_periode, dt_periode_ajaran.tahun_ajaran, dt_nilai_murid.semester, dt_nilai_murid.nilai_1, 
        dt_nilai_murid.nilai_2, dt_nilai_murid.nilai_3, dt_nilai_murid.nilai_4, dt_nilai_murid.nilai_5, dt_nilai_murid.nilai_6,
        dt_nilai_murid.nilai_7, dt_nilai_murid.nilai_8, dt_nilai_murid.nilai_9, dt_nilai_murid.na_materi, dt_nilai_murid.LM_1, 
        dt_nilai_murid.LM_2, dt_nilai_murid.LM_3, dt_nilai_murid.na_sumatif, dt_nilai_murid.pts, dt_nilai_murid.pat, 
        dt_nilai_murid.nilai_akhir, dt_nilai_murid.nilai_rapor, dt_nilai_murid.deskripsi FROM dt_nilai_murid 
        INNER JOIN dt_siswa ON dt_nilai_murid.id_siswa = dt_siswa.id_siswa 
        INNER JOIN dt_mapel ON dt_nilai_murid.id_mapel = dt_mapel.id_mapel 
        INNER JOIN dt_jurusan ON dt_nilai_murid.id_jurusan = dt_jurusan.id_jurusan 
        INNER JOIN dt_periode_ajaran ON dt_nilai_murid.id_periode = dt_periode_ajaran.id_periode 
        WHERE semester = \'Ganjil\' AND dt_nilai_murid.id_periode = 1 AND dt_nilai_murid.kelas = \'X\'
        AND dt_nilai_murid.id_jurusan = 1 AND dt_nilai_murid.id_mapel = 1')
 5 APPPATH\Controllers\Daftarnilai_siswa.php(180): App\Models\DaftarnilaisiswaModel->dataNilai('Ganjil', '1', 'X', '1', '1')
 6 SYSTEMPATH\CodeIgniter.php(933): App\Controllers\Daftarnilai_siswa->peserta_didik('X', '1', 'Pemrograman Dasar 2', '1', '1', 'Ganjil')
 7 SYSTEMPATH\CodeIgniter.php(509): CodeIgniter\CodeIgniter->runController(Object(App\Controllers\Daftarnilai_siswa))
 8 SYSTEMPATH\CodeIgniter.php(355): CodeIgniter\CodeIgniter->handleRequest(null, Object(Config\Cache), false)
 9 SYSTEMPATH\Boot.php(325): CodeIgniter\CodeIgniter->run()
10 SYSTEMPATH\Boot.php(67): CodeIgniter\Boot::runCodeIgniter(Object(CodeIgniter\CodeIgniter))
11 FCPATH\index.php(56): CodeIgniter\Boot::bootWeb(Object(Config\Paths))
12 SYSTEMPATH\rewrite.php(44): require_once('C:\\xampp\\htdocs\\SI_Manajemen_nilai\\public\\index.php')
INFO - 2025-05-18 10:48:38 --> Session: Class initialized using 'CodeIgniter\Session\Handlers\FileHandler' driver.
INFO - 2025-05-18 10:48:39 --> Session: Class initialized using 'CodeIgniter\Session\Handlers\FileHandler' driver.
