CRITICAL - 2025-01-26 02:31:36 --> ParseError: syntax error, unexpected token "echo", expecting "("
[Method: POST, Route: daftar_nilai/tambah]
in APPPATH\Models\DaftarnilaitugasModel.php on line 30.
 1 SYSTEMPATH\Autoloader\Autoloader.php(296): CodeIgniter\Autoloader\Autoloader->includeFile('C:\\xampp\\htdocs\\si_manajemen_nilai\\app\\Models\\DaftarnilaitugasModel.php')
 2 SYSTEMPATH\Autoloader\Autoloader.php(272): CodeIgniter\Autoloader\Autoloader->loadInNamespace('App\\Models\\DaftarnilaitugasModel')
 3 APPPATH\Controllers\Daftarnilai.php(27): CodeIgniter\Autoloader\Autoloader->loadClass('App\\Models\\DaftarnilaitugasModel')
 4 SYSTEMPATH\CodeIgniter.php(933): App\Controllers\Daftarnilai->tambah()
 5 SYSTEMPATH\CodeIgniter.php(509): CodeIgniter\CodeIgniter->runController(Object(App\Controllers\Daftarnilai))
 6 SYSTEMPATH\CodeIgniter.php(355): CodeIgniter\CodeIgniter->handleRequest(null, Object(Config\Cache), false)
 7 SYSTEMPATH\Boot.php(325): CodeIgniter\CodeIgniter->run()
 8 SYSTEMPATH\Boot.php(67): CodeIgniter\Boot::runCodeIgniter(Object(CodeIgniter\CodeIgniter))
 9 FCPATH\index.php(56): CodeIgniter\Boot::bootWeb(Object(Config\Paths))
10 SYSTEMPATH\rewrite.php(44): require_once('C:\\xampp\\htdocs\\si_manajemen_nilai\\public\\index.php')
CRITICAL - 2025-01-26 02:59:25 --> TypeError: Unsupported operand types: array / int
[Method: POST, Route: daftar_nilai/tambah]
in APPPATH\Models\DaftarnilaitugasModel.php on line 34.
 1 APPPATH\Controllers\Daftarnilai.php(45): App\Models\DaftarnilaitugasModel->tambahDataNilaiTugas('3', '3', '3', '3', '3', 'Ganjil', '', '', '', '75', '80', '', '80', '78', '')
 2 SYSTEMPATH\CodeIgniter.php(933): App\Controllers\Daftarnilai->tambah()
 3 SYSTEMPATH\CodeIgniter.php(509): CodeIgniter\CodeIgniter->runController(Object(App\Controllers\Daftarnilai))
 4 SYSTEMPATH\CodeIgniter.php(355): CodeIgniter\CodeIgniter->handleRequest(null, Object(Config\Cache), false)
 5 SYSTEMPATH\Boot.php(325): CodeIgniter\CodeIgniter->run()
 6 SYSTEMPATH\Boot.php(67): CodeIgniter\Boot::runCodeIgniter(Object(CodeIgniter\CodeIgniter))
 7 FCPATH\index.php(56): CodeIgniter\Boot::bootWeb(Object(Config\Paths))
 8 SYSTEMPATH\rewrite.php(44): require_once('C:\\xampp\\htdocs\\si_manajemen_nilai\\public\\index.php')
CRITICAL - 2025-01-26 02:59:44 --> TypeError: Unsupported operand types: array / int
[Method: POST, Route: daftar_nilai/tambah]
in APPPATH\Models\DaftarnilaitugasModel.php on line 34.
 1 APPPATH\Controllers\Daftarnilai.php(45): App\Models\DaftarnilaitugasModel->tambahDataNilaiTugas('3', '3', '3', '3', '3', 'Ganjil', '', '', '', '75', '', '', '80', '78', '')
 2 SYSTEMPATH\CodeIgniter.php(933): App\Controllers\Daftarnilai->tambah()
 3 SYSTEMPATH\CodeIgniter.php(509): CodeIgniter\CodeIgniter->runController(Object(App\Controllers\Daftarnilai))
 4 SYSTEMPATH\CodeIgniter.php(355): CodeIgniter\CodeIgniter->handleRequest(null, Object(Config\Cache), false)
 5 SYSTEMPATH\Boot.php(325): CodeIgniter\CodeIgniter->run()
 6 SYSTEMPATH\Boot.php(67): CodeIgniter\Boot::runCodeIgniter(Object(CodeIgniter\CodeIgniter))
 7 FCPATH\index.php(56): CodeIgniter\Boot::bootWeb(Object(Config\Paths))
 8 SYSTEMPATH\rewrite.php(44): require_once('C:\\xampp\\htdocs\\si_manajemen_nilai\\public\\index.php')
CRITICAL - 2025-01-26 03:06:31 --> TypeError: Unsupported operand types: string + string
[Method: POST, Route: daftar_nilai/tambah]
in APPPATH\Models\DaftarnilaitugasModel.php on line 29.
 1 APPPATH\Controllers\Daftarnilai.php(45): App\Models\DaftarnilaitugasModel->tambahDataNilaiTugas('3', '3', '3', '3', '3', 'Ganjil', '', '', '', '75', '', '', '80', '78', '')
 2 SYSTEMPATH\CodeIgniter.php(933): App\Controllers\Daftarnilai->tambah()
 3 SYSTEMPATH\CodeIgniter.php(509): CodeIgniter\CodeIgniter->runController(Object(App\Controllers\Daftarnilai))
 4 SYSTEMPATH\CodeIgniter.php(355): CodeIgniter\CodeIgniter->handleRequest(null, Object(Config\Cache), false)
 5 SYSTEMPATH\Boot.php(325): CodeIgniter\CodeIgniter->run()
 6 SYSTEMPATH\Boot.php(67): CodeIgniter\Boot::runCodeIgniter(Object(CodeIgniter\CodeIgniter))
 7 FCPATH\index.php(56): CodeIgniter\Boot::bootWeb(Object(Config\Paths))
 8 SYSTEMPATH\rewrite.php(44): require_once('C:\\xampp\\htdocs\\si_manajemen_nilai\\public\\index.php')
CRITICAL - 2025-01-26 03:06:57 --> TypeError: Unsupported operand types: string + string
[Method: POST, Route: daftar_nilai/tambah]
in APPPATH\Models\DaftarnilaitugasModel.php on line 29.
 1 APPPATH\Controllers\Daftarnilai.php(45): App\Models\DaftarnilaitugasModel->tambahDataNilaiTugas('3', '3', '3', '3', '3', 'Ganjil', '', '', '', '75', '', '', '80', '78', '')
 2 SYSTEMPATH\CodeIgniter.php(933): App\Controllers\Daftarnilai->tambah()
 3 SYSTEMPATH\CodeIgniter.php(509): CodeIgniter\CodeIgniter->runController(Object(App\Controllers\Daftarnilai))
 4 SYSTEMPATH\CodeIgniter.php(355): CodeIgniter\CodeIgniter->handleRequest(null, Object(Config\Cache), false)
 5 SYSTEMPATH\Boot.php(325): CodeIgniter\CodeIgniter->run()
 6 SYSTEMPATH\Boot.php(67): CodeIgniter\Boot::runCodeIgniter(Object(CodeIgniter\CodeIgniter))
 7 FCPATH\index.php(56): CodeIgniter\Boot::bootWeb(Object(Config\Paths))
 8 SYSTEMPATH\rewrite.php(44): require_once('C:\\xampp\\htdocs\\si_manajemen_nilai\\public\\index.php')
CRITICAL - 2025-01-26 03:07:35 --> ErrorException: Undefined variable $na_sumatif
[Method: POST, Route: daftar_nilai/tambah]
in APPPATH\Models\DaftarnilaitugasModel.php on line 37.
 1 APPPATH\Models\DaftarnilaitugasModel.php(37): CodeIgniter\Debug\Exceptions->errorHandler(2, 'Undefined variable $na_sumatif', 'C:\\xampp\\htdocs\\si_manajemen_nilai\\app\\Models\\DaftarnilaitugasModel.php', 37)
 2 APPPATH\Controllers\Daftarnilai.php(45): App\Models\DaftarnilaitugasModel->tambahDataNilaiTugas('3', '3', '3', '3', '3', 'Ganjil', '', '', '', '75', '', '', '80', '78', '')
 3 SYSTEMPATH\CodeIgniter.php(933): App\Controllers\Daftarnilai->tambah()
 4 SYSTEMPATH\CodeIgniter.php(509): CodeIgniter\CodeIgniter->runController(Object(App\Controllers\Daftarnilai))
 5 SYSTEMPATH\CodeIgniter.php(355): CodeIgniter\CodeIgniter->handleRequest(null, Object(Config\Cache), false)
 6 SYSTEMPATH\Boot.php(325): CodeIgniter\CodeIgniter->run()
 7 SYSTEMPATH\Boot.php(67): CodeIgniter\Boot::runCodeIgniter(Object(CodeIgniter\CodeIgniter))
 8 FCPATH\index.php(56): CodeIgniter\Boot::bootWeb(Object(Config\Paths))
 9 SYSTEMPATH\rewrite.php(44): require_once('C:\\xampp\\htdocs\\si_manajemen_nilai\\public\\index.php')
CRITICAL - 2025-01-26 03:09:08 --> TypeError: Unsupported operand types: string + string
[Method: POST, Route: daftar_nilai/tambah]
in APPPATH\Models\DaftarnilaitugasModel.php on line 29.
 1 APPPATH\Controllers\Daftarnilai.php(45): App\Models\DaftarnilaitugasModel->tambahDataNilaiTugas('3', '3', '3', '3', '3', 'Ganjil', '', '', '', '75', '', '', '80', '78', '')
 2 SYSTEMPATH\CodeIgniter.php(933): App\Controllers\Daftarnilai->tambah()
 3 SYSTEMPATH\CodeIgniter.php(509): CodeIgniter\CodeIgniter->runController(Object(App\Controllers\Daftarnilai))
 4 SYSTEMPATH\CodeIgniter.php(355): CodeIgniter\CodeIgniter->handleRequest(null, Object(Config\Cache), false)
 5 SYSTEMPATH\Boot.php(325): CodeIgniter\CodeIgniter->run()
 6 SYSTEMPATH\Boot.php(67): CodeIgniter\Boot::runCodeIgniter(Object(CodeIgniter\CodeIgniter))
 7 FCPATH\index.php(56): CodeIgniter\Boot::bootWeb(Object(Config\Paths))
 8 SYSTEMPATH\rewrite.php(44): require_once('C:\\xampp\\htdocs\\si_manajemen_nilai\\public\\index.php')
CRITICAL - 2025-01-26 03:14:31 --> TypeError: Unsupported operand types: string + string
[Method: POST, Route: daftar_nilai/tambah]
in APPPATH\Models\DaftarnilaitugasModel.php on line 29.
 1 APPPATH\Controllers\Daftarnilai.php(45): App\Models\DaftarnilaitugasModel->tambahDataNilaiTugas('3', '3', '3', '3', '3', 'Ganjil', '', '', '', '75', '', '', '80', '78', '')
 2 SYSTEMPATH\CodeIgniter.php(933): App\Controllers\Daftarnilai->tambah()
 3 SYSTEMPATH\CodeIgniter.php(509): CodeIgniter\CodeIgniter->runController(Object(App\Controllers\Daftarnilai))
 4 SYSTEMPATH\CodeIgniter.php(355): CodeIgniter\CodeIgniter->handleRequest(null, Object(Config\Cache), false)
 5 SYSTEMPATH\Boot.php(325): CodeIgniter\CodeIgniter->run()
 6 SYSTEMPATH\Boot.php(67): CodeIgniter\Boot::runCodeIgniter(Object(CodeIgniter\CodeIgniter))
 7 FCPATH\index.php(56): CodeIgniter\Boot::bootWeb(Object(Config\Paths))
 8 SYSTEMPATH\rewrite.php(44): require_once('C:\\xampp\\htdocs\\si_manajemen_nilai\\public\\index.php')
CRITICAL - 2025-01-26 23:29:06 --> ErrorException: Trying to access array offset on value of type null
[Method: GET, Route: daftar_nilai/nilai_tugas_periode/2024/2025]
in APPPATH\Models\PeriodeajaranModel.php on line 23.
 1 APPPATH\Models\PeriodeajaranModel.php(23): CodeIgniter\Debug\Exceptions->errorHandler(2, 'Trying to access array offset on value of type null', 'C:\\xampp\\htdocs\\si_manajemen_nilai\\app\\Models\\PeriodeajaranModel.php', 23)
 2 APPPATH\Controllers\Daftarnilai.php(123): App\Models\PeriodeajaranModel->tahunPeriode('2024')
 3 SYSTEMPATH\CodeIgniter.php(933): App\Controllers\Daftarnilai->nilai_tugas_periode('2024', '2025')
 4 SYSTEMPATH\CodeIgniter.php(509): CodeIgniter\CodeIgniter->runController(Object(App\Controllers\Daftarnilai))
 5 SYSTEMPATH\CodeIgniter.php(355): CodeIgniter\CodeIgniter->handleRequest(null, Object(Config\Cache), false)
 6 SYSTEMPATH\Boot.php(325): CodeIgniter\CodeIgniter->run()
 7 SYSTEMPATH\Boot.php(67): CodeIgniter\Boot::runCodeIgniter(Object(CodeIgniter\CodeIgniter))
 8 FCPATH\index.php(56): CodeIgniter\Boot::bootWeb(Object(Config\Paths))
 9 SYSTEMPATH\rewrite.php(44): require_once('C:\\xampp\\htdocs\\si_manajemen_nilai\\public\\index.php')
CRITICAL - 2025-01-26 23:29:15 --> ErrorException: Trying to access array offset on value of type null
[Method: GET, Route: daftar_nilai/nilai_tugas_periode/2024/2025]
in APPPATH\Models\PeriodeajaranModel.php on line 23.
 1 APPPATH\Models\PeriodeajaranModel.php(23): CodeIgniter\Debug\Exceptions->errorHandler(2, 'Trying to access array offset on value of type null', 'C:\\xampp\\htdocs\\si_manajemen_nilai\\app\\Models\\PeriodeajaranModel.php', 23)
 2 APPPATH\Controllers\Daftarnilai.php(123): App\Models\PeriodeajaranModel->tahunPeriode('2024')
 3 SYSTEMPATH\CodeIgniter.php(933): App\Controllers\Daftarnilai->nilai_tugas_periode('2024', '2025')
 4 SYSTEMPATH\CodeIgniter.php(509): CodeIgniter\CodeIgniter->runController(Object(App\Controllers\Daftarnilai))
 5 SYSTEMPATH\CodeIgniter.php(355): CodeIgniter\CodeIgniter->handleRequest(null, Object(Config\Cache), false)
 6 SYSTEMPATH\Boot.php(325): CodeIgniter\CodeIgniter->run()
 7 SYSTEMPATH\Boot.php(67): CodeIgniter\Boot::runCodeIgniter(Object(CodeIgniter\CodeIgniter))
 8 FCPATH\index.php(56): CodeIgniter\Boot::bootWeb(Object(Config\Paths))
 9 SYSTEMPATH\rewrite.php(44): require_once('C:\\xampp\\htdocs\\si_manajemen_nilai\\public\\index.php')
