CRITICAL - 2025-01-12 00:41:32 --> ErrorException: Trying to access array offset on value of type null
[Method: GET, Route: daftar_kelas/periode_kelas/4]
in APPPATH\Models\PeriodeajaranModel.php on line 23.
 1 APPPATH\Models\PeriodeajaranModel.php(23): CodeIgniter\Debug\Exceptions->errorHandler(2, 'Trying to access array offset on value of type null', 'C:\\xampp\\htdocs\\si_manajemen_nilai\\app\\Models\\PeriodeajaranModel.php', 23)
 2 APPPATH\Controllers\Daftarkelas.php(72): App\Models\PeriodeajaranModel->tahunPeriode('4')
 3 SYSTEMPATH\CodeIgniter.php(933): App\Controllers\Daftarkelas->periode('4')
 4 SYSTEMPATH\CodeIgniter.php(509): CodeIgniter\CodeIgniter->runController(Object(App\Controllers\Daftarkelas))
 5 SYSTEMPATH\CodeIgniter.php(355): CodeIgniter\CodeIgniter->handleRequest(null, Object(Config\Cache), false)
 6 SYSTEMPATH\Boot.php(325): CodeIgniter\CodeIgniter->run()
 7 SYSTEMPATH\Boot.php(67): CodeIgniter\Boot::runCodeIgniter(Object(CodeIgniter\CodeIgniter))
 8 FCPATH\index.php(56): CodeIgniter\Boot::bootWeb(Object(Config\Paths))
 9 SYSTEMPATH\rewrite.php(44): require_once('C:\\xampp\\htdocs\\si_manajemen_nilai\\public\\index.php')
CRITICAL - 2025-01-12 00:54:03 --> ErrorException: Undefined array key "nama_jurusan"
[Method: GET, Route: daftar_siswa]
in APPPATH\Views\daftar_murid_view.php on line 60.
 1 APPPATH\Views\daftar_murid_view.php(60): CodeIgniter\Debug\Exceptions->errorHandler(2, 'Undefined array key "nama_jurusan"', 'C:\\xampp\\htdocs\\si_manajemen_nilai\\app\\Views\\daftar_murid_view.php', 60)
 2 SYSTEMPATH\View\View.php(234): include('C:\\xampp\\htdocs\\si_manajemen_nilai\\app\\Views\\daftar_murid_view.php')
 3 SYSTEMPATH\View\View.php(237): CodeIgniter\View\View->CodeIgniter\View\{closure}()
 4 SYSTEMPATH\Common.php(1171): CodeIgniter\View\View->render('daftar_murid_view', [], true)
 5 APPPATH\Controllers\Daftarsiswa.php(21): view('daftar_murid_view', [...])
 6 SYSTEMPATH\CodeIgniter.php(933): App\Controllers\Daftarsiswa->index()
 7 SYSTEMPATH\CodeIgniter.php(509): CodeIgniter\CodeIgniter->runController(Object(App\Controllers\Daftarsiswa))
 8 SYSTEMPATH\CodeIgniter.php(355): CodeIgniter\CodeIgniter->handleRequest(null, Object(Config\Cache), false)
 9 SYSTEMPATH\Boot.php(325): CodeIgniter\CodeIgniter->run()
10 SYSTEMPATH\Boot.php(67): CodeIgniter\Boot::runCodeIgniter(Object(CodeIgniter\CodeIgniter))
11 FCPATH\index.php(56): CodeIgniter\Boot::bootWeb(Object(Config\Paths))
12 SYSTEMPATH\rewrite.php(44): require_once('C:\\xampp\\htdocs\\si_manajemen_nilai\\public\\index.php')
CRITICAL - 2025-01-12 01:18:03 --> ErrorException: Undefined array key "nama_jurusan"
[Method: GET, Route: daftar_siswa]
in APPPATH\Views\daftar_murid_view.php on line 60.
 1 APPPATH\Views\daftar_murid_view.php(60): CodeIgniter\Debug\Exceptions->errorHandler(2, 'Undefined array key "nama_jurusan"', 'C:\\xampp\\htdocs\\si_manajemen_nilai\\app\\Views\\daftar_murid_view.php', 60)
 2 SYSTEMPATH\View\View.php(234): include('C:\\xampp\\htdocs\\si_manajemen_nilai\\app\\Views\\daftar_murid_view.php')
 3 SYSTEMPATH\View\View.php(237): CodeIgniter\View\View->CodeIgniter\View\{closure}()
 4 SYSTEMPATH\Common.php(1171): CodeIgniter\View\View->render('daftar_murid_view', [], true)
 5 APPPATH\Controllers\Daftarsiswa.php(21): view('daftar_murid_view', [...])
 6 SYSTEMPATH\CodeIgniter.php(933): App\Controllers\Daftarsiswa->index()
 7 SYSTEMPATH\CodeIgniter.php(509): CodeIgniter\CodeIgniter->runController(Object(App\Controllers\Daftarsiswa))
 8 SYSTEMPATH\CodeIgniter.php(355): CodeIgniter\CodeIgniter->handleRequest(null, Object(Config\Cache), false)
 9 SYSTEMPATH\Boot.php(325): CodeIgniter\CodeIgniter->run()
10 SYSTEMPATH\Boot.php(67): CodeIgniter\Boot::runCodeIgniter(Object(CodeIgniter\CodeIgniter))
11 FCPATH\index.php(56): CodeIgniter\Boot::bootWeb(Object(Config\Paths))
12 SYSTEMPATH\rewrite.php(44): require_once('C:\\xampp\\htdocs\\si_manajemen_nilai\\public\\index.php')
CRITICAL - 2025-01-12 03:06:06 --> ErrorException: Undefined variable $kode
[Method: GET, Route: daftar_siswa/rinci_kelas/2024/2025]
in APPPATH\Views\daftar_murid_rinci_view.php on line 50.
 1 APPPATH\Views\daftar_murid_rinci_view.php(50): CodeIgniter\Debug\Exceptions->errorHandler(2, 'Undefined variable $kode', 'C:\\xampp\\htdocs\\si_manajemen_nilai\\app\\Views\\daftar_murid_rinci_view.php', 50)
 2 SYSTEMPATH\View\View.php(234): include('C:\\xampp\\htdocs\\si_manajemen_nilai\\app\\Views\\daftar_murid_rinci_view.php')
 3 SYSTEMPATH\View\View.php(237): CodeIgniter\View\View->CodeIgniter\View\{closure}()
 4 SYSTEMPATH\Common.php(1171): CodeIgniter\View\View->render('daftar_murid_rinci_view', [], true)
 5 APPPATH\Controllers\Daftarsiswa.php(84): view('daftar_murid_rinci_view', [...])
 6 SYSTEMPATH\CodeIgniter.php(933): App\Controllers\Daftarsiswa->rinci_kelas('2024', '2025')
 7 SYSTEMPATH\CodeIgniter.php(509): CodeIgniter\CodeIgniter->runController(Object(App\Controllers\Daftarsiswa))
 8 SYSTEMPATH\CodeIgniter.php(355): CodeIgniter\CodeIgniter->handleRequest(null, Object(Config\Cache), false)
 9 SYSTEMPATH\Boot.php(325): CodeIgniter\CodeIgniter->run()
10 SYSTEMPATH\Boot.php(67): CodeIgniter\Boot::runCodeIgniter(Object(CodeIgniter\CodeIgniter))
11 FCPATH\index.php(56): CodeIgniter\Boot::bootWeb(Object(Config\Paths))
12 SYSTEMPATH\rewrite.php(44): require_once('C:\\xampp\\htdocs\\si_manajemen_nilai\\public\\index.php')
CRITICAL - 2025-01-12 03:06:18 --> ErrorException: Undefined variable $kode
[Method: GET, Route: daftar_siswa/rinci_kelas/2024/2025]
in APPPATH\Views\daftar_murid_rinci_view.php on line 108.
 1 APPPATH\Views\daftar_murid_rinci_view.php(108): CodeIgniter\Debug\Exceptions->errorHandler(2, 'Undefined variable $kode', 'C:\\xampp\\htdocs\\si_manajemen_nilai\\app\\Views\\daftar_murid_rinci_view.php', 108)
 2 SYSTEMPATH\View\View.php(234): include('C:\\xampp\\htdocs\\si_manajemen_nilai\\app\\Views\\daftar_murid_rinci_view.php')
 3 SYSTEMPATH\View\View.php(237): CodeIgniter\View\View->CodeIgniter\View\{closure}()
 4 SYSTEMPATH\Common.php(1171): CodeIgniter\View\View->render('daftar_murid_rinci_view', [], true)
 5 APPPATH\Controllers\Daftarsiswa.php(84): view('daftar_murid_rinci_view', [...])
 6 SYSTEMPATH\CodeIgniter.php(933): App\Controllers\Daftarsiswa->rinci_kelas('2024', '2025')
 7 SYSTEMPATH\CodeIgniter.php(509): CodeIgniter\CodeIgniter->runController(Object(App\Controllers\Daftarsiswa))
 8 SYSTEMPATH\CodeIgniter.php(355): CodeIgniter\CodeIgniter->handleRequest(null, Object(Config\Cache), false)
 9 SYSTEMPATH\Boot.php(325): CodeIgniter\CodeIgniter->run()
10 SYSTEMPATH\Boot.php(67): CodeIgniter\Boot::runCodeIgniter(Object(CodeIgniter\CodeIgniter))
11 FCPATH\index.php(56): CodeIgniter\Boot::bootWeb(Object(Config\Paths))
12 SYSTEMPATH\rewrite.php(44): require_once('C:\\xampp\\htdocs\\si_manajemen_nilai\\public\\index.php')
CRITICAL - 2025-01-12 04:03:41 --> ErrorException: Undefined variable $kelas
[Method: GET, Route: daftar_siswa/rinci_siswa/2024/2025/X%20RPL%201]
in APPPATH\Views\daftar_murid_isi_view.php on line 111.
 1 APPPATH\Views\daftar_murid_isi_view.php(111): CodeIgniter\Debug\Exceptions->errorHandler(2, 'Undefined variable $kelas', 'C:\\xampp\\htdocs\\si_manajemen_nilai\\app\\Views\\daftar_murid_isi_view.php', 111)
 2 SYSTEMPATH\View\View.php(234): include('C:\\xampp\\htdocs\\si_manajemen_nilai\\app\\Views\\daftar_murid_isi_view.php')
 3 SYSTEMPATH\View\View.php(237): CodeIgniter\View\View->CodeIgniter\View\{closure}()
 4 SYSTEMPATH\Common.php(1171): CodeIgniter\View\View->render('daftar_murid_isi_view', [], true)
 5 APPPATH\Controllers\Daftarsiswa.php(96): view('daftar_murid_isi_view', [...])
 6 SYSTEMPATH\CodeIgniter.php(933): App\Controllers\Daftarsiswa->rinci_siswa('2024', '2025', 'X RPL 1')
 7 SYSTEMPATH\CodeIgniter.php(509): CodeIgniter\CodeIgniter->runController(Object(App\Controllers\Daftarsiswa))
 8 SYSTEMPATH\CodeIgniter.php(355): CodeIgniter\CodeIgniter->handleRequest(null, Object(Config\Cache), false)
 9 SYSTEMPATH\Boot.php(325): CodeIgniter\CodeIgniter->run()
10 SYSTEMPATH\Boot.php(67): CodeIgniter\Boot::runCodeIgniter(Object(CodeIgniter\CodeIgniter))
11 FCPATH\index.php(56): CodeIgniter\Boot::bootWeb(Object(Config\Paths))
12 SYSTEMPATH\rewrite.php(44): require_once('C:\\xampp\\htdocs\\si_manajemen_nilai\\public\\index.php')
ERROR - 2025-01-12 14:03:14 --> mysqli_sql_exception: You have an error in your SQL syntax; check the manual that corresponds to your MariaDB server version for the right syntax to use near 'RPL 1' at line 4 in C:\xampp\htdocs\si_manajemen_nilai\system\Database\MySQLi\Connection.php:312
Stack trace:
#0 C:\xampp\htdocs\si_manajemen_nilai\system\Database\MySQLi\Connection.php(312): mysqli->query('SELECT dt_siswa...', 0)
#1 C:\xampp\htdocs\si_manajemen_nilai\system\Database\BaseConnection.php(734): CodeIgniter\Database\MySQLi\Connection->execute('SELECT dt_siswa...')
#2 C:\xampp\htdocs\si_manajemen_nilai\system\Database\BaseConnection.php(648): CodeIgniter\Database\BaseConnection->simpleQuery('SELECT dt_siswa...')
#3 C:\xampp\htdocs\si_manajemen_nilai\app\Models\DaftarsiswaModel.php(22): CodeIgniter\Database\BaseConnection->query('SELECT dt_siswa...')
#4 C:\xampp\htdocs\si_manajemen_nilai\app\Controllers\Daftarsiswa.php(61): App\Models\DaftarsiswaModel->dataSiswa('4', 'X RPL 1')
#5 C:\xampp\htdocs\si_manajemen_nilai\system\CodeIgniter.php(933): App\Controllers\Daftarsiswa->rinci_siswa('4', 'X RPL 1')
#6 C:\xampp\htdocs\si_manajemen_nilai\system\CodeIgniter.php(509): CodeIgniter\CodeIgniter->runController(Object(App\Controllers\Daftarsiswa))
#7 C:\xampp\htdocs\si_manajemen_nilai\system\CodeIgniter.php(355): CodeIgniter\CodeIgniter->handleRequest(NULL, Object(Config\Cache), false)
#8 C:\xampp\htdocs\si_manajemen_nilai\system\Boot.php(325): CodeIgniter\CodeIgniter->run()
#9 C:\xampp\htdocs\si_manajemen_nilai\system\Boot.php(67): CodeIgniter\Boot::runCodeIgniter(Object(CodeIgniter\CodeIgniter))
#10 C:\xampp\htdocs\si_manajemen_nilai\public\index.php(56): CodeIgniter\Boot::bootWeb(Object(Config\Paths))
#11 C:\xampp\htdocs\si_manajemen_nilai\system\rewrite.php(44): require_once('C:\\xampp\\htdocs...')
#12 {main}
CRITICAL - 2025-01-12 14:03:15 --> CodeIgniter\Database\Exceptions\DatabaseException: You have an error in your SQL syntax; check the manual that corresponds to your MariaDB server version for the right syntax to use near 'RPL 1' at line 4
[Method: GET, Route: daftar_siswa/rinci_siswa/4/X%20RPL%201]
in SYSTEMPATH\Database\BaseConnection.php on line 688.
 1 APPPATH\Models\DaftarsiswaModel.php(22): CodeIgniter\Database\BaseConnection->query('SELECT dt_siswa.id_siswa, dt_siswa.kd_siswa, dt_siswa.nis, dt_siswa.nisn, dt_siswa.nama_siswa, 
        dt_siswa.kelas, dt_siswa.id_periode, dt_periode_ajaran.tahun_ajaran FROM dt_siswa INNER JOIN dt_periode_ajaran 
        ON dt_siswa.id_periode = dt_periode_ajaran.id_periode WHERE dt_siswa.id_periode = 4
        AND dt_siswa.kelas = X RPL 1')
 2 APPPATH\Controllers\Daftarsiswa.php(61): App\Models\DaftarsiswaModel->dataSiswa('4', 'X RPL 1')
 3 SYSTEMPATH\CodeIgniter.php(933): App\Controllers\Daftarsiswa->rinci_siswa('4', 'X RPL 1')
 4 SYSTEMPATH\CodeIgniter.php(509): CodeIgniter\CodeIgniter->runController(Object(App\Controllers\Daftarsiswa))
 5 SYSTEMPATH\CodeIgniter.php(355): CodeIgniter\CodeIgniter->handleRequest(null, Object(Config\Cache), false)
 6 SYSTEMPATH\Boot.php(325): CodeIgniter\CodeIgniter->run()
 7 SYSTEMPATH\Boot.php(67): CodeIgniter\Boot::runCodeIgniter(Object(CodeIgniter\CodeIgniter))
 8 FCPATH\index.php(56): CodeIgniter\Boot::bootWeb(Object(Config\Paths))
 9 SYSTEMPATH\rewrite.php(44): require_once('C:\\xampp\\htdocs\\si_manajemen_nilai\\public\\index.php')
CRITICAL - 2025-01-12 14:03:15 --> [Caused by] CodeIgniter\Database\Exceptions\DatabaseException: You have an error in your SQL syntax; check the manual that corresponds to your MariaDB server version for the right syntax to use near 'RPL 1' at line 4
in SYSTEMPATH\Database\MySQLi\Connection.php on line 317.
 1 SYSTEMPATH\Database\BaseConnection.php(734): CodeIgniter\Database\MySQLi\Connection->execute('SELECT dt_siswa.id_siswa, dt_siswa.kd_siswa, dt_siswa.nis, dt_siswa.nisn, dt_siswa.nama_siswa, 
        dt_siswa.kelas, dt_siswa.id_periode, dt_periode_ajaran.tahun_ajaran FROM dt_siswa INNER JOIN dt_periode_ajaran 
        ON dt_siswa.id_periode = dt_periode_ajaran.id_periode WHERE dt_siswa.id_periode = 4
        AND dt_siswa.kelas = X RPL 1')
 2 SYSTEMPATH\Database\BaseConnection.php(648): CodeIgniter\Database\BaseConnection->simpleQuery('SELECT dt_siswa.id_siswa, dt_siswa.kd_siswa, dt_siswa.nis, dt_siswa.nisn, dt_siswa.nama_siswa, 
        dt_siswa.kelas, dt_siswa.id_periode, dt_periode_ajaran.tahun_ajaran FROM dt_siswa INNER JOIN dt_periode_ajaran 
        ON dt_siswa.id_periode = dt_periode_ajaran.id_periode WHERE dt_siswa.id_periode = 4
        AND dt_siswa.kelas = X RPL 1')
 3 APPPATH\Models\DaftarsiswaModel.php(22): CodeIgniter\Database\BaseConnection->query('SELECT dt_siswa.id_siswa, dt_siswa.kd_siswa, dt_siswa.nis, dt_siswa.nisn, dt_siswa.nama_siswa, 
        dt_siswa.kelas, dt_siswa.id_periode, dt_periode_ajaran.tahun_ajaran FROM dt_siswa INNER JOIN dt_periode_ajaran 
        ON dt_siswa.id_periode = dt_periode_ajaran.id_periode WHERE dt_siswa.id_periode = 4
        AND dt_siswa.kelas = X RPL 1')
 4 APPPATH\Controllers\Daftarsiswa.php(61): App\Models\DaftarsiswaModel->dataSiswa('4', 'X RPL 1')
 5 SYSTEMPATH\CodeIgniter.php(933): App\Controllers\Daftarsiswa->rinci_siswa('4', 'X RPL 1')
 6 SYSTEMPATH\CodeIgniter.php(509): CodeIgniter\CodeIgniter->runController(Object(App\Controllers\Daftarsiswa))
 7 SYSTEMPATH\CodeIgniter.php(355): CodeIgniter\CodeIgniter->handleRequest(null, Object(Config\Cache), false)
 8 SYSTEMPATH\Boot.php(325): CodeIgniter\CodeIgniter->run()
 9 SYSTEMPATH\Boot.php(67): CodeIgniter\Boot::runCodeIgniter(Object(CodeIgniter\CodeIgniter))
10 FCPATH\index.php(56): CodeIgniter\Boot::bootWeb(Object(Config\Paths))
11 SYSTEMPATH\rewrite.php(44): require_once('C:\\xampp\\htdocs\\si_manajemen_nilai\\public\\index.php')
CRITICAL - 2025-01-12 14:03:15 --> [Caused by] mysqli_sql_exception: You have an error in your SQL syntax; check the manual that corresponds to your MariaDB server version for the right syntax to use near 'RPL 1' at line 4
in SYSTEMPATH\Database\MySQLi\Connection.php on line 312.
 1 SYSTEMPATH\Database\MySQLi\Connection.php(312): mysqli->query('SELECT dt_siswa.id_siswa, dt_siswa.kd_siswa, dt_siswa.nis, dt_siswa.nisn, dt_siswa.nama_siswa, 
        dt_siswa.kelas, dt_siswa.id_periode, dt_periode_ajaran.tahun_ajaran FROM dt_siswa INNER JOIN dt_periode_ajaran 
        ON dt_siswa.id_periode = dt_periode_ajaran.id_periode WHERE dt_siswa.id_periode = 4
        AND dt_siswa.kelas = X RPL 1', 0)
 2 SYSTEMPATH\Database\BaseConnection.php(734): CodeIgniter\Database\MySQLi\Connection->execute('SELECT dt_siswa.id_siswa, dt_siswa.kd_siswa, dt_siswa.nis, dt_siswa.nisn, dt_siswa.nama_siswa, 
        dt_siswa.kelas, dt_siswa.id_periode, dt_periode_ajaran.tahun_ajaran FROM dt_siswa INNER JOIN dt_periode_ajaran 
        ON dt_siswa.id_periode = dt_periode_ajaran.id_periode WHERE dt_siswa.id_periode = 4
        AND dt_siswa.kelas = X RPL 1')
 3 SYSTEMPATH\Database\BaseConnection.php(648): CodeIgniter\Database\BaseConnection->simpleQuery('SELECT dt_siswa.id_siswa, dt_siswa.kd_siswa, dt_siswa.nis, dt_siswa.nisn, dt_siswa.nama_siswa, 
        dt_siswa.kelas, dt_siswa.id_periode, dt_periode_ajaran.tahun_ajaran FROM dt_siswa INNER JOIN dt_periode_ajaran 
        ON dt_siswa.id_periode = dt_periode_ajaran.id_periode WHERE dt_siswa.id_periode = 4
        AND dt_siswa.kelas = X RPL 1')
 4 APPPATH\Models\DaftarsiswaModel.php(22): CodeIgniter\Database\BaseConnection->query('SELECT dt_siswa.id_siswa, dt_siswa.kd_siswa, dt_siswa.nis, dt_siswa.nisn, dt_siswa.nama_siswa, 
        dt_siswa.kelas, dt_siswa.id_periode, dt_periode_ajaran.tahun_ajaran FROM dt_siswa INNER JOIN dt_periode_ajaran 
        ON dt_siswa.id_periode = dt_periode_ajaran.id_periode WHERE dt_siswa.id_periode = 4
        AND dt_siswa.kelas = X RPL 1')
 5 APPPATH\Controllers\Daftarsiswa.php(61): App\Models\DaftarsiswaModel->dataSiswa('4', 'X RPL 1')
 6 SYSTEMPATH\CodeIgniter.php(933): App\Controllers\Daftarsiswa->rinci_siswa('4', 'X RPL 1')
 7 SYSTEMPATH\CodeIgniter.php(509): CodeIgniter\CodeIgniter->runController(Object(App\Controllers\Daftarsiswa))
 8 SYSTEMPATH\CodeIgniter.php(355): CodeIgniter\CodeIgniter->handleRequest(null, Object(Config\Cache), false)
 9 SYSTEMPATH\Boot.php(325): CodeIgniter\CodeIgniter->run()
10 SYSTEMPATH\Boot.php(67): CodeIgniter\Boot::runCodeIgniter(Object(CodeIgniter\CodeIgniter))
11 FCPATH\index.php(56): CodeIgniter\Boot::bootWeb(Object(Config\Paths))
12 SYSTEMPATH\rewrite.php(44): require_once('C:\\xampp\\htdocs\\si_manajemen_nilai\\public\\index.php')
ERROR - 2025-01-12 14:04:20 --> mysqli_sql_exception: You have an error in your SQL syntax; check the manual that corresponds to your MariaDB server version for the right syntax to use near 'RPL 1' at line 3 in C:\xampp\htdocs\si_manajemen_nilai\system\Database\MySQLi\Connection.php:312
Stack trace:
#0 C:\xampp\htdocs\si_manajemen_nilai\system\Database\MySQLi\Connection.php(312): mysqli->query('SELECT dt_siswa...', 0)
#1 C:\xampp\htdocs\si_manajemen_nilai\system\Database\BaseConnection.php(734): CodeIgniter\Database\MySQLi\Connection->execute('SELECT dt_siswa...')
#2 C:\xampp\htdocs\si_manajemen_nilai\system\Database\BaseConnection.php(648): CodeIgniter\Database\BaseConnection->simpleQuery('SELECT dt_siswa...')
#3 C:\xampp\htdocs\si_manajemen_nilai\app\Models\DaftarsiswaModel.php(21): CodeIgniter\Database\BaseConnection->query('SELECT dt_siswa...')
#4 C:\xampp\htdocs\si_manajemen_nilai\app\Controllers\Daftarsiswa.php(61): App\Models\DaftarsiswaModel->dataSiswa('4', 'X RPL 1')
#5 C:\xampp\htdocs\si_manajemen_nilai\system\CodeIgniter.php(933): App\Controllers\Daftarsiswa->rinci_siswa('4', 'X RPL 1')
#6 C:\xampp\htdocs\si_manajemen_nilai\system\CodeIgniter.php(509): CodeIgniter\CodeIgniter->runController(Object(App\Controllers\Daftarsiswa))
#7 C:\xampp\htdocs\si_manajemen_nilai\system\CodeIgniter.php(355): CodeIgniter\CodeIgniter->handleRequest(NULL, Object(Config\Cache), false)
#8 C:\xampp\htdocs\si_manajemen_nilai\system\Boot.php(325): CodeIgniter\CodeIgniter->run()
#9 C:\xampp\htdocs\si_manajemen_nilai\system\Boot.php(67): CodeIgniter\Boot::runCodeIgniter(Object(CodeIgniter\CodeIgniter))
#10 C:\xampp\htdocs\si_manajemen_nilai\public\index.php(56): CodeIgniter\Boot::bootWeb(Object(Config\Paths))
#11 C:\xampp\htdocs\si_manajemen_nilai\system\rewrite.php(44): require_once('C:\\xampp\\htdocs...')
#12 {main}
CRITICAL - 2025-01-12 14:04:20 --> CodeIgniter\Database\Exceptions\DatabaseException: You have an error in your SQL syntax; check the manual that corresponds to your MariaDB server version for the right syntax to use near 'RPL 1' at line 3
[Method: GET, Route: daftar_siswa/rinci_siswa/4/X%20RPL%201]
in SYSTEMPATH\Database\BaseConnection.php on line 688.
 1 APPPATH\Models\DaftarsiswaModel.php(21): CodeIgniter\Database\BaseConnection->query('SELECT dt_siswa.id_siswa, dt_siswa.kd_siswa, dt_siswa.nis, dt_siswa.nisn, dt_siswa.nama_siswa, 
        dt_siswa.kelas, dt_siswa.id_periode, dt_periode_ajaran.tahun_ajaran FROM dt_siswa INNER JOIN dt_periode_ajaran 
        ON dt_siswa.id_periode = dt_periode_ajaran.id_periode WHERE id_periode = 4 AND kelas = X RPL 1')
 2 APPPATH\Controllers\Daftarsiswa.php(61): App\Models\DaftarsiswaModel->dataSiswa('4', 'X RPL 1')
 3 SYSTEMPATH\CodeIgniter.php(933): App\Controllers\Daftarsiswa->rinci_siswa('4', 'X RPL 1')
 4 SYSTEMPATH\CodeIgniter.php(509): CodeIgniter\CodeIgniter->runController(Object(App\Controllers\Daftarsiswa))
 5 SYSTEMPATH\CodeIgniter.php(355): CodeIgniter\CodeIgniter->handleRequest(null, Object(Config\Cache), false)
 6 SYSTEMPATH\Boot.php(325): CodeIgniter\CodeIgniter->run()
 7 SYSTEMPATH\Boot.php(67): CodeIgniter\Boot::runCodeIgniter(Object(CodeIgniter\CodeIgniter))
 8 FCPATH\index.php(56): CodeIgniter\Boot::bootWeb(Object(Config\Paths))
 9 SYSTEMPATH\rewrite.php(44): require_once('C:\\xampp\\htdocs\\si_manajemen_nilai\\public\\index.php')
CRITICAL - 2025-01-12 14:04:20 --> [Caused by] CodeIgniter\Database\Exceptions\DatabaseException: You have an error in your SQL syntax; check the manual that corresponds to your MariaDB server version for the right syntax to use near 'RPL 1' at line 3
in SYSTEMPATH\Database\MySQLi\Connection.php on line 317.
 1 SYSTEMPATH\Database\BaseConnection.php(734): CodeIgniter\Database\MySQLi\Connection->execute('SELECT dt_siswa.id_siswa, dt_siswa.kd_siswa, dt_siswa.nis, dt_siswa.nisn, dt_siswa.nama_siswa, 
        dt_siswa.kelas, dt_siswa.id_periode, dt_periode_ajaran.tahun_ajaran FROM dt_siswa INNER JOIN dt_periode_ajaran 
        ON dt_siswa.id_periode = dt_periode_ajaran.id_periode WHERE id_periode = 4 AND kelas = X RPL 1')
 2 SYSTEMPATH\Database\BaseConnection.php(648): CodeIgniter\Database\BaseConnection->simpleQuery('SELECT dt_siswa.id_siswa, dt_siswa.kd_siswa, dt_siswa.nis, dt_siswa.nisn, dt_siswa.nama_siswa, 
        dt_siswa.kelas, dt_siswa.id_periode, dt_periode_ajaran.tahun_ajaran FROM dt_siswa INNER JOIN dt_periode_ajaran 
        ON dt_siswa.id_periode = dt_periode_ajaran.id_periode WHERE id_periode = 4 AND kelas = X RPL 1')
 3 APPPATH\Models\DaftarsiswaModel.php(21): CodeIgniter\Database\BaseConnection->query('SELECT dt_siswa.id_siswa, dt_siswa.kd_siswa, dt_siswa.nis, dt_siswa.nisn, dt_siswa.nama_siswa, 
        dt_siswa.kelas, dt_siswa.id_periode, dt_periode_ajaran.tahun_ajaran FROM dt_siswa INNER JOIN dt_periode_ajaran 
        ON dt_siswa.id_periode = dt_periode_ajaran.id_periode WHERE id_periode = 4 AND kelas = X RPL 1')
 4 APPPATH\Controllers\Daftarsiswa.php(61): App\Models\DaftarsiswaModel->dataSiswa('4', 'X RPL 1')
 5 SYSTEMPATH\CodeIgniter.php(933): App\Controllers\Daftarsiswa->rinci_siswa('4', 'X RPL 1')
 6 SYSTEMPATH\CodeIgniter.php(509): CodeIgniter\CodeIgniter->runController(Object(App\Controllers\Daftarsiswa))
 7 SYSTEMPATH\CodeIgniter.php(355): CodeIgniter\CodeIgniter->handleRequest(null, Object(Config\Cache), false)
 8 SYSTEMPATH\Boot.php(325): CodeIgniter\CodeIgniter->run()
 9 SYSTEMPATH\Boot.php(67): CodeIgniter\Boot::runCodeIgniter(Object(CodeIgniter\CodeIgniter))
10 FCPATH\index.php(56): CodeIgniter\Boot::bootWeb(Object(Config\Paths))
11 SYSTEMPATH\rewrite.php(44): require_once('C:\\xampp\\htdocs\\si_manajemen_nilai\\public\\index.php')
CRITICAL - 2025-01-12 14:04:20 --> [Caused by] mysqli_sql_exception: You have an error in your SQL syntax; check the manual that corresponds to your MariaDB server version for the right syntax to use near 'RPL 1' at line 3
in SYSTEMPATH\Database\MySQLi\Connection.php on line 312.
 1 SYSTEMPATH\Database\MySQLi\Connection.php(312): mysqli->query('SELECT dt_siswa.id_siswa, dt_siswa.kd_siswa, dt_siswa.nis, dt_siswa.nisn, dt_siswa.nama_siswa, 
        dt_siswa.kelas, dt_siswa.id_periode, dt_periode_ajaran.tahun_ajaran FROM dt_siswa INNER JOIN dt_periode_ajaran 
        ON dt_siswa.id_periode = dt_periode_ajaran.id_periode WHERE id_periode = 4 AND kelas = X RPL 1', 0)
 2 SYSTEMPATH\Database\BaseConnection.php(734): CodeIgniter\Database\MySQLi\Connection->execute('SELECT dt_siswa.id_siswa, dt_siswa.kd_siswa, dt_siswa.nis, dt_siswa.nisn, dt_siswa.nama_siswa, 
        dt_siswa.kelas, dt_siswa.id_periode, dt_periode_ajaran.tahun_ajaran FROM dt_siswa INNER JOIN dt_periode_ajaran 
        ON dt_siswa.id_periode = dt_periode_ajaran.id_periode WHERE id_periode = 4 AND kelas = X RPL 1')
 3 SYSTEMPATH\Database\BaseConnection.php(648): CodeIgniter\Database\BaseConnection->simpleQuery('SELECT dt_siswa.id_siswa, dt_siswa.kd_siswa, dt_siswa.nis, dt_siswa.nisn, dt_siswa.nama_siswa, 
        dt_siswa.kelas, dt_siswa.id_periode, dt_periode_ajaran.tahun_ajaran FROM dt_siswa INNER JOIN dt_periode_ajaran 
        ON dt_siswa.id_periode = dt_periode_ajaran.id_periode WHERE id_periode = 4 AND kelas = X RPL 1')
 4 APPPATH\Models\DaftarsiswaModel.php(21): CodeIgniter\Database\BaseConnection->query('SELECT dt_siswa.id_siswa, dt_siswa.kd_siswa, dt_siswa.nis, dt_siswa.nisn, dt_siswa.nama_siswa, 
        dt_siswa.kelas, dt_siswa.id_periode, dt_periode_ajaran.tahun_ajaran FROM dt_siswa INNER JOIN dt_periode_ajaran 
        ON dt_siswa.id_periode = dt_periode_ajaran.id_periode WHERE id_periode = 4 AND kelas = X RPL 1')
 5 APPPATH\Controllers\Daftarsiswa.php(61): App\Models\DaftarsiswaModel->dataSiswa('4', 'X RPL 1')
 6 SYSTEMPATH\CodeIgniter.php(933): App\Controllers\Daftarsiswa->rinci_siswa('4', 'X RPL 1')
 7 SYSTEMPATH\CodeIgniter.php(509): CodeIgniter\CodeIgniter->runController(Object(App\Controllers\Daftarsiswa))
 8 SYSTEMPATH\CodeIgniter.php(355): CodeIgniter\CodeIgniter->handleRequest(null, Object(Config\Cache), false)
 9 SYSTEMPATH\Boot.php(325): CodeIgniter\CodeIgniter->run()
10 SYSTEMPATH\Boot.php(67): CodeIgniter\Boot::runCodeIgniter(Object(CodeIgniter\CodeIgniter))
11 FCPATH\index.php(56): CodeIgniter\Boot::bootWeb(Object(Config\Paths))
12 SYSTEMPATH\rewrite.php(44): require_once('C:\\xampp\\htdocs\\si_manajemen_nilai\\public\\index.php')
ERROR - 2025-01-12 14:05:43 --> mysqli_sql_exception: You have an error in your SQL syntax; check the manual that corresponds to your MariaDB server version for the right syntax to use near 'RPL 1' at line 3 in C:\xampp\htdocs\si_manajemen_nilai\system\Database\MySQLi\Connection.php:312
Stack trace:
#0 C:\xampp\htdocs\si_manajemen_nilai\system\Database\MySQLi\Connection.php(312): mysqli->query('SELECT dt_siswa...', 0)
#1 C:\xampp\htdocs\si_manajemen_nilai\system\Database\BaseConnection.php(734): CodeIgniter\Database\MySQLi\Connection->execute('SELECT dt_siswa...')
#2 C:\xampp\htdocs\si_manajemen_nilai\system\Database\BaseConnection.php(648): CodeIgniter\Database\BaseConnection->simpleQuery('SELECT dt_siswa...')
#3 C:\xampp\htdocs\si_manajemen_nilai\app\Models\DaftarsiswaModel.php(21): CodeIgniter\Database\BaseConnection->query('SELECT dt_siswa...')
#4 C:\xampp\htdocs\si_manajemen_nilai\app\Controllers\Daftarsiswa.php(61): App\Models\DaftarsiswaModel->dataSiswa('4', 'X RPL 1')
#5 C:\xampp\htdocs\si_manajemen_nilai\system\CodeIgniter.php(933): App\Controllers\Daftarsiswa->rinci_siswa('4', 'X RPL 1')
#6 C:\xampp\htdocs\si_manajemen_nilai\system\CodeIgniter.php(509): CodeIgniter\CodeIgniter->runController(Object(App\Controllers\Daftarsiswa))
#7 C:\xampp\htdocs\si_manajemen_nilai\system\CodeIgniter.php(355): CodeIgniter\CodeIgniter->handleRequest(NULL, Object(Config\Cache), false)
#8 C:\xampp\htdocs\si_manajemen_nilai\system\Boot.php(325): CodeIgniter\CodeIgniter->run()
#9 C:\xampp\htdocs\si_manajemen_nilai\system\Boot.php(67): CodeIgniter\Boot::runCodeIgniter(Object(CodeIgniter\CodeIgniter))
#10 C:\xampp\htdocs\si_manajemen_nilai\public\index.php(56): CodeIgniter\Boot::bootWeb(Object(Config\Paths))
#11 C:\xampp\htdocs\si_manajemen_nilai\system\rewrite.php(44): require_once('C:\\xampp\\htdocs...')
#12 {main}
CRITICAL - 2025-01-12 14:05:43 --> CodeIgniter\Database\Exceptions\DatabaseException: You have an error in your SQL syntax; check the manual that corresponds to your MariaDB server version for the right syntax to use near 'RPL 1' at line 3
[Method: GET, Route: daftar_siswa/rinci_siswa/4/X%20RPL%201]
in SYSTEMPATH\Database\BaseConnection.php on line 688.
 1 APPPATH\Models\DaftarsiswaModel.php(21): CodeIgniter\Database\BaseConnection->query('SELECT dt_siswa.id_siswa, dt_siswa.kd_siswa, dt_siswa.nis, dt_siswa.nisn, dt_siswa.nama_siswa, 
        dt_siswa.kelas, dt_siswa.id_periode, dt_periode_ajaran.tahun_ajaran FROM dt_siswa INNER JOIN dt_periode_ajaran 
        ON dt_siswa.id_periode = dt_periode_ajaran.id_periode WHERE dt_siswa.id_periode = 4 AND kelas = X RPL 1')
 2 APPPATH\Controllers\Daftarsiswa.php(61): App\Models\DaftarsiswaModel->dataSiswa('4', 'X RPL 1')
 3 SYSTEMPATH\CodeIgniter.php(933): App\Controllers\Daftarsiswa->rinci_siswa('4', 'X RPL 1')
 4 SYSTEMPATH\CodeIgniter.php(509): CodeIgniter\CodeIgniter->runController(Object(App\Controllers\Daftarsiswa))
 5 SYSTEMPATH\CodeIgniter.php(355): CodeIgniter\CodeIgniter->handleRequest(null, Object(Config\Cache), false)
 6 SYSTEMPATH\Boot.php(325): CodeIgniter\CodeIgniter->run()
 7 SYSTEMPATH\Boot.php(67): CodeIgniter\Boot::runCodeIgniter(Object(CodeIgniter\CodeIgniter))
 8 FCPATH\index.php(56): CodeIgniter\Boot::bootWeb(Object(Config\Paths))
 9 SYSTEMPATH\rewrite.php(44): require_once('C:\\xampp\\htdocs\\si_manajemen_nilai\\public\\index.php')
CRITICAL - 2025-01-12 14:05:43 --> [Caused by] CodeIgniter\Database\Exceptions\DatabaseException: You have an error in your SQL syntax; check the manual that corresponds to your MariaDB server version for the right syntax to use near 'RPL 1' at line 3
in SYSTEMPATH\Database\MySQLi\Connection.php on line 317.
 1 SYSTEMPATH\Database\BaseConnection.php(734): CodeIgniter\Database\MySQLi\Connection->execute('SELECT dt_siswa.id_siswa, dt_siswa.kd_siswa, dt_siswa.nis, dt_siswa.nisn, dt_siswa.nama_siswa, 
        dt_siswa.kelas, dt_siswa.id_periode, dt_periode_ajaran.tahun_ajaran FROM dt_siswa INNER JOIN dt_periode_ajaran 
        ON dt_siswa.id_periode = dt_periode_ajaran.id_periode WHERE dt_siswa.id_periode = 4 AND kelas = X RPL 1')
 2 SYSTEMPATH\Database\BaseConnection.php(648): CodeIgniter\Database\BaseConnection->simpleQuery('SELECT dt_siswa.id_siswa, dt_siswa.kd_siswa, dt_siswa.nis, dt_siswa.nisn, dt_siswa.nama_siswa, 
        dt_siswa.kelas, dt_siswa.id_periode, dt_periode_ajaran.tahun_ajaran FROM dt_siswa INNER JOIN dt_periode_ajaran 
        ON dt_siswa.id_periode = dt_periode_ajaran.id_periode WHERE dt_siswa.id_periode = 4 AND kelas = X RPL 1')
 3 APPPATH\Models\DaftarsiswaModel.php(21): CodeIgniter\Database\BaseConnection->query('SELECT dt_siswa.id_siswa, dt_siswa.kd_siswa, dt_siswa.nis, dt_siswa.nisn, dt_siswa.nama_siswa, 
        dt_siswa.kelas, dt_siswa.id_periode, dt_periode_ajaran.tahun_ajaran FROM dt_siswa INNER JOIN dt_periode_ajaran 
        ON dt_siswa.id_periode = dt_periode_ajaran.id_periode WHERE dt_siswa.id_periode = 4 AND kelas = X RPL 1')
 4 APPPATH\Controllers\Daftarsiswa.php(61): App\Models\DaftarsiswaModel->dataSiswa('4', 'X RPL 1')
 5 SYSTEMPATH\CodeIgniter.php(933): App\Controllers\Daftarsiswa->rinci_siswa('4', 'X RPL 1')
 6 SYSTEMPATH\CodeIgniter.php(509): CodeIgniter\CodeIgniter->runController(Object(App\Controllers\Daftarsiswa))
 7 SYSTEMPATH\CodeIgniter.php(355): CodeIgniter\CodeIgniter->handleRequest(null, Object(Config\Cache), false)
 8 SYSTEMPATH\Boot.php(325): CodeIgniter\CodeIgniter->run()
 9 SYSTEMPATH\Boot.php(67): CodeIgniter\Boot::runCodeIgniter(Object(CodeIgniter\CodeIgniter))
10 FCPATH\index.php(56): CodeIgniter\Boot::bootWeb(Object(Config\Paths))
11 SYSTEMPATH\rewrite.php(44): require_once('C:\\xampp\\htdocs\\si_manajemen_nilai\\public\\index.php')
CRITICAL - 2025-01-12 14:05:43 --> [Caused by] mysqli_sql_exception: You have an error in your SQL syntax; check the manual that corresponds to your MariaDB server version for the right syntax to use near 'RPL 1' at line 3
in SYSTEMPATH\Database\MySQLi\Connection.php on line 312.
 1 SYSTEMPATH\Database\MySQLi\Connection.php(312): mysqli->query('SELECT dt_siswa.id_siswa, dt_siswa.kd_siswa, dt_siswa.nis, dt_siswa.nisn, dt_siswa.nama_siswa, 
        dt_siswa.kelas, dt_siswa.id_periode, dt_periode_ajaran.tahun_ajaran FROM dt_siswa INNER JOIN dt_periode_ajaran 
        ON dt_siswa.id_periode = dt_periode_ajaran.id_periode WHERE dt_siswa.id_periode = 4 AND kelas = X RPL 1', 0)
 2 SYSTEMPATH\Database\BaseConnection.php(734): CodeIgniter\Database\MySQLi\Connection->execute('SELECT dt_siswa.id_siswa, dt_siswa.kd_siswa, dt_siswa.nis, dt_siswa.nisn, dt_siswa.nama_siswa, 
        dt_siswa.kelas, dt_siswa.id_periode, dt_periode_ajaran.tahun_ajaran FROM dt_siswa INNER JOIN dt_periode_ajaran 
        ON dt_siswa.id_periode = dt_periode_ajaran.id_periode WHERE dt_siswa.id_periode = 4 AND kelas = X RPL 1')
 3 SYSTEMPATH\Database\BaseConnection.php(648): CodeIgniter\Database\BaseConnection->simpleQuery('SELECT dt_siswa.id_siswa, dt_siswa.kd_siswa, dt_siswa.nis, dt_siswa.nisn, dt_siswa.nama_siswa, 
        dt_siswa.kelas, dt_siswa.id_periode, dt_periode_ajaran.tahun_ajaran FROM dt_siswa INNER JOIN dt_periode_ajaran 
        ON dt_siswa.id_periode = dt_periode_ajaran.id_periode WHERE dt_siswa.id_periode = 4 AND kelas = X RPL 1')
 4 APPPATH\Models\DaftarsiswaModel.php(21): CodeIgniter\Database\BaseConnection->query('SELECT dt_siswa.id_siswa, dt_siswa.kd_siswa, dt_siswa.nis, dt_siswa.nisn, dt_siswa.nama_siswa, 
        dt_siswa.kelas, dt_siswa.id_periode, dt_periode_ajaran.tahun_ajaran FROM dt_siswa INNER JOIN dt_periode_ajaran 
        ON dt_siswa.id_periode = dt_periode_ajaran.id_periode WHERE dt_siswa.id_periode = 4 AND kelas = X RPL 1')
 5 APPPATH\Controllers\Daftarsiswa.php(61): App\Models\DaftarsiswaModel->dataSiswa('4', 'X RPL 1')
 6 SYSTEMPATH\CodeIgniter.php(933): App\Controllers\Daftarsiswa->rinci_siswa('4', 'X RPL 1')
 7 SYSTEMPATH\CodeIgniter.php(509): CodeIgniter\CodeIgniter->runController(Object(App\Controllers\Daftarsiswa))
 8 SYSTEMPATH\CodeIgniter.php(355): CodeIgniter\CodeIgniter->handleRequest(null, Object(Config\Cache), false)
 9 SYSTEMPATH\Boot.php(325): CodeIgniter\CodeIgniter->run()
10 SYSTEMPATH\Boot.php(67): CodeIgniter\Boot::runCodeIgniter(Object(CodeIgniter\CodeIgniter))
11 FCPATH\index.php(56): CodeIgniter\Boot::bootWeb(Object(Config\Paths))
12 SYSTEMPATH\rewrite.php(44): require_once('C:\\xampp\\htdocs\\si_manajemen_nilai\\public\\index.php')
ERROR - 2025-01-12 14:05:49 --> mysqli_sql_exception: You have an error in your SQL syntax; check the manual that corresponds to your MariaDB server version for the right syntax to use near 'RPL 1' at line 3 in C:\xampp\htdocs\si_manajemen_nilai\system\Database\MySQLi\Connection.php:312
Stack trace:
#0 C:\xampp\htdocs\si_manajemen_nilai\system\Database\MySQLi\Connection.php(312): mysqli->query('SELECT dt_siswa...', 0)
#1 C:\xampp\htdocs\si_manajemen_nilai\system\Database\BaseConnection.php(734): CodeIgniter\Database\MySQLi\Connection->execute('SELECT dt_siswa...')
#2 C:\xampp\htdocs\si_manajemen_nilai\system\Database\BaseConnection.php(648): CodeIgniter\Database\BaseConnection->simpleQuery('SELECT dt_siswa...')
#3 C:\xampp\htdocs\si_manajemen_nilai\app\Models\DaftarsiswaModel.php(21): CodeIgniter\Database\BaseConnection->query('SELECT dt_siswa...')
#4 C:\xampp\htdocs\si_manajemen_nilai\app\Controllers\Daftarsiswa.php(61): App\Models\DaftarsiswaModel->dataSiswa('4', 'X RPL 1')
#5 C:\xampp\htdocs\si_manajemen_nilai\system\CodeIgniter.php(933): App\Controllers\Daftarsiswa->rinci_siswa('4', 'X RPL 1')
#6 C:\xampp\htdocs\si_manajemen_nilai\system\CodeIgniter.php(509): CodeIgniter\CodeIgniter->runController(Object(App\Controllers\Daftarsiswa))
#7 C:\xampp\htdocs\si_manajemen_nilai\system\CodeIgniter.php(355): CodeIgniter\CodeIgniter->handleRequest(NULL, Object(Config\Cache), false)
#8 C:\xampp\htdocs\si_manajemen_nilai\system\Boot.php(325): CodeIgniter\CodeIgniter->run()
#9 C:\xampp\htdocs\si_manajemen_nilai\system\Boot.php(67): CodeIgniter\Boot::runCodeIgniter(Object(CodeIgniter\CodeIgniter))
#10 C:\xampp\htdocs\si_manajemen_nilai\public\index.php(56): CodeIgniter\Boot::bootWeb(Object(Config\Paths))
#11 C:\xampp\htdocs\si_manajemen_nilai\system\rewrite.php(44): require_once('C:\\xampp\\htdocs...')
#12 {main}
CRITICAL - 2025-01-12 14:05:49 --> CodeIgniter\Database\Exceptions\DatabaseException: You have an error in your SQL syntax; check the manual that corresponds to your MariaDB server version for the right syntax to use near 'RPL 1' at line 3
[Method: GET, Route: daftar_siswa/rinci_siswa/4/X%20RPL%201]
in SYSTEMPATH\Database\BaseConnection.php on line 688.
 1 APPPATH\Models\DaftarsiswaModel.php(21): CodeIgniter\Database\BaseConnection->query('SELECT dt_siswa.id_siswa, dt_siswa.kd_siswa, dt_siswa.nis, dt_siswa.nisn, dt_siswa.nama_siswa, 
        dt_siswa.kelas, dt_siswa.id_periode, dt_periode_ajaran.tahun_ajaran FROM dt_siswa INNER JOIN dt_periode_ajaran 
        ON dt_siswa.id_periode = dt_periode_ajaran.id_periode WHERE dt_siswa.id_periode = 4 AND kelas = X RPL 1')
 2 APPPATH\Controllers\Daftarsiswa.php(61): App\Models\DaftarsiswaModel->dataSiswa('4', 'X RPL 1')
 3 SYSTEMPATH\CodeIgniter.php(933): App\Controllers\Daftarsiswa->rinci_siswa('4', 'X RPL 1')
 4 SYSTEMPATH\CodeIgniter.php(509): CodeIgniter\CodeIgniter->runController(Object(App\Controllers\Daftarsiswa))
 5 SYSTEMPATH\CodeIgniter.php(355): CodeIgniter\CodeIgniter->handleRequest(null, Object(Config\Cache), false)
 6 SYSTEMPATH\Boot.php(325): CodeIgniter\CodeIgniter->run()
 7 SYSTEMPATH\Boot.php(67): CodeIgniter\Boot::runCodeIgniter(Object(CodeIgniter\CodeIgniter))
 8 FCPATH\index.php(56): CodeIgniter\Boot::bootWeb(Object(Config\Paths))
 9 SYSTEMPATH\rewrite.php(44): require_once('C:\\xampp\\htdocs\\si_manajemen_nilai\\public\\index.php')
CRITICAL - 2025-01-12 14:05:49 --> [Caused by] CodeIgniter\Database\Exceptions\DatabaseException: You have an error in your SQL syntax; check the manual that corresponds to your MariaDB server version for the right syntax to use near 'RPL 1' at line 3
in SYSTEMPATH\Database\MySQLi\Connection.php on line 317.
 1 SYSTEMPATH\Database\BaseConnection.php(734): CodeIgniter\Database\MySQLi\Connection->execute('SELECT dt_siswa.id_siswa, dt_siswa.kd_siswa, dt_siswa.nis, dt_siswa.nisn, dt_siswa.nama_siswa, 
        dt_siswa.kelas, dt_siswa.id_periode, dt_periode_ajaran.tahun_ajaran FROM dt_siswa INNER JOIN dt_periode_ajaran 
        ON dt_siswa.id_periode = dt_periode_ajaran.id_periode WHERE dt_siswa.id_periode = 4 AND kelas = X RPL 1')
 2 SYSTEMPATH\Database\BaseConnection.php(648): CodeIgniter\Database\BaseConnection->simpleQuery('SELECT dt_siswa.id_siswa, dt_siswa.kd_siswa, dt_siswa.nis, dt_siswa.nisn, dt_siswa.nama_siswa, 
        dt_siswa.kelas, dt_siswa.id_periode, dt_periode_ajaran.tahun_ajaran FROM dt_siswa INNER JOIN dt_periode_ajaran 
        ON dt_siswa.id_periode = dt_periode_ajaran.id_periode WHERE dt_siswa.id_periode = 4 AND kelas = X RPL 1')
 3 APPPATH\Models\DaftarsiswaModel.php(21): CodeIgniter\Database\BaseConnection->query('SELECT dt_siswa.id_siswa, dt_siswa.kd_siswa, dt_siswa.nis, dt_siswa.nisn, dt_siswa.nama_siswa, 
        dt_siswa.kelas, dt_siswa.id_periode, dt_periode_ajaran.tahun_ajaran FROM dt_siswa INNER JOIN dt_periode_ajaran 
        ON dt_siswa.id_periode = dt_periode_ajaran.id_periode WHERE dt_siswa.id_periode = 4 AND kelas = X RPL 1')
 4 APPPATH\Controllers\Daftarsiswa.php(61): App\Models\DaftarsiswaModel->dataSiswa('4', 'X RPL 1')
 5 SYSTEMPATH\CodeIgniter.php(933): App\Controllers\Daftarsiswa->rinci_siswa('4', 'X RPL 1')
 6 SYSTEMPATH\CodeIgniter.php(509): CodeIgniter\CodeIgniter->runController(Object(App\Controllers\Daftarsiswa))
 7 SYSTEMPATH\CodeIgniter.php(355): CodeIgniter\CodeIgniter->handleRequest(null, Object(Config\Cache), false)
 8 SYSTEMPATH\Boot.php(325): CodeIgniter\CodeIgniter->run()
 9 SYSTEMPATH\Boot.php(67): CodeIgniter\Boot::runCodeIgniter(Object(CodeIgniter\CodeIgniter))
10 FCPATH\index.php(56): CodeIgniter\Boot::bootWeb(Object(Config\Paths))
11 SYSTEMPATH\rewrite.php(44): require_once('C:\\xampp\\htdocs\\si_manajemen_nilai\\public\\index.php')
CRITICAL - 2025-01-12 14:05:49 --> [Caused by] mysqli_sql_exception: You have an error in your SQL syntax; check the manual that corresponds to your MariaDB server version for the right syntax to use near 'RPL 1' at line 3
in SYSTEMPATH\Database\MySQLi\Connection.php on line 312.
 1 SYSTEMPATH\Database\MySQLi\Connection.php(312): mysqli->query('SELECT dt_siswa.id_siswa, dt_siswa.kd_siswa, dt_siswa.nis, dt_siswa.nisn, dt_siswa.nama_siswa, 
        dt_siswa.kelas, dt_siswa.id_periode, dt_periode_ajaran.tahun_ajaran FROM dt_siswa INNER JOIN dt_periode_ajaran 
        ON dt_siswa.id_periode = dt_periode_ajaran.id_periode WHERE dt_siswa.id_periode = 4 AND kelas = X RPL 1', 0)
 2 SYSTEMPATH\Database\BaseConnection.php(734): CodeIgniter\Database\MySQLi\Connection->execute('SELECT dt_siswa.id_siswa, dt_siswa.kd_siswa, dt_siswa.nis, dt_siswa.nisn, dt_siswa.nama_siswa, 
        dt_siswa.kelas, dt_siswa.id_periode, dt_periode_ajaran.tahun_ajaran FROM dt_siswa INNER JOIN dt_periode_ajaran 
        ON dt_siswa.id_periode = dt_periode_ajaran.id_periode WHERE dt_siswa.id_periode = 4 AND kelas = X RPL 1')
 3 SYSTEMPATH\Database\BaseConnection.php(648): CodeIgniter\Database\BaseConnection->simpleQuery('SELECT dt_siswa.id_siswa, dt_siswa.kd_siswa, dt_siswa.nis, dt_siswa.nisn, dt_siswa.nama_siswa, 
        dt_siswa.kelas, dt_siswa.id_periode, dt_periode_ajaran.tahun_ajaran FROM dt_siswa INNER JOIN dt_periode_ajaran 
        ON dt_siswa.id_periode = dt_periode_ajaran.id_periode WHERE dt_siswa.id_periode = 4 AND kelas = X RPL 1')
 4 APPPATH\Models\DaftarsiswaModel.php(21): CodeIgniter\Database\BaseConnection->query('SELECT dt_siswa.id_siswa, dt_siswa.kd_siswa, dt_siswa.nis, dt_siswa.nisn, dt_siswa.nama_siswa, 
        dt_siswa.kelas, dt_siswa.id_periode, dt_periode_ajaran.tahun_ajaran FROM dt_siswa INNER JOIN dt_periode_ajaran 
        ON dt_siswa.id_periode = dt_periode_ajaran.id_periode WHERE dt_siswa.id_periode = 4 AND kelas = X RPL 1')
 5 APPPATH\Controllers\Daftarsiswa.php(61): App\Models\DaftarsiswaModel->dataSiswa('4', 'X RPL 1')
 6 SYSTEMPATH\CodeIgniter.php(933): App\Controllers\Daftarsiswa->rinci_siswa('4', 'X RPL 1')
 7 SYSTEMPATH\CodeIgniter.php(509): CodeIgniter\CodeIgniter->runController(Object(App\Controllers\Daftarsiswa))
 8 SYSTEMPATH\CodeIgniter.php(355): CodeIgniter\CodeIgniter->handleRequest(null, Object(Config\Cache), false)
 9 SYSTEMPATH\Boot.php(325): CodeIgniter\CodeIgniter->run()
10 SYSTEMPATH\Boot.php(67): CodeIgniter\Boot::runCodeIgniter(Object(CodeIgniter\CodeIgniter))
11 FCPATH\index.php(56): CodeIgniter\Boot::bootWeb(Object(Config\Paths))
12 SYSTEMPATH\rewrite.php(44): require_once('C:\\xampp\\htdocs\\si_manajemen_nilai\\public\\index.php')
ERROR - 2025-01-12 14:07:53 --> mysqli_sql_exception: You have an error in your SQL syntax; check the manual that corresponds to your MariaDB server version for the right syntax to use near 'RPL 1' at line 3 in C:\xampp\htdocs\si_manajemen_nilai\system\Database\MySQLi\Connection.php:312
Stack trace:
#0 C:\xampp\htdocs\si_manajemen_nilai\system\Database\MySQLi\Connection.php(312): mysqli->query('SELECT dt_siswa...', 0)
#1 C:\xampp\htdocs\si_manajemen_nilai\system\Database\BaseConnection.php(734): CodeIgniter\Database\MySQLi\Connection->execute('SELECT dt_siswa...')
#2 C:\xampp\htdocs\si_manajemen_nilai\system\Database\BaseConnection.php(648): CodeIgniter\Database\BaseConnection->simpleQuery('SELECT dt_siswa...')
#3 C:\xampp\htdocs\si_manajemen_nilai\app\Models\DaftarsiswaModel.php(21): CodeIgniter\Database\BaseConnection->query('SELECT dt_siswa...')
#4 C:\xampp\htdocs\si_manajemen_nilai\app\Controllers\Daftarsiswa.php(61): App\Models\DaftarsiswaModel->dataSiswa('4', 'X RPL 1')
#5 C:\xampp\htdocs\si_manajemen_nilai\system\CodeIgniter.php(933): App\Controllers\Daftarsiswa->rinci_siswa('4', 'X RPL 1')
#6 C:\xampp\htdocs\si_manajemen_nilai\system\CodeIgniter.php(509): CodeIgniter\CodeIgniter->runController(Object(App\Controllers\Daftarsiswa))
#7 C:\xampp\htdocs\si_manajemen_nilai\system\CodeIgniter.php(355): CodeIgniter\CodeIgniter->handleRequest(NULL, Object(Config\Cache), false)
#8 C:\xampp\htdocs\si_manajemen_nilai\system\Boot.php(325): CodeIgniter\CodeIgniter->run()
#9 C:\xampp\htdocs\si_manajemen_nilai\system\Boot.php(67): CodeIgniter\Boot::runCodeIgniter(Object(CodeIgniter\CodeIgniter))
#10 C:\xampp\htdocs\si_manajemen_nilai\public\index.php(56): CodeIgniter\Boot::bootWeb(Object(Config\Paths))
#11 C:\xampp\htdocs\si_manajemen_nilai\system\rewrite.php(44): require_once('C:\\xampp\\htdocs...')
#12 {main}
CRITICAL - 2025-01-12 14:07:54 --> CodeIgniter\Database\Exceptions\DatabaseException: You have an error in your SQL syntax; check the manual that corresponds to your MariaDB server version for the right syntax to use near 'RPL 1' at line 3
[Method: GET, Route: daftar_siswa/rinci_siswa/4/X%20RPL%201]
in SYSTEMPATH\Database\BaseConnection.php on line 688.
 1 APPPATH\Models\DaftarsiswaModel.php(21): CodeIgniter\Database\BaseConnection->query('SELECT dt_siswa.id_siswa, dt_siswa.kd_siswa, dt_siswa.nis, dt_siswa.nisn, dt_siswa.nama_siswa, 
        dt_siswa.kelas, dt_siswa.id_periode, dt_periode_ajaran.tahun_ajaran FROM dt_siswa INNER JOIN dt_periode_ajaran 
        ON dt_siswa.id_periode = dt_periode_ajaran.id_periode WHERE dt_siswa.id_periode = 4 AND kelas = X RPL 1')
 2 APPPATH\Controllers\Daftarsiswa.php(61): App\Models\DaftarsiswaModel->dataSiswa('4', 'X RPL 1')
 3 SYSTEMPATH\CodeIgniter.php(933): App\Controllers\Daftarsiswa->rinci_siswa('4', 'X RPL 1')
 4 SYSTEMPATH\CodeIgniter.php(509): CodeIgniter\CodeIgniter->runController(Object(App\Controllers\Daftarsiswa))
 5 SYSTEMPATH\CodeIgniter.php(355): CodeIgniter\CodeIgniter->handleRequest(null, Object(Config\Cache), false)
 6 SYSTEMPATH\Boot.php(325): CodeIgniter\CodeIgniter->run()
 7 SYSTEMPATH\Boot.php(67): CodeIgniter\Boot::runCodeIgniter(Object(CodeIgniter\CodeIgniter))
 8 FCPATH\index.php(56): CodeIgniter\Boot::bootWeb(Object(Config\Paths))
 9 SYSTEMPATH\rewrite.php(44): require_once('C:\\xampp\\htdocs\\si_manajemen_nilai\\public\\index.php')
CRITICAL - 2025-01-12 14:07:54 --> [Caused by] CodeIgniter\Database\Exceptions\DatabaseException: You have an error in your SQL syntax; check the manual that corresponds to your MariaDB server version for the right syntax to use near 'RPL 1' at line 3
in SYSTEMPATH\Database\MySQLi\Connection.php on line 317.
 1 SYSTEMPATH\Database\BaseConnection.php(734): CodeIgniter\Database\MySQLi\Connection->execute('SELECT dt_siswa.id_siswa, dt_siswa.kd_siswa, dt_siswa.nis, dt_siswa.nisn, dt_siswa.nama_siswa, 
        dt_siswa.kelas, dt_siswa.id_periode, dt_periode_ajaran.tahun_ajaran FROM dt_siswa INNER JOIN dt_periode_ajaran 
        ON dt_siswa.id_periode = dt_periode_ajaran.id_periode WHERE dt_siswa.id_periode = 4 AND kelas = X RPL 1')
 2 SYSTEMPATH\Database\BaseConnection.php(648): CodeIgniter\Database\BaseConnection->simpleQuery('SELECT dt_siswa.id_siswa, dt_siswa.kd_siswa, dt_siswa.nis, dt_siswa.nisn, dt_siswa.nama_siswa, 
        dt_siswa.kelas, dt_siswa.id_periode, dt_periode_ajaran.tahun_ajaran FROM dt_siswa INNER JOIN dt_periode_ajaran 
        ON dt_siswa.id_periode = dt_periode_ajaran.id_periode WHERE dt_siswa.id_periode = 4 AND kelas = X RPL 1')
 3 APPPATH\Models\DaftarsiswaModel.php(21): CodeIgniter\Database\BaseConnection->query('SELECT dt_siswa.id_siswa, dt_siswa.kd_siswa, dt_siswa.nis, dt_siswa.nisn, dt_siswa.nama_siswa, 
        dt_siswa.kelas, dt_siswa.id_periode, dt_periode_ajaran.tahun_ajaran FROM dt_siswa INNER JOIN dt_periode_ajaran 
        ON dt_siswa.id_periode = dt_periode_ajaran.id_periode WHERE dt_siswa.id_periode = 4 AND kelas = X RPL 1')
 4 APPPATH\Controllers\Daftarsiswa.php(61): App\Models\DaftarsiswaModel->dataSiswa('4', 'X RPL 1')
 5 SYSTEMPATH\CodeIgniter.php(933): App\Controllers\Daftarsiswa->rinci_siswa('4', 'X RPL 1')
 6 SYSTEMPATH\CodeIgniter.php(509): CodeIgniter\CodeIgniter->runController(Object(App\Controllers\Daftarsiswa))
 7 SYSTEMPATH\CodeIgniter.php(355): CodeIgniter\CodeIgniter->handleRequest(null, Object(Config\Cache), false)
 8 SYSTEMPATH\Boot.php(325): CodeIgniter\CodeIgniter->run()
 9 SYSTEMPATH\Boot.php(67): CodeIgniter\Boot::runCodeIgniter(Object(CodeIgniter\CodeIgniter))
10 FCPATH\index.php(56): CodeIgniter\Boot::bootWeb(Object(Config\Paths))
11 SYSTEMPATH\rewrite.php(44): require_once('C:\\xampp\\htdocs\\si_manajemen_nilai\\public\\index.php')
CRITICAL - 2025-01-12 14:07:54 --> [Caused by] mysqli_sql_exception: You have an error in your SQL syntax; check the manual that corresponds to your MariaDB server version for the right syntax to use near 'RPL 1' at line 3
in SYSTEMPATH\Database\MySQLi\Connection.php on line 312.
 1 SYSTEMPATH\Database\MySQLi\Connection.php(312): mysqli->query('SELECT dt_siswa.id_siswa, dt_siswa.kd_siswa, dt_siswa.nis, dt_siswa.nisn, dt_siswa.nama_siswa, 
        dt_siswa.kelas, dt_siswa.id_periode, dt_periode_ajaran.tahun_ajaran FROM dt_siswa INNER JOIN dt_periode_ajaran 
        ON dt_siswa.id_periode = dt_periode_ajaran.id_periode WHERE dt_siswa.id_periode = 4 AND kelas = X RPL 1', 0)
 2 SYSTEMPATH\Database\BaseConnection.php(734): CodeIgniter\Database\MySQLi\Connection->execute('SELECT dt_siswa.id_siswa, dt_siswa.kd_siswa, dt_siswa.nis, dt_siswa.nisn, dt_siswa.nama_siswa, 
        dt_siswa.kelas, dt_siswa.id_periode, dt_periode_ajaran.tahun_ajaran FROM dt_siswa INNER JOIN dt_periode_ajaran 
        ON dt_siswa.id_periode = dt_periode_ajaran.id_periode WHERE dt_siswa.id_periode = 4 AND kelas = X RPL 1')
 3 SYSTEMPATH\Database\BaseConnection.php(648): CodeIgniter\Database\BaseConnection->simpleQuery('SELECT dt_siswa.id_siswa, dt_siswa.kd_siswa, dt_siswa.nis, dt_siswa.nisn, dt_siswa.nama_siswa, 
        dt_siswa.kelas, dt_siswa.id_periode, dt_periode_ajaran.tahun_ajaran FROM dt_siswa INNER JOIN dt_periode_ajaran 
        ON dt_siswa.id_periode = dt_periode_ajaran.id_periode WHERE dt_siswa.id_periode = 4 AND kelas = X RPL 1')
 4 APPPATH\Models\DaftarsiswaModel.php(21): CodeIgniter\Database\BaseConnection->query('SELECT dt_siswa.id_siswa, dt_siswa.kd_siswa, dt_siswa.nis, dt_siswa.nisn, dt_siswa.nama_siswa, 
        dt_siswa.kelas, dt_siswa.id_periode, dt_periode_ajaran.tahun_ajaran FROM dt_siswa INNER JOIN dt_periode_ajaran 
        ON dt_siswa.id_periode = dt_periode_ajaran.id_periode WHERE dt_siswa.id_periode = 4 AND kelas = X RPL 1')
 5 APPPATH\Controllers\Daftarsiswa.php(61): App\Models\DaftarsiswaModel->dataSiswa('4', 'X RPL 1')
 6 SYSTEMPATH\CodeIgniter.php(933): App\Controllers\Daftarsiswa->rinci_siswa('4', 'X RPL 1')
 7 SYSTEMPATH\CodeIgniter.php(509): CodeIgniter\CodeIgniter->runController(Object(App\Controllers\Daftarsiswa))
 8 SYSTEMPATH\CodeIgniter.php(355): CodeIgniter\CodeIgniter->handleRequest(null, Object(Config\Cache), false)
 9 SYSTEMPATH\Boot.php(325): CodeIgniter\CodeIgniter->run()
10 SYSTEMPATH\Boot.php(67): CodeIgniter\Boot::runCodeIgniter(Object(CodeIgniter\CodeIgniter))
11 FCPATH\index.php(56): CodeIgniter\Boot::bootWeb(Object(Config\Paths))
12 SYSTEMPATH\rewrite.php(44): require_once('C:\\xampp\\htdocs\\si_manajemen_nilai\\public\\index.php')
CRITICAL - 2025-01-12 14:27:00 --> ErrorException: Undefined variable $siswa
[Method: GET, Route: daftar_siswa/rinci_kelas/2024/2025]
in APPPATH\Views\daftar_murid_rinci_view.php on line 31.
 1 APPPATH\Views\daftar_murid_rinci_view.php(31): CodeIgniter\Debug\Exceptions->errorHandler(2, 'Undefined variable $siswa', 'C:\\xampp\\htdocs\\si_manajemen_nilai\\app\\Views\\daftar_murid_rinci_view.php', 31)
 2 SYSTEMPATH\View\View.php(234): include('C:\\xampp\\htdocs\\si_manajemen_nilai\\app\\Views\\daftar_murid_rinci_view.php')
 3 SYSTEMPATH\View\View.php(237): CodeIgniter\View\View->CodeIgniter\View\{closure}()
 4 SYSTEMPATH\Common.php(1171): CodeIgniter\View\View->render('daftar_murid_rinci_view', [], true)
 5 APPPATH\Controllers\Daftarsiswa.php(49): view('daftar_murid_rinci_view', [...])
 6 SYSTEMPATH\CodeIgniter.php(933): App\Controllers\Daftarsiswa->rinci_kelas('2024', '2025')
 7 SYSTEMPATH\CodeIgniter.php(509): CodeIgniter\CodeIgniter->runController(Object(App\Controllers\Daftarsiswa))
 8 SYSTEMPATH\CodeIgniter.php(355): CodeIgniter\CodeIgniter->handleRequest(null, Object(Config\Cache), false)
 9 SYSTEMPATH\Boot.php(325): CodeIgniter\CodeIgniter->run()
10 SYSTEMPATH\Boot.php(67): CodeIgniter\Boot::runCodeIgniter(Object(CodeIgniter\CodeIgniter))
11 FCPATH\index.php(56): CodeIgniter\Boot::bootWeb(Object(Config\Paths))
12 SYSTEMPATH\rewrite.php(44): require_once('C:\\xampp\\htdocs\\si_manajemen_nilai\\public\\index.php')
