CRITICAL - 2025-01-19 11:01:04 --> ErrorException: Undefined variable $kelasModel
[Method: GET, Route: daftar_nilai/peserta_didik/13/1/Informatika]
in APPPATH\Controllers\Daftarnilai.php on line 30.
 1 APPPATH\Controllers\Daftarnilai.php(30): CodeIgniter\Debug\Exceptions->errorHandler(2, 'Undefined variable $kelasModel', 'C:\\xampp\\htdocs\\si_manajemen_nilai\\app\\Controllers\\Daftarnilai.php', 30)
 2 SYSTEMPATH\CodeIgniter.php(933): App\Controllers\Daftarnilai->peserta_didik('13', '1', 'Informatika')
 3 SYSTEMPATH\CodeIgniter.php(509): CodeIgniter\CodeIgniter->runController(Object(App\Controllers\Daftarnilai))
 4 SYSTEMPATH\CodeIgniter.php(355): CodeIgniter\CodeIgniter->handleRequest(null, Object(Config\Cache), false)
 5 SYSTEMPATH\Boot.php(325): CodeIgniter\CodeIgniter->run()
 6 SYSTEMPATH\Boot.php(67): CodeIgniter\Boot::runCodeIgniter(Object(CodeIgniter\CodeIgniter))
 7 FCPATH\index.php(56): CodeIgniter\Boot::bootWeb(Object(Config\Paths))
 8 SYSTEMPATH\rewrite.php(44): require_once('C:\\xampp\\htdocs\\si_manajemen_nilai\\public\\index.php')
CRITICAL - 2025-01-19 11:01:10 --> ErrorException: Undefined variable $kelasModel
[Method: GET, Route: daftar_nilai/peserta_didik/13/1/Informatika]
in APPPATH\Controllers\Daftarnilai.php on line 30.
 1 APPPATH\Controllers\Daftarnilai.php(30): CodeIgniter\Debug\Exceptions->errorHandler(2, 'Undefined variable $kelasModel', 'C:\\xampp\\htdocs\\si_manajemen_nilai\\app\\Controllers\\Daftarnilai.php', 30)
 2 SYSTEMPATH\CodeIgniter.php(933): App\Controllers\Daftarnilai->peserta_didik('13', '1', 'Informatika')
 3 SYSTEMPATH\CodeIgniter.php(509): CodeIgniter\CodeIgniter->runController(Object(App\Controllers\Daftarnilai))
 4 SYSTEMPATH\CodeIgniter.php(355): CodeIgniter\CodeIgniter->handleRequest(null, Object(Config\Cache), false)
 5 SYSTEMPATH\Boot.php(325): CodeIgniter\CodeIgniter->run()
 6 SYSTEMPATH\Boot.php(67): CodeIgniter\Boot::runCodeIgniter(Object(CodeIgniter\CodeIgniter))
 7 FCPATH\index.php(56): CodeIgniter\Boot::bootWeb(Object(Config\Paths))
 8 SYSTEMPATH\rewrite.php(44): require_once('C:\\xampp\\htdocs\\si_manajemen_nilai\\public\\index.php')
ERROR - 2025-01-19 11:03:01 --> mysqli_sql_exception: Unknown column 'jurusan' in 'field list' in C:\xampp\htdocs\si_manajemen_nilai\system\Database\MySQLi\Connection.php:312
Stack trace:
#0 C:\xampp\htdocs\si_manajemen_nilai\system\Database\MySQLi\Connection.php(312): mysqli->query('SELECT jurusan ...', 0)
#1 C:\xampp\htdocs\si_manajemen_nilai\system\Database\BaseConnection.php(734): CodeIgniter\Database\MySQLi\Connection->execute('SELECT jurusan ...')
#2 C:\xampp\htdocs\si_manajemen_nilai\system\Database\BaseConnection.php(648): CodeIgniter\Database\BaseConnection->simpleQuery('SELECT jurusan ...')
#3 C:\xampp\htdocs\si_manajemen_nilai\app\Models\DaftarjurusanModel.php(23): CodeIgniter\Database\BaseConnection->query('SELECT jurusan ...')
#4 C:\xampp\htdocs\si_manajemen_nilai\app\Controllers\Daftarnilai.php(33): App\Models\DaftarjurusanModel->jurusan('1')
#5 C:\xampp\htdocs\si_manajemen_nilai\system\CodeIgniter.php(933): App\Controllers\Daftarnilai->peserta_didik('13', '1', 'Informatika')
#6 C:\xampp\htdocs\si_manajemen_nilai\system\CodeIgniter.php(509): CodeIgniter\CodeIgniter->runController(Object(App\Controllers\Daftarnilai))
#7 C:\xampp\htdocs\si_manajemen_nilai\system\CodeIgniter.php(355): CodeIgniter\CodeIgniter->handleRequest(NULL, Object(Config\Cache), false)
#8 C:\xampp\htdocs\si_manajemen_nilai\system\Boot.php(325): CodeIgniter\CodeIgniter->run()
#9 C:\xampp\htdocs\si_manajemen_nilai\system\Boot.php(67): CodeIgniter\Boot::runCodeIgniter(Object(CodeIgniter\CodeIgniter))
#10 C:\xampp\htdocs\si_manajemen_nilai\public\index.php(56): CodeIgniter\Boot::bootWeb(Object(Config\Paths))
#11 C:\xampp\htdocs\si_manajemen_nilai\system\rewrite.php(44): require_once('C:\\xampp\\htdocs...')
#12 {main}
CRITICAL - 2025-01-19 11:03:01 --> CodeIgniter\Database\Exceptions\DatabaseException: Unknown column 'jurusan' in 'field list'
[Method: GET, Route: daftar_nilai/peserta_didik/13/1/Informatika]
in SYSTEMPATH\Database\BaseConnection.php on line 688.
 1 APPPATH\Models\DaftarjurusanModel.php(23): CodeIgniter\Database\BaseConnection->query('SELECT jurusan FROM dt_jurusan WHERE id_jurusan = 1')
 2 APPPATH\Controllers\Daftarnilai.php(33): App\Models\DaftarjurusanModel->jurusan('1')
 3 SYSTEMPATH\CodeIgniter.php(933): App\Controllers\Daftarnilai->peserta_didik('13', '1', 'Informatika')
 4 SYSTEMPATH\CodeIgniter.php(509): CodeIgniter\CodeIgniter->runController(Object(App\Controllers\Daftarnilai))
 5 SYSTEMPATH\CodeIgniter.php(355): CodeIgniter\CodeIgniter->handleRequest(null, Object(Config\Cache), false)
 6 SYSTEMPATH\Boot.php(325): CodeIgniter\CodeIgniter->run()
 7 SYSTEMPATH\Boot.php(67): CodeIgniter\Boot::runCodeIgniter(Object(CodeIgniter\CodeIgniter))
 8 FCPATH\index.php(56): CodeIgniter\Boot::bootWeb(Object(Config\Paths))
 9 SYSTEMPATH\rewrite.php(44): require_once('C:\\xampp\\htdocs\\si_manajemen_nilai\\public\\index.php')
CRITICAL - 2025-01-19 11:03:01 --> [Caused by] CodeIgniter\Database\Exceptions\DatabaseException: Unknown column 'jurusan' in 'field list'
in SYSTEMPATH\Database\MySQLi\Connection.php on line 317.
 1 SYSTEMPATH\Database\BaseConnection.php(734): CodeIgniter\Database\MySQLi\Connection->execute('SELECT jurusan FROM dt_jurusan WHERE id_jurusan = 1')
 2 SYSTEMPATH\Database\BaseConnection.php(648): CodeIgniter\Database\BaseConnection->simpleQuery('SELECT jurusan FROM dt_jurusan WHERE id_jurusan = 1')
 3 APPPATH\Models\DaftarjurusanModel.php(23): CodeIgniter\Database\BaseConnection->query('SELECT jurusan FROM dt_jurusan WHERE id_jurusan = 1')
 4 APPPATH\Controllers\Daftarnilai.php(33): App\Models\DaftarjurusanModel->jurusan('1')
 5 SYSTEMPATH\CodeIgniter.php(933): App\Controllers\Daftarnilai->peserta_didik('13', '1', 'Informatika')
 6 SYSTEMPATH\CodeIgniter.php(509): CodeIgniter\CodeIgniter->runController(Object(App\Controllers\Daftarnilai))
 7 SYSTEMPATH\CodeIgniter.php(355): CodeIgniter\CodeIgniter->handleRequest(null, Object(Config\Cache), false)
 8 SYSTEMPATH\Boot.php(325): CodeIgniter\CodeIgniter->run()
 9 SYSTEMPATH\Boot.php(67): CodeIgniter\Boot::runCodeIgniter(Object(CodeIgniter\CodeIgniter))
10 FCPATH\index.php(56): CodeIgniter\Boot::bootWeb(Object(Config\Paths))
11 SYSTEMPATH\rewrite.php(44): require_once('C:\\xampp\\htdocs\\si_manajemen_nilai\\public\\index.php')
CRITICAL - 2025-01-19 11:03:02 --> [Caused by] mysqli_sql_exception: Unknown column 'jurusan' in 'field list'
in SYSTEMPATH\Database\MySQLi\Connection.php on line 312.
 1 SYSTEMPATH\Database\MySQLi\Connection.php(312): mysqli->query('SELECT jurusan FROM dt_jurusan WHERE id_jurusan = 1', 0)
 2 SYSTEMPATH\Database\BaseConnection.php(734): CodeIgniter\Database\MySQLi\Connection->execute('SELECT jurusan FROM dt_jurusan WHERE id_jurusan = 1')
 3 SYSTEMPATH\Database\BaseConnection.php(648): CodeIgniter\Database\BaseConnection->simpleQuery('SELECT jurusan FROM dt_jurusan WHERE id_jurusan = 1')
 4 APPPATH\Models\DaftarjurusanModel.php(23): CodeIgniter\Database\BaseConnection->query('SELECT jurusan FROM dt_jurusan WHERE id_jurusan = 1')
 5 APPPATH\Controllers\Daftarnilai.php(33): App\Models\DaftarjurusanModel->jurusan('1')
 6 SYSTEMPATH\CodeIgniter.php(933): App\Controllers\Daftarnilai->peserta_didik('13', '1', 'Informatika')
 7 SYSTEMPATH\CodeIgniter.php(509): CodeIgniter\CodeIgniter->runController(Object(App\Controllers\Daftarnilai))
 8 SYSTEMPATH\CodeIgniter.php(355): CodeIgniter\CodeIgniter->handleRequest(null, Object(Config\Cache), false)
 9 SYSTEMPATH\Boot.php(325): CodeIgniter\CodeIgniter->run()
10 SYSTEMPATH\Boot.php(67): CodeIgniter\Boot::runCodeIgniter(Object(CodeIgniter\CodeIgniter))
11 FCPATH\index.php(56): CodeIgniter\Boot::bootWeb(Object(Config\Paths))
12 SYSTEMPATH\rewrite.php(44): require_once('C:\\xampp\\htdocs\\si_manajemen_nilai\\public\\index.php')
ERROR - 2025-01-19 11:04:54 --> mysqli_sql_exception: Unknown column 'jurusan' in 'field list' in C:\xampp\htdocs\si_manajemen_nilai\system\Database\MySQLi\Connection.php:312
Stack trace:
#0 C:\xampp\htdocs\si_manajemen_nilai\system\Database\MySQLi\Connection.php(312): mysqli->query('SELECT id_jurus...', 0)
#1 C:\xampp\htdocs\si_manajemen_nilai\system\Database\BaseConnection.php(734): CodeIgniter\Database\MySQLi\Connection->execute('SELECT id_jurus...')
#2 C:\xampp\htdocs\si_manajemen_nilai\system\Database\BaseConnection.php(648): CodeIgniter\Database\BaseConnection->simpleQuery('SELECT id_jurus...')
#3 C:\xampp\htdocs\si_manajemen_nilai\app\Models\DaftarjurusanModel.php(23): CodeIgniter\Database\BaseConnection->query('SELECT id_jurus...')
#4 C:\xampp\htdocs\si_manajemen_nilai\app\Controllers\Daftarnilai.php(33): App\Models\DaftarjurusanModel->jurusan('1')
#5 C:\xampp\htdocs\si_manajemen_nilai\system\CodeIgniter.php(933): App\Controllers\Daftarnilai->peserta_didik('13', '1', 'Informatika')
#6 C:\xampp\htdocs\si_manajemen_nilai\system\CodeIgniter.php(509): CodeIgniter\CodeIgniter->runController(Object(App\Controllers\Daftarnilai))
#7 C:\xampp\htdocs\si_manajemen_nilai\system\CodeIgniter.php(355): CodeIgniter\CodeIgniter->handleRequest(NULL, Object(Config\Cache), false)
#8 C:\xampp\htdocs\si_manajemen_nilai\system\Boot.php(325): CodeIgniter\CodeIgniter->run()
#9 C:\xampp\htdocs\si_manajemen_nilai\system\Boot.php(67): CodeIgniter\Boot::runCodeIgniter(Object(CodeIgniter\CodeIgniter))
#10 C:\xampp\htdocs\si_manajemen_nilai\public\index.php(56): CodeIgniter\Boot::bootWeb(Object(Config\Paths))
#11 C:\xampp\htdocs\si_manajemen_nilai\system\rewrite.php(44): require_once('C:\\xampp\\htdocs...')
#12 {main}
CRITICAL - 2025-01-19 11:04:54 --> CodeIgniter\Database\Exceptions\DatabaseException: Unknown column 'jurusan' in 'field list'
[Method: GET, Route: daftar_nilai/peserta_didik/13/1/Informatika]
in SYSTEMPATH\Database\BaseConnection.php on line 688.
 1 APPPATH\Models\DaftarjurusanModel.php(23): CodeIgniter\Database\BaseConnection->query('SELECT id_jurusan, jurusan FROM dt_jurusan WHERE id_jurusan = 1')
 2 APPPATH\Controllers\Daftarnilai.php(33): App\Models\DaftarjurusanModel->jurusan('1')
 3 SYSTEMPATH\CodeIgniter.php(933): App\Controllers\Daftarnilai->peserta_didik('13', '1', 'Informatika')
 4 SYSTEMPATH\CodeIgniter.php(509): CodeIgniter\CodeIgniter->runController(Object(App\Controllers\Daftarnilai))
 5 SYSTEMPATH\CodeIgniter.php(355): CodeIgniter\CodeIgniter->handleRequest(null, Object(Config\Cache), false)
 6 SYSTEMPATH\Boot.php(325): CodeIgniter\CodeIgniter->run()
 7 SYSTEMPATH\Boot.php(67): CodeIgniter\Boot::runCodeIgniter(Object(CodeIgniter\CodeIgniter))
 8 FCPATH\index.php(56): CodeIgniter\Boot::bootWeb(Object(Config\Paths))
 9 SYSTEMPATH\rewrite.php(44): require_once('C:\\xampp\\htdocs\\si_manajemen_nilai\\public\\index.php')
CRITICAL - 2025-01-19 11:04:54 --> [Caused by] CodeIgniter\Database\Exceptions\DatabaseException: Unknown column 'jurusan' in 'field list'
in SYSTEMPATH\Database\MySQLi\Connection.php on line 317.
 1 SYSTEMPATH\Database\BaseConnection.php(734): CodeIgniter\Database\MySQLi\Connection->execute('SELECT id_jurusan, jurusan FROM dt_jurusan WHERE id_jurusan = 1')
 2 SYSTEMPATH\Database\BaseConnection.php(648): CodeIgniter\Database\BaseConnection->simpleQuery('SELECT id_jurusan, jurusan FROM dt_jurusan WHERE id_jurusan = 1')
 3 APPPATH\Models\DaftarjurusanModel.php(23): CodeIgniter\Database\BaseConnection->query('SELECT id_jurusan, jurusan FROM dt_jurusan WHERE id_jurusan = 1')
 4 APPPATH\Controllers\Daftarnilai.php(33): App\Models\DaftarjurusanModel->jurusan('1')
 5 SYSTEMPATH\CodeIgniter.php(933): App\Controllers\Daftarnilai->peserta_didik('13', '1', 'Informatika')
 6 SYSTEMPATH\CodeIgniter.php(509): CodeIgniter\CodeIgniter->runController(Object(App\Controllers\Daftarnilai))
 7 SYSTEMPATH\CodeIgniter.php(355): CodeIgniter\CodeIgniter->handleRequest(null, Object(Config\Cache), false)
 8 SYSTEMPATH\Boot.php(325): CodeIgniter\CodeIgniter->run()
 9 SYSTEMPATH\Boot.php(67): CodeIgniter\Boot::runCodeIgniter(Object(CodeIgniter\CodeIgniter))
10 FCPATH\index.php(56): CodeIgniter\Boot::bootWeb(Object(Config\Paths))
11 SYSTEMPATH\rewrite.php(44): require_once('C:\\xampp\\htdocs\\si_manajemen_nilai\\public\\index.php')
CRITICAL - 2025-01-19 11:04:54 --> [Caused by] mysqli_sql_exception: Unknown column 'jurusan' in 'field list'
in SYSTEMPATH\Database\MySQLi\Connection.php on line 312.
 1 SYSTEMPATH\Database\MySQLi\Connection.php(312): mysqli->query('SELECT id_jurusan, jurusan FROM dt_jurusan WHERE id_jurusan = 1', 0)
 2 SYSTEMPATH\Database\BaseConnection.php(734): CodeIgniter\Database\MySQLi\Connection->execute('SELECT id_jurusan, jurusan FROM dt_jurusan WHERE id_jurusan = 1')
 3 SYSTEMPATH\Database\BaseConnection.php(648): CodeIgniter\Database\BaseConnection->simpleQuery('SELECT id_jurusan, jurusan FROM dt_jurusan WHERE id_jurusan = 1')
 4 APPPATH\Models\DaftarjurusanModel.php(23): CodeIgniter\Database\BaseConnection->query('SELECT id_jurusan, jurusan FROM dt_jurusan WHERE id_jurusan = 1')
 5 APPPATH\Controllers\Daftarnilai.php(33): App\Models\DaftarjurusanModel->jurusan('1')
 6 SYSTEMPATH\CodeIgniter.php(933): App\Controllers\Daftarnilai->peserta_didik('13', '1', 'Informatika')
 7 SYSTEMPATH\CodeIgniter.php(509): CodeIgniter\CodeIgniter->runController(Object(App\Controllers\Daftarnilai))
 8 SYSTEMPATH\CodeIgniter.php(355): CodeIgniter\CodeIgniter->handleRequest(null, Object(Config\Cache), false)
 9 SYSTEMPATH\Boot.php(325): CodeIgniter\CodeIgniter->run()
10 SYSTEMPATH\Boot.php(67): CodeIgniter\Boot::runCodeIgniter(Object(CodeIgniter\CodeIgniter))
11 FCPATH\index.php(56): CodeIgniter\Boot::bootWeb(Object(Config\Paths))
12 SYSTEMPATH\rewrite.php(44): require_once('C:\\xampp\\htdocs\\si_manajemen_nilai\\public\\index.php')
ERROR - 2025-01-19 11:05:39 --> mysqli_sql_exception: Unknown column 'jurusan' in 'field list' in C:\xampp\htdocs\si_manajemen_nilai\system\Database\MySQLi\Connection.php:312
Stack trace:
#0 C:\xampp\htdocs\si_manajemen_nilai\system\Database\MySQLi\Connection.php(312): mysqli->query('SELECT id_jurus...', 0)
#1 C:\xampp\htdocs\si_manajemen_nilai\system\Database\BaseConnection.php(734): CodeIgniter\Database\MySQLi\Connection->execute('SELECT id_jurus...')
#2 C:\xampp\htdocs\si_manajemen_nilai\system\Database\BaseConnection.php(648): CodeIgniter\Database\BaseConnection->simpleQuery('SELECT id_jurus...')
#3 C:\xampp\htdocs\si_manajemen_nilai\app\Models\DaftarjurusanModel.php(23): CodeIgniter\Database\BaseConnection->query('SELECT id_jurus...')
#4 C:\xampp\htdocs\si_manajemen_nilai\app\Controllers\Daftarnilai.php(33): App\Models\DaftarjurusanModel->jurusan('1')
#5 C:\xampp\htdocs\si_manajemen_nilai\system\CodeIgniter.php(933): App\Controllers\Daftarnilai->peserta_didik('13', '1', 'Informatika')
#6 C:\xampp\htdocs\si_manajemen_nilai\system\CodeIgniter.php(509): CodeIgniter\CodeIgniter->runController(Object(App\Controllers\Daftarnilai))
#7 C:\xampp\htdocs\si_manajemen_nilai\system\CodeIgniter.php(355): CodeIgniter\CodeIgniter->handleRequest(NULL, Object(Config\Cache), false)
#8 C:\xampp\htdocs\si_manajemen_nilai\system\Boot.php(325): CodeIgniter\CodeIgniter->run()
#9 C:\xampp\htdocs\si_manajemen_nilai\system\Boot.php(67): CodeIgniter\Boot::runCodeIgniter(Object(CodeIgniter\CodeIgniter))
#10 C:\xampp\htdocs\si_manajemen_nilai\public\index.php(56): CodeIgniter\Boot::bootWeb(Object(Config\Paths))
#11 C:\xampp\htdocs\si_manajemen_nilai\system\rewrite.php(44): require_once('C:\\xampp\\htdocs...')
#12 {main}
CRITICAL - 2025-01-19 11:05:39 --> CodeIgniter\Database\Exceptions\DatabaseException: Unknown column 'jurusan' in 'field list'
[Method: GET, Route: daftar_nilai/peserta_didik/13/1/Informatika]
in SYSTEMPATH\Database\BaseConnection.php on line 688.
 1 APPPATH\Models\DaftarjurusanModel.php(23): CodeIgniter\Database\BaseConnection->query('SELECT id_jurusan, jurusan FROM dt_jurusan WHERE id_jurusan = 1')
 2 APPPATH\Controllers\Daftarnilai.php(33): App\Models\DaftarjurusanModel->jurusan('1')
 3 SYSTEMPATH\CodeIgniter.php(933): App\Controllers\Daftarnilai->peserta_didik('13', '1', 'Informatika')
 4 SYSTEMPATH\CodeIgniter.php(509): CodeIgniter\CodeIgniter->runController(Object(App\Controllers\Daftarnilai))
 5 SYSTEMPATH\CodeIgniter.php(355): CodeIgniter\CodeIgniter->handleRequest(null, Object(Config\Cache), false)
 6 SYSTEMPATH\Boot.php(325): CodeIgniter\CodeIgniter->run()
 7 SYSTEMPATH\Boot.php(67): CodeIgniter\Boot::runCodeIgniter(Object(CodeIgniter\CodeIgniter))
 8 FCPATH\index.php(56): CodeIgniter\Boot::bootWeb(Object(Config\Paths))
 9 SYSTEMPATH\rewrite.php(44): require_once('C:\\xampp\\htdocs\\si_manajemen_nilai\\public\\index.php')
CRITICAL - 2025-01-19 11:05:39 --> [Caused by] CodeIgniter\Database\Exceptions\DatabaseException: Unknown column 'jurusan' in 'field list'
in SYSTEMPATH\Database\MySQLi\Connection.php on line 317.
 1 SYSTEMPATH\Database\BaseConnection.php(734): CodeIgniter\Database\MySQLi\Connection->execute('SELECT id_jurusan, jurusan FROM dt_jurusan WHERE id_jurusan = 1')
 2 SYSTEMPATH\Database\BaseConnection.php(648): CodeIgniter\Database\BaseConnection->simpleQuery('SELECT id_jurusan, jurusan FROM dt_jurusan WHERE id_jurusan = 1')
 3 APPPATH\Models\DaftarjurusanModel.php(23): CodeIgniter\Database\BaseConnection->query('SELECT id_jurusan, jurusan FROM dt_jurusan WHERE id_jurusan = 1')
 4 APPPATH\Controllers\Daftarnilai.php(33): App\Models\DaftarjurusanModel->jurusan('1')
 5 SYSTEMPATH\CodeIgniter.php(933): App\Controllers\Daftarnilai->peserta_didik('13', '1', 'Informatika')
 6 SYSTEMPATH\CodeIgniter.php(509): CodeIgniter\CodeIgniter->runController(Object(App\Controllers\Daftarnilai))
 7 SYSTEMPATH\CodeIgniter.php(355): CodeIgniter\CodeIgniter->handleRequest(null, Object(Config\Cache), false)
 8 SYSTEMPATH\Boot.php(325): CodeIgniter\CodeIgniter->run()
 9 SYSTEMPATH\Boot.php(67): CodeIgniter\Boot::runCodeIgniter(Object(CodeIgniter\CodeIgniter))
10 FCPATH\index.php(56): CodeIgniter\Boot::bootWeb(Object(Config\Paths))
11 SYSTEMPATH\rewrite.php(44): require_once('C:\\xampp\\htdocs\\si_manajemen_nilai\\public\\index.php')
CRITICAL - 2025-01-19 11:05:39 --> [Caused by] mysqli_sql_exception: Unknown column 'jurusan' in 'field list'
in SYSTEMPATH\Database\MySQLi\Connection.php on line 312.
 1 SYSTEMPATH\Database\MySQLi\Connection.php(312): mysqli->query('SELECT id_jurusan, jurusan FROM dt_jurusan WHERE id_jurusan = 1', 0)
 2 SYSTEMPATH\Database\BaseConnection.php(734): CodeIgniter\Database\MySQLi\Connection->execute('SELECT id_jurusan, jurusan FROM dt_jurusan WHERE id_jurusan = 1')
 3 SYSTEMPATH\Database\BaseConnection.php(648): CodeIgniter\Database\BaseConnection->simpleQuery('SELECT id_jurusan, jurusan FROM dt_jurusan WHERE id_jurusan = 1')
 4 APPPATH\Models\DaftarjurusanModel.php(23): CodeIgniter\Database\BaseConnection->query('SELECT id_jurusan, jurusan FROM dt_jurusan WHERE id_jurusan = 1')
 5 APPPATH\Controllers\Daftarnilai.php(33): App\Models\DaftarjurusanModel->jurusan('1')
 6 SYSTEMPATH\CodeIgniter.php(933): App\Controllers\Daftarnilai->peserta_didik('13', '1', 'Informatika')
 7 SYSTEMPATH\CodeIgniter.php(509): CodeIgniter\CodeIgniter->runController(Object(App\Controllers\Daftarnilai))
 8 SYSTEMPATH\CodeIgniter.php(355): CodeIgniter\CodeIgniter->handleRequest(null, Object(Config\Cache), false)
 9 SYSTEMPATH\Boot.php(325): CodeIgniter\CodeIgniter->run()
10 SYSTEMPATH\Boot.php(67): CodeIgniter\Boot::runCodeIgniter(Object(CodeIgniter\CodeIgniter))
11 FCPATH\index.php(56): CodeIgniter\Boot::bootWeb(Object(Config\Paths))
12 SYSTEMPATH\rewrite.php(44): require_once('C:\\xampp\\htdocs\\si_manajemen_nilai\\public\\index.php')
ERROR - 2025-01-19 11:05:45 --> mysqli_sql_exception: Unknown column 'jurusan' in 'field list' in C:\xampp\htdocs\si_manajemen_nilai\system\Database\MySQLi\Connection.php:312
Stack trace:
#0 C:\xampp\htdocs\si_manajemen_nilai\system\Database\MySQLi\Connection.php(312): mysqli->query('SELECT id_jurus...', 0)
#1 C:\xampp\htdocs\si_manajemen_nilai\system\Database\BaseConnection.php(734): CodeIgniter\Database\MySQLi\Connection->execute('SELECT id_jurus...')
#2 C:\xampp\htdocs\si_manajemen_nilai\system\Database\BaseConnection.php(648): CodeIgniter\Database\BaseConnection->simpleQuery('SELECT id_jurus...')
#3 C:\xampp\htdocs\si_manajemen_nilai\app\Models\DaftarjurusanModel.php(23): CodeIgniter\Database\BaseConnection->query('SELECT id_jurus...')
#4 C:\xampp\htdocs\si_manajemen_nilai\app\Controllers\Daftarnilai.php(33): App\Models\DaftarjurusanModel->jurusan('1')
#5 C:\xampp\htdocs\si_manajemen_nilai\system\CodeIgniter.php(933): App\Controllers\Daftarnilai->peserta_didik('13', '1', 'Informatika')
#6 C:\xampp\htdocs\si_manajemen_nilai\system\CodeIgniter.php(509): CodeIgniter\CodeIgniter->runController(Object(App\Controllers\Daftarnilai))
#7 C:\xampp\htdocs\si_manajemen_nilai\system\CodeIgniter.php(355): CodeIgniter\CodeIgniter->handleRequest(NULL, Object(Config\Cache), false)
#8 C:\xampp\htdocs\si_manajemen_nilai\system\Boot.php(325): CodeIgniter\CodeIgniter->run()
#9 C:\xampp\htdocs\si_manajemen_nilai\system\Boot.php(67): CodeIgniter\Boot::runCodeIgniter(Object(CodeIgniter\CodeIgniter))
#10 C:\xampp\htdocs\si_manajemen_nilai\public\index.php(56): CodeIgniter\Boot::bootWeb(Object(Config\Paths))
#11 C:\xampp\htdocs\si_manajemen_nilai\system\rewrite.php(44): require_once('C:\\xampp\\htdocs...')
#12 {main}
CRITICAL - 2025-01-19 11:05:45 --> CodeIgniter\Database\Exceptions\DatabaseException: Unknown column 'jurusan' in 'field list'
[Method: GET, Route: daftar_nilai/peserta_didik/13/1/Informatika]
in SYSTEMPATH\Database\BaseConnection.php on line 688.
 1 APPPATH\Models\DaftarjurusanModel.php(23): CodeIgniter\Database\BaseConnection->query('SELECT id_jurusan, jurusan FROM dt_jurusan WHERE id_jurusan = 1')
 2 APPPATH\Controllers\Daftarnilai.php(33): App\Models\DaftarjurusanModel->jurusan('1')
 3 SYSTEMPATH\CodeIgniter.php(933): App\Controllers\Daftarnilai->peserta_didik('13', '1', 'Informatika')
 4 SYSTEMPATH\CodeIgniter.php(509): CodeIgniter\CodeIgniter->runController(Object(App\Controllers\Daftarnilai))
 5 SYSTEMPATH\CodeIgniter.php(355): CodeIgniter\CodeIgniter->handleRequest(null, Object(Config\Cache), false)
 6 SYSTEMPATH\Boot.php(325): CodeIgniter\CodeIgniter->run()
 7 SYSTEMPATH\Boot.php(67): CodeIgniter\Boot::runCodeIgniter(Object(CodeIgniter\CodeIgniter))
 8 FCPATH\index.php(56): CodeIgniter\Boot::bootWeb(Object(Config\Paths))
 9 SYSTEMPATH\rewrite.php(44): require_once('C:\\xampp\\htdocs\\si_manajemen_nilai\\public\\index.php')
CRITICAL - 2025-01-19 11:05:46 --> [Caused by] CodeIgniter\Database\Exceptions\DatabaseException: Unknown column 'jurusan' in 'field list'
in SYSTEMPATH\Database\MySQLi\Connection.php on line 317.
 1 SYSTEMPATH\Database\BaseConnection.php(734): CodeIgniter\Database\MySQLi\Connection->execute('SELECT id_jurusan, jurusan FROM dt_jurusan WHERE id_jurusan = 1')
 2 SYSTEMPATH\Database\BaseConnection.php(648): CodeIgniter\Database\BaseConnection->simpleQuery('SELECT id_jurusan, jurusan FROM dt_jurusan WHERE id_jurusan = 1')
 3 APPPATH\Models\DaftarjurusanModel.php(23): CodeIgniter\Database\BaseConnection->query('SELECT id_jurusan, jurusan FROM dt_jurusan WHERE id_jurusan = 1')
 4 APPPATH\Controllers\Daftarnilai.php(33): App\Models\DaftarjurusanModel->jurusan('1')
 5 SYSTEMPATH\CodeIgniter.php(933): App\Controllers\Daftarnilai->peserta_didik('13', '1', 'Informatika')
 6 SYSTEMPATH\CodeIgniter.php(509): CodeIgniter\CodeIgniter->runController(Object(App\Controllers\Daftarnilai))
 7 SYSTEMPATH\CodeIgniter.php(355): CodeIgniter\CodeIgniter->handleRequest(null, Object(Config\Cache), false)
 8 SYSTEMPATH\Boot.php(325): CodeIgniter\CodeIgniter->run()
 9 SYSTEMPATH\Boot.php(67): CodeIgniter\Boot::runCodeIgniter(Object(CodeIgniter\CodeIgniter))
10 FCPATH\index.php(56): CodeIgniter\Boot::bootWeb(Object(Config\Paths))
11 SYSTEMPATH\rewrite.php(44): require_once('C:\\xampp\\htdocs\\si_manajemen_nilai\\public\\index.php')
CRITICAL - 2025-01-19 11:05:46 --> [Caused by] mysqli_sql_exception: Unknown column 'jurusan' in 'field list'
in SYSTEMPATH\Database\MySQLi\Connection.php on line 312.
 1 SYSTEMPATH\Database\MySQLi\Connection.php(312): mysqli->query('SELECT id_jurusan, jurusan FROM dt_jurusan WHERE id_jurusan = 1', 0)
 2 SYSTEMPATH\Database\BaseConnection.php(734): CodeIgniter\Database\MySQLi\Connection->execute('SELECT id_jurusan, jurusan FROM dt_jurusan WHERE id_jurusan = 1')
 3 SYSTEMPATH\Database\BaseConnection.php(648): CodeIgniter\Database\BaseConnection->simpleQuery('SELECT id_jurusan, jurusan FROM dt_jurusan WHERE id_jurusan = 1')
 4 APPPATH\Models\DaftarjurusanModel.php(23): CodeIgniter\Database\BaseConnection->query('SELECT id_jurusan, jurusan FROM dt_jurusan WHERE id_jurusan = 1')
 5 APPPATH\Controllers\Daftarnilai.php(33): App\Models\DaftarjurusanModel->jurusan('1')
 6 SYSTEMPATH\CodeIgniter.php(933): App\Controllers\Daftarnilai->peserta_didik('13', '1', 'Informatika')
 7 SYSTEMPATH\CodeIgniter.php(509): CodeIgniter\CodeIgniter->runController(Object(App\Controllers\Daftarnilai))
 8 SYSTEMPATH\CodeIgniter.php(355): CodeIgniter\CodeIgniter->handleRequest(null, Object(Config\Cache), false)
 9 SYSTEMPATH\Boot.php(325): CodeIgniter\CodeIgniter->run()
10 SYSTEMPATH\Boot.php(67): CodeIgniter\Boot::runCodeIgniter(Object(CodeIgniter\CodeIgniter))
11 FCPATH\index.php(56): CodeIgniter\Boot::bootWeb(Object(Config\Paths))
12 SYSTEMPATH\rewrite.php(44): require_once('C:\\xampp\\htdocs\\si_manajemen_nilai\\public\\index.php')
ERROR - 2025-01-19 11:07:27 --> mysqli_sql_exception: Unknown column 'jurusan' in 'field list' in C:\xampp\htdocs\si_manajemen_nilai\system\Database\MySQLi\Connection.php:312
Stack trace:
#0 C:\xampp\htdocs\si_manajemen_nilai\system\Database\MySQLi\Connection.php(312): mysqli->query('SELECT id_jurus...', 0)
#1 C:\xampp\htdocs\si_manajemen_nilai\system\Database\BaseConnection.php(734): CodeIgniter\Database\MySQLi\Connection->execute('SELECT id_jurus...')
#2 C:\xampp\htdocs\si_manajemen_nilai\system\Database\BaseConnection.php(648): CodeIgniter\Database\BaseConnection->simpleQuery('SELECT id_jurus...')
#3 C:\xampp\htdocs\si_manajemen_nilai\app\Models\DaftarjurusanModel.php(23): CodeIgniter\Database\BaseConnection->query('SELECT id_jurus...')
#4 C:\xampp\htdocs\si_manajemen_nilai\app\Controllers\Daftarnilai.php(33): App\Models\DaftarjurusanModel->jurusan('1')
#5 C:\xampp\htdocs\si_manajemen_nilai\system\CodeIgniter.php(933): App\Controllers\Daftarnilai->peserta_didik('13', '1', 'Informatika')
#6 C:\xampp\htdocs\si_manajemen_nilai\system\CodeIgniter.php(509): CodeIgniter\CodeIgniter->runController(Object(App\Controllers\Daftarnilai))
#7 C:\xampp\htdocs\si_manajemen_nilai\system\CodeIgniter.php(355): CodeIgniter\CodeIgniter->handleRequest(NULL, Object(Config\Cache), false)
#8 C:\xampp\htdocs\si_manajemen_nilai\system\Boot.php(325): CodeIgniter\CodeIgniter->run()
#9 C:\xampp\htdocs\si_manajemen_nilai\system\Boot.php(67): CodeIgniter\Boot::runCodeIgniter(Object(CodeIgniter\CodeIgniter))
#10 C:\xampp\htdocs\si_manajemen_nilai\public\index.php(56): CodeIgniter\Boot::bootWeb(Object(Config\Paths))
#11 C:\xampp\htdocs\si_manajemen_nilai\system\rewrite.php(44): require_once('C:\\xampp\\htdocs...')
#12 {main}
CRITICAL - 2025-01-19 11:07:28 --> CodeIgniter\Database\Exceptions\DatabaseException: Unknown column 'jurusan' in 'field list'
[Method: GET, Route: daftar_nilai/peserta_didik/13/1/Informatika]
in SYSTEMPATH\Database\BaseConnection.php on line 688.
 1 APPPATH\Models\DaftarjurusanModel.php(23): CodeIgniter\Database\BaseConnection->query('SELECT id_jurusan, jurusan FROM dt_jurusan WHERE id_jurusan = 1')
 2 APPPATH\Controllers\Daftarnilai.php(33): App\Models\DaftarjurusanModel->jurusan('1')
 3 SYSTEMPATH\CodeIgniter.php(933): App\Controllers\Daftarnilai->peserta_didik('13', '1', 'Informatika')
 4 SYSTEMPATH\CodeIgniter.php(509): CodeIgniter\CodeIgniter->runController(Object(App\Controllers\Daftarnilai))
 5 SYSTEMPATH\CodeIgniter.php(355): CodeIgniter\CodeIgniter->handleRequest(null, Object(Config\Cache), false)
 6 SYSTEMPATH\Boot.php(325): CodeIgniter\CodeIgniter->run()
 7 SYSTEMPATH\Boot.php(67): CodeIgniter\Boot::runCodeIgniter(Object(CodeIgniter\CodeIgniter))
 8 FCPATH\index.php(56): CodeIgniter\Boot::bootWeb(Object(Config\Paths))
 9 SYSTEMPATH\rewrite.php(44): require_once('C:\\xampp\\htdocs\\si_manajemen_nilai\\public\\index.php')
CRITICAL - 2025-01-19 11:07:28 --> [Caused by] CodeIgniter\Database\Exceptions\DatabaseException: Unknown column 'jurusan' in 'field list'
in SYSTEMPATH\Database\MySQLi\Connection.php on line 317.
 1 SYSTEMPATH\Database\BaseConnection.php(734): CodeIgniter\Database\MySQLi\Connection->execute('SELECT id_jurusan, jurusan FROM dt_jurusan WHERE id_jurusan = 1')
 2 SYSTEMPATH\Database\BaseConnection.php(648): CodeIgniter\Database\BaseConnection->simpleQuery('SELECT id_jurusan, jurusan FROM dt_jurusan WHERE id_jurusan = 1')
 3 APPPATH\Models\DaftarjurusanModel.php(23): CodeIgniter\Database\BaseConnection->query('SELECT id_jurusan, jurusan FROM dt_jurusan WHERE id_jurusan = 1')
 4 APPPATH\Controllers\Daftarnilai.php(33): App\Models\DaftarjurusanModel->jurusan('1')
 5 SYSTEMPATH\CodeIgniter.php(933): App\Controllers\Daftarnilai->peserta_didik('13', '1', 'Informatika')
 6 SYSTEMPATH\CodeIgniter.php(509): CodeIgniter\CodeIgniter->runController(Object(App\Controllers\Daftarnilai))
 7 SYSTEMPATH\CodeIgniter.php(355): CodeIgniter\CodeIgniter->handleRequest(null, Object(Config\Cache), false)
 8 SYSTEMPATH\Boot.php(325): CodeIgniter\CodeIgniter->run()
 9 SYSTEMPATH\Boot.php(67): CodeIgniter\Boot::runCodeIgniter(Object(CodeIgniter\CodeIgniter))
10 FCPATH\index.php(56): CodeIgniter\Boot::bootWeb(Object(Config\Paths))
11 SYSTEMPATH\rewrite.php(44): require_once('C:\\xampp\\htdocs\\si_manajemen_nilai\\public\\index.php')
CRITICAL - 2025-01-19 11:07:28 --> [Caused by] mysqli_sql_exception: Unknown column 'jurusan' in 'field list'
in SYSTEMPATH\Database\MySQLi\Connection.php on line 312.
 1 SYSTEMPATH\Database\MySQLi\Connection.php(312): mysqli->query('SELECT id_jurusan, jurusan FROM dt_jurusan WHERE id_jurusan = 1', 0)
 2 SYSTEMPATH\Database\BaseConnection.php(734): CodeIgniter\Database\MySQLi\Connection->execute('SELECT id_jurusan, jurusan FROM dt_jurusan WHERE id_jurusan = 1')
 3 SYSTEMPATH\Database\BaseConnection.php(648): CodeIgniter\Database\BaseConnection->simpleQuery('SELECT id_jurusan, jurusan FROM dt_jurusan WHERE id_jurusan = 1')
 4 APPPATH\Models\DaftarjurusanModel.php(23): CodeIgniter\Database\BaseConnection->query('SELECT id_jurusan, jurusan FROM dt_jurusan WHERE id_jurusan = 1')
 5 APPPATH\Controllers\Daftarnilai.php(33): App\Models\DaftarjurusanModel->jurusan('1')
 6 SYSTEMPATH\CodeIgniter.php(933): App\Controllers\Daftarnilai->peserta_didik('13', '1', 'Informatika')
 7 SYSTEMPATH\CodeIgniter.php(509): CodeIgniter\CodeIgniter->runController(Object(App\Controllers\Daftarnilai))
 8 SYSTEMPATH\CodeIgniter.php(355): CodeIgniter\CodeIgniter->handleRequest(null, Object(Config\Cache), false)
 9 SYSTEMPATH\Boot.php(325): CodeIgniter\CodeIgniter->run()
10 SYSTEMPATH\Boot.php(67): CodeIgniter\Boot::runCodeIgniter(Object(CodeIgniter\CodeIgniter))
11 FCPATH\index.php(56): CodeIgniter\Boot::bootWeb(Object(Config\Paths))
12 SYSTEMPATH\rewrite.php(44): require_once('C:\\xampp\\htdocs\\si_manajemen_nilai\\public\\index.php')
CRITICAL - 2025-01-19 11:08:47 --> ErrorException: Undefined array key "jurusan"
[Method: GET, Route: daftar_nilai/peserta_didik/13/1/Informatika]
in APPPATH\Models\DaftarjurusanModel.php on line 25.
 1 APPPATH\Models\DaftarjurusanModel.php(25): CodeIgniter\Debug\Exceptions->errorHandler(2, 'Undefined array key "jurusan"', 'C:\\xampp\\htdocs\\si_manajemen_nilai\\app\\Models\\DaftarjurusanModel.php', 25)
 2 APPPATH\Controllers\Daftarnilai.php(33): App\Models\DaftarjurusanModel->jurusan('1')
 3 SYSTEMPATH\CodeIgniter.php(933): App\Controllers\Daftarnilai->peserta_didik('13', '1', 'Informatika')
 4 SYSTEMPATH\CodeIgniter.php(509): CodeIgniter\CodeIgniter->runController(Object(App\Controllers\Daftarnilai))
 5 SYSTEMPATH\CodeIgniter.php(355): CodeIgniter\CodeIgniter->handleRequest(null, Object(Config\Cache), false)
 6 SYSTEMPATH\Boot.php(325): CodeIgniter\CodeIgniter->run()
 7 SYSTEMPATH\Boot.php(67): CodeIgniter\Boot::runCodeIgniter(Object(CodeIgniter\CodeIgniter))
 8 FCPATH\index.php(56): CodeIgniter\Boot::bootWeb(Object(Config\Paths))
 9 SYSTEMPATH\rewrite.php(44): require_once('C:\\xampp\\htdocs\\si_manajemen_nilai\\public\\index.php')
