INFO - 2025-02-24 13:38:34 --> Session: Class initialized using 'CodeIgniter\Session\Handlers\FileHandler' driver.
INFO - 2025-02-24 13:38:44 --> Session: Class initialized using 'CodeIgniter\Session\Handlers\FileHandler' driver.
INFO - 2025-02-24 13:38:57 --> Session: Class initialized using 'CodeIgniter\Session\Handlers\FileHandler' driver.
INFO - 2025-02-24 13:39:23 --> Session: Class initialized using 'CodeIgniter\Session\Handlers\FileHandler' driver.
INFO - 2025-02-24 13:40:40 --> Session: Class initialized using 'CodeIgniter\Session\Handlers\FileHandler' driver.
INFO - 2025-02-24 13:40:55 --> Session: Class initialized using 'CodeIgniter\Session\Handlers\FileHandler' driver.
INFO - 2025-02-24 13:40:58 --> Session: Class initialized using 'CodeIgniter\Session\Handlers\FileHandler' driver.
INFO - 2025-02-24 13:41:10 --> Session: Class initialized using 'CodeIgniter\Session\Handlers\FileHandler' driver.
INFO - 2025-02-24 13:41:22 --> Session: Class initialized using 'CodeIgniter\Session\Handlers\FileHandler' driver.
INFO - 2025-02-24 13:41:23 --> Session: Class initialized using 'CodeIgniter\Session\Handlers\FileHandler' driver.
INFO - 2025-02-24 13:41:41 --> Session: Class initialized using 'CodeIgniter\Session\Handlers\FileHandler' driver.
INFO - 2025-02-24 13:42:06 --> Session: Class initialized using 'CodeIgniter\Session\Handlers\FileHandler' driver.
INFO - 2025-02-24 13:43:56 --> Session: Class initialized using 'CodeIgniter\Session\Handlers\FileHandler' driver.
INFO - 2025-02-24 13:43:56 --> Session: Class initialized using 'CodeIgniter\Session\Handlers\FileHandler' driver.
INFO - 2025-02-24 13:44:02 --> Session: Class initialized using 'CodeIgniter\Session\Handlers\FileHandler' driver.
INFO - 2025-02-24 13:44:12 --> Session: Class initialized using 'CodeIgniter\Session\Handlers\FileHandler' driver.
INFO - 2025-02-24 13:44:13 --> Session: Class initialized using 'CodeIgniter\Session\Handlers\FileHandler' driver.
INFO - 2025-02-24 13:44:47 --> Session: Class initialized using 'CodeIgniter\Session\Handlers\FileHandler' driver.
INFO - 2025-02-24 13:45:08 --> Session: Class initialized using 'CodeIgniter\Session\Handlers\FileHandler' driver.
INFO - 2025-02-24 13:45:09 --> Session: Class initialized using 'CodeIgniter\Session\Handlers\FileHandler' driver.
INFO - 2025-02-24 13:46:26 --> Session: Class initialized using 'CodeIgniter\Session\Handlers\FileHandler' driver.
INFO - 2025-02-24 13:46:36 --> Session: Class initialized using 'CodeIgniter\Session\Handlers\FileHandler' driver.
INFO - 2025-02-24 13:46:37 --> Session: Class initialized using 'CodeIgniter\Session\Handlers\FileHandler' driver.
INFO - 2025-02-24 13:47:52 --> Session: Class initialized using 'CodeIgniter\Session\Handlers\FileHandler' driver.
INFO - 2025-02-24 13:48:10 --> Session: Class initialized using 'CodeIgniter\Session\Handlers\FileHandler' driver.
INFO - 2025-02-24 13:48:10 --> Session: Class initialized using 'CodeIgniter\Session\Handlers\FileHandler' driver.
INFO - 2025-02-24 13:50:55 --> Session: Class initialized using 'CodeIgniter\Session\Handlers\FileHandler' driver.
INFO - 2025-02-24 13:51:14 --> Session: Class initialized using 'CodeIgniter\Session\Handlers\FileHandler' driver.
INFO - 2025-02-24 13:51:18 --> Session: Class initialized using 'CodeIgniter\Session\Handlers\FileHandler' driver.
INFO - 2025-02-24 13:51:29 --> Session: Class initialized using 'CodeIgniter\Session\Handlers\FileHandler' driver.
INFO - 2025-02-24 13:51:30 --> Session: Class initialized using 'CodeIgniter\Session\Handlers\FileHandler' driver.
INFO - 2025-02-24 13:54:03 --> Session: Class initialized using 'CodeIgniter\Session\Handlers\FileHandler' driver.
INFO - 2025-02-24 13:54:11 --> Session: Class initialized using 'CodeIgniter\Session\Handlers\FileHandler' driver.
INFO - 2025-02-24 13:54:11 --> Session: Class initialized using 'CodeIgniter\Session\Handlers\FileHandler' driver.
INFO - 2025-02-24 13:57:29 --> Session: Class initialized using 'CodeIgniter\Session\Handlers\FileHandler' driver.
INFO - 2025-02-24 13:57:40 --> Session: Class initialized using 'CodeIgniter\Session\Handlers\FileHandler' driver.
INFO - 2025-02-24 13:57:40 --> Session: Class initialized using 'CodeIgniter\Session\Handlers\FileHandler' driver.
INFO - 2025-02-24 13:58:18 --> Session: Class initialized using 'CodeIgniter\Session\Handlers\FileHandler' driver.
INFO - 2025-02-24 13:58:28 --> Session: Class initialized using 'CodeIgniter\Session\Handlers\FileHandler' driver.
INFO - 2025-02-24 13:58:28 --> Session: Class initialized using 'CodeIgniter\Session\Handlers\FileHandler' driver.
INFO - 2025-02-24 13:58:37 --> Session: Class initialized using 'CodeIgniter\Session\Handlers\FileHandler' driver.
INFO - 2025-02-24 13:58:47 --> Session: Class initialized using 'CodeIgniter\Session\Handlers\FileHandler' driver.
INFO - 2025-02-24 13:58:47 --> Session: Class initialized using 'CodeIgniter\Session\Handlers\FileHandler' driver.
INFO - 2025-02-24 13:59:11 --> Session: Class initialized using 'CodeIgniter\Session\Handlers\FileHandler' driver.
INFO - 2025-02-24 13:59:12 --> Session: Class initialized using 'CodeIgniter\Session\Handlers\FileHandler' driver.
INFO - 2025-02-24 13:59:15 --> Session: Class initialized using 'CodeIgniter\Session\Handlers\FileHandler' driver.
INFO - 2025-02-24 13:59:18 --> Session: Class initialized using 'CodeIgniter\Session\Handlers\FileHandler' driver.
INFO - 2025-02-24 13:59:33 --> Session: Class initialized using 'CodeIgniter\Session\Handlers\FileHandler' driver.
INFO - 2025-02-24 14:02:39 --> Session: Class initialized using 'CodeIgniter\Session\Handlers\FileHandler' driver.
CRITICAL - 2025-02-24 14:02:54 --> Error: Class "App\Controllers\SMTP" not found
[Method: POST, Route: forgot_password/ganti_password]
in APPPATH\Controllers\Lupapassword.php on line 41.
 1 SYSTEMPATH\CodeIgniter.php(933): App\Controllers\Lupapassword->ganti_password()
 2 SYSTEMPATH\CodeIgniter.php(509): CodeIgniter\CodeIgniter->runController(Object(App\Controllers\Lupapassword))
 3 SYSTEMPATH\CodeIgniter.php(355): CodeIgniter\CodeIgniter->handleRequest(null, Object(Config\Cache), false)
 4 SYSTEMPATH\Boot.php(325): CodeIgniter\CodeIgniter->run()
 5 SYSTEMPATH\Boot.php(67): CodeIgniter\Boot::runCodeIgniter(Object(CodeIgniter\CodeIgniter))
 6 FCPATH\index.php(56): CodeIgniter\Boot::bootWeb(Object(Config\Paths))
 7 SYSTEMPATH\rewrite.php(44): require_once('C:\\xampp\\htdocs\\SI_Manajemen_nilai\\public\\index.php')
CRITICAL - 2025-02-24 14:26:27 --> ErrorException: require(./PHPMailer/src/Exception.php): Failed to open stream: No such file or directory
[Method: GET, Route: forgot_password]
in APPPATH\Controllers\Lupapassword.php on line 9.
 1 APPPATH\Controllers\Lupapassword.php(9): CodeIgniter\Debug\Exceptions->errorHandler(2, 'require(./PHPMailer/src/Exception.php): Failed to open stream: No such file or directory', 'C:\\xampp\\htdocs\\SI_Manajemen_nilai\\app\\Controllers\\Lupapassword.php', 9)
 2 APPPATH\Controllers\Lupapassword.php(9): require()
 3 SYSTEMPATH\Autoloader\Autoloader.php(317): include_once('C:\\xampp\\htdocs\\SI_Manajemen_nilai\\app\\Controllers\\Lupapassword.php')
 4 SYSTEMPATH\Autoloader\Autoloader.php(296): CodeIgniter\Autoloader\Autoloader->includeFile('C:\\xampp\\htdocs\\SI_Manajemen_nilai\\app\\Controllers\\Lupapassword.php')
 5 SYSTEMPATH\Autoloader\Autoloader.php(272): CodeIgniter\Autoloader\Autoloader->loadInNamespace('App\\Controllers\\Lupapassword')
 6 [internal function]: CodeIgniter\Autoloader\Autoloader->loadClass('App\\Controllers\\Lupapassword')
 7 SYSTEMPATH\CodeIgniter.php(887): class_exists('\\App\\Controllers\\Lupapassword', true)
 8 SYSTEMPATH\CodeIgniter.php(496): CodeIgniter\CodeIgniter->startController()
 9 SYSTEMPATH\CodeIgniter.php(355): CodeIgniter\CodeIgniter->handleRequest(null, Object(Config\Cache), false)
10 SYSTEMPATH\Boot.php(325): CodeIgniter\CodeIgniter->run()
11 SYSTEMPATH\Boot.php(67): CodeIgniter\Boot::runCodeIgniter(Object(CodeIgniter\CodeIgniter))
12 FCPATH\index.php(56): CodeIgniter\Boot::bootWeb(Object(Config\Paths))
13 SYSTEMPATH\rewrite.php(44): require_once('C:\\xampp\\htdocs\\SI_Manajemen_nilai\\public\\index.php')
CRITICAL - 2025-02-24 14:27:40 --> ErrorException: require(../../vendor/PHPMailer/src/Exception.php): Failed to open stream: No such file or directory
[Method: GET, Route: forgot_password]
in APPPATH\Controllers\Lupapassword.php on line 9.
 1 APPPATH\Controllers\Lupapassword.php(9): CodeIgniter\Debug\Exceptions->errorHandler(2, 'require(../../vendor/PHPMailer/src/Exception.php): Failed to open stream: No such file or directory', 'C:\\xampp\\htdocs\\SI_Manajemen_nilai\\app\\Controllers\\Lupapassword.php', 9)
 2 APPPATH\Controllers\Lupapassword.php(9): require()
 3 SYSTEMPATH\Autoloader\Autoloader.php(317): include_once('C:\\xampp\\htdocs\\SI_Manajemen_nilai\\app\\Controllers\\Lupapassword.php')
 4 SYSTEMPATH\Autoloader\Autoloader.php(296): CodeIgniter\Autoloader\Autoloader->includeFile('C:\\xampp\\htdocs\\SI_Manajemen_nilai\\app\\Controllers\\Lupapassword.php')
 5 SYSTEMPATH\Autoloader\Autoloader.php(272): CodeIgniter\Autoloader\Autoloader->loadInNamespace('App\\Controllers\\Lupapassword')
 6 [internal function]: CodeIgniter\Autoloader\Autoloader->loadClass('App\\Controllers\\Lupapassword')
 7 SYSTEMPATH\CodeIgniter.php(887): class_exists('\\App\\Controllers\\Lupapassword', true)
 8 SYSTEMPATH\CodeIgniter.php(496): CodeIgniter\CodeIgniter->startController()
 9 SYSTEMPATH\CodeIgniter.php(355): CodeIgniter\CodeIgniter->handleRequest(null, Object(Config\Cache), false)
10 SYSTEMPATH\Boot.php(325): CodeIgniter\CodeIgniter->run()
11 SYSTEMPATH\Boot.php(67): CodeIgniter\Boot::runCodeIgniter(Object(CodeIgniter\CodeIgniter))
12 FCPATH\index.php(56): CodeIgniter\Boot::bootWeb(Object(Config\Paths))
13 SYSTEMPATH\rewrite.php(44): require_once('C:\\xampp\\htdocs\\SI_Manajemen_nilai\\public\\index.php')
INFO - 2025-02-24 14:30:18 --> Session: Class initialized using 'CodeIgniter\Session\Handlers\FileHandler' driver.
CRITICAL - 2025-02-24 14:30:35 --> Error: Undefined constant "App\Controllers\APPATH"
[Method: POST, Route: forgot_password/ganti_password]
in APPPATH\Controllers\Lupapassword.php on line 32.
 1 SYSTEMPATH\CodeIgniter.php(933): App\Controllers\Lupapassword->ganti_password()
 2 SYSTEMPATH\CodeIgniter.php(509): CodeIgniter\CodeIgniter->runController(Object(App\Controllers\Lupapassword))
 3 SYSTEMPATH\CodeIgniter.php(355): CodeIgniter\CodeIgniter->handleRequest(null, Object(Config\Cache), false)
 4 SYSTEMPATH\Boot.php(325): CodeIgniter\CodeIgniter->run()
 5 SYSTEMPATH\Boot.php(67): CodeIgniter\Boot::runCodeIgniter(Object(CodeIgniter\CodeIgniter))
 6 FCPATH\index.php(56): CodeIgniter\Boot::bootWeb(Object(Config\Paths))
 7 SYSTEMPATH\rewrite.php(44): require_once('C:\\xampp\\htdocs\\SI_Manajemen_nilai\\public\\index.php')
CRITICAL - 2025-02-24 14:31:28 --> Error: Undefined constant "App\Controllers\APPATH"
[Method: POST, Route: forgot_password/ganti_password]
in APPPATH\Controllers\Lupapassword.php on line 21.
 1 SYSTEMPATH\CodeIgniter.php(933): App\Controllers\Lupapassword->ganti_password()
 2 SYSTEMPATH\CodeIgniter.php(509): CodeIgniter\CodeIgniter->runController(Object(App\Controllers\Lupapassword))
 3 SYSTEMPATH\CodeIgniter.php(355): CodeIgniter\CodeIgniter->handleRequest(null, Object(Config\Cache), false)
 4 SYSTEMPATH\Boot.php(325): CodeIgniter\CodeIgniter->run()
 5 SYSTEMPATH\Boot.php(67): CodeIgniter\Boot::runCodeIgniter(Object(CodeIgniter\CodeIgniter))
 6 FCPATH\index.php(56): CodeIgniter\Boot::bootWeb(Object(Config\Paths))
 7 SYSTEMPATH\rewrite.php(44): require_once('C:\\xampp\\htdocs\\SI_Manajemen_nilai\\public\\index.php')
CRITICAL - 2025-02-24 14:32:37 --> Error: Undefined constant "App\Controllers\APPATH"
[Method: POST, Route: forgot_password/ganti_password]
in APPPATH\Controllers\Lupapassword.php on line 21.
 1 SYSTEMPATH\CodeIgniter.php(933): App\Controllers\Lupapassword->ganti_password()
 2 SYSTEMPATH\CodeIgniter.php(509): CodeIgniter\CodeIgniter->runController(Object(App\Controllers\Lupapassword))
 3 SYSTEMPATH\CodeIgniter.php(355): CodeIgniter\CodeIgniter->handleRequest(null, Object(Config\Cache), false)
 4 SYSTEMPATH\Boot.php(325): CodeIgniter\CodeIgniter->run()
 5 SYSTEMPATH\Boot.php(67): CodeIgniter\Boot::runCodeIgniter(Object(CodeIgniter\CodeIgniter))
 6 FCPATH\index.php(56): CodeIgniter\Boot::bootWeb(Object(Config\Paths))
 7 SYSTEMPATH\rewrite.php(44): require_once('C:\\xampp\\htdocs\\SI_Manajemen_nilai\\public\\index.php')
INFO - 2025-02-24 14:32:58 --> Session: Class initialized using 'CodeIgniter\Session\Handlers\FileHandler' driver.
INFO - 2025-02-24 14:33:35 --> Session: Class initialized using 'CodeIgniter\Session\Handlers\FileHandler' driver.
CRITICAL - 2025-02-24 14:33:43 --> ErrorException: require_once(C:\xampp\htdocs\SI_Manajemen_nilai\app\vendor/autoload.php): Failed to open stream: No such file or directory
[Method: POST, Route: forgot_password/ganti_password]
in APPPATH\Controllers\Lupapassword.php on line 21.
 1 APPPATH\Controllers\Lupapassword.php(21): CodeIgniter\Debug\Exceptions->errorHandler(2, 'require_once(C:\\xampp\\htdocs\\SI_Manajemen_nilai\\app\\vendor/autoload.php): Failed to open stream: No such file or directory', 'C:\\xampp\\htdocs\\SI_Manajemen_nilai\\app\\Controllers\\Lupapassword.php', 21)
 2 APPPATH\Controllers\Lupapassword.php(21): require_once()
 3 SYSTEMPATH\CodeIgniter.php(933): App\Controllers\Lupapassword->ganti_password()
 4 SYSTEMPATH\CodeIgniter.php(509): CodeIgniter\CodeIgniter->runController(Object(App\Controllers\Lupapassword))
 5 SYSTEMPATH\CodeIgniter.php(355): CodeIgniter\CodeIgniter->handleRequest(null, Object(Config\Cache), false)
 6 SYSTEMPATH\Boot.php(325): CodeIgniter\CodeIgniter->run()
 7 SYSTEMPATH\Boot.php(67): CodeIgniter\Boot::runCodeIgniter(Object(CodeIgniter\CodeIgniter))
 8 FCPATH\index.php(56): CodeIgniter\Boot::bootWeb(Object(Config\Paths))
 9 SYSTEMPATH\rewrite.php(44): require_once('C:\\xampp\\htdocs\\SI_Manajemen_nilai\\public\\index.php')
CRITICAL - 2025-02-24 14:33:54 --> ErrorException: require_once(C:\xampp\htdocs\SI_Manajemen_nilai\app\../../vendor/autoload.php): Failed to open stream: No such file or directory
[Method: POST, Route: forgot_password/ganti_password]
in APPPATH\Controllers\Lupapassword.php on line 21.
 1 APPPATH\Controllers\Lupapassword.php(21): CodeIgniter\Debug\Exceptions->errorHandler(2, 'require_once(C:\\xampp\\htdocs\\SI_Manajemen_nilai\\app\\../../vendor/autoload.php): Failed to open stream: No such file or directory', 'C:\\xampp\\htdocs\\SI_Manajemen_nilai\\app\\Controllers\\Lupapassword.php', 21)
 2 APPPATH\Controllers\Lupapassword.php(21): require_once()
 3 SYSTEMPATH\CodeIgniter.php(933): App\Controllers\Lupapassword->ganti_password()
 4 SYSTEMPATH\CodeIgniter.php(509): CodeIgniter\CodeIgniter->runController(Object(App\Controllers\Lupapassword))
 5 SYSTEMPATH\CodeIgniter.php(355): CodeIgniter\CodeIgniter->handleRequest(null, Object(Config\Cache), false)
 6 SYSTEMPATH\Boot.php(325): CodeIgniter\CodeIgniter->run()
 7 SYSTEMPATH\Boot.php(67): CodeIgniter\Boot::runCodeIgniter(Object(CodeIgniter\CodeIgniter))
 8 FCPATH\index.php(56): CodeIgniter\Boot::bootWeb(Object(Config\Paths))
 9 SYSTEMPATH\rewrite.php(44): require_once('C:\\xampp\\htdocs\\SI_Manajemen_nilai\\public\\index.php')
CRITICAL - 2025-02-24 14:34:27 --> ErrorException: require(../vendor/PHPMailer/src/Exception.php): Failed to open stream: No such file or directory
[Method: POST, Route: forgot_password/ganti_password]
in APPPATH\Controllers\Lupapassword.php on line 9.
 1 APPPATH\Controllers\Lupapassword.php(9): CodeIgniter\Debug\Exceptions->errorHandler(2, 'require(../vendor/PHPMailer/src/Exception.php): Failed to open stream: No such file or directory', 'C:\\xampp\\htdocs\\SI_Manajemen_nilai\\app\\Controllers\\Lupapassword.php', 9)
 2 APPPATH\Controllers\Lupapassword.php(9): require()
 3 SYSTEMPATH\Autoloader\Autoloader.php(317): include_once('C:\\xampp\\htdocs\\SI_Manajemen_nilai\\app\\Controllers\\Lupapassword.php')
 4 SYSTEMPATH\Autoloader\Autoloader.php(296): CodeIgniter\Autoloader\Autoloader->includeFile('C:\\xampp\\htdocs\\SI_Manajemen_nilai\\app\\Controllers\\Lupapassword.php')
 5 SYSTEMPATH\Autoloader\Autoloader.php(272): CodeIgniter\Autoloader\Autoloader->loadInNamespace('App\\Controllers\\Lupapassword')
 6 [internal function]: CodeIgniter\Autoloader\Autoloader->loadClass('App\\Controllers\\Lupapassword')
 7 SYSTEMPATH\CodeIgniter.php(887): class_exists('\\App\\Controllers\\Lupapassword', true)
 8 SYSTEMPATH\CodeIgniter.php(496): CodeIgniter\CodeIgniter->startController()
 9 SYSTEMPATH\CodeIgniter.php(355): CodeIgniter\CodeIgniter->handleRequest(null, Object(Config\Cache), false)
10 SYSTEMPATH\Boot.php(325): CodeIgniter\CodeIgniter->run()
11 SYSTEMPATH\Boot.php(67): CodeIgniter\Boot::runCodeIgniter(Object(CodeIgniter\CodeIgniter))
12 FCPATH\index.php(56): CodeIgniter\Boot::bootWeb(Object(Config\Paths))
13 SYSTEMPATH\rewrite.php(44): require_once('C:\\xampp\\htdocs\\SI_Manajemen_nilai\\public\\index.php')
CRITICAL - 2025-02-24 14:34:45 --> ErrorException: require(../../vendor/PHPMailer/src/Exception.php): Failed to open stream: No such file or directory
[Method: POST, Route: forgot_password/ganti_password]
in APPPATH\Controllers\Lupapassword.php on line 9.
 1 APPPATH\Controllers\Lupapassword.php(9): CodeIgniter\Debug\Exceptions->errorHandler(2, 'require(../../vendor/PHPMailer/src/Exception.php): Failed to open stream: No such file or directory', 'C:\\xampp\\htdocs\\SI_Manajemen_nilai\\app\\Controllers\\Lupapassword.php', 9)
 2 APPPATH\Controllers\Lupapassword.php(9): require()
 3 SYSTEMPATH\Autoloader\Autoloader.php(317): include_once('C:\\xampp\\htdocs\\SI_Manajemen_nilai\\app\\Controllers\\Lupapassword.php')
 4 SYSTEMPATH\Autoloader\Autoloader.php(296): CodeIgniter\Autoloader\Autoloader->includeFile('C:\\xampp\\htdocs\\SI_Manajemen_nilai\\app\\Controllers\\Lupapassword.php')
 5 SYSTEMPATH\Autoloader\Autoloader.php(272): CodeIgniter\Autoloader\Autoloader->loadInNamespace('App\\Controllers\\Lupapassword')
 6 [internal function]: CodeIgniter\Autoloader\Autoloader->loadClass('App\\Controllers\\Lupapassword')
 7 SYSTEMPATH\CodeIgniter.php(887): class_exists('\\App\\Controllers\\Lupapassword', true)
 8 SYSTEMPATH\CodeIgniter.php(496): CodeIgniter\CodeIgniter->startController()
 9 SYSTEMPATH\CodeIgniter.php(355): CodeIgniter\CodeIgniter->handleRequest(null, Object(Config\Cache), false)
10 SYSTEMPATH\Boot.php(325): CodeIgniter\CodeIgniter->run()
11 SYSTEMPATH\Boot.php(67): CodeIgniter\Boot::runCodeIgniter(Object(CodeIgniter\CodeIgniter))
12 FCPATH\index.php(56): CodeIgniter\Boot::bootWeb(Object(Config\Paths))
13 SYSTEMPATH\rewrite.php(44): require_once('C:\\xampp\\htdocs\\SI_Manajemen_nilai\\public\\index.php')
CRITICAL - 2025-02-24 14:35:10 --> ErrorException: require(C:\xampp\htdocs\SI_Manajemen_nilai\app\../vendor/PHPMailer/src/Exception.php): Failed to open stream: No such file or directory
[Method: POST, Route: forgot_password/ganti_password]
in APPPATH\Controllers\Lupapassword.php on line 9.
 1 APPPATH\Controllers\Lupapassword.php(9): CodeIgniter\Debug\Exceptions->errorHandler(2, 'require(C:\\xampp\\htdocs\\SI_Manajemen_nilai\\app\\../vendor/PHPMailer/src/Exception.php): Failed to open stream: No such file or directory', 'C:\\xampp\\htdocs\\SI_Manajemen_nilai\\app\\Controllers\\Lupapassword.php', 9)
 2 APPPATH\Controllers\Lupapassword.php(9): require()
 3 SYSTEMPATH\Autoloader\Autoloader.php(317): include_once('C:\\xampp\\htdocs\\SI_Manajemen_nilai\\app\\Controllers\\Lupapassword.php')
 4 SYSTEMPATH\Autoloader\Autoloader.php(296): CodeIgniter\Autoloader\Autoloader->includeFile('C:\\xampp\\htdocs\\SI_Manajemen_nilai\\app\\Controllers\\Lupapassword.php')
 5 SYSTEMPATH\Autoloader\Autoloader.php(272): CodeIgniter\Autoloader\Autoloader->loadInNamespace('App\\Controllers\\Lupapassword')
 6 [internal function]: CodeIgniter\Autoloader\Autoloader->loadClass('App\\Controllers\\Lupapassword')
 7 SYSTEMPATH\CodeIgniter.php(887): class_exists('\\App\\Controllers\\Lupapassword', true)
 8 SYSTEMPATH\CodeIgniter.php(496): CodeIgniter\CodeIgniter->startController()
 9 SYSTEMPATH\CodeIgniter.php(355): CodeIgniter\CodeIgniter->handleRequest(null, Object(Config\Cache), false)
10 SYSTEMPATH\Boot.php(325): CodeIgniter\CodeIgniter->run()
11 SYSTEMPATH\Boot.php(67): CodeIgniter\Boot::runCodeIgniter(Object(CodeIgniter\CodeIgniter))
12 FCPATH\index.php(56): CodeIgniter\Boot::bootWeb(Object(Config\Paths))
13 SYSTEMPATH\rewrite.php(44): require_once('C:\\xampp\\htdocs\\SI_Manajemen_nilai\\public\\index.php')
CRITICAL - 2025-02-24 14:35:36 --> ErrorException: require(C:\xampp\htdocs\SI_Manajemen_nilai\app\../vendor/PHPMailer/src/Exception.php): Failed to open stream: No such file or directory
[Method: POST, Route: forgot_password/ganti_password]
in APPPATH\Controllers\Lupapassword.php on line 17.
 1 APPPATH\Controllers\Lupapassword.php(17): CodeIgniter\Debug\Exceptions->errorHandler(2, 'require(C:\\xampp\\htdocs\\SI_Manajemen_nilai\\app\\../vendor/PHPMailer/src/Exception.php): Failed to open stream: No such file or directory', 'C:\\xampp\\htdocs\\SI_Manajemen_nilai\\app\\Controllers\\Lupapassword.php', 17)
 2 APPPATH\Controllers\Lupapassword.php(17): require()
 3 SYSTEMPATH\CodeIgniter.php(933): App\Controllers\Lupapassword->ganti_password()
 4 SYSTEMPATH\CodeIgniter.php(509): CodeIgniter\CodeIgniter->runController(Object(App\Controllers\Lupapassword))
 5 SYSTEMPATH\CodeIgniter.php(355): CodeIgniter\CodeIgniter->handleRequest(null, Object(Config\Cache), false)
 6 SYSTEMPATH\Boot.php(325): CodeIgniter\CodeIgniter->run()
 7 SYSTEMPATH\Boot.php(67): CodeIgniter\Boot::runCodeIgniter(Object(CodeIgniter\CodeIgniter))
 8 FCPATH\index.php(56): CodeIgniter\Boot::bootWeb(Object(Config\Paths))
 9 SYSTEMPATH\rewrite.php(44): require_once('C:\\xampp\\htdocs\\SI_Manajemen_nilai\\public\\index.php')
CRITICAL - 2025-02-24 14:36:01 --> ErrorException: require_once(C:\xampp\htdocs\SI_Manajemen_nilai\app\../vendor/PHPMailer/src/Exception.php): Failed to open stream: No such file or directory
[Method: POST, Route: forgot_password/ganti_password]
in APPPATH\Controllers\Lupapassword.php on line 17.
 1 APPPATH\Controllers\Lupapassword.php(17): CodeIgniter\Debug\Exceptions->errorHandler(2, 'require_once(C:\\xampp\\htdocs\\SI_Manajemen_nilai\\app\\../vendor/PHPMailer/src/Exception.php): Failed to open stream: No such file or directory', 'C:\\xampp\\htdocs\\SI_Manajemen_nilai\\app\\Controllers\\Lupapassword.php', 17)
 2 APPPATH\Controllers\Lupapassword.php(17): require_once()
 3 SYSTEMPATH\CodeIgniter.php(933): App\Controllers\Lupapassword->ganti_password()
 4 SYSTEMPATH\CodeIgniter.php(509): CodeIgniter\CodeIgniter->runController(Object(App\Controllers\Lupapassword))
 5 SYSTEMPATH\CodeIgniter.php(355): CodeIgniter\CodeIgniter->handleRequest(null, Object(Config\Cache), false)
 6 SYSTEMPATH\Boot.php(325): CodeIgniter\CodeIgniter->run()
 7 SYSTEMPATH\Boot.php(67): CodeIgniter\Boot::runCodeIgniter(Object(CodeIgniter\CodeIgniter))
 8 FCPATH\index.php(56): CodeIgniter\Boot::bootWeb(Object(Config\Paths))
 9 SYSTEMPATH\rewrite.php(44): require_once('C:\\xampp\\htdocs\\SI_Manajemen_nilai\\public\\index.php')
