CRITICAL - 2024-12-31 02:37:28 --> Error: Class "App\Controllers\Periodeajar" not found
[Method: GET, Route: periode_ajar]
in APPPATH\Controllers\Periodeajaran.php on line 10.
 1 SYSTEMPATH\CodeIgniter.php(933): App\Controllers\Periodeajaran->index()
 2 SYSTEMPATH\CodeIgniter.php(509): CodeIgniter\CodeIgniter->runController(Object(App\Controllers\Periodeajaran))
 3 SYSTEMPATH\CodeIgniter.php(355): CodeIgniter\CodeIgniter->handleRequest(null, Object(Config\Cache), false)
 4 SYSTEMPATH\Boot.php(325): CodeIgniter\CodeIgniter->run()
 5 SYSTEMPATH\Boot.php(67): CodeIgniter\Boot::runCodeIgniter(Object(CodeIgniter\CodeIgniter))
 6 FCPATH\index.php(56): CodeIgniter\Boot::bootWeb(Object(Config\Paths))
 7 SYSTEMPATH\rewrite.php(44): require_once('C:\\xampp\\htdocs\\si_manajemen_nilai\\public\\index.php')
CRITICAL - 2024-12-31 02:38:06 --> Error: Class "App\Models\PeriodeajarModel" not found
[Method: GET, Route: periode_ajar]
in APPPATH\Controllers\Periodeajaran.php on line 10.
 1 SYSTEMPATH\CodeIgniter.php(933): App\Controllers\Periodeajaran->index()
 2 SYSTEMPATH\CodeIgniter.php(509): CodeIgniter\CodeIgniter->runController(Object(App\Controllers\Periodeajaran))
 3 SYSTEMPATH\CodeIgniter.php(355): CodeIgniter\CodeIgniter->handleRequest(null, Object(Config\Cache), false)
 4 SYSTEMPATH\Boot.php(325): CodeIgniter\CodeIgniter->run()
 5 SYSTEMPATH\Boot.php(67): CodeIgniter\Boot::runCodeIgniter(Object(CodeIgniter\CodeIgniter))
 6 FCPATH\index.php(56): CodeIgniter\Boot::bootWeb(Object(Config\Paths))
 7 SYSTEMPATH\rewrite.php(44): require_once('C:\\xampp\\htdocs\\si_manajemen_nilai\\public\\index.php')
CRITICAL - 2024-12-31 02:38:12 --> ErrorException: Undefined variable $jurusanModel
[Method: GET, Route: periode_ajar]
in APPPATH\Controllers\Periodeajaran.php on line 11.
 1 APPPATH\Controllers\Periodeajaran.php(11): CodeIgniter\Debug\Exceptions->errorHandler(2, 'Undefined variable $jurusanModel', 'C:\\xampp\\htdocs\\si_manajemen_nilai\\app\\Controllers\\Periodeajaran.php', 11)
 2 SYSTEMPATH\CodeIgniter.php(933): App\Controllers\Periodeajaran->index()
 3 SYSTEMPATH\CodeIgniter.php(509): CodeIgniter\CodeIgniter->runController(Object(App\Controllers\Periodeajaran))
 4 SYSTEMPATH\CodeIgniter.php(355): CodeIgniter\CodeIgniter->handleRequest(null, Object(Config\Cache), false)
 5 SYSTEMPATH\Boot.php(325): CodeIgniter\CodeIgniter->run()
 6 SYSTEMPATH\Boot.php(67): CodeIgniter\Boot::runCodeIgniter(Object(CodeIgniter\CodeIgniter))
 7 FCPATH\index.php(56): CodeIgniter\Boot::bootWeb(Object(Config\Paths))
 8 SYSTEMPATH\rewrite.php(44): require_once('C:\\xampp\\htdocs\\si_manajemen_nilai\\public\\index.php')
CRITICAL - 2024-12-31 02:38:17 --> ErrorException: Undefined variable $data
[Method: GET, Route: periode_ajar]
in APPPATH\Controllers\Periodeajaran.php on line 14.
 1 APPPATH\Controllers\Periodeajaran.php(14): CodeIgniter\Debug\Exceptions->errorHandler(2, 'Undefined variable $data', 'C:\\xampp\\htdocs\\si_manajemen_nilai\\app\\Controllers\\Periodeajaran.php', 14)
 2 SYSTEMPATH\CodeIgniter.php(933): App\Controllers\Periodeajaran->index()
 3 SYSTEMPATH\CodeIgniter.php(509): CodeIgniter\CodeIgniter->runController(Object(App\Controllers\Periodeajaran))
 4 SYSTEMPATH\CodeIgniter.php(355): CodeIgniter\CodeIgniter->handleRequest(null, Object(Config\Cache), false)
 5 SYSTEMPATH\Boot.php(325): CodeIgniter\CodeIgniter->run()
 6 SYSTEMPATH\Boot.php(67): CodeIgniter\Boot::runCodeIgniter(Object(CodeIgniter\CodeIgniter))
 7 FCPATH\index.php(56): CodeIgniter\Boot::bootWeb(Object(Config\Paths))
 8 SYSTEMPATH\rewrite.php(44): require_once('C:\\xampp\\htdocs\\si_manajemen_nilai\\public\\index.php')
CRITICAL - 2024-12-31 03:05:44 --> ErrorException: Undefined variable $jurusan
[Method: GET, Route: daftar_kelas]
in APPPATH\Views\daftar_kelas_view.php on line 38.
 1 APPPATH\Views\daftar_kelas_view.php(38): CodeIgniter\Debug\Exceptions->errorHandler(2, 'Undefined variable $jurusan', 'C:\\xampp\\htdocs\\si_manajemen_nilai\\app\\Views\\daftar_kelas_view.php', 38)
 2 SYSTEMPATH\View\View.php(234): include('C:\\xampp\\htdocs\\si_manajemen_nilai\\app\\Views\\daftar_kelas_view.php')
 3 SYSTEMPATH\View\View.php(237): CodeIgniter\View\View->CodeIgniter\View\{closure}()
 4 SYSTEMPATH\Common.php(1171): CodeIgniter\View\View->render('daftar_kelas_view', [], true)
 5 APPPATH\Controllers\Daftarkelas.php(14): view('daftar_kelas_view')
 6 SYSTEMPATH\CodeIgniter.php(933): App\Controllers\Daftarkelas->index()
 7 SYSTEMPATH\CodeIgniter.php(509): CodeIgniter\CodeIgniter->runController(Object(App\Controllers\Daftarkelas))
 8 SYSTEMPATH\CodeIgniter.php(355): CodeIgniter\CodeIgniter->handleRequest(null, Object(Config\Cache), false)
 9 SYSTEMPATH\Boot.php(325): CodeIgniter\CodeIgniter->run()
10 SYSTEMPATH\Boot.php(67): CodeIgniter\Boot::runCodeIgniter(Object(CodeIgniter\CodeIgniter))
11 FCPATH\index.php(56): CodeIgniter\Boot::bootWeb(Object(Config\Paths))
12 SYSTEMPATH\rewrite.php(44): require_once('C:\\xampp\\htdocs\\si_manajemen_nilai\\public\\index.php')
CRITICAL - 2024-12-31 08:23:09 --> ParseError: syntax error, unexpected token "="
[Method: GET, Route: periode_ajar]
in APPPATH\Controllers\Periodeajaran.php on line 23.
 1 SYSTEMPATH\Autoloader\Autoloader.php(296): CodeIgniter\Autoloader\Autoloader->includeFile('C:\\xampp\\htdocs\\si_manajemen_nilai\\app\\Controllers\\Periodeajaran.php')
 2 SYSTEMPATH\Autoloader\Autoloader.php(272): CodeIgniter\Autoloader\Autoloader->loadInNamespace('App\\Controllers\\Periodeajaran')
 3 [internal function]: CodeIgniter\Autoloader\Autoloader->loadClass('App\\Controllers\\Periodeajaran')
 4 SYSTEMPATH\CodeIgniter.php(887): class_exists('\\App\\Controllers\\Periodeajaran', true)
 5 SYSTEMPATH\CodeIgniter.php(496): CodeIgniter\CodeIgniter->startController()
 6 SYSTEMPATH\CodeIgniter.php(355): CodeIgniter\CodeIgniter->handleRequest(null, Object(Config\Cache), false)
 7 SYSTEMPATH\Boot.php(325): CodeIgniter\CodeIgniter->run()
 8 SYSTEMPATH\Boot.php(67): CodeIgniter\Boot::runCodeIgniter(Object(CodeIgniter\CodeIgniter))
 9 FCPATH\index.php(56): CodeIgniter\Boot::bootWeb(Object(Config\Paths))
10 SYSTEMPATH\rewrite.php(44): require_once('C:\\xampp\\htdocs\\si_manajemen_nilai\\public\\index.php')
CRITICAL - 2024-12-31 08:23:21 --> ParseError: syntax error, unexpected token "}", expecting ";"
[Method: GET, Route: periode_ajar]
in APPPATH\Models\PeriodeajaranModel.php on line 24.
 1 SYSTEMPATH\Autoloader\Autoloader.php(296): CodeIgniter\Autoloader\Autoloader->includeFile('C:\\xampp\\htdocs\\si_manajemen_nilai\\app\\Models\\PeriodeajaranModel.php')
 2 SYSTEMPATH\Autoloader\Autoloader.php(272): CodeIgniter\Autoloader\Autoloader->loadInNamespace('App\\Models\\PeriodeajaranModel')
 3 APPPATH\Controllers\Periodeajaran.php(10): CodeIgniter\Autoloader\Autoloader->loadClass('App\\Models\\PeriodeajaranModel')
 4 SYSTEMPATH\CodeIgniter.php(933): App\Controllers\Periodeajaran->index()
 5 SYSTEMPATH\CodeIgniter.php(509): CodeIgniter\CodeIgniter->runController(Object(App\Controllers\Periodeajaran))
 6 SYSTEMPATH\CodeIgniter.php(355): CodeIgniter\CodeIgniter->handleRequest(null, Object(Config\Cache), false)
 7 SYSTEMPATH\Boot.php(325): CodeIgniter\CodeIgniter->run()
 8 SYSTEMPATH\Boot.php(67): CodeIgniter\Boot::runCodeIgniter(Object(CodeIgniter\CodeIgniter))
 9 FCPATH\index.php(56): CodeIgniter\Boot::bootWeb(Object(Config\Paths))
10 SYSTEMPATH\rewrite.php(44): require_once('C:\\xampp\\htdocs\\si_manajemen_nilai\\public\\index.php')
CRITICAL - 2024-12-31 08:23:35 --> ErrorException: Undefined variable $kode
[Method: GET, Route: periode_ajar]
in APPPATH\Views\periode_ajaran_view.php on line 73.
 1 APPPATH\Views\periode_ajaran_view.php(73): CodeIgniter\Debug\Exceptions->errorHandler(2, 'Undefined variable $kode', 'C:\\xampp\\htdocs\\si_manajemen_nilai\\app\\Views\\periode_ajaran_view.php', 73)
 2 SYSTEMPATH\View\View.php(234): include('C:\\xampp\\htdocs\\si_manajemen_nilai\\app\\Views\\periode_ajaran_view.php')
 3 SYSTEMPATH\View\View.php(237): CodeIgniter\View\View->CodeIgniter\View\{closure}()
 4 SYSTEMPATH\Common.php(1171): CodeIgniter\View\View->render('periode_ajaran_view', [], true)
 5 APPPATH\Controllers\Periodeajaran.php(14): view('periode_ajaran_view', [...])
 6 SYSTEMPATH\CodeIgniter.php(933): App\Controllers\Periodeajaran->index()
 7 SYSTEMPATH\CodeIgniter.php(509): CodeIgniter\CodeIgniter->runController(Object(App\Controllers\Periodeajaran))
 8 SYSTEMPATH\CodeIgniter.php(355): CodeIgniter\CodeIgniter->handleRequest(null, Object(Config\Cache), false)
 9 SYSTEMPATH\Boot.php(325): CodeIgniter\CodeIgniter->run()
10 SYSTEMPATH\Boot.php(67): CodeIgniter\Boot::runCodeIgniter(Object(CodeIgniter\CodeIgniter))
11 FCPATH\index.php(56): CodeIgniter\Boot::bootWeb(Object(Config\Paths))
12 SYSTEMPATH\rewrite.php(44): require_once('C:\\xampp\\htdocs\\si_manajemen_nilai\\public\\index.php')
CRITICAL - 2024-12-31 08:36:28 --> TypeError: substr(): Argument #1 ($string) must be of type string, array given
[Method: GET, Route: periode_ajar]
in APPPATH\Controllers\Periodeajaran.php on line 13.
 1 APPPATH\Controllers\Periodeajaran.php(13): substr([...], 2, 3)
 2 SYSTEMPATH\CodeIgniter.php(933): App\Controllers\Periodeajaran->index()
 3 SYSTEMPATH\CodeIgniter.php(509): CodeIgniter\CodeIgniter->runController(Object(App\Controllers\Periodeajaran))
 4 SYSTEMPATH\CodeIgniter.php(355): CodeIgniter\CodeIgniter->handleRequest(null, Object(Config\Cache), false)
 5 SYSTEMPATH\Boot.php(325): CodeIgniter\CodeIgniter->run()
 6 SYSTEMPATH\Boot.php(67): CodeIgniter\Boot::runCodeIgniter(Object(CodeIgniter\CodeIgniter))
 7 FCPATH\index.php(56): CodeIgniter\Boot::bootWeb(Object(Config\Paths))
 8 SYSTEMPATH\rewrite.php(44): require_once('C:\\xampp\\htdocs\\si_manajemen_nilai\\public\\index.php')
CRITICAL - 2024-12-31 08:39:00 --> TypeError: substr(): Argument #1 ($string) must be of type string, array given
[Method: GET, Route: periode_ajar]
in APPPATH\Controllers\Periodeajaran.php on line 13.
 1 APPPATH\Controllers\Periodeajaran.php(13): substr([...], 2, 3)
 2 SYSTEMPATH\CodeIgniter.php(933): App\Controllers\Periodeajaran->index()
 3 SYSTEMPATH\CodeIgniter.php(509): CodeIgniter\CodeIgniter->runController(Object(App\Controllers\Periodeajaran))
 4 SYSTEMPATH\CodeIgniter.php(355): CodeIgniter\CodeIgniter->handleRequest(null, Object(Config\Cache), false)
 5 SYSTEMPATH\Boot.php(325): CodeIgniter\CodeIgniter->run()
 6 SYSTEMPATH\Boot.php(67): CodeIgniter\Boot::runCodeIgniter(Object(CodeIgniter\CodeIgniter))
 7 FCPATH\index.php(56): CodeIgniter\Boot::bootWeb(Object(Config\Paths))
 8 SYSTEMPATH\rewrite.php(44): require_once('C:\\xampp\\htdocs\\si_manajemen_nilai\\public\\index.php')
CRITICAL - 2024-12-31 08:40:05 --> ErrorException: Undefined array key "kode"
[Method: GET, Route: periode_ajar]
in APPPATH\Controllers\Periodeajaran.php on line 13.
 1 APPPATH\Controllers\Periodeajaran.php(13): CodeIgniter\Debug\Exceptions->errorHandler(2, 'Undefined array key "kode"', 'C:\\xampp\\htdocs\\si_manajemen_nilai\\app\\Controllers\\Periodeajaran.php', 13)
 2 SYSTEMPATH\CodeIgniter.php(933): App\Controllers\Periodeajaran->index()
 3 SYSTEMPATH\CodeIgniter.php(509): CodeIgniter\CodeIgniter->runController(Object(App\Controllers\Periodeajaran))
 4 SYSTEMPATH\CodeIgniter.php(355): CodeIgniter\CodeIgniter->handleRequest(null, Object(Config\Cache), false)
 5 SYSTEMPATH\Boot.php(325): CodeIgniter\CodeIgniter->run()
 6 SYSTEMPATH\Boot.php(67): CodeIgniter\Boot::runCodeIgniter(Object(CodeIgniter\CodeIgniter))
 7 FCPATH\index.php(56): CodeIgniter\Boot::bootWeb(Object(Config\Paths))
 8 SYSTEMPATH\rewrite.php(44): require_once('C:\\xampp\\htdocs\\si_manajemen_nilai\\public\\index.php')
CRITICAL - 2024-12-31 08:41:08 --> Error: Cannot use object of type stdClass as array
[Method: GET, Route: periode_ajar]
in APPPATH\Controllers\Periodeajaran.php on line 13.
 1 SYSTEMPATH\CodeIgniter.php(933): App\Controllers\Periodeajaran->index()
 2 SYSTEMPATH\CodeIgniter.php(509): CodeIgniter\CodeIgniter->runController(Object(App\Controllers\Periodeajaran))
 3 SYSTEMPATH\CodeIgniter.php(355): CodeIgniter\CodeIgniter->handleRequest(null, Object(Config\Cache), false)
 4 SYSTEMPATH\Boot.php(325): CodeIgniter\CodeIgniter->run()
 5 SYSTEMPATH\Boot.php(67): CodeIgniter\Boot::runCodeIgniter(Object(CodeIgniter\CodeIgniter))
 6 FCPATH\index.php(56): CodeIgniter\Boot::bootWeb(Object(Config\Paths))
 7 SYSTEMPATH\rewrite.php(44): require_once('C:\\xampp\\htdocs\\si_manajemen_nilai\\public\\index.php')
CRITICAL - 2024-12-31 08:41:19 --> TypeError: substr(): Argument #1 ($string) must be of type string, stdClass given
[Method: GET, Route: periode_ajar]
in APPPATH\Controllers\Periodeajaran.php on line 13.
 1 APPPATH\Controllers\Periodeajaran.php(13): substr(Object(stdClass), 2, 3)
 2 SYSTEMPATH\CodeIgniter.php(933): App\Controllers\Periodeajaran->index()
 3 SYSTEMPATH\CodeIgniter.php(509): CodeIgniter\CodeIgniter->runController(Object(App\Controllers\Periodeajaran))
 4 SYSTEMPATH\CodeIgniter.php(355): CodeIgniter\CodeIgniter->handleRequest(null, Object(Config\Cache), false)
 5 SYSTEMPATH\Boot.php(325): CodeIgniter\CodeIgniter->run()
 6 SYSTEMPATH\Boot.php(67): CodeIgniter\Boot::runCodeIgniter(Object(CodeIgniter\CodeIgniter))
 7 FCPATH\index.php(56): CodeIgniter\Boot::bootWeb(Object(Config\Paths))
 8 SYSTEMPATH\rewrite.php(44): require_once('C:\\xampp\\htdocs\\si_manajemen_nilai\\public\\index.php')
CRITICAL - 2024-12-31 08:42:20 --> TypeError: substr(): Argument #1 ($string) must be of type string, stdClass given
[Method: GET, Route: periode_ajar]
in APPPATH\Controllers\Periodeajaran.php on line 13.
 1 APPPATH\Controllers\Periodeajaran.php(13): substr(Object(stdClass), 2, 3)
 2 SYSTEMPATH\CodeIgniter.php(933): App\Controllers\Periodeajaran->index()
 3 SYSTEMPATH\CodeIgniter.php(509): CodeIgniter\CodeIgniter->runController(Object(App\Controllers\Periodeajaran))
 4 SYSTEMPATH\CodeIgniter.php(355): CodeIgniter\CodeIgniter->handleRequest(null, Object(Config\Cache), false)
 5 SYSTEMPATH\Boot.php(325): CodeIgniter\CodeIgniter->run()
 6 SYSTEMPATH\Boot.php(67): CodeIgniter\Boot::runCodeIgniter(Object(CodeIgniter\CodeIgniter))
 7 FCPATH\index.php(56): CodeIgniter\Boot::bootWeb(Object(Config\Paths))
 8 SYSTEMPATH\rewrite.php(44): require_once('C:\\xampp\\htdocs\\si_manajemen_nilai\\public\\index.php')
CRITICAL - 2024-12-31 08:43:09 --> TypeError: Unsupported operand types: string + int
[Method: GET, Route: periode_ajar]
in APPPATH\Controllers\Periodeajaran.php on line 14.
 1 SYSTEMPATH\CodeIgniter.php(933): App\Controllers\Periodeajaran->index()
 2 SYSTEMPATH\CodeIgniter.php(509): CodeIgniter\CodeIgniter->runController(Object(App\Controllers\Periodeajaran))
 3 SYSTEMPATH\CodeIgniter.php(355): CodeIgniter\CodeIgniter->handleRequest(null, Object(Config\Cache), false)
 4 SYSTEMPATH\Boot.php(325): CodeIgniter\CodeIgniter->run()
 5 SYSTEMPATH\Boot.php(67): CodeIgniter\Boot::runCodeIgniter(Object(CodeIgniter\CodeIgniter))
 6 FCPATH\index.php(56): CodeIgniter\Boot::bootWeb(Object(Config\Paths))
 7 SYSTEMPATH\rewrite.php(44): require_once('C:\\xampp\\htdocs\\si_manajemen_nilai\\public\\index.php')
CRITICAL - 2024-12-31 08:45:14 --> TypeError: number_format(): Argument #1 ($num) must be of type float, string given
[Method: GET, Route: periode_ajar]
in APPPATH\Controllers\Periodeajaran.php on line 14.
 1 APPPATH\Controllers\Periodeajaran.php(14): number_format('')
 2 SYSTEMPATH\CodeIgniter.php(933): App\Controllers\Periodeajaran->index()
 3 SYSTEMPATH\CodeIgniter.php(509): CodeIgniter\CodeIgniter->runController(Object(App\Controllers\Periodeajaran))
 4 SYSTEMPATH\CodeIgniter.php(355): CodeIgniter\CodeIgniter->handleRequest(null, Object(Config\Cache), false)
 5 SYSTEMPATH\Boot.php(325): CodeIgniter\CodeIgniter->run()
 6 SYSTEMPATH\Boot.php(67): CodeIgniter\Boot::runCodeIgniter(Object(CodeIgniter\CodeIgniter))
 7 FCPATH\index.php(56): CodeIgniter\Boot::bootWeb(Object(Config\Paths))
 8 SYSTEMPATH\rewrite.php(44): require_once('C:\\xampp\\htdocs\\si_manajemen_nilai\\public\\index.php')
CRITICAL - 2024-12-31 08:47:19 --> ErrorException: Undefined array key "kode"
[Method: GET, Route: periode_ajar]
in APPPATH\Models\PeriodeajaranModel.php on line 23.
 1 APPPATH\Models\PeriodeajaranModel.php(23): CodeIgniter\Debug\Exceptions->errorHandler(2, 'Undefined array key "kode"', 'C:\\xampp\\htdocs\\si_manajemen_nilai\\app\\Models\\PeriodeajaranModel.php', 23)
 2 APPPATH\Controllers\Periodeajaran.php(12): App\Models\PeriodeajaranModel->generateKode()
 3 SYSTEMPATH\CodeIgniter.php(933): App\Controllers\Periodeajaran->index()
 4 SYSTEMPATH\CodeIgniter.php(509): CodeIgniter\CodeIgniter->runController(Object(App\Controllers\Periodeajaran))
 5 SYSTEMPATH\CodeIgniter.php(355): CodeIgniter\CodeIgniter->handleRequest(null, Object(Config\Cache), false)
 6 SYSTEMPATH\Boot.php(325): CodeIgniter\CodeIgniter->run()
 7 SYSTEMPATH\Boot.php(67): CodeIgniter\Boot::runCodeIgniter(Object(CodeIgniter\CodeIgniter))
 8 FCPATH\index.php(56): CodeIgniter\Boot::bootWeb(Object(Config\Paths))
 9 SYSTEMPATH\rewrite.php(44): require_once('C:\\xampp\\htdocs\\si_manajemen_nilai\\public\\index.php')
