WARNING - 2025-02-01 12:19:42 --> [DEPRECATED] substr(): Passing null to parameter #1 ($string) of type string is deprecated in APPPATH\Controllers\Daftarmapel.php on line 16.
 1 APPPATH\Controllers\Daftarmapel.php(16): substr(null, 2, 3)
 2 SYSTEMPATH\CodeIgniter.php(933): App\Controllers\Daftarmapel->index()
 3 SYSTEMPATH\CodeIgniter.php(509): CodeIgniter\CodeIgniter->runController(Object(App\Controllers\Daftarmapel))
 4 SYSTEMPATH\CodeIgniter.php(355): CodeIgniter\CodeIgniter->handleRequest(null, Object(Config\Cache), false)
 5 SYSTEMPATH\Boot.php(325): CodeIgniter\CodeIgniter->run()
 6 SYSTEMPATH\Boot.php(67): CodeIgniter\Boot::runCodeIgniter(Object(CodeIgniter\CodeIgniter))
 7 FCPATH\index.php(56): CodeIgniter\Boot::bootWeb(Object(Config\Paths))
 8 SYSTEMPATH\rewrite.php(44): require_once('C:\\xampp\\htdocs\\si_manajemen_nilai\\public\\index.php')
WARNING - 2025-02-01 12:20:47 --> [DEPRECATED] substr(): Passing null to parameter #1 ($string) of type string is deprecated in APPPATH\Controllers\Daftarmapel.php on line 16.
 1 APPPATH\Controllers\Daftarmapel.php(16): substr(null, 2, 3)
 2 SYSTEMPATH\CodeIgniter.php(933): App\Controllers\Daftarmapel->index()
 3 SYSTEMPATH\CodeIgniter.php(509): CodeIgniter\CodeIgniter->runController(Object(App\Controllers\Daftarmapel))
 4 SYSTEMPATH\CodeIgniter.php(355): CodeIgniter\CodeIgniter->handleRequest(null, Object(Config\Cache), false)
 5 SYSTEMPATH\Boot.php(325): CodeIgniter\CodeIgniter->run()
 6 SYSTEMPATH\Boot.php(67): CodeIgniter\Boot::runCodeIgniter(Object(CodeIgniter\CodeIgniter))
 7 FCPATH\index.php(56): CodeIgniter\Boot::bootWeb(Object(Config\Paths))
 8 SYSTEMPATH\rewrite.php(44): require_once('C:\\xampp\\htdocs\\si_manajemen_nilai\\public\\index.php')
CRITICAL - 2025-02-01 12:20:47 --> ErrorException: Undefined variable $periode
[Method: GET, Route: daftar_mapel]
in APPPATH\Views\daftar_mapel_view.php on line 24.
 1 APPPATH\Views\daftar_mapel_view.php(24): CodeIgniter\Debug\Exceptions->errorHandler(2, 'Undefined variable $periode', 'C:\\xampp\\htdocs\\si_manajemen_nilai\\app\\Views\\daftar_mapel_view.php', 24)
 2 SYSTEMPATH\View\View.php(234): include('C:\\xampp\\htdocs\\si_manajemen_nilai\\app\\Views\\daftar_mapel_view.php')
 3 SYSTEMPATH\View\View.php(237): CodeIgniter\View\View->CodeIgniter\View\{closure}()
 4 SYSTEMPATH\Common.php(1171): CodeIgniter\View\View->render('daftar_mapel_view', [], true)
 5 APPPATH\Controllers\Daftarmapel.php(26): view('daftar_mapel_view', [...])
 6 SYSTEMPATH\CodeIgniter.php(933): App\Controllers\Daftarmapel->index()
 7 SYSTEMPATH\CodeIgniter.php(509): CodeIgniter\CodeIgniter->runController(Object(App\Controllers\Daftarmapel))
 8 SYSTEMPATH\CodeIgniter.php(355): CodeIgniter\CodeIgniter->handleRequest(null, Object(Config\Cache), false)
 9 SYSTEMPATH\Boot.php(325): CodeIgniter\CodeIgniter->run()
10 SYSTEMPATH\Boot.php(67): CodeIgniter\Boot::runCodeIgniter(Object(CodeIgniter\CodeIgniter))
11 FCPATH\index.php(56): CodeIgniter\Boot::bootWeb(Object(Config\Paths))
12 SYSTEMPATH\rewrite.php(44): require_once('C:\\xampp\\htdocs\\si_manajemen_nilai\\public\\index.php')
WARNING - 2025-02-01 12:22:06 --> [DEPRECATED] substr(): Passing null to parameter #1 ($string) of type string is deprecated in APPPATH\Controllers\Daftarmapel.php on line 17.
 1 APPPATH\Controllers\Daftarmapel.php(17): substr(null, 2, 3)
 2 SYSTEMPATH\CodeIgniter.php(933): App\Controllers\Daftarmapel->index()
 3 SYSTEMPATH\CodeIgniter.php(509): CodeIgniter\CodeIgniter->runController(Object(App\Controllers\Daftarmapel))
 4 SYSTEMPATH\CodeIgniter.php(355): CodeIgniter\CodeIgniter->handleRequest(null, Object(Config\Cache), false)
 5 SYSTEMPATH\Boot.php(325): CodeIgniter\CodeIgniter->run()
 6 SYSTEMPATH\Boot.php(67): CodeIgniter\Boot::runCodeIgniter(Object(CodeIgniter\CodeIgniter))
 7 FCPATH\index.php(56): CodeIgniter\Boot::bootWeb(Object(Config\Paths))
 8 SYSTEMPATH\rewrite.php(44): require_once('C:\\xampp\\htdocs\\si_manajemen_nilai\\public\\index.php')
WARNING - 2025-02-01 12:22:17 --> [DEPRECATED] substr(): Passing null to parameter #1 ($string) of type string is deprecated in APPPATH\Controllers\Daftarmapel.php on line 17.
 1 APPPATH\Controllers\Daftarmapel.php(17): substr(null, 2, 3)
 2 SYSTEMPATH\CodeIgniter.php(933): App\Controllers\Daftarmapel->index()
 3 SYSTEMPATH\CodeIgniter.php(509): CodeIgniter\CodeIgniter->runController(Object(App\Controllers\Daftarmapel))
 4 SYSTEMPATH\CodeIgniter.php(355): CodeIgniter\CodeIgniter->handleRequest(null, Object(Config\Cache), false)
 5 SYSTEMPATH\Boot.php(325): CodeIgniter\CodeIgniter->run()
 6 SYSTEMPATH\Boot.php(67): CodeIgniter\Boot::runCodeIgniter(Object(CodeIgniter\CodeIgniter))
 7 FCPATH\index.php(56): CodeIgniter\Boot::bootWeb(Object(Config\Paths))
 8 SYSTEMPATH\rewrite.php(44): require_once('C:\\xampp\\htdocs\\si_manajemen_nilai\\public\\index.php')
WARNING - 2025-02-01 12:40:52 --> [DEPRECATED] substr(): Passing null to parameter #1 ($string) of type string is deprecated in APPPATH\Controllers\Daftarmapel.php on line 17.
 1 APPPATH\Controllers\Daftarmapel.php(17): substr(null, 2, 3)
 2 SYSTEMPATH\CodeIgniter.php(933): App\Controllers\Daftarmapel->index()
 3 SYSTEMPATH\CodeIgniter.php(509): CodeIgniter\CodeIgniter->runController(Object(App\Controllers\Daftarmapel))
 4 SYSTEMPATH\CodeIgniter.php(355): CodeIgniter\CodeIgniter->handleRequest(null, Object(Config\Cache), false)
 5 SYSTEMPATH\Boot.php(325): CodeIgniter\CodeIgniter->run()
 6 SYSTEMPATH\Boot.php(67): CodeIgniter\Boot::runCodeIgniter(Object(CodeIgniter\CodeIgniter))
 7 FCPATH\index.php(56): CodeIgniter\Boot::bootWeb(Object(Config\Paths))
 8 SYSTEMPATH\rewrite.php(44): require_once('C:\\xampp\\htdocs\\si_manajemen_nilai\\public\\index.php')
CRITICAL - 2025-02-01 12:41:01 --> Error: Class "App\Controllers\DaftarkelasModel" not found
[Method: GET, Route: daftar_mapel/periode_mapel/4]
in APPPATH\Controllers\Daftarmapel.php on line 30.
 1 SYSTEMPATH\CodeIgniter.php(933): App\Controllers\Daftarmapel->periode('4')
 2 SYSTEMPATH\CodeIgniter.php(509): CodeIgniter\CodeIgniter->runController(Object(App\Controllers\Daftarmapel))
 3 SYSTEMPATH\CodeIgniter.php(355): CodeIgniter\CodeIgniter->handleRequest(null, Object(Config\Cache), false)
 4 SYSTEMPATH\Boot.php(325): CodeIgniter\CodeIgniter->run()
 5 SYSTEMPATH\Boot.php(67): CodeIgniter\Boot::runCodeIgniter(Object(CodeIgniter\CodeIgniter))
 6 FCPATH\index.php(56): CodeIgniter\Boot::bootWeb(Object(Config\Paths))
 7 SYSTEMPATH\rewrite.php(44): require_once('C:\\xampp\\htdocs\\si_manajemen_nilai\\public\\index.php')
CRITICAL - 2025-02-01 12:41:26 --> ErrorException: Undefined variable $mapelModel
[Method: GET, Route: daftar_mapel/periode_mapel/4]
in APPPATH\Controllers\Daftarmapel.php on line 40.
 1 APPPATH\Controllers\Daftarmapel.php(40): CodeIgniter\Debug\Exceptions->errorHandler(2, 'Undefined variable $mapelModel', 'C:\\xampp\\htdocs\\si_manajemen_nilai\\app\\Controllers\\Daftarmapel.php', 40)
 2 SYSTEMPATH\CodeIgniter.php(933): App\Controllers\Daftarmapel->periode('4')
 3 SYSTEMPATH\CodeIgniter.php(509): CodeIgniter\CodeIgniter->runController(Object(App\Controllers\Daftarmapel))
 4 SYSTEMPATH\CodeIgniter.php(355): CodeIgniter\CodeIgniter->handleRequest(null, Object(Config\Cache), false)
 5 SYSTEMPATH\Boot.php(325): CodeIgniter\CodeIgniter->run()
 6 SYSTEMPATH\Boot.php(67): CodeIgniter\Boot::runCodeIgniter(Object(CodeIgniter\CodeIgniter))
 7 FCPATH\index.php(56): CodeIgniter\Boot::bootWeb(Object(Config\Paths))
 8 SYSTEMPATH\rewrite.php(44): require_once('C:\\xampp\\htdocs\\si_manajemen_nilai\\public\\index.php')
WARNING - 2025-02-01 12:56:51 --> [DEPRECATED] substr(): Passing null to parameter #1 ($string) of type string is deprecated in APPPATH\Controllers\Daftarmapel.php on line 18.
 1 APPPATH\Controllers\Daftarmapel.php(18): substr(null, 2, 3)
 2 SYSTEMPATH\CodeIgniter.php(933): App\Controllers\Daftarmapel->index()
 3 SYSTEMPATH\CodeIgniter.php(509): CodeIgniter\CodeIgniter->runController(Object(App\Controllers\Daftarmapel))
 4 SYSTEMPATH\CodeIgniter.php(355): CodeIgniter\CodeIgniter->handleRequest(null, Object(Config\Cache), false)
 5 SYSTEMPATH\Boot.php(325): CodeIgniter\CodeIgniter->run()
 6 SYSTEMPATH\Boot.php(67): CodeIgniter\Boot::runCodeIgniter(Object(CodeIgniter\CodeIgniter))
 7 FCPATH\index.php(56): CodeIgniter\Boot::bootWeb(Object(Config\Paths))
 8 SYSTEMPATH\rewrite.php(44): require_once('C:\\xampp\\htdocs\\si_manajemen_nilai\\public\\index.php')
WARNING - 2025-02-01 12:57:59 --> [DEPRECATED] substr(): Passing null to parameter #1 ($string) of type string is deprecated in APPPATH\Controllers\Daftarmapel.php on line 18.
 1 APPPATH\Controllers\Daftarmapel.php(18): substr(null, 2, 3)
 2 SYSTEMPATH\CodeIgniter.php(933): App\Controllers\Daftarmapel->index()
 3 SYSTEMPATH\CodeIgniter.php(509): CodeIgniter\CodeIgniter->runController(Object(App\Controllers\Daftarmapel))
 4 SYSTEMPATH\CodeIgniter.php(355): CodeIgniter\CodeIgniter->handleRequest(null, Object(Config\Cache), false)
 5 SYSTEMPATH\Boot.php(325): CodeIgniter\CodeIgniter->run()
 6 SYSTEMPATH\Boot.php(67): CodeIgniter\Boot::runCodeIgniter(Object(CodeIgniter\CodeIgniter))
 7 FCPATH\index.php(56): CodeIgniter\Boot::bootWeb(Object(Config\Paths))
 8 SYSTEMPATH\rewrite.php(44): require_once('C:\\xampp\\htdocs\\si_manajemen_nilai\\public\\index.php')
CRITICAL - 2025-02-01 12:58:31 --> ArgumentCountError: Too few arguments to function App\Models\DaftarmapelModel::dataMapel(), 0 passed in C:\xampp\htdocs\si_manajemen_nilai\app\Controllers\Daftarnilai_tugas.php on line 30 and exactly 1 expected
[Method: GET, Route: daftar_nilai/nilai_tugas_periode/4]
in APPPATH\Models\DaftarmapelModel.php on line 15.
 1 APPPATH\Controllers\Daftarnilai_tugas.php(30): App\Models\DaftarmapelModel->dataMapel()
 2 SYSTEMPATH\CodeIgniter.php(933): App\Controllers\Daftarnilai_tugas->nilai_tugas_periode('4')
 3 SYSTEMPATH\CodeIgniter.php(509): CodeIgniter\CodeIgniter->runController(Object(App\Controllers\Daftarnilai_tugas))
 4 SYSTEMPATH\CodeIgniter.php(355): CodeIgniter\CodeIgniter->handleRequest(null, Object(Config\Cache), false)
 5 SYSTEMPATH\Boot.php(325): CodeIgniter\CodeIgniter->run()
 6 SYSTEMPATH\Boot.php(67): CodeIgniter\Boot::runCodeIgniter(Object(CodeIgniter\CodeIgniter))
 7 FCPATH\index.php(56): CodeIgniter\Boot::bootWeb(Object(Config\Paths))
 8 SYSTEMPATH\rewrite.php(44): require_once('C:\\xampp\\htdocs\\si_manajemen_nilai\\public\\index.php')
WARNING - 2025-02-01 13:00:18 --> [DEPRECATED] substr(): Passing null to parameter #1 ($string) of type string is deprecated in APPPATH\Controllers\Daftarmapel.php on line 18.
 1 APPPATH\Controllers\Daftarmapel.php(18): substr(null, 2, 3)
 2 SYSTEMPATH\CodeIgniter.php(933): App\Controllers\Daftarmapel->index()
 3 SYSTEMPATH\CodeIgniter.php(509): CodeIgniter\CodeIgniter->runController(Object(App\Controllers\Daftarmapel))
 4 SYSTEMPATH\CodeIgniter.php(355): CodeIgniter\CodeIgniter->handleRequest(null, Object(Config\Cache), false)
 5 SYSTEMPATH\Boot.php(325): CodeIgniter\CodeIgniter->run()
 6 SYSTEMPATH\Boot.php(67): CodeIgniter\Boot::runCodeIgniter(Object(CodeIgniter\CodeIgniter))
 7 FCPATH\index.php(56): CodeIgniter\Boot::bootWeb(Object(Config\Paths))
 8 SYSTEMPATH\rewrite.php(44): require_once('C:\\xampp\\htdocs\\si_manajemen_nilai\\public\\index.php')
ERROR - 2025-02-01 13:00:41 --> mysqli_sql_exception: Cannot add or update a child row: a foreign key constraint fails (`manajemen_nilai`.`dt_mapel`, CONSTRAINT `dt_mapel_ibfk_2` FOREIGN KEY (`id_periode`) REFERENCES `dt_periode_ajaran` (`id_periode`) ON DELETE CASCADE ON UPDATE CASCADE) in C:\xampp\htdocs\si_manajemen_nilai\system\Database\MySQLi\Connection.php:312
Stack trace:
#0 C:\xampp\htdocs\si_manajemen_nilai\system\Database\MySQLi\Connection.php(312): mysqli->query('INSERT INTO `dt...', 0)
#1 C:\xampp\htdocs\si_manajemen_nilai\system\Database\BaseConnection.php(734): CodeIgniter\Database\MySQLi\Connection->execute('INSERT INTO `dt...')
#2 C:\xampp\htdocs\si_manajemen_nilai\system\Database\BaseConnection.php(648): CodeIgniter\Database\BaseConnection->simpleQuery('INSERT INTO `dt...')
#3 C:\xampp\htdocs\si_manajemen_nilai\system\Database\BaseBuilder.php(2340): CodeIgniter\Database\BaseConnection->query('INSERT INTO `dt...', Array, false)
#4 C:\xampp\htdocs\si_manajemen_nilai\system\Model.php(394): CodeIgniter\Database\BaseBuilder->insert()
#5 C:\xampp\htdocs\si_manajemen_nilai\system\BaseModel.php(840): CodeIgniter\Model->doInsert(Array)
#6 C:\xampp\htdocs\si_manajemen_nilai\system\Model.php(802): CodeIgniter\BaseModel->insert(Array, true)
#7 C:\xampp\htdocs\si_manajemen_nilai\app\Models\DaftarmapelModel.php(59): CodeIgniter\Model->insert(Array)
#8 C:\xampp\htdocs\si_manajemen_nilai\app\Controllers\Daftarmapel.php(64): App\Models\DaftarmapelModel->tambahDataMapel('MA006', 'Informatika', 'X', '1', '4', 'Adji Muhamad Zi...')
#9 C:\xampp\htdocs\si_manajemen_nilai\system\CodeIgniter.php(933): App\Controllers\Daftarmapel->tambah()
#10 C:\xampp\htdocs\si_manajemen_nilai\system\CodeIgniter.php(509): CodeIgniter\CodeIgniter->runController(Object(App\Controllers\Daftarmapel))
#11 C:\xampp\htdocs\si_manajemen_nilai\system\CodeIgniter.php(355): CodeIgniter\CodeIgniter->handleRequest(NULL, Object(Config\Cache), false)
#12 C:\xampp\htdocs\si_manajemen_nilai\system\Boot.php(325): CodeIgniter\CodeIgniter->run()
#13 C:\xampp\htdocs\si_manajemen_nilai\system\Boot.php(67): CodeIgniter\Boot::runCodeIgniter(Object(CodeIgniter\CodeIgniter))
#14 C:\xampp\htdocs\si_manajemen_nilai\public\index.php(56): CodeIgniter\Boot::bootWeb(Object(Config\Paths))
#15 C:\xampp\htdocs\si_manajemen_nilai\system\rewrite.php(44): require_once('C:\\xampp\\htdocs...')
#16 {main}
CRITICAL - 2025-02-01 13:00:42 --> CodeIgniter\Database\Exceptions\DatabaseException: Cannot add or update a child row: a foreign key constraint fails (`manajemen_nilai`.`dt_mapel`, CONSTRAINT `dt_mapel_ibfk_2` FOREIGN KEY (`id_periode`) REFERENCES `dt_periode_ajaran` (`id_periode`) ON DELETE CASCADE ON UPDATE CASCADE)
[Method: POST, Route: daftar_mapel/tambah]
in SYSTEMPATH\Database\BaseConnection.php on line 688.
 1 SYSTEMPATH\Database\BaseBuilder.php(2340): CodeIgniter\Database\BaseConnection->query('INSERT INTO `dt_mapel` (`kd_mapel`, `nama_mapel`, `kelas`, `id_jurusan`, `guru`) VALUES (:kd_mapel:, :nama_mapel:, :kelas:, :id_jurusan:, :guru:)', [...], false)
 2 SYSTEMPATH\Model.php(394): CodeIgniter\Database\BaseBuilder->insert()
 3 SYSTEMPATH\BaseModel.php(840): CodeIgniter\Model->doInsert([...])
 4 SYSTEMPATH\Model.php(802): CodeIgniter\BaseModel->insert([...], true)
 5 APPPATH\Models\DaftarmapelModel.php(59): CodeIgniter\Model->insert([...])
 6 APPPATH\Controllers\Daftarmapel.php(64): App\Models\DaftarmapelModel->tambahDataMapel('MA006', 'Informatika', 'X', '1', '4', 'Adji Muhamad Zidan S.Kom')
 7 SYSTEMPATH\CodeIgniter.php(933): App\Controllers\Daftarmapel->tambah()
 8 SYSTEMPATH\CodeIgniter.php(509): CodeIgniter\CodeIgniter->runController(Object(App\Controllers\Daftarmapel))
 9 SYSTEMPATH\CodeIgniter.php(355): CodeIgniter\CodeIgniter->handleRequest(null, Object(Config\Cache), false)
10 SYSTEMPATH\Boot.php(325): CodeIgniter\CodeIgniter->run()
11 SYSTEMPATH\Boot.php(67): CodeIgniter\Boot::runCodeIgniter(Object(CodeIgniter\CodeIgniter))
12 FCPATH\index.php(56): CodeIgniter\Boot::bootWeb(Object(Config\Paths))
13 SYSTEMPATH\rewrite.php(44): require_once('C:\\xampp\\htdocs\\si_manajemen_nilai\\public\\index.php')
CRITICAL - 2025-02-01 13:00:42 --> [Caused by] CodeIgniter\Database\Exceptions\DatabaseException: Cannot add or update a child row: a foreign key constraint fails (`manajemen_nilai`.`dt_mapel`, CONSTRAINT `dt_mapel_ibfk_2` FOREIGN KEY (`id_periode`) REFERENCES `dt_periode_ajaran` (`id_periode`) ON DELETE CASCADE ON UPDATE CASCADE)
in SYSTEMPATH\Database\MySQLi\Connection.php on line 317.
 1 SYSTEMPATH\Database\BaseConnection.php(734): CodeIgniter\Database\MySQLi\Connection->execute('INSERT INTO `dt_mapel` (`kd_mapel`, `nama_mapel`, `kelas`, `id_jurusan`, `guru`) VALUES (\'MA006\', \'Informatika\', \'X\', \'1\', \'Adji Muhamad Zidan S.Kom\')')
 2 SYSTEMPATH\Database\BaseConnection.php(648): CodeIgniter\Database\BaseConnection->simpleQuery('INSERT INTO `dt_mapel` (`kd_mapel`, `nama_mapel`, `kelas`, `id_jurusan`, `guru`) VALUES (\'MA006\', \'Informatika\', \'X\', \'1\', \'Adji Muhamad Zidan S.Kom\')')
 3 SYSTEMPATH\Database\BaseBuilder.php(2340): CodeIgniter\Database\BaseConnection->query('INSERT INTO `dt_mapel` (`kd_mapel`, `nama_mapel`, `kelas`, `id_jurusan`, `guru`) VALUES (:kd_mapel:, :nama_mapel:, :kelas:, :id_jurusan:, :guru:)', [...], false)
 4 SYSTEMPATH\Model.php(394): CodeIgniter\Database\BaseBuilder->insert()
 5 SYSTEMPATH\BaseModel.php(840): CodeIgniter\Model->doInsert([...])
 6 SYSTEMPATH\Model.php(802): CodeIgniter\BaseModel->insert([...], true)
 7 APPPATH\Models\DaftarmapelModel.php(59): CodeIgniter\Model->insert([...])
 8 APPPATH\Controllers\Daftarmapel.php(64): App\Models\DaftarmapelModel->tambahDataMapel('MA006', 'Informatika', 'X', '1', '4', 'Adji Muhamad Zidan S.Kom')
 9 SYSTEMPATH\CodeIgniter.php(933): App\Controllers\Daftarmapel->tambah()
10 SYSTEMPATH\CodeIgniter.php(509): CodeIgniter\CodeIgniter->runController(Object(App\Controllers\Daftarmapel))
11 SYSTEMPATH\CodeIgniter.php(355): CodeIgniter\CodeIgniter->handleRequest(null, Object(Config\Cache), false)
12 SYSTEMPATH\Boot.php(325): CodeIgniter\CodeIgniter->run()
13 SYSTEMPATH\Boot.php(67): CodeIgniter\Boot::runCodeIgniter(Object(CodeIgniter\CodeIgniter))
14 FCPATH\index.php(56): CodeIgniter\Boot::bootWeb(Object(Config\Paths))
15 SYSTEMPATH\rewrite.php(44): require_once('C:\\xampp\\htdocs\\si_manajemen_nilai\\public\\index.php')
CRITICAL - 2025-02-01 13:00:42 --> [Caused by] mysqli_sql_exception: Cannot add or update a child row: a foreign key constraint fails (`manajemen_nilai`.`dt_mapel`, CONSTRAINT `dt_mapel_ibfk_2` FOREIGN KEY (`id_periode`) REFERENCES `dt_periode_ajaran` (`id_periode`) ON DELETE CASCADE ON UPDATE CASCADE)
in SYSTEMPATH\Database\MySQLi\Connection.php on line 312.
 1 SYSTEMPATH\Database\MySQLi\Connection.php(312): mysqli->query('INSERT INTO `dt_mapel` (`kd_mapel`, `nama_mapel`, `kelas`, `id_jurusan`, `guru`) VALUES (\'MA006\', \'Informatika\', \'X\', \'1\', \'Adji Muhamad Zidan S.Kom\')', 0)
 2 SYSTEMPATH\Database\BaseConnection.php(734): CodeIgniter\Database\MySQLi\Connection->execute('INSERT INTO `dt_mapel` (`kd_mapel`, `nama_mapel`, `kelas`, `id_jurusan`, `guru`) VALUES (\'MA006\', \'Informatika\', \'X\', \'1\', \'Adji Muhamad Zidan S.Kom\')')
 3 SYSTEMPATH\Database\BaseConnection.php(648): CodeIgniter\Database\BaseConnection->simpleQuery('INSERT INTO `dt_mapel` (`kd_mapel`, `nama_mapel`, `kelas`, `id_jurusan`, `guru`) VALUES (\'MA006\', \'Informatika\', \'X\', \'1\', \'Adji Muhamad Zidan S.Kom\')')
 4 SYSTEMPATH\Database\BaseBuilder.php(2340): CodeIgniter\Database\BaseConnection->query('INSERT INTO `dt_mapel` (`kd_mapel`, `nama_mapel`, `kelas`, `id_jurusan`, `guru`) VALUES (:kd_mapel:, :nama_mapel:, :kelas:, :id_jurusan:, :guru:)', [...], false)
 5 SYSTEMPATH\Model.php(394): CodeIgniter\Database\BaseBuilder->insert()
 6 SYSTEMPATH\BaseModel.php(840): CodeIgniter\Model->doInsert([...])
 7 SYSTEMPATH\Model.php(802): CodeIgniter\BaseModel->insert([...], true)
 8 APPPATH\Models\DaftarmapelModel.php(59): CodeIgniter\Model->insert([...])
 9 APPPATH\Controllers\Daftarmapel.php(64): App\Models\DaftarmapelModel->tambahDataMapel('MA006', 'Informatika', 'X', '1', '4', 'Adji Muhamad Zidan S.Kom')
10 SYSTEMPATH\CodeIgniter.php(933): App\Controllers\Daftarmapel->tambah()
11 SYSTEMPATH\CodeIgniter.php(509): CodeIgniter\CodeIgniter->runController(Object(App\Controllers\Daftarmapel))
12 SYSTEMPATH\CodeIgniter.php(355): CodeIgniter\CodeIgniter->handleRequest(null, Object(Config\Cache), false)
13 SYSTEMPATH\Boot.php(325): CodeIgniter\CodeIgniter->run()
14 SYSTEMPATH\Boot.php(67): CodeIgniter\Boot::runCodeIgniter(Object(CodeIgniter\CodeIgniter))
15 FCPATH\index.php(56): CodeIgniter\Boot::bootWeb(Object(Config\Paths))
16 SYSTEMPATH\rewrite.php(44): require_once('C:\\xampp\\htdocs\\si_manajemen_nilai\\public\\index.php')
ERROR - 2025-02-01 13:02:00 --> mysqli_sql_exception: Cannot add or update a child row: a foreign key constraint fails (`manajemen_nilai`.`dt_mapel`, CONSTRAINT `dt_mapel_ibfk_2` FOREIGN KEY (`id_periode`) REFERENCES `dt_periode_ajaran` (`id_periode`) ON DELETE CASCADE ON UPDATE CASCADE) in C:\xampp\htdocs\si_manajemen_nilai\system\Database\MySQLi\Connection.php:312
Stack trace:
#0 C:\xampp\htdocs\si_manajemen_nilai\system\Database\MySQLi\Connection.php(312): mysqli->query('INSERT INTO `dt...', 0)
#1 C:\xampp\htdocs\si_manajemen_nilai\system\Database\BaseConnection.php(734): CodeIgniter\Database\MySQLi\Connection->execute('INSERT INTO `dt...')
#2 C:\xampp\htdocs\si_manajemen_nilai\system\Database\BaseConnection.php(648): CodeIgniter\Database\BaseConnection->simpleQuery('INSERT INTO `dt...')
#3 C:\xampp\htdocs\si_manajemen_nilai\system\Database\BaseBuilder.php(2340): CodeIgniter\Database\BaseConnection->query('INSERT INTO `dt...', Array, false)
#4 C:\xampp\htdocs\si_manajemen_nilai\system\Model.php(394): CodeIgniter\Database\BaseBuilder->insert()
#5 C:\xampp\htdocs\si_manajemen_nilai\system\BaseModel.php(840): CodeIgniter\Model->doInsert(Array)
#6 C:\xampp\htdocs\si_manajemen_nilai\system\Model.php(802): CodeIgniter\BaseModel->insert(Array, true)
#7 C:\xampp\htdocs\si_manajemen_nilai\app\Models\DaftarmapelModel.php(59): CodeIgniter\Model->insert(Array)
#8 C:\xampp\htdocs\si_manajemen_nilai\app\Controllers\Daftarmapel.php(64): App\Models\DaftarmapelModel->tambahDataMapel('MA006', 'Informatika', 'X', '1', '4', 'Adji Muhamad Zi...')
#9 C:\xampp\htdocs\si_manajemen_nilai\system\CodeIgniter.php(933): App\Controllers\Daftarmapel->tambah()
#10 C:\xampp\htdocs\si_manajemen_nilai\system\CodeIgniter.php(509): CodeIgniter\CodeIgniter->runController(Object(App\Controllers\Daftarmapel))
#11 C:\xampp\htdocs\si_manajemen_nilai\system\CodeIgniter.php(355): CodeIgniter\CodeIgniter->handleRequest(NULL, Object(Config\Cache), false)
#12 C:\xampp\htdocs\si_manajemen_nilai\system\Boot.php(325): CodeIgniter\CodeIgniter->run()
#13 C:\xampp\htdocs\si_manajemen_nilai\system\Boot.php(67): CodeIgniter\Boot::runCodeIgniter(Object(CodeIgniter\CodeIgniter))
#14 C:\xampp\htdocs\si_manajemen_nilai\public\index.php(56): CodeIgniter\Boot::bootWeb(Object(Config\Paths))
#15 C:\xampp\htdocs\si_manajemen_nilai\system\rewrite.php(44): require_once('C:\\xampp\\htdocs...')
#16 {main}
CRITICAL - 2025-02-01 13:02:00 --> CodeIgniter\Database\Exceptions\DatabaseException: Cannot add or update a child row: a foreign key constraint fails (`manajemen_nilai`.`dt_mapel`, CONSTRAINT `dt_mapel_ibfk_2` FOREIGN KEY (`id_periode`) REFERENCES `dt_periode_ajaran` (`id_periode`) ON DELETE CASCADE ON UPDATE CASCADE)
[Method: POST, Route: daftar_mapel/tambah]
in SYSTEMPATH\Database\BaseConnection.php on line 688.
 1 SYSTEMPATH\Database\BaseBuilder.php(2340): CodeIgniter\Database\BaseConnection->query('INSERT INTO `dt_mapel` (`kd_mapel`, `nama_mapel`, `kelas`, `id_jurusan`, `guru`) VALUES (:kd_mapel:, :nama_mapel:, :kelas:, :id_jurusan:, :guru:)', [...], false)
 2 SYSTEMPATH\Model.php(394): CodeIgniter\Database\BaseBuilder->insert()
 3 SYSTEMPATH\BaseModel.php(840): CodeIgniter\Model->doInsert([...])
 4 SYSTEMPATH\Model.php(802): CodeIgniter\BaseModel->insert([...], true)
 5 APPPATH\Models\DaftarmapelModel.php(59): CodeIgniter\Model->insert([...])
 6 APPPATH\Controllers\Daftarmapel.php(64): App\Models\DaftarmapelModel->tambahDataMapel('MA006', 'Informatika', 'X', '1', '4', 'Adji Muhamad Zidan S.Kom')
 7 SYSTEMPATH\CodeIgniter.php(933): App\Controllers\Daftarmapel->tambah()
 8 SYSTEMPATH\CodeIgniter.php(509): CodeIgniter\CodeIgniter->runController(Object(App\Controllers\Daftarmapel))
 9 SYSTEMPATH\CodeIgniter.php(355): CodeIgniter\CodeIgniter->handleRequest(null, Object(Config\Cache), false)
10 SYSTEMPATH\Boot.php(325): CodeIgniter\CodeIgniter->run()
11 SYSTEMPATH\Boot.php(67): CodeIgniter\Boot::runCodeIgniter(Object(CodeIgniter\CodeIgniter))
12 FCPATH\index.php(56): CodeIgniter\Boot::bootWeb(Object(Config\Paths))
13 SYSTEMPATH\rewrite.php(44): require_once('C:\\xampp\\htdocs\\si_manajemen_nilai\\public\\index.php')
CRITICAL - 2025-02-01 13:02:00 --> [Caused by] CodeIgniter\Database\Exceptions\DatabaseException: Cannot add or update a child row: a foreign key constraint fails (`manajemen_nilai`.`dt_mapel`, CONSTRAINT `dt_mapel_ibfk_2` FOREIGN KEY (`id_periode`) REFERENCES `dt_periode_ajaran` (`id_periode`) ON DELETE CASCADE ON UPDATE CASCADE)
in SYSTEMPATH\Database\MySQLi\Connection.php on line 317.
 1 SYSTEMPATH\Database\BaseConnection.php(734): CodeIgniter\Database\MySQLi\Connection->execute('INSERT INTO `dt_mapel` (`kd_mapel`, `nama_mapel`, `kelas`, `id_jurusan`, `guru`) VALUES (\'MA006\', \'Informatika\', \'X\', \'1\', \'Adji Muhamad Zidan S.Kom\')')
 2 SYSTEMPATH\Database\BaseConnection.php(648): CodeIgniter\Database\BaseConnection->simpleQuery('INSERT INTO `dt_mapel` (`kd_mapel`, `nama_mapel`, `kelas`, `id_jurusan`, `guru`) VALUES (\'MA006\', \'Informatika\', \'X\', \'1\', \'Adji Muhamad Zidan S.Kom\')')
 3 SYSTEMPATH\Database\BaseBuilder.php(2340): CodeIgniter\Database\BaseConnection->query('INSERT INTO `dt_mapel` (`kd_mapel`, `nama_mapel`, `kelas`, `id_jurusan`, `guru`) VALUES (:kd_mapel:, :nama_mapel:, :kelas:, :id_jurusan:, :guru:)', [...], false)
 4 SYSTEMPATH\Model.php(394): CodeIgniter\Database\BaseBuilder->insert()
 5 SYSTEMPATH\BaseModel.php(840): CodeIgniter\Model->doInsert([...])
 6 SYSTEMPATH\Model.php(802): CodeIgniter\BaseModel->insert([...], true)
 7 APPPATH\Models\DaftarmapelModel.php(59): CodeIgniter\Model->insert([...])
 8 APPPATH\Controllers\Daftarmapel.php(64): App\Models\DaftarmapelModel->tambahDataMapel('MA006', 'Informatika', 'X', '1', '4', 'Adji Muhamad Zidan S.Kom')
 9 SYSTEMPATH\CodeIgniter.php(933): App\Controllers\Daftarmapel->tambah()
10 SYSTEMPATH\CodeIgniter.php(509): CodeIgniter\CodeIgniter->runController(Object(App\Controllers\Daftarmapel))
11 SYSTEMPATH\CodeIgniter.php(355): CodeIgniter\CodeIgniter->handleRequest(null, Object(Config\Cache), false)
12 SYSTEMPATH\Boot.php(325): CodeIgniter\CodeIgniter->run()
13 SYSTEMPATH\Boot.php(67): CodeIgniter\Boot::runCodeIgniter(Object(CodeIgniter\CodeIgniter))
14 FCPATH\index.php(56): CodeIgniter\Boot::bootWeb(Object(Config\Paths))
15 SYSTEMPATH\rewrite.php(44): require_once('C:\\xampp\\htdocs\\si_manajemen_nilai\\public\\index.php')
CRITICAL - 2025-02-01 13:02:00 --> [Caused by] mysqli_sql_exception: Cannot add or update a child row: a foreign key constraint fails (`manajemen_nilai`.`dt_mapel`, CONSTRAINT `dt_mapel_ibfk_2` FOREIGN KEY (`id_periode`) REFERENCES `dt_periode_ajaran` (`id_periode`) ON DELETE CASCADE ON UPDATE CASCADE)
in SYSTEMPATH\Database\MySQLi\Connection.php on line 312.
 1 SYSTEMPATH\Database\MySQLi\Connection.php(312): mysqli->query('INSERT INTO `dt_mapel` (`kd_mapel`, `nama_mapel`, `kelas`, `id_jurusan`, `guru`) VALUES (\'MA006\', \'Informatika\', \'X\', \'1\', \'Adji Muhamad Zidan S.Kom\')', 0)
 2 SYSTEMPATH\Database\BaseConnection.php(734): CodeIgniter\Database\MySQLi\Connection->execute('INSERT INTO `dt_mapel` (`kd_mapel`, `nama_mapel`, `kelas`, `id_jurusan`, `guru`) VALUES (\'MA006\', \'Informatika\', \'X\', \'1\', \'Adji Muhamad Zidan S.Kom\')')
 3 SYSTEMPATH\Database\BaseConnection.php(648): CodeIgniter\Database\BaseConnection->simpleQuery('INSERT INTO `dt_mapel` (`kd_mapel`, `nama_mapel`, `kelas`, `id_jurusan`, `guru`) VALUES (\'MA006\', \'Informatika\', \'X\', \'1\', \'Adji Muhamad Zidan S.Kom\')')
 4 SYSTEMPATH\Database\BaseBuilder.php(2340): CodeIgniter\Database\BaseConnection->query('INSERT INTO `dt_mapel` (`kd_mapel`, `nama_mapel`, `kelas`, `id_jurusan`, `guru`) VALUES (:kd_mapel:, :nama_mapel:, :kelas:, :id_jurusan:, :guru:)', [...], false)
 5 SYSTEMPATH\Model.php(394): CodeIgniter\Database\BaseBuilder->insert()
 6 SYSTEMPATH\BaseModel.php(840): CodeIgniter\Model->doInsert([...])
 7 SYSTEMPATH\Model.php(802): CodeIgniter\BaseModel->insert([...], true)
 8 APPPATH\Models\DaftarmapelModel.php(59): CodeIgniter\Model->insert([...])
 9 APPPATH\Controllers\Daftarmapel.php(64): App\Models\DaftarmapelModel->tambahDataMapel('MA006', 'Informatika', 'X', '1', '4', 'Adji Muhamad Zidan S.Kom')
10 SYSTEMPATH\CodeIgniter.php(933): App\Controllers\Daftarmapel->tambah()
11 SYSTEMPATH\CodeIgniter.php(509): CodeIgniter\CodeIgniter->runController(Object(App\Controllers\Daftarmapel))
12 SYSTEMPATH\CodeIgniter.php(355): CodeIgniter\CodeIgniter->handleRequest(null, Object(Config\Cache), false)
13 SYSTEMPATH\Boot.php(325): CodeIgniter\CodeIgniter->run()
14 SYSTEMPATH\Boot.php(67): CodeIgniter\Boot::runCodeIgniter(Object(CodeIgniter\CodeIgniter))
15 FCPATH\index.php(56): CodeIgniter\Boot::bootWeb(Object(Config\Paths))
16 SYSTEMPATH\rewrite.php(44): require_once('C:\\xampp\\htdocs\\si_manajemen_nilai\\public\\index.php')
CRITICAL - 2025-02-01 13:03:11 --> ErrorException: Undefined variable $periode
[Method: POST, Route: daftar_mapel/tambah]
in APPPATH\Controllers\Daftarmapel.php on line 65.
 1 APPPATH\Controllers\Daftarmapel.php(65): CodeIgniter\Debug\Exceptions->errorHandler(2, 'Undefined variable $periode', 'C:\\xampp\\htdocs\\si_manajemen_nilai\\app\\Controllers\\Daftarmapel.php', 65)
 2 SYSTEMPATH\CodeIgniter.php(933): App\Controllers\Daftarmapel->tambah()
 3 SYSTEMPATH\CodeIgniter.php(509): CodeIgniter\CodeIgniter->runController(Object(App\Controllers\Daftarmapel))
 4 SYSTEMPATH\CodeIgniter.php(355): CodeIgniter\CodeIgniter->handleRequest(null, Object(Config\Cache), false)
 5 SYSTEMPATH\Boot.php(325): CodeIgniter\CodeIgniter->run()
 6 SYSTEMPATH\Boot.php(67): CodeIgniter\Boot::runCodeIgniter(Object(CodeIgniter\CodeIgniter))
 7 FCPATH\index.php(56): CodeIgniter\Boot::bootWeb(Object(Config\Paths))
 8 SYSTEMPATH\rewrite.php(44): require_once('C:\\xampp\\htdocs\\si_manajemen_nilai\\public\\index.php')
WARNING - 2025-02-01 13:05:33 --> [DEPRECATED] substr(): Passing null to parameter #1 ($string) of type string is deprecated in APPPATH\Controllers\Daftarmapel.php on line 33.
 1 APPPATH\Controllers\Daftarmapel.php(33): substr(null, 2, 3)
 2 SYSTEMPATH\CodeIgniter.php(933): App\Controllers\Daftarmapel->periode('4')
 3 SYSTEMPATH\CodeIgniter.php(509): CodeIgniter\CodeIgniter->runController(Object(App\Controllers\Daftarmapel))
 4 SYSTEMPATH\CodeIgniter.php(355): CodeIgniter\CodeIgniter->handleRequest(null, Object(Config\Cache), false)
 5 SYSTEMPATH\Boot.php(325): CodeIgniter\CodeIgniter->run()
 6 SYSTEMPATH\Boot.php(67): CodeIgniter\Boot::runCodeIgniter(Object(CodeIgniter\CodeIgniter))
 7 FCPATH\index.php(56): CodeIgniter\Boot::bootWeb(Object(Config\Paths))
 8 SYSTEMPATH\rewrite.php(44): require_once('C:\\xampp\\htdocs\\si_manajemen_nilai\\public\\index.php')
CRITICAL - 2025-02-01 13:07:03 --> ErrorException: Trying to access array offset on value of type null
[Method: GET, Route: daftar_nilai_tugas/peserta_didik/X/1/31/31/4/Ganjil]
in APPPATH\Models\DaftarmapelModel.php on line 33.
 1 APPPATH\Models\DaftarmapelModel.php(33): CodeIgniter\Debug\Exceptions->errorHandler(2, 'Trying to access array offset on value of type null', 'C:\\xampp\\htdocs\\si_manajemen_nilai\\app\\Models\\DaftarmapelModel.php', 33)
 2 APPPATH\Controllers\Daftarnilai_tugas.php(111): App\Models\DaftarmapelModel->dataMapelDetail('31')
 3 SYSTEMPATH\CodeIgniter.php(933): App\Controllers\Daftarnilai_tugas->peserta_didik('X', '1', '31', '31', '4', 'Ganjil')
 4 SYSTEMPATH\CodeIgniter.php(509): CodeIgniter\CodeIgniter->runController(Object(App\Controllers\Daftarnilai_tugas))
 5 SYSTEMPATH\CodeIgniter.php(355): CodeIgniter\CodeIgniter->handleRequest(null, Object(Config\Cache), false)
 6 SYSTEMPATH\Boot.php(325): CodeIgniter\CodeIgniter->run()
 7 SYSTEMPATH\Boot.php(67): CodeIgniter\Boot::runCodeIgniter(Object(CodeIgniter\CodeIgniter))
 8 FCPATH\index.php(56): CodeIgniter\Boot::bootWeb(Object(Config\Paths))
 9 SYSTEMPATH\rewrite.php(44): require_once('C:\\xampp\\htdocs\\si_manajemen_nilai\\public\\index.php')
CRITICAL - 2025-02-01 13:07:21 --> ErrorException: Trying to access array offset on value of type null
[Method: GET, Route: daftar_nilai_tugas/peserta_didik/X/1/31/31/4/Ganjil]
in APPPATH\Models\DaftarmapelModel.php on line 33.
 1 APPPATH\Models\DaftarmapelModel.php(33): CodeIgniter\Debug\Exceptions->errorHandler(2, 'Trying to access array offset on value of type null', 'C:\\xampp\\htdocs\\si_manajemen_nilai\\app\\Models\\DaftarmapelModel.php', 33)
 2 APPPATH\Controllers\Daftarnilai_tugas.php(111): App\Models\DaftarmapelModel->dataMapelDetail('31')
 3 SYSTEMPATH\CodeIgniter.php(933): App\Controllers\Daftarnilai_tugas->peserta_didik('X', '1', '31', '31', '4', 'Ganjil')
 4 SYSTEMPATH\CodeIgniter.php(509): CodeIgniter\CodeIgniter->runController(Object(App\Controllers\Daftarnilai_tugas))
 5 SYSTEMPATH\CodeIgniter.php(355): CodeIgniter\CodeIgniter->handleRequest(null, Object(Config\Cache), false)
 6 SYSTEMPATH\Boot.php(325): CodeIgniter\CodeIgniter->run()
 7 SYSTEMPATH\Boot.php(67): CodeIgniter\Boot::runCodeIgniter(Object(CodeIgniter\CodeIgniter))
 8 FCPATH\index.php(56): CodeIgniter\Boot::bootWeb(Object(Config\Paths))
 9 SYSTEMPATH\rewrite.php(44): require_once('C:\\xampp\\htdocs\\si_manajemen_nilai\\public\\index.php')
CRITICAL - 2025-02-01 14:58:52 --> ErrorException: Trying to access array offset on value of type null
[Method: GET, Route: daftar_nilai_tugas/peserta_didik/X/1/31/31/4/Ganjil]
in APPPATH\Models\DaftarmapelModel.php on line 33.
 1 APPPATH\Models\DaftarmapelModel.php(33): CodeIgniter\Debug\Exceptions->errorHandler(2, 'Trying to access array offset on value of type null', 'C:\\xampp\\htdocs\\si_manajemen_nilai\\app\\Models\\DaftarmapelModel.php', 33)
 2 APPPATH\Controllers\Daftarnilai_tugas.php(111): App\Models\DaftarmapelModel->dataMapelDetail('31')
 3 SYSTEMPATH\CodeIgniter.php(933): App\Controllers\Daftarnilai_tugas->peserta_didik('X', '1', '31', '31', '4', 'Ganjil')
 4 SYSTEMPATH\CodeIgniter.php(509): CodeIgniter\CodeIgniter->runController(Object(App\Controllers\Daftarnilai_tugas))
 5 SYSTEMPATH\CodeIgniter.php(355): CodeIgniter\CodeIgniter->handleRequest(null, Object(Config\Cache), false)
 6 SYSTEMPATH\Boot.php(325): CodeIgniter\CodeIgniter->run()
 7 SYSTEMPATH\Boot.php(67): CodeIgniter\Boot::runCodeIgniter(Object(CodeIgniter\CodeIgniter))
 8 FCPATH\index.php(56): CodeIgniter\Boot::bootWeb(Object(Config\Paths))
 9 SYSTEMPATH\rewrite.php(44): require_once('C:\\xampp\\htdocs\\si_manajemen_nilai\\public\\index.php')
ERROR - 2025-02-01 15:13:27 --> mysqli_sql_exception: Cannot add or update a child row: a foreign key constraint fails (`manajemen_nilai`.`dt_nilai_tugas`, CONSTRAINT `dt_nilai_tugas_ibfk_2` FOREIGN KEY (`id_mapel`) REFERENCES `dt_mapel` (`id_mapel`) ON DELETE CASCADE ON UPDATE CASCADE) in C:\xampp\htdocs\si_manajemen_nilai\system\Database\MySQLi\Connection.php:312
Stack trace:
#0 C:\xampp\htdocs\si_manajemen_nilai\system\Database\MySQLi\Connection.php(312): mysqli->query('INSERT INTO `dt...', 0)
#1 C:\xampp\htdocs\si_manajemen_nilai\system\Database\BaseConnection.php(734): CodeIgniter\Database\MySQLi\Connection->execute('INSERT INTO `dt...')
#2 C:\xampp\htdocs\si_manajemen_nilai\system\Database\BaseConnection.php(648): CodeIgniter\Database\BaseConnection->simpleQuery('INSERT INTO `dt...')
#3 C:\xampp\htdocs\si_manajemen_nilai\system\Database\BaseBuilder.php(2340): CodeIgniter\Database\BaseConnection->query('INSERT INTO `dt...', Array, false)
#4 C:\xampp\htdocs\si_manajemen_nilai\system\Model.php(394): CodeIgniter\Database\BaseBuilder->insert()
#5 C:\xampp\htdocs\si_manajemen_nilai\system\BaseModel.php(840): CodeIgniter\Model->doInsert(Array)
#6 C:\xampp\htdocs\si_manajemen_nilai\system\Model.php(802): CodeIgniter\BaseModel->insert(Array, true)
#7 C:\xampp\htdocs\si_manajemen_nilai\app\Models\DaftarnilaitugasModel.php(125): CodeIgniter\Model->insert(Array)
#8 C:\xampp\htdocs\si_manajemen_nilai\app\Controllers\Daftarnilai_tugas.php(58): App\Models\DaftarnilaitugasModel->tambahDataNilaiTugas('11', 'Informatika', 'X', '1', '4', 'Ganjil', '0', '0', '0', '78', '78', '78', '80', '76', '77')
#9 C:\xampp\htdocs\si_manajemen_nilai\system\CodeIgniter.php(933): App\Controllers\Daftarnilai_tugas->tambah()
#10 C:\xampp\htdocs\si_manajemen_nilai\system\CodeIgniter.php(509): CodeIgniter\CodeIgniter->runController(Object(App\Controllers\Daftarnilai_tugas))
#11 C:\xampp\htdocs\si_manajemen_nilai\system\CodeIgniter.php(355): CodeIgniter\CodeIgniter->handleRequest(NULL, Object(Config\Cache), false)
#12 C:\xampp\htdocs\si_manajemen_nilai\system\Boot.php(325): CodeIgniter\CodeIgniter->run()
#13 C:\xampp\htdocs\si_manajemen_nilai\system\Boot.php(67): CodeIgniter\Boot::runCodeIgniter(Object(CodeIgniter\CodeIgniter))
#14 C:\xampp\htdocs\si_manajemen_nilai\public\index.php(56): CodeIgniter\Boot::bootWeb(Object(Config\Paths))
#15 C:\xampp\htdocs\si_manajemen_nilai\system\rewrite.php(44): require_once('C:\\xampp\\htdocs...')
#16 {main}
CRITICAL - 2025-02-01 15:13:27 --> CodeIgniter\Database\Exceptions\DatabaseException: Cannot add or update a child row: a foreign key constraint fails (`manajemen_nilai`.`dt_nilai_tugas`, CONSTRAINT `dt_nilai_tugas_ibfk_2` FOREIGN KEY (`id_mapel`) REFERENCES `dt_mapel` (`id_mapel`) ON DELETE CASCADE ON UPDATE CASCADE)
[Method: POST, Route: daftar_nilai_tugas/tambah]
in SYSTEMPATH\Database\BaseConnection.php on line 688.
 1 SYSTEMPATH\Database\BaseBuilder.php(2340): CodeIgniter\Database\BaseConnection->query('INSERT INTO `dt_nilai_tugas` (`id_siswa`, `id_mapel`, `kelas`, `id_jurusan`, `id_periode`, `semester`, `nilai_1`, `nilai_2`, `nilai_3`, `nilai_4`, `nilai_5`, `nilai_6`, `nilai_7`, `nilai_8`, `nilai_9`, `na_materi`, `LM_1`, `LM_2`, `LM_3`, `na_sumatif`) VALUES (:id_siswa:, :id_mapel:, :kelas:, :id_jurusan:, :id_periode:, :semester:, :nilai_1:, :nilai_2:, :nilai_3:, :nilai_4:, :nilai_5:, :nilai_6:, :nilai_7:, :nilai_8:, :nilai_9:, :na_materi:, :LM_1:, :LM_2:, :LM_3:, :na_sumatif:)', [...], false)
 2 SYSTEMPATH\Model.php(394): CodeIgniter\Database\BaseBuilder->insert()
 3 SYSTEMPATH\BaseModel.php(840): CodeIgniter\Model->doInsert([...])
 4 SYSTEMPATH\Model.php(802): CodeIgniter\BaseModel->insert([...], true)
 5 APPPATH\Models\DaftarnilaitugasModel.php(125): CodeIgniter\Model->insert([...])
 6 APPPATH\Controllers\Daftarnilai_tugas.php(58): App\Models\DaftarnilaitugasModel->tambahDataNilaiTugas('11', 'Informatika', 'X', '1', '4', 'Ganjil', '0', '0', '0', '78', '78', '78', '80', '76', '77')
 7 SYSTEMPATH\CodeIgniter.php(933): App\Controllers\Daftarnilai_tugas->tambah()
 8 SYSTEMPATH\CodeIgniter.php(509): CodeIgniter\CodeIgniter->runController(Object(App\Controllers\Daftarnilai_tugas))
 9 SYSTEMPATH\CodeIgniter.php(355): CodeIgniter\CodeIgniter->handleRequest(null, Object(Config\Cache), false)
10 SYSTEMPATH\Boot.php(325): CodeIgniter\CodeIgniter->run()
11 SYSTEMPATH\Boot.php(67): CodeIgniter\Boot::runCodeIgniter(Object(CodeIgniter\CodeIgniter))
12 FCPATH\index.php(56): CodeIgniter\Boot::bootWeb(Object(Config\Paths))
13 SYSTEMPATH\rewrite.php(44): require_once('C:\\xampp\\htdocs\\si_manajemen_nilai\\public\\index.php')
CRITICAL - 2025-02-01 15:13:27 --> [Caused by] CodeIgniter\Database\Exceptions\DatabaseException: Cannot add or update a child row: a foreign key constraint fails (`manajemen_nilai`.`dt_nilai_tugas`, CONSTRAINT `dt_nilai_tugas_ibfk_2` FOREIGN KEY (`id_mapel`) REFERENCES `dt_mapel` (`id_mapel`) ON DELETE CASCADE ON UPDATE CASCADE)
in SYSTEMPATH\Database\MySQLi\Connection.php on line 317.
 1 SYSTEMPATH\Database\BaseConnection.php(734): CodeIgniter\Database\MySQLi\Connection->execute('INSERT INTO `dt_nilai_tugas` (`id_siswa`, `id_mapel`, `kelas`, `id_jurusan`, `id_periode`, `semester`, `nilai_1`, `nilai_2`, `nilai_3`, `nilai_4`, `nilai_5`, `nilai_6`, `nilai_7`, `nilai_8`, `nilai_9`, `na_materi`, `LM_1`, `LM_2`, `LM_3`, `na_sumatif`) VALUES (\'11\', \'Informatika\', \'X\', \'1\', \'4\', \'Ganjil\', \'0\', \'0\', \'0\', \'78\', \'78\', \'78\', \'80\', \'76\', \'77\', 78, 0, 78, 78, 78)')
 2 SYSTEMPATH\Database\BaseConnection.php(648): CodeIgniter\Database\BaseConnection->simpleQuery('INSERT INTO `dt_nilai_tugas` (`id_siswa`, `id_mapel`, `kelas`, `id_jurusan`, `id_periode`, `semester`, `nilai_1`, `nilai_2`, `nilai_3`, `nilai_4`, `nilai_5`, `nilai_6`, `nilai_7`, `nilai_8`, `nilai_9`, `na_materi`, `LM_1`, `LM_2`, `LM_3`, `na_sumatif`) VALUES (\'11\', \'Informatika\', \'X\', \'1\', \'4\', \'Ganjil\', \'0\', \'0\', \'0\', \'78\', \'78\', \'78\', \'80\', \'76\', \'77\', 78, 0, 78, 78, 78)')
 3 SYSTEMPATH\Database\BaseBuilder.php(2340): CodeIgniter\Database\BaseConnection->query('INSERT INTO `dt_nilai_tugas` (`id_siswa`, `id_mapel`, `kelas`, `id_jurusan`, `id_periode`, `semester`, `nilai_1`, `nilai_2`, `nilai_3`, `nilai_4`, `nilai_5`, `nilai_6`, `nilai_7`, `nilai_8`, `nilai_9`, `na_materi`, `LM_1`, `LM_2`, `LM_3`, `na_sumatif`) VALUES (:id_siswa:, :id_mapel:, :kelas:, :id_jurusan:, :id_periode:, :semester:, :nilai_1:, :nilai_2:, :nilai_3:, :nilai_4:, :nilai_5:, :nilai_6:, :nilai_7:, :nilai_8:, :nilai_9:, :na_materi:, :LM_1:, :LM_2:, :LM_3:, :na_sumatif:)', [...], false)
 4 SYSTEMPATH\Model.php(394): CodeIgniter\Database\BaseBuilder->insert()
 5 SYSTEMPATH\BaseModel.php(840): CodeIgniter\Model->doInsert([...])
 6 SYSTEMPATH\Model.php(802): CodeIgniter\BaseModel->insert([...], true)
 7 APPPATH\Models\DaftarnilaitugasModel.php(125): CodeIgniter\Model->insert([...])
 8 APPPATH\Controllers\Daftarnilai_tugas.php(58): App\Models\DaftarnilaitugasModel->tambahDataNilaiTugas('11', 'Informatika', 'X', '1', '4', 'Ganjil', '0', '0', '0', '78', '78', '78', '80', '76', '77')
 9 SYSTEMPATH\CodeIgniter.php(933): App\Controllers\Daftarnilai_tugas->tambah()
10 SYSTEMPATH\CodeIgniter.php(509): CodeIgniter\CodeIgniter->runController(Object(App\Controllers\Daftarnilai_tugas))
11 SYSTEMPATH\CodeIgniter.php(355): CodeIgniter\CodeIgniter->handleRequest(null, Object(Config\Cache), false)
12 SYSTEMPATH\Boot.php(325): CodeIgniter\CodeIgniter->run()
13 SYSTEMPATH\Boot.php(67): CodeIgniter\Boot::runCodeIgniter(Object(CodeIgniter\CodeIgniter))
14 FCPATH\index.php(56): CodeIgniter\Boot::bootWeb(Object(Config\Paths))
15 SYSTEMPATH\rewrite.php(44): require_once('C:\\xampp\\htdocs\\si_manajemen_nilai\\public\\index.php')
CRITICAL - 2025-02-01 15:13:27 --> [Caused by] mysqli_sql_exception: Cannot add or update a child row: a foreign key constraint fails (`manajemen_nilai`.`dt_nilai_tugas`, CONSTRAINT `dt_nilai_tugas_ibfk_2` FOREIGN KEY (`id_mapel`) REFERENCES `dt_mapel` (`id_mapel`) ON DELETE CASCADE ON UPDATE CASCADE)
in SYSTEMPATH\Database\MySQLi\Connection.php on line 312.
 1 SYSTEMPATH\Database\MySQLi\Connection.php(312): mysqli->query('INSERT INTO `dt_nilai_tugas` (`id_siswa`, `id_mapel`, `kelas`, `id_jurusan`, `id_periode`, `semester`, `nilai_1`, `nilai_2`, `nilai_3`, `nilai_4`, `nilai_5`, `nilai_6`, `nilai_7`, `nilai_8`, `nilai_9`, `na_materi`, `LM_1`, `LM_2`, `LM_3`, `na_sumatif`) VALUES (\'11\', \'Informatika\', \'X\', \'1\', \'4\', \'Ganjil\', \'0\', \'0\', \'0\', \'78\', \'78\', \'78\', \'80\', \'76\', \'77\', 78, 0, 78, 78, 78)', 0)
 2 SYSTEMPATH\Database\BaseConnection.php(734): CodeIgniter\Database\MySQLi\Connection->execute('INSERT INTO `dt_nilai_tugas` (`id_siswa`, `id_mapel`, `kelas`, `id_jurusan`, `id_periode`, `semester`, `nilai_1`, `nilai_2`, `nilai_3`, `nilai_4`, `nilai_5`, `nilai_6`, `nilai_7`, `nilai_8`, `nilai_9`, `na_materi`, `LM_1`, `LM_2`, `LM_3`, `na_sumatif`) VALUES (\'11\', \'Informatika\', \'X\', \'1\', \'4\', \'Ganjil\', \'0\', \'0\', \'0\', \'78\', \'78\', \'78\', \'80\', \'76\', \'77\', 78, 0, 78, 78, 78)')
 3 SYSTEMPATH\Database\BaseConnection.php(648): CodeIgniter\Database\BaseConnection->simpleQuery('INSERT INTO `dt_nilai_tugas` (`id_siswa`, `id_mapel`, `kelas`, `id_jurusan`, `id_periode`, `semester`, `nilai_1`, `nilai_2`, `nilai_3`, `nilai_4`, `nilai_5`, `nilai_6`, `nilai_7`, `nilai_8`, `nilai_9`, `na_materi`, `LM_1`, `LM_2`, `LM_3`, `na_sumatif`) VALUES (\'11\', \'Informatika\', \'X\', \'1\', \'4\', \'Ganjil\', \'0\', \'0\', \'0\', \'78\', \'78\', \'78\', \'80\', \'76\', \'77\', 78, 0, 78, 78, 78)')
 4 SYSTEMPATH\Database\BaseBuilder.php(2340): CodeIgniter\Database\BaseConnection->query('INSERT INTO `dt_nilai_tugas` (`id_siswa`, `id_mapel`, `kelas`, `id_jurusan`, `id_periode`, `semester`, `nilai_1`, `nilai_2`, `nilai_3`, `nilai_4`, `nilai_5`, `nilai_6`, `nilai_7`, `nilai_8`, `nilai_9`, `na_materi`, `LM_1`, `LM_2`, `LM_3`, `na_sumatif`) VALUES (:id_siswa:, :id_mapel:, :kelas:, :id_jurusan:, :id_periode:, :semester:, :nilai_1:, :nilai_2:, :nilai_3:, :nilai_4:, :nilai_5:, :nilai_6:, :nilai_7:, :nilai_8:, :nilai_9:, :na_materi:, :LM_1:, :LM_2:, :LM_3:, :na_sumatif:)', [...], false)
 5 SYSTEMPATH\Model.php(394): CodeIgniter\Database\BaseBuilder->insert()
 6 SYSTEMPATH\BaseModel.php(840): CodeIgniter\Model->doInsert([...])
 7 SYSTEMPATH\Model.php(802): CodeIgniter\BaseModel->insert([...], true)
 8 APPPATH\Models\DaftarnilaitugasModel.php(125): CodeIgniter\Model->insert([...])
 9 APPPATH\Controllers\Daftarnilai_tugas.php(58): App\Models\DaftarnilaitugasModel->tambahDataNilaiTugas('11', 'Informatika', 'X', '1', '4', 'Ganjil', '0', '0', '0', '78', '78', '78', '80', '76', '77')
10 SYSTEMPATH\CodeIgniter.php(933): App\Controllers\Daftarnilai_tugas->tambah()
11 SYSTEMPATH\CodeIgniter.php(509): CodeIgniter\CodeIgniter->runController(Object(App\Controllers\Daftarnilai_tugas))
12 SYSTEMPATH\CodeIgniter.php(355): CodeIgniter\CodeIgniter->handleRequest(null, Object(Config\Cache), false)
13 SYSTEMPATH\Boot.php(325): CodeIgniter\CodeIgniter->run()
14 SYSTEMPATH\Boot.php(67): CodeIgniter\Boot::runCodeIgniter(Object(CodeIgniter\CodeIgniter))
15 FCPATH\index.php(56): CodeIgniter\Boot::bootWeb(Object(Config\Paths))
16 SYSTEMPATH\rewrite.php(44): require_once('C:\\xampp\\htdocs\\si_manajemen_nilai\\public\\index.php')
CRITICAL - 2025-02-01 15:59:54 --> ArgumentCountError: Too few arguments to function App\Models\DaftarmapelModel::dataMapel(), 0 passed in C:\xampp\htdocs\si_manajemen_nilai\app\Controllers\Daftarnilai_pts.php on line 30 and exactly 1 expected
[Method: GET, Route: daftar_nilai/nilai_pts_periode/4]
in APPPATH\Models\DaftarmapelModel.php on line 15.
 1 APPPATH\Controllers\Daftarnilai_pts.php(30): App\Models\DaftarmapelModel->dataMapel()
 2 SYSTEMPATH\CodeIgniter.php(933): App\Controllers\Daftarnilai_pts->nilai_pts_periode('4')
 3 SYSTEMPATH\CodeIgniter.php(509): CodeIgniter\CodeIgniter->runController(Object(App\Controllers\Daftarnilai_pts))
 4 SYSTEMPATH\CodeIgniter.php(355): CodeIgniter\CodeIgniter->handleRequest(null, Object(Config\Cache), false)
 5 SYSTEMPATH\Boot.php(325): CodeIgniter\CodeIgniter->run()
 6 SYSTEMPATH\Boot.php(67): CodeIgniter\Boot::runCodeIgniter(Object(CodeIgniter\CodeIgniter))
 7 FCPATH\index.php(56): CodeIgniter\Boot::bootWeb(Object(Config\Paths))
 8 SYSTEMPATH\rewrite.php(44): require_once('C:\\xampp\\htdocs\\si_manajemen_nilai\\public\\index.php')
ERROR - 2025-02-01 16:08:09 --> mysqli_sql_exception: Cannot add or update a child row: a foreign key constraint fails (`manajemen_nilai`.`dt_nilai_pts`, CONSTRAINT `dt_nilai_pts_ibfk_2` FOREIGN KEY (`id_mapel`) REFERENCES `dt_mapel` (`id_mapel`) ON DELETE CASCADE ON UPDATE CASCADE) in C:\xampp\htdocs\si_manajemen_nilai\system\Database\MySQLi\Connection.php:312
Stack trace:
#0 C:\xampp\htdocs\si_manajemen_nilai\system\Database\MySQLi\Connection.php(312): mysqli->query('INSERT INTO `dt...', 0)
#1 C:\xampp\htdocs\si_manajemen_nilai\system\Database\BaseConnection.php(734): CodeIgniter\Database\MySQLi\Connection->execute('INSERT INTO `dt...')
#2 C:\xampp\htdocs\si_manajemen_nilai\system\Database\BaseConnection.php(648): CodeIgniter\Database\BaseConnection->simpleQuery('INSERT INTO `dt...')
#3 C:\xampp\htdocs\si_manajemen_nilai\system\Database\BaseBuilder.php(2340): CodeIgniter\Database\BaseConnection->query('INSERT INTO `dt...', Array, false)
#4 C:\xampp\htdocs\si_manajemen_nilai\system\Model.php(394): CodeIgniter\Database\BaseBuilder->insert()
#5 C:\xampp\htdocs\si_manajemen_nilai\system\BaseModel.php(840): CodeIgniter\Model->doInsert(Array)
#6 C:\xampp\htdocs\si_manajemen_nilai\system\Model.php(802): CodeIgniter\BaseModel->insert(Array, true)
#7 C:\xampp\htdocs\si_manajemen_nilai\app\Models\DaftarnilaiptsModel.php(42): CodeIgniter\Model->insert(Array)
#8 C:\xampp\htdocs\si_manajemen_nilai\app\Controllers\Daftarnilai_pts.php(50): App\Models\DaftarnilaiptsModel->tambahDataNilaiPts('8', 'Informatika', 'X', '1', '4', 'Ganjil', '78')
#9 C:\xampp\htdocs\si_manajemen_nilai\system\CodeIgniter.php(933): App\Controllers\Daftarnilai_pts->tambah()
#10 C:\xampp\htdocs\si_manajemen_nilai\system\CodeIgniter.php(509): CodeIgniter\CodeIgniter->runController(Object(App\Controllers\Daftarnilai_pts))
#11 C:\xampp\htdocs\si_manajemen_nilai\system\CodeIgniter.php(355): CodeIgniter\CodeIgniter->handleRequest(NULL, Object(Config\Cache), false)
#12 C:\xampp\htdocs\si_manajemen_nilai\system\Boot.php(325): CodeIgniter\CodeIgniter->run()
#13 C:\xampp\htdocs\si_manajemen_nilai\system\Boot.php(67): CodeIgniter\Boot::runCodeIgniter(Object(CodeIgniter\CodeIgniter))
#14 C:\xampp\htdocs\si_manajemen_nilai\public\index.php(56): CodeIgniter\Boot::bootWeb(Object(Config\Paths))
#15 C:\xampp\htdocs\si_manajemen_nilai\system\rewrite.php(44): require_once('C:\\xampp\\htdocs...')
#16 {main}
CRITICAL - 2025-02-01 16:08:09 --> CodeIgniter\Database\Exceptions\DatabaseException: Cannot add or update a child row: a foreign key constraint fails (`manajemen_nilai`.`dt_nilai_pts`, CONSTRAINT `dt_nilai_pts_ibfk_2` FOREIGN KEY (`id_mapel`) REFERENCES `dt_mapel` (`id_mapel`) ON DELETE CASCADE ON UPDATE CASCADE)
[Method: POST, Route: daftar_nilai_pts/tambah]
in SYSTEMPATH\Database\BaseConnection.php on line 688.
 1 SYSTEMPATH\Database\BaseBuilder.php(2340): CodeIgniter\Database\BaseConnection->query('INSERT INTO `dt_nilai_pts` (`id_siswa`, `id_mapel`, `kelas`, `id_jurusan`, `id_periode`, `semester`, `nilai_pts`) VALUES (:id_siswa:, :id_mapel:, :kelas:, :id_jurusan:, :id_periode:, :semester:, :nilai_pts:)', [...], false)
 2 SYSTEMPATH\Model.php(394): CodeIgniter\Database\BaseBuilder->insert()
 3 SYSTEMPATH\BaseModel.php(840): CodeIgniter\Model->doInsert([...])
 4 SYSTEMPATH\Model.php(802): CodeIgniter\BaseModel->insert([...], true)
 5 APPPATH\Models\DaftarnilaiptsModel.php(42): CodeIgniter\Model->insert([...])
 6 APPPATH\Controllers\Daftarnilai_pts.php(50): App\Models\DaftarnilaiptsModel->tambahDataNilaiPts('8', 'Informatika', 'X', '1', '4', 'Ganjil', '78')
 7 SYSTEMPATH\CodeIgniter.php(933): App\Controllers\Daftarnilai_pts->tambah()
 8 SYSTEMPATH\CodeIgniter.php(509): CodeIgniter\CodeIgniter->runController(Object(App\Controllers\Daftarnilai_pts))
 9 SYSTEMPATH\CodeIgniter.php(355): CodeIgniter\CodeIgniter->handleRequest(null, Object(Config\Cache), false)
10 SYSTEMPATH\Boot.php(325): CodeIgniter\CodeIgniter->run()
11 SYSTEMPATH\Boot.php(67): CodeIgniter\Boot::runCodeIgniter(Object(CodeIgniter\CodeIgniter))
12 FCPATH\index.php(56): CodeIgniter\Boot::bootWeb(Object(Config\Paths))
13 SYSTEMPATH\rewrite.php(44): require_once('C:\\xampp\\htdocs\\si_manajemen_nilai\\public\\index.php')
CRITICAL - 2025-02-01 16:08:09 --> [Caused by] CodeIgniter\Database\Exceptions\DatabaseException: Cannot add or update a child row: a foreign key constraint fails (`manajemen_nilai`.`dt_nilai_pts`, CONSTRAINT `dt_nilai_pts_ibfk_2` FOREIGN KEY (`id_mapel`) REFERENCES `dt_mapel` (`id_mapel`) ON DELETE CASCADE ON UPDATE CASCADE)
in SYSTEMPATH\Database\MySQLi\Connection.php on line 317.
 1 SYSTEMPATH\Database\BaseConnection.php(734): CodeIgniter\Database\MySQLi\Connection->execute('INSERT INTO `dt_nilai_pts` (`id_siswa`, `id_mapel`, `kelas`, `id_jurusan`, `id_periode`, `semester`, `nilai_pts`) VALUES (\'8\', \'Informatika\', \'X\', \'1\', \'4\', \'Ganjil\', \'78\')')
 2 SYSTEMPATH\Database\BaseConnection.php(648): CodeIgniter\Database\BaseConnection->simpleQuery('INSERT INTO `dt_nilai_pts` (`id_siswa`, `id_mapel`, `kelas`, `id_jurusan`, `id_periode`, `semester`, `nilai_pts`) VALUES (\'8\', \'Informatika\', \'X\', \'1\', \'4\', \'Ganjil\', \'78\')')
 3 SYSTEMPATH\Database\BaseBuilder.php(2340): CodeIgniter\Database\BaseConnection->query('INSERT INTO `dt_nilai_pts` (`id_siswa`, `id_mapel`, `kelas`, `id_jurusan`, `id_periode`, `semester`, `nilai_pts`) VALUES (:id_siswa:, :id_mapel:, :kelas:, :id_jurusan:, :id_periode:, :semester:, :nilai_pts:)', [...], false)
 4 SYSTEMPATH\Model.php(394): CodeIgniter\Database\BaseBuilder->insert()
 5 SYSTEMPATH\BaseModel.php(840): CodeIgniter\Model->doInsert([...])
 6 SYSTEMPATH\Model.php(802): CodeIgniter\BaseModel->insert([...], true)
 7 APPPATH\Models\DaftarnilaiptsModel.php(42): CodeIgniter\Model->insert([...])
 8 APPPATH\Controllers\Daftarnilai_pts.php(50): App\Models\DaftarnilaiptsModel->tambahDataNilaiPts('8', 'Informatika', 'X', '1', '4', 'Ganjil', '78')
 9 SYSTEMPATH\CodeIgniter.php(933): App\Controllers\Daftarnilai_pts->tambah()
10 SYSTEMPATH\CodeIgniter.php(509): CodeIgniter\CodeIgniter->runController(Object(App\Controllers\Daftarnilai_pts))
11 SYSTEMPATH\CodeIgniter.php(355): CodeIgniter\CodeIgniter->handleRequest(null, Object(Config\Cache), false)
12 SYSTEMPATH\Boot.php(325): CodeIgniter\CodeIgniter->run()
13 SYSTEMPATH\Boot.php(67): CodeIgniter\Boot::runCodeIgniter(Object(CodeIgniter\CodeIgniter))
14 FCPATH\index.php(56): CodeIgniter\Boot::bootWeb(Object(Config\Paths))
15 SYSTEMPATH\rewrite.php(44): require_once('C:\\xampp\\htdocs\\si_manajemen_nilai\\public\\index.php')
CRITICAL - 2025-02-01 16:08:09 --> [Caused by] mysqli_sql_exception: Cannot add or update a child row: a foreign key constraint fails (`manajemen_nilai`.`dt_nilai_pts`, CONSTRAINT `dt_nilai_pts_ibfk_2` FOREIGN KEY (`id_mapel`) REFERENCES `dt_mapel` (`id_mapel`) ON DELETE CASCADE ON UPDATE CASCADE)
in SYSTEMPATH\Database\MySQLi\Connection.php on line 312.
 1 SYSTEMPATH\Database\MySQLi\Connection.php(312): mysqli->query('INSERT INTO `dt_nilai_pts` (`id_siswa`, `id_mapel`, `kelas`, `id_jurusan`, `id_periode`, `semester`, `nilai_pts`) VALUES (\'8\', \'Informatika\', \'X\', \'1\', \'4\', \'Ganjil\', \'78\')', 0)
 2 SYSTEMPATH\Database\BaseConnection.php(734): CodeIgniter\Database\MySQLi\Connection->execute('INSERT INTO `dt_nilai_pts` (`id_siswa`, `id_mapel`, `kelas`, `id_jurusan`, `id_periode`, `semester`, `nilai_pts`) VALUES (\'8\', \'Informatika\', \'X\', \'1\', \'4\', \'Ganjil\', \'78\')')
 3 SYSTEMPATH\Database\BaseConnection.php(648): CodeIgniter\Database\BaseConnection->simpleQuery('INSERT INTO `dt_nilai_pts` (`id_siswa`, `id_mapel`, `kelas`, `id_jurusan`, `id_periode`, `semester`, `nilai_pts`) VALUES (\'8\', \'Informatika\', \'X\', \'1\', \'4\', \'Ganjil\', \'78\')')
 4 SYSTEMPATH\Database\BaseBuilder.php(2340): CodeIgniter\Database\BaseConnection->query('INSERT INTO `dt_nilai_pts` (`id_siswa`, `id_mapel`, `kelas`, `id_jurusan`, `id_periode`, `semester`, `nilai_pts`) VALUES (:id_siswa:, :id_mapel:, :kelas:, :id_jurusan:, :id_periode:, :semester:, :nilai_pts:)', [...], false)
 5 SYSTEMPATH\Model.php(394): CodeIgniter\Database\BaseBuilder->insert()
 6 SYSTEMPATH\BaseModel.php(840): CodeIgniter\Model->doInsert([...])
 7 SYSTEMPATH\Model.php(802): CodeIgniter\BaseModel->insert([...], true)
 8 APPPATH\Models\DaftarnilaiptsModel.php(42): CodeIgniter\Model->insert([...])
 9 APPPATH\Controllers\Daftarnilai_pts.php(50): App\Models\DaftarnilaiptsModel->tambahDataNilaiPts('8', 'Informatika', 'X', '1', '4', 'Ganjil', '78')
10 SYSTEMPATH\CodeIgniter.php(933): App\Controllers\Daftarnilai_pts->tambah()
11 SYSTEMPATH\CodeIgniter.php(509): CodeIgniter\CodeIgniter->runController(Object(App\Controllers\Daftarnilai_pts))
12 SYSTEMPATH\CodeIgniter.php(355): CodeIgniter\CodeIgniter->handleRequest(null, Object(Config\Cache), false)
13 SYSTEMPATH\Boot.php(325): CodeIgniter\CodeIgniter->run()
14 SYSTEMPATH\Boot.php(67): CodeIgniter\Boot::runCodeIgniter(Object(CodeIgniter\CodeIgniter))
15 FCPATH\index.php(56): CodeIgniter\Boot::bootWeb(Object(Config\Paths))
16 SYSTEMPATH\rewrite.php(44): require_once('C:\\xampp\\htdocs\\si_manajemen_nilai\\public\\index.php')
CRITICAL - 2025-02-01 16:10:20 --> ArgumentCountError: Too few arguments to function App\Models\DaftarmapelModel::dataMapel(), 0 passed in C:\xampp\htdocs\si_manajemen_nilai\app\Controllers\Daftarnilai_pas.php on line 30 and exactly 1 expected
[Method: GET, Route: daftar_nilai/nilai_pas_periode/4]
in APPPATH\Models\DaftarmapelModel.php on line 15.
 1 APPPATH\Controllers\Daftarnilai_pas.php(30): App\Models\DaftarmapelModel->dataMapel()
 2 SYSTEMPATH\CodeIgniter.php(933): App\Controllers\Daftarnilai_pas->nilai_pas_periode('4')
 3 SYSTEMPATH\CodeIgniter.php(509): CodeIgniter\CodeIgniter->runController(Object(App\Controllers\Daftarnilai_pas))
 4 SYSTEMPATH\CodeIgniter.php(355): CodeIgniter\CodeIgniter->handleRequest(null, Object(Config\Cache), false)
 5 SYSTEMPATH\Boot.php(325): CodeIgniter\CodeIgniter->run()
 6 SYSTEMPATH\Boot.php(67): CodeIgniter\Boot::runCodeIgniter(Object(CodeIgniter\CodeIgniter))
 7 FCPATH\index.php(56): CodeIgniter\Boot::bootWeb(Object(Config\Paths))
 8 SYSTEMPATH\rewrite.php(44): require_once('C:\\xampp\\htdocs\\si_manajemen_nilai\\public\\index.php')
