CRITICAL - 2025-01-02 04:39:00 --> ParseError: syntax error, unexpected token "=", expecting "]"
[Method: GET, Route: daftar_jurusan]
in APPPATH\Controllers\Daftarjurusan.php on line 17.
 1 SYSTEMPATH\Autoloader\Autoloader.php(296): CodeIgniter\Autoloader\Autoloader->includeFile('C:\\xampp\\htdocs\\si_manajemen_nilai\\app\\Controllers\\Daftarjurusan.php')
 2 SYSTEMPATH\Autoloader\Autoloader.php(272): CodeIgniter\Autoloader\Autoloader->loadInNamespace('App\\Controllers\\Daftarjurusan')
 3 [internal function]: CodeIgniter\Autoloader\Autoloader->loadClass('App\\Controllers\\Daftarjurusan')
 4 SYSTEMPATH\CodeIgniter.php(887): class_exists('\\App\\Controllers\\Daftarjurusan', true)
 5 SYSTEMPATH\CodeIgniter.php(496): CodeIgniter\CodeIgniter->startController()
 6 SYSTEMPATH\CodeIgniter.php(355): CodeIgniter\CodeIgniter->handleRequest(null, Object(Config\Cache), false)
 7 SYSTEMPATH\Boot.php(325): CodeIgniter\CodeIgniter->run()
 8 SYSTEMPATH\Boot.php(67): CodeIgniter\Boot::runCodeIgniter(Object(CodeIgniter\CodeIgniter))
 9 FCPATH\index.php(56): CodeIgniter\Boot::bootWeb(Object(Config\Paths))
10 SYSTEMPATH\rewrite.php(44): require_once('C:\\xampp\\htdocs\\si_manajemen_nilai\\public\\index.php')
CRITICAL - 2025-01-02 04:39:23 --> ErrorException: Undefined variable $periodeModel
[Method: GET, Route: daftar_jurusan]
in APPPATH\Controllers\Daftarjurusan.php on line 12.
 1 APPPATH\Controllers\Daftarjurusan.php(12): CodeIgniter\Debug\Exceptions->errorHandler(2, 'Undefined variable $periodeModel', 'C:\\xampp\\htdocs\\si_manajemen_nilai\\app\\Controllers\\Daftarjurusan.php', 12)
 2 SYSTEMPATH\CodeIgniter.php(933): App\Controllers\Daftarjurusan->index()
 3 SYSTEMPATH\CodeIgniter.php(509): CodeIgniter\CodeIgniter->runController(Object(App\Controllers\Daftarjurusan))
 4 SYSTEMPATH\CodeIgniter.php(355): CodeIgniter\CodeIgniter->handleRequest(null, Object(Config\Cache), false)
 5 SYSTEMPATH\Boot.php(325): CodeIgniter\CodeIgniter->run()
 6 SYSTEMPATH\Boot.php(67): CodeIgniter\Boot::runCodeIgniter(Object(CodeIgniter\CodeIgniter))
 7 FCPATH\index.php(56): CodeIgniter\Boot::bootWeb(Object(Config\Paths))
 8 SYSTEMPATH\rewrite.php(44): require_once('C:\\xampp\\htdocs\\si_manajemen_nilai\\public\\index.php')
CRITICAL - 2025-01-02 04:40:40 --> ErrorException: Undefined variable $semester
[Method: POST, Route: daftar_jurusan/tambah]
in APPPATH\Controllers\Daftarjurusan.php on line 33.
 1 APPPATH\Controllers\Daftarjurusan.php(33): CodeIgniter\Debug\Exceptions->errorHandler(2, 'Undefined variable $semester', 'C:\\xampp\\htdocs\\si_manajemen_nilai\\app\\Controllers\\Daftarjurusan.php', 33)
 2 SYSTEMPATH\CodeIgniter.php(933): App\Controllers\Daftarjurusan->tambah()
 3 SYSTEMPATH\CodeIgniter.php(509): CodeIgniter\CodeIgniter->runController(Object(App\Controllers\Daftarjurusan))
 4 SYSTEMPATH\CodeIgniter.php(355): CodeIgniter\CodeIgniter->handleRequest(null, Object(Config\Cache), false)
 5 SYSTEMPATH\Boot.php(325): CodeIgniter\CodeIgniter->run()
 6 SYSTEMPATH\Boot.php(67): CodeIgniter\Boot::runCodeIgniter(Object(CodeIgniter\CodeIgniter))
 7 FCPATH\index.php(56): CodeIgniter\Boot::bootWeb(Object(Config\Paths))
 8 SYSTEMPATH\rewrite.php(44): require_once('C:\\xampp\\htdocs\\si_manajemen_nilai\\public\\index.php')
CRITICAL - 2025-01-02 04:43:23 --> BadMethodCallException: Call to undefined method App\Models\DaftarjurusanModel::tambahDataPeriode
[Method: POST, Route: daftar_jurusan/tambah]
in SYSTEMPATH\Model.php on line 932.
 1 APPPATH\Controllers\Daftarjurusan.php(33): CodeIgniter\Model->__call('tambahDataPeriode', [...])
 2 SYSTEMPATH\CodeIgniter.php(933): App\Controllers\Daftarjurusan->tambah()
 3 SYSTEMPATH\CodeIgniter.php(509): CodeIgniter\CodeIgniter->runController(Object(App\Controllers\Daftarjurusan))
 4 SYSTEMPATH\CodeIgniter.php(355): CodeIgniter\CodeIgniter->handleRequest(null, Object(Config\Cache), false)
 5 SYSTEMPATH\Boot.php(325): CodeIgniter\CodeIgniter->run()
 6 SYSTEMPATH\Boot.php(67): CodeIgniter\Boot::runCodeIgniter(Object(CodeIgniter\CodeIgniter))
 7 FCPATH\index.php(56): CodeIgniter\Boot::bootWeb(Object(Config\Paths))
 8 SYSTEMPATH\rewrite.php(44): require_once('C:\\xampp\\htdocs\\si_manajemen_nilai\\public\\index.php')
ERROR - 2025-01-02 10:10:52 --> mysqli_sql_exception: Column 'kd_jurusan' cannot be null in C:\xampp\htdocs\si_manajemen_nilai\system\Database\MySQLi\Connection.php:312
Stack trace:
#0 C:\xampp\htdocs\si_manajemen_nilai\system\Database\MySQLi\Connection.php(312): mysqli->query('INSERT INTO `dt...', 0)
#1 C:\xampp\htdocs\si_manajemen_nilai\system\Database\BaseConnection.php(734): CodeIgniter\Database\MySQLi\Connection->execute('INSERT INTO `dt...')
#2 C:\xampp\htdocs\si_manajemen_nilai\system\Database\BaseConnection.php(648): CodeIgniter\Database\BaseConnection->simpleQuery('INSERT INTO `dt...')
#3 C:\xampp\htdocs\si_manajemen_nilai\system\Database\BaseBuilder.php(2340): CodeIgniter\Database\BaseConnection->query('INSERT INTO `dt...', Array, false)
#4 C:\xampp\htdocs\si_manajemen_nilai\system\Model.php(394): CodeIgniter\Database\BaseBuilder->insert()
#5 C:\xampp\htdocs\si_manajemen_nilai\system\BaseModel.php(840): CodeIgniter\Model->doInsert(Array)
#6 C:\xampp\htdocs\si_manajemen_nilai\system\Model.php(802): CodeIgniter\BaseModel->insert(Array, true)
#7 C:\xampp\htdocs\si_manajemen_nilai\app\Models\DaftarjurusanModel.php(30): CodeIgniter\Model->insert(Array)
#8 C:\xampp\htdocs\si_manajemen_nilai\app\Controllers\Daftarjurusan.php(33): App\Models\DaftarjurusanModel->tambahDataJurusan(NULL, NULL, NULL)
#9 C:\xampp\htdocs\si_manajemen_nilai\system\CodeIgniter.php(933): App\Controllers\Daftarjurusan->tambah()
#10 C:\xampp\htdocs\si_manajemen_nilai\system\CodeIgniter.php(509): CodeIgniter\CodeIgniter->runController(Object(App\Controllers\Daftarjurusan))
#11 C:\xampp\htdocs\si_manajemen_nilai\system\CodeIgniter.php(355): CodeIgniter\CodeIgniter->handleRequest(NULL, Object(Config\Cache), false)
#12 C:\xampp\htdocs\si_manajemen_nilai\system\Boot.php(325): CodeIgniter\CodeIgniter->run()
#13 C:\xampp\htdocs\si_manajemen_nilai\system\Boot.php(67): CodeIgniter\Boot::runCodeIgniter(Object(CodeIgniter\CodeIgniter))
#14 C:\xampp\htdocs\si_manajemen_nilai\public\index.php(56): CodeIgniter\Boot::bootWeb(Object(Config\Paths))
#15 C:\xampp\htdocs\si_manajemen_nilai\system\rewrite.php(44): require_once('C:\\xampp\\htdocs...')
#16 {main}
CRITICAL - 2025-01-02 10:10:52 --> CodeIgniter\Database\Exceptions\DatabaseException: Column 'kd_jurusan' cannot be null
[Method: POST, Route: daftar_kelas/tambah]
in SYSTEMPATH\Database\BaseConnection.php on line 688.
 1 SYSTEMPATH\Database\BaseBuilder.php(2340): CodeIgniter\Database\BaseConnection->query('INSERT INTO `dt_jurusan` (`kd_jurusan`, `nama_jurusan`, `nama_panjang`) VALUES (:kd_jurusan:, :nama_jurusan:, :nama_panjang:)', [...], false)
 2 SYSTEMPATH\Model.php(394): CodeIgniter\Database\BaseBuilder->insert()
 3 SYSTEMPATH\BaseModel.php(840): CodeIgniter\Model->doInsert([...])
 4 SYSTEMPATH\Model.php(802): CodeIgniter\BaseModel->insert([...], true)
 5 APPPATH\Models\DaftarjurusanModel.php(30): CodeIgniter\Model->insert([...])
 6 APPPATH\Controllers\Daftarjurusan.php(33): App\Models\DaftarjurusanModel->tambahDataJurusan(null, null, null)
 7 SYSTEMPATH\CodeIgniter.php(933): App\Controllers\Daftarjurusan->tambah()
 8 SYSTEMPATH\CodeIgniter.php(509): CodeIgniter\CodeIgniter->runController(Object(App\Controllers\Daftarjurusan))
 9 SYSTEMPATH\CodeIgniter.php(355): CodeIgniter\CodeIgniter->handleRequest(null, Object(Config\Cache), false)
10 SYSTEMPATH\Boot.php(325): CodeIgniter\CodeIgniter->run()
11 SYSTEMPATH\Boot.php(67): CodeIgniter\Boot::runCodeIgniter(Object(CodeIgniter\CodeIgniter))
12 FCPATH\index.php(56): CodeIgniter\Boot::bootWeb(Object(Config\Paths))
13 SYSTEMPATH\rewrite.php(44): require_once('C:\\xampp\\htdocs\\si_manajemen_nilai\\public\\index.php')
CRITICAL - 2025-01-02 10:10:52 --> [Caused by] CodeIgniter\Database\Exceptions\DatabaseException: Column 'kd_jurusan' cannot be null
in SYSTEMPATH\Database\MySQLi\Connection.php on line 317.
 1 SYSTEMPATH\Database\BaseConnection.php(734): CodeIgniter\Database\MySQLi\Connection->execute('INSERT INTO `dt_jurusan` (`kd_jurusan`, `nama_jurusan`, `nama_panjang`) VALUES (NULL, NULL, NULL)')
 2 SYSTEMPATH\Database\BaseConnection.php(648): CodeIgniter\Database\BaseConnection->simpleQuery('INSERT INTO `dt_jurusan` (`kd_jurusan`, `nama_jurusan`, `nama_panjang`) VALUES (NULL, NULL, NULL)')
 3 SYSTEMPATH\Database\BaseBuilder.php(2340): CodeIgniter\Database\BaseConnection->query('INSERT INTO `dt_jurusan` (`kd_jurusan`, `nama_jurusan`, `nama_panjang`) VALUES (:kd_jurusan:, :nama_jurusan:, :nama_panjang:)', [...], false)
 4 SYSTEMPATH\Model.php(394): CodeIgniter\Database\BaseBuilder->insert()
 5 SYSTEMPATH\BaseModel.php(840): CodeIgniter\Model->doInsert([...])
 6 SYSTEMPATH\Model.php(802): CodeIgniter\BaseModel->insert([...], true)
 7 APPPATH\Models\DaftarjurusanModel.php(30): CodeIgniter\Model->insert([...])
 8 APPPATH\Controllers\Daftarjurusan.php(33): App\Models\DaftarjurusanModel->tambahDataJurusan(null, null, null)
 9 SYSTEMPATH\CodeIgniter.php(933): App\Controllers\Daftarjurusan->tambah()
10 SYSTEMPATH\CodeIgniter.php(509): CodeIgniter\CodeIgniter->runController(Object(App\Controllers\Daftarjurusan))
11 SYSTEMPATH\CodeIgniter.php(355): CodeIgniter\CodeIgniter->handleRequest(null, Object(Config\Cache), false)
12 SYSTEMPATH\Boot.php(325): CodeIgniter\CodeIgniter->run()
13 SYSTEMPATH\Boot.php(67): CodeIgniter\Boot::runCodeIgniter(Object(CodeIgniter\CodeIgniter))
14 FCPATH\index.php(56): CodeIgniter\Boot::bootWeb(Object(Config\Paths))
15 SYSTEMPATH\rewrite.php(44): require_once('C:\\xampp\\htdocs\\si_manajemen_nilai\\public\\index.php')
CRITICAL - 2025-01-02 10:10:52 --> [Caused by] mysqli_sql_exception: Column 'kd_jurusan' cannot be null
in SYSTEMPATH\Database\MySQLi\Connection.php on line 312.
 1 SYSTEMPATH\Database\MySQLi\Connection.php(312): mysqli->query('INSERT INTO `dt_jurusan` (`kd_jurusan`, `nama_jurusan`, `nama_panjang`) VALUES (NULL, NULL, NULL)', 0)
 2 SYSTEMPATH\Database\BaseConnection.php(734): CodeIgniter\Database\MySQLi\Connection->execute('INSERT INTO `dt_jurusan` (`kd_jurusan`, `nama_jurusan`, `nama_panjang`) VALUES (NULL, NULL, NULL)')
 3 SYSTEMPATH\Database\BaseConnection.php(648): CodeIgniter\Database\BaseConnection->simpleQuery('INSERT INTO `dt_jurusan` (`kd_jurusan`, `nama_jurusan`, `nama_panjang`) VALUES (NULL, NULL, NULL)')
 4 SYSTEMPATH\Database\BaseBuilder.php(2340): CodeIgniter\Database\BaseConnection->query('INSERT INTO `dt_jurusan` (`kd_jurusan`, `nama_jurusan`, `nama_panjang`) VALUES (:kd_jurusan:, :nama_jurusan:, :nama_panjang:)', [...], false)
 5 SYSTEMPATH\Model.php(394): CodeIgniter\Database\BaseBuilder->insert()
 6 SYSTEMPATH\BaseModel.php(840): CodeIgniter\Model->doInsert([...])
 7 SYSTEMPATH\Model.php(802): CodeIgniter\BaseModel->insert([...], true)
 8 APPPATH\Models\DaftarjurusanModel.php(30): CodeIgniter\Model->insert([...])
 9 APPPATH\Controllers\Daftarjurusan.php(33): App\Models\DaftarjurusanModel->tambahDataJurusan(null, null, null)
10 SYSTEMPATH\CodeIgniter.php(933): App\Controllers\Daftarjurusan->tambah()
11 SYSTEMPATH\CodeIgniter.php(509): CodeIgniter\CodeIgniter->runController(Object(App\Controllers\Daftarjurusan))
12 SYSTEMPATH\CodeIgniter.php(355): CodeIgniter\CodeIgniter->handleRequest(null, Object(Config\Cache), false)
13 SYSTEMPATH\Boot.php(325): CodeIgniter\CodeIgniter->run()
14 SYSTEMPATH\Boot.php(67): CodeIgniter\Boot::runCodeIgniter(Object(CodeIgniter\CodeIgniter))
15 FCPATH\index.php(56): CodeIgniter\Boot::bootWeb(Object(Config\Paths))
16 SYSTEMPATH\rewrite.php(44): require_once('C:\\xampp\\htdocs\\si_manajemen_nilai\\public\\index.php')
CRITICAL - 2025-01-02 10:11:18 --> ErrorException: Undefined variable $jurusanModel
[Method: POST, Route: daftar_kelas/tambah]
in APPPATH\Controllers\Daftarkelas.php on line 36.
 1 APPPATH\Controllers\Daftarkelas.php(36): CodeIgniter\Debug\Exceptions->errorHandler(2, 'Undefined variable $jurusanModel', 'C:\\xampp\\htdocs\\si_manajemen_nilai\\app\\Controllers\\Daftarkelas.php', 36)
 2 SYSTEMPATH\CodeIgniter.php(933): App\Controllers\Daftarkelas->tambah()
 3 SYSTEMPATH\CodeIgniter.php(509): CodeIgniter\CodeIgniter->runController(Object(App\Controllers\Daftarkelas))
 4 SYSTEMPATH\CodeIgniter.php(355): CodeIgniter\CodeIgniter->handleRequest(null, Object(Config\Cache), false)
 5 SYSTEMPATH\Boot.php(325): CodeIgniter\CodeIgniter->run()
 6 SYSTEMPATH\Boot.php(67): CodeIgniter\Boot::runCodeIgniter(Object(CodeIgniter\CodeIgniter))
 7 FCPATH\index.php(56): CodeIgniter\Boot::bootWeb(Object(Config\Paths))
 8 SYSTEMPATH\rewrite.php(44): require_once('C:\\xampp\\htdocs\\si_manajemen_nilai\\public\\index.php')
ERROR - 2025-01-02 10:11:59 --> mysqli_sql_exception: Unknown column 'kd_jurusan' in 'field list' in C:\xampp\htdocs\si_manajemen_nilai\system\Database\MySQLi\Connection.php:312
Stack trace:
#0 C:\xampp\htdocs\si_manajemen_nilai\system\Database\MySQLi\Connection.php(312): mysqli->query('INSERT INTO `dt...', 0)
#1 C:\xampp\htdocs\si_manajemen_nilai\system\Database\BaseConnection.php(734): CodeIgniter\Database\MySQLi\Connection->execute('INSERT INTO `dt...')
#2 C:\xampp\htdocs\si_manajemen_nilai\system\Database\BaseConnection.php(648): CodeIgniter\Database\BaseConnection->simpleQuery('INSERT INTO `dt...')
#3 C:\xampp\htdocs\si_manajemen_nilai\system\Database\BaseBuilder.php(2340): CodeIgniter\Database\BaseConnection->query('INSERT INTO `dt...', Array, false)
#4 C:\xampp\htdocs\si_manajemen_nilai\system\Model.php(394): CodeIgniter\Database\BaseBuilder->insert()
#5 C:\xampp\htdocs\si_manajemen_nilai\system\BaseModel.php(840): CodeIgniter\Model->doInsert(Array)
#6 C:\xampp\htdocs\si_manajemen_nilai\system\Model.php(802): CodeIgniter\BaseModel->insert(Array, true)
#7 C:\xampp\htdocs\si_manajemen_nilai\app\Models\DaftarkelasModel.php(30): CodeIgniter\Model->insert(Array)
#8 C:\xampp\htdocs\si_manajemen_nilai\app\Controllers\Daftarkelas.php(36): App\Models\DaftarkelasModel->tambahDataKelas('KE001', '1', 'X (1)')
#9 C:\xampp\htdocs\si_manajemen_nilai\system\CodeIgniter.php(933): App\Controllers\Daftarkelas->tambah()
#10 C:\xampp\htdocs\si_manajemen_nilai\system\CodeIgniter.php(509): CodeIgniter\CodeIgniter->runController(Object(App\Controllers\Daftarkelas))
#11 C:\xampp\htdocs\si_manajemen_nilai\system\CodeIgniter.php(355): CodeIgniter\CodeIgniter->handleRequest(NULL, Object(Config\Cache), false)
#12 C:\xampp\htdocs\si_manajemen_nilai\system\Boot.php(325): CodeIgniter\CodeIgniter->run()
#13 C:\xampp\htdocs\si_manajemen_nilai\system\Boot.php(67): CodeIgniter\Boot::runCodeIgniter(Object(CodeIgniter\CodeIgniter))
#14 C:\xampp\htdocs\si_manajemen_nilai\public\index.php(56): CodeIgniter\Boot::bootWeb(Object(Config\Paths))
#15 C:\xampp\htdocs\si_manajemen_nilai\system\rewrite.php(44): require_once('C:\\xampp\\htdocs...')
#16 {main}
CRITICAL - 2025-01-02 10:11:59 --> CodeIgniter\Database\Exceptions\DatabaseException: Unknown column 'kd_jurusan' in 'field list'
[Method: POST, Route: daftar_kelas/tambah]
in SYSTEMPATH\Database\BaseConnection.php on line 688.
 1 SYSTEMPATH\Database\BaseBuilder.php(2340): CodeIgniter\Database\BaseConnection->query('INSERT INTO `dt_kelas` (`kd_jurusan`) VALUES (:kd_jurusan:)', [...], false)
 2 SYSTEMPATH\Model.php(394): CodeIgniter\Database\BaseBuilder->insert()
 3 SYSTEMPATH\BaseModel.php(840): CodeIgniter\Model->doInsert([...])
 4 SYSTEMPATH\Model.php(802): CodeIgniter\BaseModel->insert([...], true)
 5 APPPATH\Models\DaftarkelasModel.php(30): CodeIgniter\Model->insert([...])
 6 APPPATH\Controllers\Daftarkelas.php(36): App\Models\DaftarkelasModel->tambahDataKelas('KE001', '1', 'X (1)')
 7 SYSTEMPATH\CodeIgniter.php(933): App\Controllers\Daftarkelas->tambah()
 8 SYSTEMPATH\CodeIgniter.php(509): CodeIgniter\CodeIgniter->runController(Object(App\Controllers\Daftarkelas))
 9 SYSTEMPATH\CodeIgniter.php(355): CodeIgniter\CodeIgniter->handleRequest(null, Object(Config\Cache), false)
10 SYSTEMPATH\Boot.php(325): CodeIgniter\CodeIgniter->run()
11 SYSTEMPATH\Boot.php(67): CodeIgniter\Boot::runCodeIgniter(Object(CodeIgniter\CodeIgniter))
12 FCPATH\index.php(56): CodeIgniter\Boot::bootWeb(Object(Config\Paths))
13 SYSTEMPATH\rewrite.php(44): require_once('C:\\xampp\\htdocs\\si_manajemen_nilai\\public\\index.php')
CRITICAL - 2025-01-02 10:11:59 --> [Caused by] CodeIgniter\Database\Exceptions\DatabaseException: Unknown column 'kd_jurusan' in 'field list'
in SYSTEMPATH\Database\MySQLi\Connection.php on line 317.
 1 SYSTEMPATH\Database\BaseConnection.php(734): CodeIgniter\Database\MySQLi\Connection->execute('INSERT INTO `dt_kelas` (`kd_jurusan`) VALUES (\'KE001\')')
 2 SYSTEMPATH\Database\BaseConnection.php(648): CodeIgniter\Database\BaseConnection->simpleQuery('INSERT INTO `dt_kelas` (`kd_jurusan`) VALUES (\'KE001\')')
 3 SYSTEMPATH\Database\BaseBuilder.php(2340): CodeIgniter\Database\BaseConnection->query('INSERT INTO `dt_kelas` (`kd_jurusan`) VALUES (:kd_jurusan:)', [...], false)
 4 SYSTEMPATH\Model.php(394): CodeIgniter\Database\BaseBuilder->insert()
 5 SYSTEMPATH\BaseModel.php(840): CodeIgniter\Model->doInsert([...])
 6 SYSTEMPATH\Model.php(802): CodeIgniter\BaseModel->insert([...], true)
 7 APPPATH\Models\DaftarkelasModel.php(30): CodeIgniter\Model->insert([...])
 8 APPPATH\Controllers\Daftarkelas.php(36): App\Models\DaftarkelasModel->tambahDataKelas('KE001', '1', 'X (1)')
 9 SYSTEMPATH\CodeIgniter.php(933): App\Controllers\Daftarkelas->tambah()
10 SYSTEMPATH\CodeIgniter.php(509): CodeIgniter\CodeIgniter->runController(Object(App\Controllers\Daftarkelas))
11 SYSTEMPATH\CodeIgniter.php(355): CodeIgniter\CodeIgniter->handleRequest(null, Object(Config\Cache), false)
12 SYSTEMPATH\Boot.php(325): CodeIgniter\CodeIgniter->run()
13 SYSTEMPATH\Boot.php(67): CodeIgniter\Boot::runCodeIgniter(Object(CodeIgniter\CodeIgniter))
14 FCPATH\index.php(56): CodeIgniter\Boot::bootWeb(Object(Config\Paths))
15 SYSTEMPATH\rewrite.php(44): require_once('C:\\xampp\\htdocs\\si_manajemen_nilai\\public\\index.php')
CRITICAL - 2025-01-02 10:11:59 --> [Caused by] mysqli_sql_exception: Unknown column 'kd_jurusan' in 'field list'
in SYSTEMPATH\Database\MySQLi\Connection.php on line 312.
 1 SYSTEMPATH\Database\MySQLi\Connection.php(312): mysqli->query('INSERT INTO `dt_kelas` (`kd_jurusan`) VALUES (\'KE001\')', 0)
 2 SYSTEMPATH\Database\BaseConnection.php(734): CodeIgniter\Database\MySQLi\Connection->execute('INSERT INTO `dt_kelas` (`kd_jurusan`) VALUES (\'KE001\')')
 3 SYSTEMPATH\Database\BaseConnection.php(648): CodeIgniter\Database\BaseConnection->simpleQuery('INSERT INTO `dt_kelas` (`kd_jurusan`) VALUES (\'KE001\')')
 4 SYSTEMPATH\Database\BaseBuilder.php(2340): CodeIgniter\Database\BaseConnection->query('INSERT INTO `dt_kelas` (`kd_jurusan`) VALUES (:kd_jurusan:)', [...], false)
 5 SYSTEMPATH\Model.php(394): CodeIgniter\Database\BaseBuilder->insert()
 6 SYSTEMPATH\BaseModel.php(840): CodeIgniter\Model->doInsert([...])
 7 SYSTEMPATH\Model.php(802): CodeIgniter\BaseModel->insert([...], true)
 8 APPPATH\Models\DaftarkelasModel.php(30): CodeIgniter\Model->insert([...])
 9 APPPATH\Controllers\Daftarkelas.php(36): App\Models\DaftarkelasModel->tambahDataKelas('KE001', '1', 'X (1)')
10 SYSTEMPATH\CodeIgniter.php(933): App\Controllers\Daftarkelas->tambah()
11 SYSTEMPATH\CodeIgniter.php(509): CodeIgniter\CodeIgniter->runController(Object(App\Controllers\Daftarkelas))
12 SYSTEMPATH\CodeIgniter.php(355): CodeIgniter\CodeIgniter->handleRequest(null, Object(Config\Cache), false)
13 SYSTEMPATH\Boot.php(325): CodeIgniter\CodeIgniter->run()
14 SYSTEMPATH\Boot.php(67): CodeIgniter\Boot::runCodeIgniter(Object(CodeIgniter\CodeIgniter))
15 FCPATH\index.php(56): CodeIgniter\Boot::bootWeb(Object(Config\Paths))
16 SYSTEMPATH\rewrite.php(44): require_once('C:\\xampp\\htdocs\\si_manajemen_nilai\\public\\index.php')
CRITICAL - 2025-01-02 10:12:53 --> CodeIgniter\Database\Exceptions\DataException: There is no data to insert.
[Method: POST, Route: daftar_kelas/tambah]
in SYSTEMPATH\BaseModel.php on line 826.
 1 SYSTEMPATH\BaseModel.php(826): CodeIgniter\Database\Exceptions\DataException::forEmptyDataset('insert')
 2 SYSTEMPATH\Model.php(802): CodeIgniter\BaseModel->insert([], true)
 3 APPPATH\Models\DaftarkelasModel.php(30): CodeIgniter\Model->insert([...])
 4 APPPATH\Controllers\Daftarkelas.php(36): App\Models\DaftarkelasModel->tambahDataKelas('KE001', '1', 'X (1)')
 5 SYSTEMPATH\CodeIgniter.php(933): App\Controllers\Daftarkelas->tambah()
 6 SYSTEMPATH\CodeIgniter.php(509): CodeIgniter\CodeIgniter->runController(Object(App\Controllers\Daftarkelas))
 7 SYSTEMPATH\CodeIgniter.php(355): CodeIgniter\CodeIgniter->handleRequest(null, Object(Config\Cache), false)
 8 SYSTEMPATH\Boot.php(325): CodeIgniter\CodeIgniter->run()
 9 SYSTEMPATH\Boot.php(67): CodeIgniter\Boot::runCodeIgniter(Object(CodeIgniter\CodeIgniter))
10 FCPATH\index.php(56): CodeIgniter\Boot::bootWeb(Object(Config\Paths))
11 SYSTEMPATH\rewrite.php(44): require_once('C:\\xampp\\htdocs\\si_manajemen_nilai\\public\\index.php')
CRITICAL - 2025-01-02 10:14:55 --> ErrorException: Undefined array key "jurusan"
[Method: GET, Route: daftar_kelas]
in APPPATH\Views\daftar_kelas_view.php on line 44.
 1 APPPATH\Views\daftar_kelas_view.php(44): CodeIgniter\Debug\Exceptions->errorHandler(2, 'Undefined array key "jurusan"', 'C:\\xampp\\htdocs\\si_manajemen_nilai\\app\\Views\\daftar_kelas_view.php', 44)
 2 SYSTEMPATH\View\View.php(234): include('C:\\xampp\\htdocs\\si_manajemen_nilai\\app\\Views\\daftar_kelas_view.php')
 3 SYSTEMPATH\View\View.php(237): CodeIgniter\View\View->CodeIgniter\View\{closure}()
 4 SYSTEMPATH\Common.php(1171): CodeIgniter\View\View->render('daftar_kelas_view', [], true)
 5 APPPATH\Controllers\Daftarkelas.php(25): view('daftar_kelas_view', [...])
 6 SYSTEMPATH\CodeIgniter.php(933): App\Controllers\Daftarkelas->index()
 7 SYSTEMPATH\CodeIgniter.php(509): CodeIgniter\CodeIgniter->runController(Object(App\Controllers\Daftarkelas))
 8 SYSTEMPATH\CodeIgniter.php(355): CodeIgniter\CodeIgniter->handleRequest(null, Object(Config\Cache), false)
 9 SYSTEMPATH\Boot.php(325): CodeIgniter\CodeIgniter->run()
10 SYSTEMPATH\Boot.php(67): CodeIgniter\Boot::runCodeIgniter(Object(CodeIgniter\CodeIgniter))
11 FCPATH\index.php(56): CodeIgniter\Boot::bootWeb(Object(Config\Paths))
12 SYSTEMPATH\rewrite.php(44): require_once('C:\\xampp\\htdocs\\si_manajemen_nilai\\public\\index.php')
CRITICAL - 2025-01-02 10:15:18 --> ErrorException: Undefined array key "nama_panjang"
[Method: GET, Route: daftar_kelas]
in APPPATH\Views\daftar_kelas_view.php on line 53.
 1 APPPATH\Views\daftar_kelas_view.php(53): CodeIgniter\Debug\Exceptions->errorHandler(2, 'Undefined array key "nama_panjang"', 'C:\\xampp\\htdocs\\si_manajemen_nilai\\app\\Views\\daftar_kelas_view.php', 53)
 2 SYSTEMPATH\View\View.php(234): include('C:\\xampp\\htdocs\\si_manajemen_nilai\\app\\Views\\daftar_kelas_view.php')
 3 SYSTEMPATH\View\View.php(237): CodeIgniter\View\View->CodeIgniter\View\{closure}()
 4 SYSTEMPATH\Common.php(1171): CodeIgniter\View\View->render('daftar_kelas_view', [], true)
 5 APPPATH\Controllers\Daftarkelas.php(25): view('daftar_kelas_view', [...])
 6 SYSTEMPATH\CodeIgniter.php(933): App\Controllers\Daftarkelas->index()
 7 SYSTEMPATH\CodeIgniter.php(509): CodeIgniter\CodeIgniter->runController(Object(App\Controllers\Daftarkelas))
 8 SYSTEMPATH\CodeIgniter.php(355): CodeIgniter\CodeIgniter->handleRequest(null, Object(Config\Cache), false)
 9 SYSTEMPATH\Boot.php(325): CodeIgniter\CodeIgniter->run()
10 SYSTEMPATH\Boot.php(67): CodeIgniter\Boot::runCodeIgniter(Object(CodeIgniter\CodeIgniter))
11 FCPATH\index.php(56): CodeIgniter\Boot::bootWeb(Object(Config\Paths))
12 SYSTEMPATH\rewrite.php(44): require_once('C:\\xampp\\htdocs\\si_manajemen_nilai\\public\\index.php')
CRITICAL - 2025-01-02 10:15:23 --> ErrorException: Undefined array key "nama_panjang"
[Method: GET, Route: daftar_kelas]
in APPPATH\Views\daftar_kelas_view.php on line 53.
 1 APPPATH\Views\daftar_kelas_view.php(53): CodeIgniter\Debug\Exceptions->errorHandler(2, 'Undefined array key "nama_panjang"', 'C:\\xampp\\htdocs\\si_manajemen_nilai\\app\\Views\\daftar_kelas_view.php', 53)
 2 SYSTEMPATH\View\View.php(234): include('C:\\xampp\\htdocs\\si_manajemen_nilai\\app\\Views\\daftar_kelas_view.php')
 3 SYSTEMPATH\View\View.php(237): CodeIgniter\View\View->CodeIgniter\View\{closure}()
 4 SYSTEMPATH\Common.php(1171): CodeIgniter\View\View->render('daftar_kelas_view', [], true)
 5 APPPATH\Controllers\Daftarkelas.php(25): view('daftar_kelas_view', [...])
 6 SYSTEMPATH\CodeIgniter.php(933): App\Controllers\Daftarkelas->index()
 7 SYSTEMPATH\CodeIgniter.php(509): CodeIgniter\CodeIgniter->runController(Object(App\Controllers\Daftarkelas))
 8 SYSTEMPATH\CodeIgniter.php(355): CodeIgniter\CodeIgniter->handleRequest(null, Object(Config\Cache), false)
 9 SYSTEMPATH\Boot.php(325): CodeIgniter\CodeIgniter->run()
10 SYSTEMPATH\Boot.php(67): CodeIgniter\Boot::runCodeIgniter(Object(CodeIgniter\CodeIgniter))
11 FCPATH\index.php(56): CodeIgniter\Boot::bootWeb(Object(Config\Paths))
12 SYSTEMPATH\rewrite.php(44): require_once('C:\\xampp\\htdocs\\si_manajemen_nilai\\public\\index.php')
