CRITICAL - 2025-01-27 00:01:48 --> DivisionByZeroError: Division by zero
[Method: POST, Route: daftar_nilai/tambah]
in APPPATH\Models\DaftarnilaitugasModel.php on line 64.
 1 APPPATH\Controllers\Daftarnilai.php(45): App\Models\DaftarnilaitugasModel->tambahDataNilaiTugas('3', '3', '3', '3', '3', 'Ganjil', '', '', '', '80', '80', '85', '80', '75', '85')
 2 SYSTEMPATH\CodeIgniter.php(933): App\Controllers\Daftarnilai->tambah()
 3 SYSTEMPATH\CodeIgniter.php(509): CodeIgniter\CodeIgniter->runController(Object(App\Controllers\Daftarnilai))
 4 SYSTEMPATH\CodeIgniter.php(355): CodeIgniter\CodeIgniter->handleRequest(null, Object(Config\Cache), false)
 5 SYSTEMPATH\Boot.php(325): CodeIgniter\CodeIgniter->run()
 6 SYSTEMPATH\Boot.php(67): CodeIgniter\Boot::runCodeIgniter(Object(CodeIgniter\CodeIgniter))
 7 FCPATH\index.php(56): CodeIgniter\Boot::bootWeb(Object(Config\Paths))
 8 SYSTEMPATH\rewrite.php(44): require_once('C:\\xampp\\htdocs\\si_manajemen_nilai\\public\\index.php')
CRITICAL - 2025-01-27 00:02:34 --> DivisionByZeroError: Division by zero
[Method: POST, Route: daftar_nilai/tambah]
in APPPATH\Models\DaftarnilaitugasModel.php on line 64.
 1 APPPATH\Controllers\Daftarnilai.php(45): App\Models\DaftarnilaitugasModel->tambahDataNilaiTugas('3', '3', '3', '3', '3', 'Ganjil', '', '', '', '80', '80', '85', '80', '75', '85')
 2 SYSTEMPATH\CodeIgniter.php(933): App\Controllers\Daftarnilai->tambah()
 3 SYSTEMPATH\CodeIgniter.php(509): CodeIgniter\CodeIgniter->runController(Object(App\Controllers\Daftarnilai))
 4 SYSTEMPATH\CodeIgniter.php(355): CodeIgniter\CodeIgniter->handleRequest(null, Object(Config\Cache), false)
 5 SYSTEMPATH\Boot.php(325): CodeIgniter\CodeIgniter->run()
 6 SYSTEMPATH\Boot.php(67): CodeIgniter\Boot::runCodeIgniter(Object(CodeIgniter\CodeIgniter))
 7 FCPATH\index.php(56): CodeIgniter\Boot::bootWeb(Object(Config\Paths))
 8 SYSTEMPATH\rewrite.php(44): require_once('C:\\xampp\\htdocs\\si_manajemen_nilai\\public\\index.php')
CRITICAL - 2025-01-27 00:02:42 --> DivisionByZeroError: Division by zero
[Method: POST, Route: daftar_nilai/tambah]
in APPPATH\Models\DaftarnilaitugasModel.php on line 64.
 1 APPPATH\Controllers\Daftarnilai.php(45): App\Models\DaftarnilaitugasModel->tambahDataNilaiTugas('3', '3', '3', '3', '3', 'Ganjil', '', '', '', '80', '80', '', '80', '75', '85')
 2 SYSTEMPATH\CodeIgniter.php(933): App\Controllers\Daftarnilai->tambah()
 3 SYSTEMPATH\CodeIgniter.php(509): CodeIgniter\CodeIgniter->runController(Object(App\Controllers\Daftarnilai))
 4 SYSTEMPATH\CodeIgniter.php(355): CodeIgniter\CodeIgniter->handleRequest(null, Object(Config\Cache), false)
 5 SYSTEMPATH\Boot.php(325): CodeIgniter\CodeIgniter->run()
 6 SYSTEMPATH\Boot.php(67): CodeIgniter\Boot::runCodeIgniter(Object(CodeIgniter\CodeIgniter))
 7 FCPATH\index.php(56): CodeIgniter\Boot::bootWeb(Object(Config\Paths))
 8 SYSTEMPATH\rewrite.php(44): require_once('C:\\xampp\\htdocs\\si_manajemen_nilai\\public\\index.php')
CRITICAL - 2025-01-27 00:04:58 --> ErrorException: Undefined variable $total
[Method: POST, Route: daftar_nilai/tambah]
in APPPATH\Models\DaftarnilaitugasModel.php on line 34.
 1 APPPATH\Models\DaftarnilaitugasModel.php(34): CodeIgniter\Debug\Exceptions->errorHandler(2, 'Undefined variable $total', 'C:\\xampp\\htdocs\\si_manajemen_nilai\\app\\Models\\DaftarnilaitugasModel.php', 34)
 2 APPPATH\Controllers\Daftarnilai.php(45): App\Models\DaftarnilaitugasModel->tambahDataNilaiTugas('3', '3', '3', '3', '3', 'Ganjil', '75', '', '', '77', '', '', '80', '', '')
 3 SYSTEMPATH\CodeIgniter.php(933): App\Controllers\Daftarnilai->tambah()
 4 SYSTEMPATH\CodeIgniter.php(509): CodeIgniter\CodeIgniter->runController(Object(App\Controllers\Daftarnilai))
 5 SYSTEMPATH\CodeIgniter.php(355): CodeIgniter\CodeIgniter->handleRequest(null, Object(Config\Cache), false)
 6 SYSTEMPATH\Boot.php(325): CodeIgniter\CodeIgniter->run()
 7 SYSTEMPATH\Boot.php(67): CodeIgniter\Boot::runCodeIgniter(Object(CodeIgniter\CodeIgniter))
 8 FCPATH\index.php(56): CodeIgniter\Boot::bootWeb(Object(Config\Paths))
 9 SYSTEMPATH\rewrite.php(44): require_once('C:\\xampp\\htdocs\\si_manajemen_nilai\\public\\index.php')
CRITICAL - 2025-01-27 00:18:59 --> ErrorException: Undefined variable $total
[Method: POST, Route: daftar_nilai/tambah]
in APPPATH\Models\DaftarnilaitugasModel.php on line 34.
 1 APPPATH\Models\DaftarnilaitugasModel.php(34): CodeIgniter\Debug\Exceptions->errorHandler(2, 'Undefined variable $total', 'C:\\xampp\\htdocs\\si_manajemen_nilai\\app\\Models\\DaftarnilaitugasModel.php', 34)
 2 APPPATH\Controllers\Daftarnilai.php(45): App\Models\DaftarnilaitugasModel->tambahDataNilaiTugas('3', '3', '3', '3', '3', 'Ganjil', '', '', '', '77', '', '', '80', '75', '')
 3 SYSTEMPATH\CodeIgniter.php(933): App\Controllers\Daftarnilai->tambah()
 4 SYSTEMPATH\CodeIgniter.php(509): CodeIgniter\CodeIgniter->runController(Object(App\Controllers\Daftarnilai))
 5 SYSTEMPATH\CodeIgniter.php(355): CodeIgniter\CodeIgniter->handleRequest(null, Object(Config\Cache), false)
 6 SYSTEMPATH\Boot.php(325): CodeIgniter\CodeIgniter->run()
 7 SYSTEMPATH\Boot.php(67): CodeIgniter\Boot::runCodeIgniter(Object(CodeIgniter\CodeIgniter))
 8 FCPATH\index.php(56): CodeIgniter\Boot::bootWeb(Object(Config\Paths))
 9 SYSTEMPATH\rewrite.php(44): require_once('C:\\xampp\\htdocs\\si_manajemen_nilai\\public\\index.php')
CRITICAL - 2025-01-27 00:19:26 --> DivisionByZeroError: Division by zero
[Method: POST, Route: daftar_nilai/tambah]
in APPPATH\Models\DaftarnilaitugasModel.php on line 64.
 1 APPPATH\Controllers\Daftarnilai.php(45): App\Models\DaftarnilaitugasModel->tambahDataNilaiTugas('3', '3', '3', '3', '3', 'Ganjil', '', '', '', '77', '', '', '80', '75', '')
 2 SYSTEMPATH\CodeIgniter.php(933): App\Controllers\Daftarnilai->tambah()
 3 SYSTEMPATH\CodeIgniter.php(509): CodeIgniter\CodeIgniter->runController(Object(App\Controllers\Daftarnilai))
 4 SYSTEMPATH\CodeIgniter.php(355): CodeIgniter\CodeIgniter->handleRequest(null, Object(Config\Cache), false)
 5 SYSTEMPATH\Boot.php(325): CodeIgniter\CodeIgniter->run()
 6 SYSTEMPATH\Boot.php(67): CodeIgniter\Boot::runCodeIgniter(Object(CodeIgniter\CodeIgniter))
 7 FCPATH\index.php(56): CodeIgniter\Boot::bootWeb(Object(Config\Paths))
 8 SYSTEMPATH\rewrite.php(44): require_once('C:\\xampp\\htdocs\\si_manajemen_nilai\\public\\index.php')
CRITICAL - 2025-01-27 00:22:52 --> DivisionByZeroError: Division by zero
[Method: POST, Route: daftar_nilai/tambah]
in APPPATH\Models\DaftarnilaitugasModel.php on line 64.
 1 APPPATH\Controllers\Daftarnilai.php(45): App\Models\DaftarnilaitugasModel->tambahDataNilaiTugas('3', '3', '3', '3', '3', 'Ganjil', '0', '0', '0', '78', '0', '0', '78', '89', '0')
 2 SYSTEMPATH\CodeIgniter.php(933): App\Controllers\Daftarnilai->tambah()
 3 SYSTEMPATH\CodeIgniter.php(509): CodeIgniter\CodeIgniter->runController(Object(App\Controllers\Daftarnilai))
 4 SYSTEMPATH\CodeIgniter.php(355): CodeIgniter\CodeIgniter->handleRequest(null, Object(Config\Cache), false)
 5 SYSTEMPATH\Boot.php(325): CodeIgniter\CodeIgniter->run()
 6 SYSTEMPATH\Boot.php(67): CodeIgniter\Boot::runCodeIgniter(Object(CodeIgniter\CodeIgniter))
 7 FCPATH\index.php(56): CodeIgniter\Boot::bootWeb(Object(Config\Paths))
 8 SYSTEMPATH\rewrite.php(44): require_once('C:\\xampp\\htdocs\\si_manajemen_nilai\\public\\index.php')
CRITICAL - 2025-01-27 00:27:48 --> DivisionByZeroError: Division by zero
[Method: POST, Route: daftar_nilai/tambah]
in APPPATH\Models\DaftarnilaitugasModel.php on line 36.
 1 APPPATH\Controllers\Daftarnilai.php(45): App\Models\DaftarnilaitugasModel->tambahDataNilaiTugas('3', '3', '3', '3', '3', 'Ganjil', '0', '0', '0', '0', '0', '0', '0', '0', '0')
 2 SYSTEMPATH\CodeIgniter.php(933): App\Controllers\Daftarnilai->tambah()
 3 SYSTEMPATH\CodeIgniter.php(509): CodeIgniter\CodeIgniter->runController(Object(App\Controllers\Daftarnilai))
 4 SYSTEMPATH\CodeIgniter.php(355): CodeIgniter\CodeIgniter->handleRequest(null, Object(Config\Cache), false)
 5 SYSTEMPATH\Boot.php(325): CodeIgniter\CodeIgniter->run()
 6 SYSTEMPATH\Boot.php(67): CodeIgniter\Boot::runCodeIgniter(Object(CodeIgniter\CodeIgniter))
 7 FCPATH\index.php(56): CodeIgniter\Boot::bootWeb(Object(Config\Paths))
 8 SYSTEMPATH\rewrite.php(44): require_once('C:\\xampp\\htdocs\\si_manajemen_nilai\\public\\index.php')
CRITICAL - 2025-01-27 00:39:46 --> ErrorException: Undefined variable $LM2
[Method: POST, Route: daftar_nilai/tambah]
in APPPATH\Models\DaftarnilaitugasModel.php on line 80.
 1 APPPATH\Models\DaftarnilaitugasModel.php(80): CodeIgniter\Debug\Exceptions->errorHandler(2, 'Undefined variable $LM2', 'C:\\xampp\\htdocs\\si_manajemen_nilai\\app\\Models\\DaftarnilaitugasModel.php', 80)
 2 APPPATH\Controllers\Daftarnilai.php(45): App\Models\DaftarnilaitugasModel->tambahDataNilaiTugas('3', '3', '3', '3', '3', 'Ganjil', '0', '0', '0', '80', '80', '85', '80', '75', '85')
 3 SYSTEMPATH\CodeIgniter.php(933): App\Controllers\Daftarnilai->tambah()
 4 SYSTEMPATH\CodeIgniter.php(509): CodeIgniter\CodeIgniter->runController(Object(App\Controllers\Daftarnilai))
 5 SYSTEMPATH\CodeIgniter.php(355): CodeIgniter\CodeIgniter->handleRequest(null, Object(Config\Cache), false)
 6 SYSTEMPATH\Boot.php(325): CodeIgniter\CodeIgniter->run()
 7 SYSTEMPATH\Boot.php(67): CodeIgniter\Boot::runCodeIgniter(Object(CodeIgniter\CodeIgniter))
 8 FCPATH\index.php(56): CodeIgniter\Boot::bootWeb(Object(Config\Paths))
 9 SYSTEMPATH\rewrite.php(44): require_once('C:\\xampp\\htdocs\\si_manajemen_nilai\\public\\index.php')
CRITICAL - 2025-01-27 00:40:08 --> DivisionByZeroError: Division by zero
[Method: POST, Route: daftar_nilai/tambah]
in APPPATH\Models\DaftarnilaitugasModel.php on line 75.
 1 APPPATH\Controllers\Daftarnilai.php(45): App\Models\DaftarnilaitugasModel->tambahDataNilaiTugas('3', '3', '3', '3', '3', 'Ganjil', '0', '0', '0', '80', '80', '85', '80', '75', '85')
 2 SYSTEMPATH\CodeIgniter.php(933): App\Controllers\Daftarnilai->tambah()
 3 SYSTEMPATH\CodeIgniter.php(509): CodeIgniter\CodeIgniter->runController(Object(App\Controllers\Daftarnilai))
 4 SYSTEMPATH\CodeIgniter.php(355): CodeIgniter\CodeIgniter->handleRequest(null, Object(Config\Cache), false)
 5 SYSTEMPATH\Boot.php(325): CodeIgniter\CodeIgniter->run()
 6 SYSTEMPATH\Boot.php(67): CodeIgniter\Boot::runCodeIgniter(Object(CodeIgniter\CodeIgniter))
 7 FCPATH\index.php(56): CodeIgniter\Boot::bootWeb(Object(Config\Paths))
 8 SYSTEMPATH\rewrite.php(44): require_once('C:\\xampp\\htdocs\\si_manajemen_nilai\\public\\index.php')
CRITICAL - 2025-01-27 00:40:38 --> ErrorException: Undefined variable $LM2
[Method: POST, Route: daftar_nilai/tambah]
in APPPATH\Models\DaftarnilaitugasModel.php on line 80.
 1 APPPATH\Models\DaftarnilaitugasModel.php(80): CodeIgniter\Debug\Exceptions->errorHandler(2, 'Undefined variable $LM2', 'C:\\xampp\\htdocs\\si_manajemen_nilai\\app\\Models\\DaftarnilaitugasModel.php', 80)
 2 APPPATH\Controllers\Daftarnilai.php(45): App\Models\DaftarnilaitugasModel->tambahDataNilaiTugas('3', '3', '3', '3', '3', 'Ganjil', '0', '0', '0', '80', '80', '85', '80', '75', '85')
 3 SYSTEMPATH\CodeIgniter.php(933): App\Controllers\Daftarnilai->tambah()
 4 SYSTEMPATH\CodeIgniter.php(509): CodeIgniter\CodeIgniter->runController(Object(App\Controllers\Daftarnilai))
 5 SYSTEMPATH\CodeIgniter.php(355): CodeIgniter\CodeIgniter->handleRequest(null, Object(Config\Cache), false)
 6 SYSTEMPATH\Boot.php(325): CodeIgniter\CodeIgniter->run()
 7 SYSTEMPATH\Boot.php(67): CodeIgniter\Boot::runCodeIgniter(Object(CodeIgniter\CodeIgniter))
 8 FCPATH\index.php(56): CodeIgniter\Boot::bootWeb(Object(Config\Paths))
 9 SYSTEMPATH\rewrite.php(44): require_once('C:\\xampp\\htdocs\\si_manajemen_nilai\\public\\index.php')
CRITICAL - 2025-01-27 00:41:10 --> ErrorException: Undefined variable $LM2
[Method: POST, Route: daftar_nilai/tambah]
in APPPATH\Models\DaftarnilaitugasModel.php on line 80.
 1 APPPATH\Models\DaftarnilaitugasModel.php(80): CodeIgniter\Debug\Exceptions->errorHandler(2, 'Undefined variable $LM2', 'C:\\xampp\\htdocs\\si_manajemen_nilai\\app\\Models\\DaftarnilaitugasModel.php', 80)
 2 APPPATH\Controllers\Daftarnilai.php(45): App\Models\DaftarnilaitugasModel->tambahDataNilaiTugas('3', '3', '3', '3', '3', 'Ganjil', '0', '0', '0', '87', '77', '88', '87', '90', '86')
 3 SYSTEMPATH\CodeIgniter.php(933): App\Controllers\Daftarnilai->tambah()
 4 SYSTEMPATH\CodeIgniter.php(509): CodeIgniter\CodeIgniter->runController(Object(App\Controllers\Daftarnilai))
 5 SYSTEMPATH\CodeIgniter.php(355): CodeIgniter\CodeIgniter->handleRequest(null, Object(Config\Cache), false)
 6 SYSTEMPATH\Boot.php(325): CodeIgniter\CodeIgniter->run()
 7 SYSTEMPATH\Boot.php(67): CodeIgniter\Boot::runCodeIgniter(Object(CodeIgniter\CodeIgniter))
 8 FCPATH\index.php(56): CodeIgniter\Boot::bootWeb(Object(Config\Paths))
 9 SYSTEMPATH\rewrite.php(44): require_once('C:\\xampp\\htdocs\\si_manajemen_nilai\\public\\index.php')
CRITICAL - 2025-01-27 00:42:32 --> ParseError: syntax error, unexpected variable "$jumlahNilaiLM3"
[Method: POST, Route: daftar_nilai/tambah]
in APPPATH\Models\DaftarnilaitugasModel.php on line 64.
 1 SYSTEMPATH\Autoloader\Autoloader.php(296): CodeIgniter\Autoloader\Autoloader->includeFile('C:\\xampp\\htdocs\\si_manajemen_nilai\\app\\Models\\DaftarnilaitugasModel.php')
 2 SYSTEMPATH\Autoloader\Autoloader.php(272): CodeIgniter\Autoloader\Autoloader->loadInNamespace('App\\Models\\DaftarnilaitugasModel')
 3 APPPATH\Controllers\Daftarnilai.php(27): CodeIgniter\Autoloader\Autoloader->loadClass('App\\Models\\DaftarnilaitugasModel')
 4 SYSTEMPATH\CodeIgniter.php(933): App\Controllers\Daftarnilai->tambah()
 5 SYSTEMPATH\CodeIgniter.php(509): CodeIgniter\CodeIgniter->runController(Object(App\Controllers\Daftarnilai))
 6 SYSTEMPATH\CodeIgniter.php(355): CodeIgniter\CodeIgniter->handleRequest(null, Object(Config\Cache), false)
 7 SYSTEMPATH\Boot.php(325): CodeIgniter\CodeIgniter->run()
 8 SYSTEMPATH\Boot.php(67): CodeIgniter\Boot::runCodeIgniter(Object(CodeIgniter\CodeIgniter))
 9 FCPATH\index.php(56): CodeIgniter\Boot::bootWeb(Object(Config\Paths))
10 SYSTEMPATH\rewrite.php(44): require_once('C:\\xampp\\htdocs\\si_manajemen_nilai\\public\\index.php')
CRITICAL - 2025-01-27 00:52:54 --> DivisionByZeroError: Division by zero
[Method: POST, Route: daftar_nilai/tambah]
in APPPATH\Models\DaftarnilaitugasModel.php on line 74.
 1 APPPATH\Controllers\Daftarnilai.php(45): App\Models\DaftarnilaitugasModel->tambahDataNilaiTugas('3', '3', '3', '3', '3', 'Ganjil', '0', '0', '0', '80', '80', '85', '80', '89', '78')
 2 SYSTEMPATH\CodeIgniter.php(933): App\Controllers\Daftarnilai->tambah()
 3 SYSTEMPATH\CodeIgniter.php(509): CodeIgniter\CodeIgniter->runController(Object(App\Controllers\Daftarnilai))
 4 SYSTEMPATH\CodeIgniter.php(355): CodeIgniter\CodeIgniter->handleRequest(null, Object(Config\Cache), false)
 5 SYSTEMPATH\Boot.php(325): CodeIgniter\CodeIgniter->run()
 6 SYSTEMPATH\Boot.php(67): CodeIgniter\Boot::runCodeIgniter(Object(CodeIgniter\CodeIgniter))
 7 FCPATH\index.php(56): CodeIgniter\Boot::bootWeb(Object(Config\Paths))
 8 SYSTEMPATH\rewrite.php(44): require_once('C:\\xampp\\htdocs\\si_manajemen_nilai\\public\\index.php')
CRITICAL - 2025-01-27 00:54:27 --> DivisionByZeroError: Division by zero
[Method: POST, Route: daftar_nilai/tambah]
in APPPATH\Models\DaftarnilaitugasModel.php on line 77.
 1 APPPATH\Controllers\Daftarnilai.php(45): App\Models\DaftarnilaitugasModel->tambahDataNilaiTugas('3', '3', '3', '3', '3', 'Ganjil', '0', '0', '0', '80', '80', '85', '80', '78', '80')
 2 SYSTEMPATH\CodeIgniter.php(933): App\Controllers\Daftarnilai->tambah()
 3 SYSTEMPATH\CodeIgniter.php(509): CodeIgniter\CodeIgniter->runController(Object(App\Controllers\Daftarnilai))
 4 SYSTEMPATH\CodeIgniter.php(355): CodeIgniter\CodeIgniter->handleRequest(null, Object(Config\Cache), false)
 5 SYSTEMPATH\Boot.php(325): CodeIgniter\CodeIgniter->run()
 6 SYSTEMPATH\Boot.php(67): CodeIgniter\Boot::runCodeIgniter(Object(CodeIgniter\CodeIgniter))
 7 FCPATH\index.php(56): CodeIgniter\Boot::bootWeb(Object(Config\Paths))
 8 SYSTEMPATH\rewrite.php(44): require_once('C:\\xampp\\htdocs\\si_manajemen_nilai\\public\\index.php')
CRITICAL - 2025-01-27 01:12:21 --> ErrorException: Undefined variable $LM3
[Method: POST, Route: daftar_nilai/tambah]
in APPPATH\Models\DaftarnilaitugasModel.php on line 87.
 1 APPPATH\Models\DaftarnilaitugasModel.php(87): CodeIgniter\Debug\Exceptions->errorHandler(2, 'Undefined variable $LM3', 'C:\\xampp\\htdocs\\si_manajemen_nilai\\app\\Models\\DaftarnilaitugasModel.php', 87)
 2 APPPATH\Controllers\Daftarnilai.php(45): App\Models\DaftarnilaitugasModel->tambahDataNilaiTugas('3', '3', '3', '3', '3', 'Ganjil', '0', '0', '0', '0', '0', '0', '0', '0', '0')
 3 SYSTEMPATH\CodeIgniter.php(933): App\Controllers\Daftarnilai->tambah()
 4 SYSTEMPATH\CodeIgniter.php(509): CodeIgniter\CodeIgniter->runController(Object(App\Controllers\Daftarnilai))
 5 SYSTEMPATH\CodeIgniter.php(355): CodeIgniter\CodeIgniter->handleRequest(null, Object(Config\Cache), false)
 6 SYSTEMPATH\Boot.php(325): CodeIgniter\CodeIgniter->run()
 7 SYSTEMPATH\Boot.php(67): CodeIgniter\Boot::runCodeIgniter(Object(CodeIgniter\CodeIgniter))
 8 FCPATH\index.php(56): CodeIgniter\Boot::bootWeb(Object(Config\Paths))
 9 SYSTEMPATH\rewrite.php(44): require_once('C:\\xampp\\htdocs\\si_manajemen_nilai\\public\\index.php')
CRITICAL - 2025-01-27 01:13:23 --> ErrorException: Undefined variable $LM3
[Method: POST, Route: daftar_nilai/tambah]
in APPPATH\Models\DaftarnilaitugasModel.php on line 87.
 1 APPPATH\Models\DaftarnilaitugasModel.php(87): CodeIgniter\Debug\Exceptions->errorHandler(2, 'Undefined variable $LM3', 'C:\\xampp\\htdocs\\si_manajemen_nilai\\app\\Models\\DaftarnilaitugasModel.php', 87)
 2 APPPATH\Controllers\Daftarnilai.php(45): App\Models\DaftarnilaitugasModel->tambahDataNilaiTugas('3', '3', '3', '3', '3', 'Ganjil', '0', '0', '0', '0', '0', '0', '0', '0', '0')
 3 SYSTEMPATH\CodeIgniter.php(933): App\Controllers\Daftarnilai->tambah()
 4 SYSTEMPATH\CodeIgniter.php(509): CodeIgniter\CodeIgniter->runController(Object(App\Controllers\Daftarnilai))
 5 SYSTEMPATH\CodeIgniter.php(355): CodeIgniter\CodeIgniter->handleRequest(null, Object(Config\Cache), false)
 6 SYSTEMPATH\Boot.php(325): CodeIgniter\CodeIgniter->run()
 7 SYSTEMPATH\Boot.php(67): CodeIgniter\Boot::runCodeIgniter(Object(CodeIgniter\CodeIgniter))
 8 FCPATH\index.php(56): CodeIgniter\Boot::bootWeb(Object(Config\Paths))
 9 SYSTEMPATH\rewrite.php(44): require_once('C:\\xampp\\htdocs\\si_manajemen_nilai\\public\\index.php')
CRITICAL - 2025-01-27 01:23:02 --> ErrorException: Undefined variable $totalNilaiLM1
[Method: POST, Route: daftar_nilai/tambah]
in APPPATH\Models\DaftarnilaitugasModel.php on line 58.
 1 APPPATH\Models\DaftarnilaitugasModel.php(58): CodeIgniter\Debug\Exceptions->errorHandler(2, 'Undefined variable $totalNilaiLM1', 'C:\\xampp\\htdocs\\si_manajemen_nilai\\app\\Models\\DaftarnilaitugasModel.php', 58)
 2 APPPATH\Controllers\Daftarnilai.php(45): App\Models\DaftarnilaitugasModel->tambahDataNilaiTugas('3', '3', '3', '3', '3', 'Ganjil', '0', '0', '0', '0', '0', '0', '0', '0', '0')
 3 SYSTEMPATH\CodeIgniter.php(933): App\Controllers\Daftarnilai->tambah()
 4 SYSTEMPATH\CodeIgniter.php(509): CodeIgniter\CodeIgniter->runController(Object(App\Controllers\Daftarnilai))
 5 SYSTEMPATH\CodeIgniter.php(355): CodeIgniter\CodeIgniter->handleRequest(null, Object(Config\Cache), false)
 6 SYSTEMPATH\Boot.php(325): CodeIgniter\CodeIgniter->run()
 7 SYSTEMPATH\Boot.php(67): CodeIgniter\Boot::runCodeIgniter(Object(CodeIgniter\CodeIgniter))
 8 FCPATH\index.php(56): CodeIgniter\Boot::bootWeb(Object(Config\Paths))
 9 SYSTEMPATH\rewrite.php(44): require_once('C:\\xampp\\htdocs\\si_manajemen_nilai\\public\\index.php')
ERROR - 2025-01-27 01:33:49 --> mysqli_sql_exception: Cannot add or update a child row: a foreign key constraint fails (`manajemen_nilai`.`dt_nilai_tugas`, CONSTRAINT `dt_nilai_tugas_ibfk_2` FOREIGN KEY (`id_mapel`) REFERENCES `dt_mapel` (`id_mapel`) ON DELETE CASCADE ON UPDATE CASCADE) in C:\xampp\htdocs\si_manajemen_nilai\system\Database\MySQLi\Connection.php:312
Stack trace:
#0 C:\xampp\htdocs\si_manajemen_nilai\system\Database\MySQLi\Connection.php(312): mysqli->query('INSERT INTO `dt...', 0)
#1 C:\xampp\htdocs\si_manajemen_nilai\system\Database\BaseConnection.php(734): CodeIgniter\Database\MySQLi\Connection->execute('INSERT INTO `dt...')
#2 C:\xampp\htdocs\si_manajemen_nilai\system\Database\BaseConnection.php(648): CodeIgniter\Database\BaseConnection->simpleQuery('INSERT INTO `dt...')
#3 C:\xampp\htdocs\si_manajemen_nilai\system\Database\BaseBuilder.php(2340): CodeIgniter\Database\BaseConnection->query('INSERT INTO `dt...', Array, false)
#4 C:\xampp\htdocs\si_manajemen_nilai\system\Model.php(394): CodeIgniter\Database\BaseBuilder->insert()
#5 C:\xampp\htdocs\si_manajemen_nilai\system\BaseModel.php(840): CodeIgniter\Model->doInsert(Array)
#6 C:\xampp\htdocs\si_manajemen_nilai\system\Model.php(802): CodeIgniter\BaseModel->insert(Array, true)
#7 C:\xampp\htdocs\si_manajemen_nilai\app\Models\DaftarnilaitugasModel.php(104): CodeIgniter\Model->insert(Array)
#8 C:\xampp\htdocs\si_manajemen_nilai\app\Controllers\Daftarnilai.php(45): App\Models\DaftarnilaitugasModel->tambahDataNilaiTugas('3', '3', '3', '3', '3', 'Ganjil', '0', '0', '0', '80', '80', '85', '80', '75', '85')
#9 C:\xampp\htdocs\si_manajemen_nilai\system\CodeIgniter.php(933): App\Controllers\Daftarnilai->tambah()
#10 C:\xampp\htdocs\si_manajemen_nilai\system\CodeIgniter.php(509): CodeIgniter\CodeIgniter->runController(Object(App\Controllers\Daftarnilai))
#11 C:\xampp\htdocs\si_manajemen_nilai\system\CodeIgniter.php(355): CodeIgniter\CodeIgniter->handleRequest(NULL, Object(Config\Cache), false)
#12 C:\xampp\htdocs\si_manajemen_nilai\system\Boot.php(325): CodeIgniter\CodeIgniter->run()
#13 C:\xampp\htdocs\si_manajemen_nilai\system\Boot.php(67): CodeIgniter\Boot::runCodeIgniter(Object(CodeIgniter\CodeIgniter))
#14 C:\xampp\htdocs\si_manajemen_nilai\public\index.php(56): CodeIgniter\Boot::bootWeb(Object(Config\Paths))
#15 C:\xampp\htdocs\si_manajemen_nilai\system\rewrite.php(44): require_once('C:\\xampp\\htdocs...')
#16 {main}
CRITICAL - 2025-01-27 01:33:49 --> CodeIgniter\Database\Exceptions\DatabaseException: Cannot add or update a child row: a foreign key constraint fails (`manajemen_nilai`.`dt_nilai_tugas`, CONSTRAINT `dt_nilai_tugas_ibfk_2` FOREIGN KEY (`id_mapel`) REFERENCES `dt_mapel` (`id_mapel`) ON DELETE CASCADE ON UPDATE CASCADE)
[Method: POST, Route: daftar_nilai/tambah]
in SYSTEMPATH\Database\BaseConnection.php on line 688.
 1 SYSTEMPATH\Database\BaseBuilder.php(2340): CodeIgniter\Database\BaseConnection->query('INSERT INTO `dt_nilai_tugas` (`id_siswa`, `id_mapel`, `id_kelas`, `id_jurusan`, `id_periode`, `semester`, `nilai_1`, `nilai_2`, `nilai_3`, `nilai_4`, `nilai_5`, `nilai_6`, `nilai_7`, `nilai_8`, `nilai_9`, `na_materi`, `LM_1`, `na_sumatif`) VALUES (:id_siswa:, :id_mapel:, :id_kelas:, :id_jurusan:, :id_periode:, :semester:, :nilai_1:, :nilai_2:, :nilai_3:, :nilai_4:, :nilai_5:, :nilai_6:, :nilai_7:, :nilai_8:, :nilai_9:, :na_materi:, :LM_1:, :na_sumatif:)', [...], false)
 2 SYSTEMPATH\Model.php(394): CodeIgniter\Database\BaseBuilder->insert()
 3 SYSTEMPATH\BaseModel.php(840): CodeIgniter\Model->doInsert([...])
 4 SYSTEMPATH\Model.php(802): CodeIgniter\BaseModel->insert([...], true)
 5 APPPATH\Models\DaftarnilaitugasModel.php(104): CodeIgniter\Model->insert([...])
 6 APPPATH\Controllers\Daftarnilai.php(45): App\Models\DaftarnilaitugasModel->tambahDataNilaiTugas('3', '3', '3', '3', '3', 'Ganjil', '0', '0', '0', '80', '80', '85', '80', '75', '85')
 7 SYSTEMPATH\CodeIgniter.php(933): App\Controllers\Daftarnilai->tambah()
 8 SYSTEMPATH\CodeIgniter.php(509): CodeIgniter\CodeIgniter->runController(Object(App\Controllers\Daftarnilai))
 9 SYSTEMPATH\CodeIgniter.php(355): CodeIgniter\CodeIgniter->handleRequest(null, Object(Config\Cache), false)
10 SYSTEMPATH\Boot.php(325): CodeIgniter\CodeIgniter->run()
11 SYSTEMPATH\Boot.php(67): CodeIgniter\Boot::runCodeIgniter(Object(CodeIgniter\CodeIgniter))
12 FCPATH\index.php(56): CodeIgniter\Boot::bootWeb(Object(Config\Paths))
13 SYSTEMPATH\rewrite.php(44): require_once('C:\\xampp\\htdocs\\si_manajemen_nilai\\public\\index.php')
CRITICAL - 2025-01-27 01:33:49 --> [Caused by] CodeIgniter\Database\Exceptions\DatabaseException: Cannot add or update a child row: a foreign key constraint fails (`manajemen_nilai`.`dt_nilai_tugas`, CONSTRAINT `dt_nilai_tugas_ibfk_2` FOREIGN KEY (`id_mapel`) REFERENCES `dt_mapel` (`id_mapel`) ON DELETE CASCADE ON UPDATE CASCADE)
in SYSTEMPATH\Database\MySQLi\Connection.php on line 317.
 1 SYSTEMPATH\Database\BaseConnection.php(734): CodeIgniter\Database\MySQLi\Connection->execute('INSERT INTO `dt_nilai_tugas` (`id_siswa`, `id_mapel`, `id_kelas`, `id_jurusan`, `id_periode`, `semester`, `nilai_1`, `nilai_2`, `nilai_3`, `nilai_4`, `nilai_5`, `nilai_6`, `nilai_7`, `nilai_8`, `nilai_9`, `na_materi`, `LM_1`, `na_sumatif`) VALUES (\'3\', \'3\', \'3\', \'3\', \'3\', \'Ganjil\', \'0\', \'0\', \'0\', \'80\', \'80\', \'85\', \'80\', \'75\', \'85\', 81, 80, 81)')
 2 SYSTEMPATH\Database\BaseConnection.php(648): CodeIgniter\Database\BaseConnection->simpleQuery('INSERT INTO `dt_nilai_tugas` (`id_siswa`, `id_mapel`, `id_kelas`, `id_jurusan`, `id_periode`, `semester`, `nilai_1`, `nilai_2`, `nilai_3`, `nilai_4`, `nilai_5`, `nilai_6`, `nilai_7`, `nilai_8`, `nilai_9`, `na_materi`, `LM_1`, `na_sumatif`) VALUES (\'3\', \'3\', \'3\', \'3\', \'3\', \'Ganjil\', \'0\', \'0\', \'0\', \'80\', \'80\', \'85\', \'80\', \'75\', \'85\', 81, 80, 81)')
 3 SYSTEMPATH\Database\BaseBuilder.php(2340): CodeIgniter\Database\BaseConnection->query('INSERT INTO `dt_nilai_tugas` (`id_siswa`, `id_mapel`, `id_kelas`, `id_jurusan`, `id_periode`, `semester`, `nilai_1`, `nilai_2`, `nilai_3`, `nilai_4`, `nilai_5`, `nilai_6`, `nilai_7`, `nilai_8`, `nilai_9`, `na_materi`, `LM_1`, `na_sumatif`) VALUES (:id_siswa:, :id_mapel:, :id_kelas:, :id_jurusan:, :id_periode:, :semester:, :nilai_1:, :nilai_2:, :nilai_3:, :nilai_4:, :nilai_5:, :nilai_6:, :nilai_7:, :nilai_8:, :nilai_9:, :na_materi:, :LM_1:, :na_sumatif:)', [...], false)
 4 SYSTEMPATH\Model.php(394): CodeIgniter\Database\BaseBuilder->insert()
 5 SYSTEMPATH\BaseModel.php(840): CodeIgniter\Model->doInsert([...])
 6 SYSTEMPATH\Model.php(802): CodeIgniter\BaseModel->insert([...], true)
 7 APPPATH\Models\DaftarnilaitugasModel.php(104): CodeIgniter\Model->insert([...])
 8 APPPATH\Controllers\Daftarnilai.php(45): App\Models\DaftarnilaitugasModel->tambahDataNilaiTugas('3', '3', '3', '3', '3', 'Ganjil', '0', '0', '0', '80', '80', '85', '80', '75', '85')
 9 SYSTEMPATH\CodeIgniter.php(933): App\Controllers\Daftarnilai->tambah()
10 SYSTEMPATH\CodeIgniter.php(509): CodeIgniter\CodeIgniter->runController(Object(App\Controllers\Daftarnilai))
11 SYSTEMPATH\CodeIgniter.php(355): CodeIgniter\CodeIgniter->handleRequest(null, Object(Config\Cache), false)
12 SYSTEMPATH\Boot.php(325): CodeIgniter\CodeIgniter->run()
13 SYSTEMPATH\Boot.php(67): CodeIgniter\Boot::runCodeIgniter(Object(CodeIgniter\CodeIgniter))
14 FCPATH\index.php(56): CodeIgniter\Boot::bootWeb(Object(Config\Paths))
15 SYSTEMPATH\rewrite.php(44): require_once('C:\\xampp\\htdocs\\si_manajemen_nilai\\public\\index.php')
CRITICAL - 2025-01-27 01:33:49 --> [Caused by] mysqli_sql_exception: Cannot add or update a child row: a foreign key constraint fails (`manajemen_nilai`.`dt_nilai_tugas`, CONSTRAINT `dt_nilai_tugas_ibfk_2` FOREIGN KEY (`id_mapel`) REFERENCES `dt_mapel` (`id_mapel`) ON DELETE CASCADE ON UPDATE CASCADE)
in SYSTEMPATH\Database\MySQLi\Connection.php on line 312.
 1 SYSTEMPATH\Database\MySQLi\Connection.php(312): mysqli->query('INSERT INTO `dt_nilai_tugas` (`id_siswa`, `id_mapel`, `id_kelas`, `id_jurusan`, `id_periode`, `semester`, `nilai_1`, `nilai_2`, `nilai_3`, `nilai_4`, `nilai_5`, `nilai_6`, `nilai_7`, `nilai_8`, `nilai_9`, `na_materi`, `LM_1`, `na_sumatif`) VALUES (\'3\', \'3\', \'3\', \'3\', \'3\', \'Ganjil\', \'0\', \'0\', \'0\', \'80\', \'80\', \'85\', \'80\', \'75\', \'85\', 81, 80, 81)', 0)
 2 SYSTEMPATH\Database\BaseConnection.php(734): CodeIgniter\Database\MySQLi\Connection->execute('INSERT INTO `dt_nilai_tugas` (`id_siswa`, `id_mapel`, `id_kelas`, `id_jurusan`, `id_periode`, `semester`, `nilai_1`, `nilai_2`, `nilai_3`, `nilai_4`, `nilai_5`, `nilai_6`, `nilai_7`, `nilai_8`, `nilai_9`, `na_materi`, `LM_1`, `na_sumatif`) VALUES (\'3\', \'3\', \'3\', \'3\', \'3\', \'Ganjil\', \'0\', \'0\', \'0\', \'80\', \'80\', \'85\', \'80\', \'75\', \'85\', 81, 80, 81)')
 3 SYSTEMPATH\Database\BaseConnection.php(648): CodeIgniter\Database\BaseConnection->simpleQuery('INSERT INTO `dt_nilai_tugas` (`id_siswa`, `id_mapel`, `id_kelas`, `id_jurusan`, `id_periode`, `semester`, `nilai_1`, `nilai_2`, `nilai_3`, `nilai_4`, `nilai_5`, `nilai_6`, `nilai_7`, `nilai_8`, `nilai_9`, `na_materi`, `LM_1`, `na_sumatif`) VALUES (\'3\', \'3\', \'3\', \'3\', \'3\', \'Ganjil\', \'0\', \'0\', \'0\', \'80\', \'80\', \'85\', \'80\', \'75\', \'85\', 81, 80, 81)')
 4 SYSTEMPATH\Database\BaseBuilder.php(2340): CodeIgniter\Database\BaseConnection->query('INSERT INTO `dt_nilai_tugas` (`id_siswa`, `id_mapel`, `id_kelas`, `id_jurusan`, `id_periode`, `semester`, `nilai_1`, `nilai_2`, `nilai_3`, `nilai_4`, `nilai_5`, `nilai_6`, `nilai_7`, `nilai_8`, `nilai_9`, `na_materi`, `LM_1`, `na_sumatif`) VALUES (:id_siswa:, :id_mapel:, :id_kelas:, :id_jurusan:, :id_periode:, :semester:, :nilai_1:, :nilai_2:, :nilai_3:, :nilai_4:, :nilai_5:, :nilai_6:, :nilai_7:, :nilai_8:, :nilai_9:, :na_materi:, :LM_1:, :na_sumatif:)', [...], false)
 5 SYSTEMPATH\Model.php(394): CodeIgniter\Database\BaseBuilder->insert()
 6 SYSTEMPATH\BaseModel.php(840): CodeIgniter\Model->doInsert([...])
 7 SYSTEMPATH\Model.php(802): CodeIgniter\BaseModel->insert([...], true)
 8 APPPATH\Models\DaftarnilaitugasModel.php(104): CodeIgniter\Model->insert([...])
 9 APPPATH\Controllers\Daftarnilai.php(45): App\Models\DaftarnilaitugasModel->tambahDataNilaiTugas('3', '3', '3', '3', '3', 'Ganjil', '0', '0', '0', '80', '80', '85', '80', '75', '85')
10 SYSTEMPATH\CodeIgniter.php(933): App\Controllers\Daftarnilai->tambah()
11 SYSTEMPATH\CodeIgniter.php(509): CodeIgniter\CodeIgniter->runController(Object(App\Controllers\Daftarnilai))
12 SYSTEMPATH\CodeIgniter.php(355): CodeIgniter\CodeIgniter->handleRequest(null, Object(Config\Cache), false)
13 SYSTEMPATH\Boot.php(325): CodeIgniter\CodeIgniter->run()
14 SYSTEMPATH\Boot.php(67): CodeIgniter\Boot::runCodeIgniter(Object(CodeIgniter\CodeIgniter))
15 FCPATH\index.php(56): CodeIgniter\Boot::bootWeb(Object(Config\Paths))
16 SYSTEMPATH\rewrite.php(44): require_once('C:\\xampp\\htdocs\\si_manajemen_nilai\\public\\index.php')
ERROR - 2025-01-27 01:41:08 --> mysqli_sql_exception: Cannot add or update a child row: a foreign key constraint fails (`manajemen_nilai`.`dt_nilai_tugas`, CONSTRAINT `dt_nilai_tugas_ibfk_2` FOREIGN KEY (`id_mapel`) REFERENCES `dt_mapel` (`id_mapel`) ON DELETE CASCADE ON UPDATE CASCADE) in C:\xampp\htdocs\si_manajemen_nilai\system\Database\MySQLi\Connection.php:312
Stack trace:
#0 C:\xampp\htdocs\si_manajemen_nilai\system\Database\MySQLi\Connection.php(312): mysqli->query('INSERT INTO `dt...', 0)
#1 C:\xampp\htdocs\si_manajemen_nilai\system\Database\BaseConnection.php(734): CodeIgniter\Database\MySQLi\Connection->execute('INSERT INTO `dt...')
#2 C:\xampp\htdocs\si_manajemen_nilai\system\Database\BaseConnection.php(648): CodeIgniter\Database\BaseConnection->simpleQuery('INSERT INTO `dt...')
#3 C:\xampp\htdocs\si_manajemen_nilai\system\Database\BaseBuilder.php(2340): CodeIgniter\Database\BaseConnection->query('INSERT INTO `dt...', Array, false)
#4 C:\xampp\htdocs\si_manajemen_nilai\system\Model.php(394): CodeIgniter\Database\BaseBuilder->insert()
#5 C:\xampp\htdocs\si_manajemen_nilai\system\BaseModel.php(840): CodeIgniter\Model->doInsert(Array)
#6 C:\xampp\htdocs\si_manajemen_nilai\system\Model.php(802): CodeIgniter\BaseModel->insert(Array, true)
#7 C:\xampp\htdocs\si_manajemen_nilai\app\Models\DaftarnilaitugasModel.php(104): CodeIgniter\Model->insert(Array)
#8 C:\xampp\htdocs\si_manajemen_nilai\app\Controllers\Daftarnilai.php(45): App\Models\DaftarnilaitugasModel->tambahDataNilaiTugas('3', '3', '3', '3', '3', 'Ganjil', '0', '0', '0', '80', '80', '85', '80', '75', '85')
#9 C:\xampp\htdocs\si_manajemen_nilai\system\CodeIgniter.php(933): App\Controllers\Daftarnilai->tambah()
#10 C:\xampp\htdocs\si_manajemen_nilai\system\CodeIgniter.php(509): CodeIgniter\CodeIgniter->runController(Object(App\Controllers\Daftarnilai))
#11 C:\xampp\htdocs\si_manajemen_nilai\system\CodeIgniter.php(355): CodeIgniter\CodeIgniter->handleRequest(NULL, Object(Config\Cache), false)
#12 C:\xampp\htdocs\si_manajemen_nilai\system\Boot.php(325): CodeIgniter\CodeIgniter->run()
#13 C:\xampp\htdocs\si_manajemen_nilai\system\Boot.php(67): CodeIgniter\Boot::runCodeIgniter(Object(CodeIgniter\CodeIgniter))
#14 C:\xampp\htdocs\si_manajemen_nilai\public\index.php(56): CodeIgniter\Boot::bootWeb(Object(Config\Paths))
#15 C:\xampp\htdocs\si_manajemen_nilai\system\rewrite.php(44): require_once('C:\\xampp\\htdocs...')
#16 {main}
CRITICAL - 2025-01-27 01:41:08 --> CodeIgniter\Database\Exceptions\DatabaseException: Cannot add or update a child row: a foreign key constraint fails (`manajemen_nilai`.`dt_nilai_tugas`, CONSTRAINT `dt_nilai_tugas_ibfk_2` FOREIGN KEY (`id_mapel`) REFERENCES `dt_mapel` (`id_mapel`) ON DELETE CASCADE ON UPDATE CASCADE)
[Method: POST, Route: daftar_nilai/tambah]
in SYSTEMPATH\Database\BaseConnection.php on line 688.
 1 SYSTEMPATH\Database\BaseBuilder.php(2340): CodeIgniter\Database\BaseConnection->query('INSERT INTO `dt_nilai_tugas` (`id_siswa`, `id_mapel`, `id_kelas`, `id_jurusan`, `id_periode`, `semester`, `nilai_1`, `nilai_2`, `nilai_3`, `nilai_4`, `nilai_5`, `nilai_6`, `nilai_7`, `nilai_8`, `nilai_9`, `na_materi`, `LM_1`, `na_sumatif`) VALUES (:id_siswa:, :id_mapel:, :id_kelas:, :id_jurusan:, :id_periode:, :semester:, :nilai_1:, :nilai_2:, :nilai_3:, :nilai_4:, :nilai_5:, :nilai_6:, :nilai_7:, :nilai_8:, :nilai_9:, :na_materi:, :LM_1:, :na_sumatif:)', [...], false)
 2 SYSTEMPATH\Model.php(394): CodeIgniter\Database\BaseBuilder->insert()
 3 SYSTEMPATH\BaseModel.php(840): CodeIgniter\Model->doInsert([...])
 4 SYSTEMPATH\Model.php(802): CodeIgniter\BaseModel->insert([...], true)
 5 APPPATH\Models\DaftarnilaitugasModel.php(104): CodeIgniter\Model->insert([...])
 6 APPPATH\Controllers\Daftarnilai.php(45): App\Models\DaftarnilaitugasModel->tambahDataNilaiTugas('3', '3', '3', '3', '3', 'Ganjil', '0', '0', '0', '80', '80', '85', '80', '75', '85')
 7 SYSTEMPATH\CodeIgniter.php(933): App\Controllers\Daftarnilai->tambah()
 8 SYSTEMPATH\CodeIgniter.php(509): CodeIgniter\CodeIgniter->runController(Object(App\Controllers\Daftarnilai))
 9 SYSTEMPATH\CodeIgniter.php(355): CodeIgniter\CodeIgniter->handleRequest(null, Object(Config\Cache), false)
10 SYSTEMPATH\Boot.php(325): CodeIgniter\CodeIgniter->run()
11 SYSTEMPATH\Boot.php(67): CodeIgniter\Boot::runCodeIgniter(Object(CodeIgniter\CodeIgniter))
12 FCPATH\index.php(56): CodeIgniter\Boot::bootWeb(Object(Config\Paths))
13 SYSTEMPATH\rewrite.php(44): require_once('C:\\xampp\\htdocs\\si_manajemen_nilai\\public\\index.php')
CRITICAL - 2025-01-27 01:41:08 --> [Caused by] CodeIgniter\Database\Exceptions\DatabaseException: Cannot add or update a child row: a foreign key constraint fails (`manajemen_nilai`.`dt_nilai_tugas`, CONSTRAINT `dt_nilai_tugas_ibfk_2` FOREIGN KEY (`id_mapel`) REFERENCES `dt_mapel` (`id_mapel`) ON DELETE CASCADE ON UPDATE CASCADE)
in SYSTEMPATH\Database\MySQLi\Connection.php on line 317.
 1 SYSTEMPATH\Database\BaseConnection.php(734): CodeIgniter\Database\MySQLi\Connection->execute('INSERT INTO `dt_nilai_tugas` (`id_siswa`, `id_mapel`, `id_kelas`, `id_jurusan`, `id_periode`, `semester`, `nilai_1`, `nilai_2`, `nilai_3`, `nilai_4`, `nilai_5`, `nilai_6`, `nilai_7`, `nilai_8`, `nilai_9`, `na_materi`, `LM_1`, `na_sumatif`) VALUES (\'3\', \'3\', \'3\', \'3\', \'3\', \'Ganjil\', \'0\', \'0\', \'0\', \'80\', \'80\', \'85\', \'80\', \'75\', \'85\', 81, 80, 81)')
 2 SYSTEMPATH\Database\BaseConnection.php(648): CodeIgniter\Database\BaseConnection->simpleQuery('INSERT INTO `dt_nilai_tugas` (`id_siswa`, `id_mapel`, `id_kelas`, `id_jurusan`, `id_periode`, `semester`, `nilai_1`, `nilai_2`, `nilai_3`, `nilai_4`, `nilai_5`, `nilai_6`, `nilai_7`, `nilai_8`, `nilai_9`, `na_materi`, `LM_1`, `na_sumatif`) VALUES (\'3\', \'3\', \'3\', \'3\', \'3\', \'Ganjil\', \'0\', \'0\', \'0\', \'80\', \'80\', \'85\', \'80\', \'75\', \'85\', 81, 80, 81)')
 3 SYSTEMPATH\Database\BaseBuilder.php(2340): CodeIgniter\Database\BaseConnection->query('INSERT INTO `dt_nilai_tugas` (`id_siswa`, `id_mapel`, `id_kelas`, `id_jurusan`, `id_periode`, `semester`, `nilai_1`, `nilai_2`, `nilai_3`, `nilai_4`, `nilai_5`, `nilai_6`, `nilai_7`, `nilai_8`, `nilai_9`, `na_materi`, `LM_1`, `na_sumatif`) VALUES (:id_siswa:, :id_mapel:, :id_kelas:, :id_jurusan:, :id_periode:, :semester:, :nilai_1:, :nilai_2:, :nilai_3:, :nilai_4:, :nilai_5:, :nilai_6:, :nilai_7:, :nilai_8:, :nilai_9:, :na_materi:, :LM_1:, :na_sumatif:)', [...], false)
 4 SYSTEMPATH\Model.php(394): CodeIgniter\Database\BaseBuilder->insert()
 5 SYSTEMPATH\BaseModel.php(840): CodeIgniter\Model->doInsert([...])
 6 SYSTEMPATH\Model.php(802): CodeIgniter\BaseModel->insert([...], true)
 7 APPPATH\Models\DaftarnilaitugasModel.php(104): CodeIgniter\Model->insert([...])
 8 APPPATH\Controllers\Daftarnilai.php(45): App\Models\DaftarnilaitugasModel->tambahDataNilaiTugas('3', '3', '3', '3', '3', 'Ganjil', '0', '0', '0', '80', '80', '85', '80', '75', '85')
 9 SYSTEMPATH\CodeIgniter.php(933): App\Controllers\Daftarnilai->tambah()
10 SYSTEMPATH\CodeIgniter.php(509): CodeIgniter\CodeIgniter->runController(Object(App\Controllers\Daftarnilai))
11 SYSTEMPATH\CodeIgniter.php(355): CodeIgniter\CodeIgniter->handleRequest(null, Object(Config\Cache), false)
12 SYSTEMPATH\Boot.php(325): CodeIgniter\CodeIgniter->run()
13 SYSTEMPATH\Boot.php(67): CodeIgniter\Boot::runCodeIgniter(Object(CodeIgniter\CodeIgniter))
14 FCPATH\index.php(56): CodeIgniter\Boot::bootWeb(Object(Config\Paths))
15 SYSTEMPATH\rewrite.php(44): require_once('C:\\xampp\\htdocs\\si_manajemen_nilai\\public\\index.php')
CRITICAL - 2025-01-27 01:41:08 --> [Caused by] mysqli_sql_exception: Cannot add or update a child row: a foreign key constraint fails (`manajemen_nilai`.`dt_nilai_tugas`, CONSTRAINT `dt_nilai_tugas_ibfk_2` FOREIGN KEY (`id_mapel`) REFERENCES `dt_mapel` (`id_mapel`) ON DELETE CASCADE ON UPDATE CASCADE)
in SYSTEMPATH\Database\MySQLi\Connection.php on line 312.
 1 SYSTEMPATH\Database\MySQLi\Connection.php(312): mysqli->query('INSERT INTO `dt_nilai_tugas` (`id_siswa`, `id_mapel`, `id_kelas`, `id_jurusan`, `id_periode`, `semester`, `nilai_1`, `nilai_2`, `nilai_3`, `nilai_4`, `nilai_5`, `nilai_6`, `nilai_7`, `nilai_8`, `nilai_9`, `na_materi`, `LM_1`, `na_sumatif`) VALUES (\'3\', \'3\', \'3\', \'3\', \'3\', \'Ganjil\', \'0\', \'0\', \'0\', \'80\', \'80\', \'85\', \'80\', \'75\', \'85\', 81, 80, 81)', 0)
 2 SYSTEMPATH\Database\BaseConnection.php(734): CodeIgniter\Database\MySQLi\Connection->execute('INSERT INTO `dt_nilai_tugas` (`id_siswa`, `id_mapel`, `id_kelas`, `id_jurusan`, `id_periode`, `semester`, `nilai_1`, `nilai_2`, `nilai_3`, `nilai_4`, `nilai_5`, `nilai_6`, `nilai_7`, `nilai_8`, `nilai_9`, `na_materi`, `LM_1`, `na_sumatif`) VALUES (\'3\', \'3\', \'3\', \'3\', \'3\', \'Ganjil\', \'0\', \'0\', \'0\', \'80\', \'80\', \'85\', \'80\', \'75\', \'85\', 81, 80, 81)')
 3 SYSTEMPATH\Database\BaseConnection.php(648): CodeIgniter\Database\BaseConnection->simpleQuery('INSERT INTO `dt_nilai_tugas` (`id_siswa`, `id_mapel`, `id_kelas`, `id_jurusan`, `id_periode`, `semester`, `nilai_1`, `nilai_2`, `nilai_3`, `nilai_4`, `nilai_5`, `nilai_6`, `nilai_7`, `nilai_8`, `nilai_9`, `na_materi`, `LM_1`, `na_sumatif`) VALUES (\'3\', \'3\', \'3\', \'3\', \'3\', \'Ganjil\', \'0\', \'0\', \'0\', \'80\', \'80\', \'85\', \'80\', \'75\', \'85\', 81, 80, 81)')
 4 SYSTEMPATH\Database\BaseBuilder.php(2340): CodeIgniter\Database\BaseConnection->query('INSERT INTO `dt_nilai_tugas` (`id_siswa`, `id_mapel`, `id_kelas`, `id_jurusan`, `id_periode`, `semester`, `nilai_1`, `nilai_2`, `nilai_3`, `nilai_4`, `nilai_5`, `nilai_6`, `nilai_7`, `nilai_8`, `nilai_9`, `na_materi`, `LM_1`, `na_sumatif`) VALUES (:id_siswa:, :id_mapel:, :id_kelas:, :id_jurusan:, :id_periode:, :semester:, :nilai_1:, :nilai_2:, :nilai_3:, :nilai_4:, :nilai_5:, :nilai_6:, :nilai_7:, :nilai_8:, :nilai_9:, :na_materi:, :LM_1:, :na_sumatif:)', [...], false)
 5 SYSTEMPATH\Model.php(394): CodeIgniter\Database\BaseBuilder->insert()
 6 SYSTEMPATH\BaseModel.php(840): CodeIgniter\Model->doInsert([...])
 7 SYSTEMPATH\Model.php(802): CodeIgniter\BaseModel->insert([...], true)
 8 APPPATH\Models\DaftarnilaitugasModel.php(104): CodeIgniter\Model->insert([...])
 9 APPPATH\Controllers\Daftarnilai.php(45): App\Models\DaftarnilaitugasModel->tambahDataNilaiTugas('3', '3', '3', '3', '3', 'Ganjil', '0', '0', '0', '80', '80', '85', '80', '75', '85')
10 SYSTEMPATH\CodeIgniter.php(933): App\Controllers\Daftarnilai->tambah()
11 SYSTEMPATH\CodeIgniter.php(509): CodeIgniter\CodeIgniter->runController(Object(App\Controllers\Daftarnilai))
12 SYSTEMPATH\CodeIgniter.php(355): CodeIgniter\CodeIgniter->handleRequest(null, Object(Config\Cache), false)
13 SYSTEMPATH\Boot.php(325): CodeIgniter\CodeIgniter->run()
14 SYSTEMPATH\Boot.php(67): CodeIgniter\Boot::runCodeIgniter(Object(CodeIgniter\CodeIgniter))
15 FCPATH\index.php(56): CodeIgniter\Boot::bootWeb(Object(Config\Paths))
16 SYSTEMPATH\rewrite.php(44): require_once('C:\\xampp\\htdocs\\si_manajemen_nilai\\public\\index.php')
ERROR - 2025-01-27 09:26:58 --> mysqli_sql_exception: Cannot add or update a child row: a foreign key constraint fails (`manajemen_nilai`.`dt_nilai_tugas`, CONSTRAINT `dt_nilai_tugas_ibfk_2` FOREIGN KEY (`id_mapel`) REFERENCES `dt_mapel` (`id_mapel`) ON DELETE CASCADE ON UPDATE CASCADE) in C:\xampp\htdocs\si_manajemen_nilai\system\Database\MySQLi\Connection.php:312
Stack trace:
#0 C:\xampp\htdocs\si_manajemen_nilai\system\Database\MySQLi\Connection.php(312): mysqli->query('INSERT INTO `dt...', 0)
#1 C:\xampp\htdocs\si_manajemen_nilai\system\Database\BaseConnection.php(734): CodeIgniter\Database\MySQLi\Connection->execute('INSERT INTO `dt...')
#2 C:\xampp\htdocs\si_manajemen_nilai\system\Database\BaseConnection.php(648): CodeIgniter\Database\BaseConnection->simpleQuery('INSERT INTO `dt...')
#3 C:\xampp\htdocs\si_manajemen_nilai\system\Database\BaseBuilder.php(2340): CodeIgniter\Database\BaseConnection->query('INSERT INTO `dt...', Array, false)
#4 C:\xampp\htdocs\si_manajemen_nilai\system\Model.php(394): CodeIgniter\Database\BaseBuilder->insert()
#5 C:\xampp\htdocs\si_manajemen_nilai\system\BaseModel.php(840): CodeIgniter\Model->doInsert(Array)
#6 C:\xampp\htdocs\si_manajemen_nilai\system\Model.php(802): CodeIgniter\BaseModel->insert(Array, true)
#7 C:\xampp\htdocs\si_manajemen_nilai\app\Models\DaftarnilaitugasModel.php(104): CodeIgniter\Model->insert(Array)
#8 C:\xampp\htdocs\si_manajemen_nilai\app\Controllers\Daftarnilai.php(45): App\Models\DaftarnilaitugasModel->tambahDataNilaiTugas('3', '3', '3', '3', '3', 'Ganjil', '0', '0', '0', '80', '80', '85', '80', '75', '85')
#9 C:\xampp\htdocs\si_manajemen_nilai\system\CodeIgniter.php(933): App\Controllers\Daftarnilai->tambah()
#10 C:\xampp\htdocs\si_manajemen_nilai\system\CodeIgniter.php(509): CodeIgniter\CodeIgniter->runController(Object(App\Controllers\Daftarnilai))
#11 C:\xampp\htdocs\si_manajemen_nilai\system\CodeIgniter.php(355): CodeIgniter\CodeIgniter->handleRequest(NULL, Object(Config\Cache), false)
#12 C:\xampp\htdocs\si_manajemen_nilai\system\Boot.php(325): CodeIgniter\CodeIgniter->run()
#13 C:\xampp\htdocs\si_manajemen_nilai\system\Boot.php(67): CodeIgniter\Boot::runCodeIgniter(Object(CodeIgniter\CodeIgniter))
#14 C:\xampp\htdocs\si_manajemen_nilai\public\index.php(56): CodeIgniter\Boot::bootWeb(Object(Config\Paths))
#15 C:\xampp\htdocs\si_manajemen_nilai\system\rewrite.php(44): require_once('C:\\xampp\\htdocs...')
#16 {main}
CRITICAL - 2025-01-27 09:26:58 --> CodeIgniter\Database\Exceptions\DatabaseException: Cannot add or update a child row: a foreign key constraint fails (`manajemen_nilai`.`dt_nilai_tugas`, CONSTRAINT `dt_nilai_tugas_ibfk_2` FOREIGN KEY (`id_mapel`) REFERENCES `dt_mapel` (`id_mapel`) ON DELETE CASCADE ON UPDATE CASCADE)
[Method: POST, Route: daftar_nilai/tambah]
in SYSTEMPATH\Database\BaseConnection.php on line 688.
 1 SYSTEMPATH\Database\BaseBuilder.php(2340): CodeIgniter\Database\BaseConnection->query('INSERT INTO `dt_nilai_tugas` (`id_siswa`, `id_mapel`, `id_kelas`, `id_jurusan`, `id_periode`, `semester`, `nilai_1`, `nilai_2`, `nilai_3`, `nilai_4`, `nilai_5`, `nilai_6`, `nilai_7`, `nilai_8`, `nilai_9`, `na_materi`, `LM_1`, `na_sumatif`) VALUES (:id_siswa:, :id_mapel:, :id_kelas:, :id_jurusan:, :id_periode:, :semester:, :nilai_1:, :nilai_2:, :nilai_3:, :nilai_4:, :nilai_5:, :nilai_6:, :nilai_7:, :nilai_8:, :nilai_9:, :na_materi:, :LM_1:, :na_sumatif:)', [...], false)
 2 SYSTEMPATH\Model.php(394): CodeIgniter\Database\BaseBuilder->insert()
 3 SYSTEMPATH\BaseModel.php(840): CodeIgniter\Model->doInsert([...])
 4 SYSTEMPATH\Model.php(802): CodeIgniter\BaseModel->insert([...], true)
 5 APPPATH\Models\DaftarnilaitugasModel.php(104): CodeIgniter\Model->insert([...])
 6 APPPATH\Controllers\Daftarnilai.php(45): App\Models\DaftarnilaitugasModel->tambahDataNilaiTugas('3', '3', '3', '3', '3', 'Ganjil', '0', '0', '0', '80', '80', '85', '80', '75', '85')
 7 SYSTEMPATH\CodeIgniter.php(933): App\Controllers\Daftarnilai->tambah()
 8 SYSTEMPATH\CodeIgniter.php(509): CodeIgniter\CodeIgniter->runController(Object(App\Controllers\Daftarnilai))
 9 SYSTEMPATH\CodeIgniter.php(355): CodeIgniter\CodeIgniter->handleRequest(null, Object(Config\Cache), false)
10 SYSTEMPATH\Boot.php(325): CodeIgniter\CodeIgniter->run()
11 SYSTEMPATH\Boot.php(67): CodeIgniter\Boot::runCodeIgniter(Object(CodeIgniter\CodeIgniter))
12 FCPATH\index.php(56): CodeIgniter\Boot::bootWeb(Object(Config\Paths))
13 SYSTEMPATH\rewrite.php(44): require_once('C:\\xampp\\htdocs\\si_manajemen_nilai\\public\\index.php')
CRITICAL - 2025-01-27 09:26:58 --> [Caused by] CodeIgniter\Database\Exceptions\DatabaseException: Cannot add or update a child row: a foreign key constraint fails (`manajemen_nilai`.`dt_nilai_tugas`, CONSTRAINT `dt_nilai_tugas_ibfk_2` FOREIGN KEY (`id_mapel`) REFERENCES `dt_mapel` (`id_mapel`) ON DELETE CASCADE ON UPDATE CASCADE)
in SYSTEMPATH\Database\MySQLi\Connection.php on line 317.
 1 SYSTEMPATH\Database\BaseConnection.php(734): CodeIgniter\Database\MySQLi\Connection->execute('INSERT INTO `dt_nilai_tugas` (`id_siswa`, `id_mapel`, `id_kelas`, `id_jurusan`, `id_periode`, `semester`, `nilai_1`, `nilai_2`, `nilai_3`, `nilai_4`, `nilai_5`, `nilai_6`, `nilai_7`, `nilai_8`, `nilai_9`, `na_materi`, `LM_1`, `na_sumatif`) VALUES (\'3\', \'3\', \'3\', \'3\', \'3\', \'Ganjil\', \'0\', \'0\', \'0\', \'80\', \'80\', \'85\', \'80\', \'75\', \'85\', 81, 80, 81)')
 2 SYSTEMPATH\Database\BaseConnection.php(648): CodeIgniter\Database\BaseConnection->simpleQuery('INSERT INTO `dt_nilai_tugas` (`id_siswa`, `id_mapel`, `id_kelas`, `id_jurusan`, `id_periode`, `semester`, `nilai_1`, `nilai_2`, `nilai_3`, `nilai_4`, `nilai_5`, `nilai_6`, `nilai_7`, `nilai_8`, `nilai_9`, `na_materi`, `LM_1`, `na_sumatif`) VALUES (\'3\', \'3\', \'3\', \'3\', \'3\', \'Ganjil\', \'0\', \'0\', \'0\', \'80\', \'80\', \'85\', \'80\', \'75\', \'85\', 81, 80, 81)')
 3 SYSTEMPATH\Database\BaseBuilder.php(2340): CodeIgniter\Database\BaseConnection->query('INSERT INTO `dt_nilai_tugas` (`id_siswa`, `id_mapel`, `id_kelas`, `id_jurusan`, `id_periode`, `semester`, `nilai_1`, `nilai_2`, `nilai_3`, `nilai_4`, `nilai_5`, `nilai_6`, `nilai_7`, `nilai_8`, `nilai_9`, `na_materi`, `LM_1`, `na_sumatif`) VALUES (:id_siswa:, :id_mapel:, :id_kelas:, :id_jurusan:, :id_periode:, :semester:, :nilai_1:, :nilai_2:, :nilai_3:, :nilai_4:, :nilai_5:, :nilai_6:, :nilai_7:, :nilai_8:, :nilai_9:, :na_materi:, :LM_1:, :na_sumatif:)', [...], false)
 4 SYSTEMPATH\Model.php(394): CodeIgniter\Database\BaseBuilder->insert()
 5 SYSTEMPATH\BaseModel.php(840): CodeIgniter\Model->doInsert([...])
 6 SYSTEMPATH\Model.php(802): CodeIgniter\BaseModel->insert([...], true)
 7 APPPATH\Models\DaftarnilaitugasModel.php(104): CodeIgniter\Model->insert([...])
 8 APPPATH\Controllers\Daftarnilai.php(45): App\Models\DaftarnilaitugasModel->tambahDataNilaiTugas('3', '3', '3', '3', '3', 'Ganjil', '0', '0', '0', '80', '80', '85', '80', '75', '85')
 9 SYSTEMPATH\CodeIgniter.php(933): App\Controllers\Daftarnilai->tambah()
10 SYSTEMPATH\CodeIgniter.php(509): CodeIgniter\CodeIgniter->runController(Object(App\Controllers\Daftarnilai))
11 SYSTEMPATH\CodeIgniter.php(355): CodeIgniter\CodeIgniter->handleRequest(null, Object(Config\Cache), false)
12 SYSTEMPATH\Boot.php(325): CodeIgniter\CodeIgniter->run()
13 SYSTEMPATH\Boot.php(67): CodeIgniter\Boot::runCodeIgniter(Object(CodeIgniter\CodeIgniter))
14 FCPATH\index.php(56): CodeIgniter\Boot::bootWeb(Object(Config\Paths))
15 SYSTEMPATH\rewrite.php(44): require_once('C:\\xampp\\htdocs\\si_manajemen_nilai\\public\\index.php')
CRITICAL - 2025-01-27 09:26:58 --> [Caused by] mysqli_sql_exception: Cannot add or update a child row: a foreign key constraint fails (`manajemen_nilai`.`dt_nilai_tugas`, CONSTRAINT `dt_nilai_tugas_ibfk_2` FOREIGN KEY (`id_mapel`) REFERENCES `dt_mapel` (`id_mapel`) ON DELETE CASCADE ON UPDATE CASCADE)
in SYSTEMPATH\Database\MySQLi\Connection.php on line 312.
 1 SYSTEMPATH\Database\MySQLi\Connection.php(312): mysqli->query('INSERT INTO `dt_nilai_tugas` (`id_siswa`, `id_mapel`, `id_kelas`, `id_jurusan`, `id_periode`, `semester`, `nilai_1`, `nilai_2`, `nilai_3`, `nilai_4`, `nilai_5`, `nilai_6`, `nilai_7`, `nilai_8`, `nilai_9`, `na_materi`, `LM_1`, `na_sumatif`) VALUES (\'3\', \'3\', \'3\', \'3\', \'3\', \'Ganjil\', \'0\', \'0\', \'0\', \'80\', \'80\', \'85\', \'80\', \'75\', \'85\', 81, 80, 81)', 0)
 2 SYSTEMPATH\Database\BaseConnection.php(734): CodeIgniter\Database\MySQLi\Connection->execute('INSERT INTO `dt_nilai_tugas` (`id_siswa`, `id_mapel`, `id_kelas`, `id_jurusan`, `id_periode`, `semester`, `nilai_1`, `nilai_2`, `nilai_3`, `nilai_4`, `nilai_5`, `nilai_6`, `nilai_7`, `nilai_8`, `nilai_9`, `na_materi`, `LM_1`, `na_sumatif`) VALUES (\'3\', \'3\', \'3\', \'3\', \'3\', \'Ganjil\', \'0\', \'0\', \'0\', \'80\', \'80\', \'85\', \'80\', \'75\', \'85\', 81, 80, 81)')
 3 SYSTEMPATH\Database\BaseConnection.php(648): CodeIgniter\Database\BaseConnection->simpleQuery('INSERT INTO `dt_nilai_tugas` (`id_siswa`, `id_mapel`, `id_kelas`, `id_jurusan`, `id_periode`, `semester`, `nilai_1`, `nilai_2`, `nilai_3`, `nilai_4`, `nilai_5`, `nilai_6`, `nilai_7`, `nilai_8`, `nilai_9`, `na_materi`, `LM_1`, `na_sumatif`) VALUES (\'3\', \'3\', \'3\', \'3\', \'3\', \'Ganjil\', \'0\', \'0\', \'0\', \'80\', \'80\', \'85\', \'80\', \'75\', \'85\', 81, 80, 81)')
 4 SYSTEMPATH\Database\BaseBuilder.php(2340): CodeIgniter\Database\BaseConnection->query('INSERT INTO `dt_nilai_tugas` (`id_siswa`, `id_mapel`, `id_kelas`, `id_jurusan`, `id_periode`, `semester`, `nilai_1`, `nilai_2`, `nilai_3`, `nilai_4`, `nilai_5`, `nilai_6`, `nilai_7`, `nilai_8`, `nilai_9`, `na_materi`, `LM_1`, `na_sumatif`) VALUES (:id_siswa:, :id_mapel:, :id_kelas:, :id_jurusan:, :id_periode:, :semester:, :nilai_1:, :nilai_2:, :nilai_3:, :nilai_4:, :nilai_5:, :nilai_6:, :nilai_7:, :nilai_8:, :nilai_9:, :na_materi:, :LM_1:, :na_sumatif:)', [...], false)
 5 SYSTEMPATH\Model.php(394): CodeIgniter\Database\BaseBuilder->insert()
 6 SYSTEMPATH\BaseModel.php(840): CodeIgniter\Model->doInsert([...])
 7 SYSTEMPATH\Model.php(802): CodeIgniter\BaseModel->insert([...], true)
 8 APPPATH\Models\DaftarnilaitugasModel.php(104): CodeIgniter\Model->insert([...])
 9 APPPATH\Controllers\Daftarnilai.php(45): App\Models\DaftarnilaitugasModel->tambahDataNilaiTugas('3', '3', '3', '3', '3', 'Ganjil', '0', '0', '0', '80', '80', '85', '80', '75', '85')
10 SYSTEMPATH\CodeIgniter.php(933): App\Controllers\Daftarnilai->tambah()
11 SYSTEMPATH\CodeIgniter.php(509): CodeIgniter\CodeIgniter->runController(Object(App\Controllers\Daftarnilai))
12 SYSTEMPATH\CodeIgniter.php(355): CodeIgniter\CodeIgniter->handleRequest(null, Object(Config\Cache), false)
13 SYSTEMPATH\Boot.php(325): CodeIgniter\CodeIgniter->run()
14 SYSTEMPATH\Boot.php(67): CodeIgniter\Boot::runCodeIgniter(Object(CodeIgniter\CodeIgniter))
15 FCPATH\index.php(56): CodeIgniter\Boot::bootWeb(Object(Config\Paths))
16 SYSTEMPATH\rewrite.php(44): require_once('C:\\xampp\\htdocs\\si_manajemen_nilai\\public\\index.php')
ERROR - 2025-01-27 09:27:20 --> mysqli_sql_exception: Cannot add or update a child row: a foreign key constraint fails (`manajemen_nilai`.`dt_nilai_tugas`, CONSTRAINT `dt_nilai_tugas_ibfk_2` FOREIGN KEY (`id_mapel`) REFERENCES `dt_mapel` (`id_mapel`) ON DELETE CASCADE ON UPDATE CASCADE) in C:\xampp\htdocs\si_manajemen_nilai\system\Database\MySQLi\Connection.php:312
Stack trace:
#0 C:\xampp\htdocs\si_manajemen_nilai\system\Database\MySQLi\Connection.php(312): mysqli->query('INSERT INTO `dt...', 0)
#1 C:\xampp\htdocs\si_manajemen_nilai\system\Database\BaseConnection.php(734): CodeIgniter\Database\MySQLi\Connection->execute('INSERT INTO `dt...')
#2 C:\xampp\htdocs\si_manajemen_nilai\system\Database\BaseConnection.php(648): CodeIgniter\Database\BaseConnection->simpleQuery('INSERT INTO `dt...')
#3 C:\xampp\htdocs\si_manajemen_nilai\system\Database\BaseBuilder.php(2340): CodeIgniter\Database\BaseConnection->query('INSERT INTO `dt...', Array, false)
#4 C:\xampp\htdocs\si_manajemen_nilai\system\Model.php(394): CodeIgniter\Database\BaseBuilder->insert()
#5 C:\xampp\htdocs\si_manajemen_nilai\system\BaseModel.php(840): CodeIgniter\Model->doInsert(Array)
#6 C:\xampp\htdocs\si_manajemen_nilai\system\Model.php(802): CodeIgniter\BaseModel->insert(Array, true)
#7 C:\xampp\htdocs\si_manajemen_nilai\app\Models\DaftarnilaitugasModel.php(104): CodeIgniter\Model->insert(Array)
#8 C:\xampp\htdocs\si_manajemen_nilai\app\Controllers\Daftarnilai.php(45): App\Models\DaftarnilaitugasModel->tambahDataNilaiTugas('3', '3', '3', '3', '3', 'Ganjil', '0', '0', '0', '80', '80', '85', '80', '75', '85')
#9 C:\xampp\htdocs\si_manajemen_nilai\system\CodeIgniter.php(933): App\Controllers\Daftarnilai->tambah()
#10 C:\xampp\htdocs\si_manajemen_nilai\system\CodeIgniter.php(509): CodeIgniter\CodeIgniter->runController(Object(App\Controllers\Daftarnilai))
#11 C:\xampp\htdocs\si_manajemen_nilai\system\CodeIgniter.php(355): CodeIgniter\CodeIgniter->handleRequest(NULL, Object(Config\Cache), false)
#12 C:\xampp\htdocs\si_manajemen_nilai\system\Boot.php(325): CodeIgniter\CodeIgniter->run()
#13 C:\xampp\htdocs\si_manajemen_nilai\system\Boot.php(67): CodeIgniter\Boot::runCodeIgniter(Object(CodeIgniter\CodeIgniter))
#14 C:\xampp\htdocs\si_manajemen_nilai\public\index.php(56): CodeIgniter\Boot::bootWeb(Object(Config\Paths))
#15 C:\xampp\htdocs\si_manajemen_nilai\system\rewrite.php(44): require_once('C:\\xampp\\htdocs...')
#16 {main}
CRITICAL - 2025-01-27 09:27:20 --> CodeIgniter\Database\Exceptions\DatabaseException: Cannot add or update a child row: a foreign key constraint fails (`manajemen_nilai`.`dt_nilai_tugas`, CONSTRAINT `dt_nilai_tugas_ibfk_2` FOREIGN KEY (`id_mapel`) REFERENCES `dt_mapel` (`id_mapel`) ON DELETE CASCADE ON UPDATE CASCADE)
[Method: POST, Route: daftar_nilai/tambah]
in SYSTEMPATH\Database\BaseConnection.php on line 688.
 1 SYSTEMPATH\Database\BaseBuilder.php(2340): CodeIgniter\Database\BaseConnection->query('INSERT INTO `dt_nilai_tugas` (`id_siswa`, `id_mapel`, `id_kelas`, `id_jurusan`, `id_periode`, `semester`, `nilai_1`, `nilai_2`, `nilai_3`, `nilai_4`, `nilai_5`, `nilai_6`, `nilai_7`, `nilai_8`, `nilai_9`, `na_materi`, `LM_1`, `na_sumatif`) VALUES (:id_siswa:, :id_mapel:, :id_kelas:, :id_jurusan:, :id_periode:, :semester:, :nilai_1:, :nilai_2:, :nilai_3:, :nilai_4:, :nilai_5:, :nilai_6:, :nilai_7:, :nilai_8:, :nilai_9:, :na_materi:, :LM_1:, :na_sumatif:)', [...], false)
 2 SYSTEMPATH\Model.php(394): CodeIgniter\Database\BaseBuilder->insert()
 3 SYSTEMPATH\BaseModel.php(840): CodeIgniter\Model->doInsert([...])
 4 SYSTEMPATH\Model.php(802): CodeIgniter\BaseModel->insert([...], true)
 5 APPPATH\Models\DaftarnilaitugasModel.php(104): CodeIgniter\Model->insert([...])
 6 APPPATH\Controllers\Daftarnilai.php(45): App\Models\DaftarnilaitugasModel->tambahDataNilaiTugas('3', '3', '3', '3', '3', 'Ganjil', '0', '0', '0', '80', '80', '85', '80', '75', '85')
 7 SYSTEMPATH\CodeIgniter.php(933): App\Controllers\Daftarnilai->tambah()
 8 SYSTEMPATH\CodeIgniter.php(509): CodeIgniter\CodeIgniter->runController(Object(App\Controllers\Daftarnilai))
 9 SYSTEMPATH\CodeIgniter.php(355): CodeIgniter\CodeIgniter->handleRequest(null, Object(Config\Cache), false)
10 SYSTEMPATH\Boot.php(325): CodeIgniter\CodeIgniter->run()
11 SYSTEMPATH\Boot.php(67): CodeIgniter\Boot::runCodeIgniter(Object(CodeIgniter\CodeIgniter))
12 FCPATH\index.php(56): CodeIgniter\Boot::bootWeb(Object(Config\Paths))
13 SYSTEMPATH\rewrite.php(44): require_once('C:\\xampp\\htdocs\\si_manajemen_nilai\\public\\index.php')
CRITICAL - 2025-01-27 09:27:20 --> [Caused by] CodeIgniter\Database\Exceptions\DatabaseException: Cannot add or update a child row: a foreign key constraint fails (`manajemen_nilai`.`dt_nilai_tugas`, CONSTRAINT `dt_nilai_tugas_ibfk_2` FOREIGN KEY (`id_mapel`) REFERENCES `dt_mapel` (`id_mapel`) ON DELETE CASCADE ON UPDATE CASCADE)
in SYSTEMPATH\Database\MySQLi\Connection.php on line 317.
 1 SYSTEMPATH\Database\BaseConnection.php(734): CodeIgniter\Database\MySQLi\Connection->execute('INSERT INTO `dt_nilai_tugas` (`id_siswa`, `id_mapel`, `id_kelas`, `id_jurusan`, `id_periode`, `semester`, `nilai_1`, `nilai_2`, `nilai_3`, `nilai_4`, `nilai_5`, `nilai_6`, `nilai_7`, `nilai_8`, `nilai_9`, `na_materi`, `LM_1`, `na_sumatif`) VALUES (\'3\', \'3\', \'3\', \'3\', \'3\', \'Ganjil\', \'0\', \'0\', \'0\', \'80\', \'80\', \'85\', \'80\', \'75\', \'85\', 81, 80, 81)')
 2 SYSTEMPATH\Database\BaseConnection.php(648): CodeIgniter\Database\BaseConnection->simpleQuery('INSERT INTO `dt_nilai_tugas` (`id_siswa`, `id_mapel`, `id_kelas`, `id_jurusan`, `id_periode`, `semester`, `nilai_1`, `nilai_2`, `nilai_3`, `nilai_4`, `nilai_5`, `nilai_6`, `nilai_7`, `nilai_8`, `nilai_9`, `na_materi`, `LM_1`, `na_sumatif`) VALUES (\'3\', \'3\', \'3\', \'3\', \'3\', \'Ganjil\', \'0\', \'0\', \'0\', \'80\', \'80\', \'85\', \'80\', \'75\', \'85\', 81, 80, 81)')
 3 SYSTEMPATH\Database\BaseBuilder.php(2340): CodeIgniter\Database\BaseConnection->query('INSERT INTO `dt_nilai_tugas` (`id_siswa`, `id_mapel`, `id_kelas`, `id_jurusan`, `id_periode`, `semester`, `nilai_1`, `nilai_2`, `nilai_3`, `nilai_4`, `nilai_5`, `nilai_6`, `nilai_7`, `nilai_8`, `nilai_9`, `na_materi`, `LM_1`, `na_sumatif`) VALUES (:id_siswa:, :id_mapel:, :id_kelas:, :id_jurusan:, :id_periode:, :semester:, :nilai_1:, :nilai_2:, :nilai_3:, :nilai_4:, :nilai_5:, :nilai_6:, :nilai_7:, :nilai_8:, :nilai_9:, :na_materi:, :LM_1:, :na_sumatif:)', [...], false)
 4 SYSTEMPATH\Model.php(394): CodeIgniter\Database\BaseBuilder->insert()
 5 SYSTEMPATH\BaseModel.php(840): CodeIgniter\Model->doInsert([...])
 6 SYSTEMPATH\Model.php(802): CodeIgniter\BaseModel->insert([...], true)
 7 APPPATH\Models\DaftarnilaitugasModel.php(104): CodeIgniter\Model->insert([...])
 8 APPPATH\Controllers\Daftarnilai.php(45): App\Models\DaftarnilaitugasModel->tambahDataNilaiTugas('3', '3', '3', '3', '3', 'Ganjil', '0', '0', '0', '80', '80', '85', '80', '75', '85')
 9 SYSTEMPATH\CodeIgniter.php(933): App\Controllers\Daftarnilai->tambah()
10 SYSTEMPATH\CodeIgniter.php(509): CodeIgniter\CodeIgniter->runController(Object(App\Controllers\Daftarnilai))
11 SYSTEMPATH\CodeIgniter.php(355): CodeIgniter\CodeIgniter->handleRequest(null, Object(Config\Cache), false)
12 SYSTEMPATH\Boot.php(325): CodeIgniter\CodeIgniter->run()
13 SYSTEMPATH\Boot.php(67): CodeIgniter\Boot::runCodeIgniter(Object(CodeIgniter\CodeIgniter))
14 FCPATH\index.php(56): CodeIgniter\Boot::bootWeb(Object(Config\Paths))
15 SYSTEMPATH\rewrite.php(44): require_once('C:\\xampp\\htdocs\\si_manajemen_nilai\\public\\index.php')
CRITICAL - 2025-01-27 09:27:20 --> [Caused by] mysqli_sql_exception: Cannot add or update a child row: a foreign key constraint fails (`manajemen_nilai`.`dt_nilai_tugas`, CONSTRAINT `dt_nilai_tugas_ibfk_2` FOREIGN KEY (`id_mapel`) REFERENCES `dt_mapel` (`id_mapel`) ON DELETE CASCADE ON UPDATE CASCADE)
in SYSTEMPATH\Database\MySQLi\Connection.php on line 312.
 1 SYSTEMPATH\Database\MySQLi\Connection.php(312): mysqli->query('INSERT INTO `dt_nilai_tugas` (`id_siswa`, `id_mapel`, `id_kelas`, `id_jurusan`, `id_periode`, `semester`, `nilai_1`, `nilai_2`, `nilai_3`, `nilai_4`, `nilai_5`, `nilai_6`, `nilai_7`, `nilai_8`, `nilai_9`, `na_materi`, `LM_1`, `na_sumatif`) VALUES (\'3\', \'3\', \'3\', \'3\', \'3\', \'Ganjil\', \'0\', \'0\', \'0\', \'80\', \'80\', \'85\', \'80\', \'75\', \'85\', 81, 80, 81)', 0)
 2 SYSTEMPATH\Database\BaseConnection.php(734): CodeIgniter\Database\MySQLi\Connection->execute('INSERT INTO `dt_nilai_tugas` (`id_siswa`, `id_mapel`, `id_kelas`, `id_jurusan`, `id_periode`, `semester`, `nilai_1`, `nilai_2`, `nilai_3`, `nilai_4`, `nilai_5`, `nilai_6`, `nilai_7`, `nilai_8`, `nilai_9`, `na_materi`, `LM_1`, `na_sumatif`) VALUES (\'3\', \'3\', \'3\', \'3\', \'3\', \'Ganjil\', \'0\', \'0\', \'0\', \'80\', \'80\', \'85\', \'80\', \'75\', \'85\', 81, 80, 81)')
 3 SYSTEMPATH\Database\BaseConnection.php(648): CodeIgniter\Database\BaseConnection->simpleQuery('INSERT INTO `dt_nilai_tugas` (`id_siswa`, `id_mapel`, `id_kelas`, `id_jurusan`, `id_periode`, `semester`, `nilai_1`, `nilai_2`, `nilai_3`, `nilai_4`, `nilai_5`, `nilai_6`, `nilai_7`, `nilai_8`, `nilai_9`, `na_materi`, `LM_1`, `na_sumatif`) VALUES (\'3\', \'3\', \'3\', \'3\', \'3\', \'Ganjil\', \'0\', \'0\', \'0\', \'80\', \'80\', \'85\', \'80\', \'75\', \'85\', 81, 80, 81)')
 4 SYSTEMPATH\Database\BaseBuilder.php(2340): CodeIgniter\Database\BaseConnection->query('INSERT INTO `dt_nilai_tugas` (`id_siswa`, `id_mapel`, `id_kelas`, `id_jurusan`, `id_periode`, `semester`, `nilai_1`, `nilai_2`, `nilai_3`, `nilai_4`, `nilai_5`, `nilai_6`, `nilai_7`, `nilai_8`, `nilai_9`, `na_materi`, `LM_1`, `na_sumatif`) VALUES (:id_siswa:, :id_mapel:, :id_kelas:, :id_jurusan:, :id_periode:, :semester:, :nilai_1:, :nilai_2:, :nilai_3:, :nilai_4:, :nilai_5:, :nilai_6:, :nilai_7:, :nilai_8:, :nilai_9:, :na_materi:, :LM_1:, :na_sumatif:)', [...], false)
 5 SYSTEMPATH\Model.php(394): CodeIgniter\Database\BaseBuilder->insert()
 6 SYSTEMPATH\BaseModel.php(840): CodeIgniter\Model->doInsert([...])
 7 SYSTEMPATH\Model.php(802): CodeIgniter\BaseModel->insert([...], true)
 8 APPPATH\Models\DaftarnilaitugasModel.php(104): CodeIgniter\Model->insert([...])
 9 APPPATH\Controllers\Daftarnilai.php(45): App\Models\DaftarnilaitugasModel->tambahDataNilaiTugas('3', '3', '3', '3', '3', 'Ganjil', '0', '0', '0', '80', '80', '85', '80', '75', '85')
10 SYSTEMPATH\CodeIgniter.php(933): App\Controllers\Daftarnilai->tambah()
11 SYSTEMPATH\CodeIgniter.php(509): CodeIgniter\CodeIgniter->runController(Object(App\Controllers\Daftarnilai))
12 SYSTEMPATH\CodeIgniter.php(355): CodeIgniter\CodeIgniter->handleRequest(null, Object(Config\Cache), false)
13 SYSTEMPATH\Boot.php(325): CodeIgniter\CodeIgniter->run()
14 SYSTEMPATH\Boot.php(67): CodeIgniter\Boot::runCodeIgniter(Object(CodeIgniter\CodeIgniter))
15 FCPATH\index.php(56): CodeIgniter\Boot::bootWeb(Object(Config\Paths))
16 SYSTEMPATH\rewrite.php(44): require_once('C:\\xampp\\htdocs\\si_manajemen_nilai\\public\\index.php')
ERROR - 2025-01-27 09:29:32 --> mysqli_sql_exception: Cannot add or update a child row: a foreign key constraint fails (`manajemen_nilai`.`dt_nilai_tugas`, CONSTRAINT `dt_nilai_tugas_ibfk_2` FOREIGN KEY (`id_mapel`) REFERENCES `dt_mapel` (`id_mapel`) ON DELETE CASCADE ON UPDATE CASCADE) in C:\xampp\htdocs\si_manajemen_nilai\system\Database\MySQLi\Connection.php:312
Stack trace:
#0 C:\xampp\htdocs\si_manajemen_nilai\system\Database\MySQLi\Connection.php(312): mysqli->query('INSERT INTO `dt...', 0)
#1 C:\xampp\htdocs\si_manajemen_nilai\system\Database\BaseConnection.php(734): CodeIgniter\Database\MySQLi\Connection->execute('INSERT INTO `dt...')
#2 C:\xampp\htdocs\si_manajemen_nilai\system\Database\BaseConnection.php(648): CodeIgniter\Database\BaseConnection->simpleQuery('INSERT INTO `dt...')
#3 C:\xampp\htdocs\si_manajemen_nilai\system\Database\BaseBuilder.php(2340): CodeIgniter\Database\BaseConnection->query('INSERT INTO `dt...', Array, false)
#4 C:\xampp\htdocs\si_manajemen_nilai\system\Model.php(394): CodeIgniter\Database\BaseBuilder->insert()
#5 C:\xampp\htdocs\si_manajemen_nilai\system\BaseModel.php(840): CodeIgniter\Model->doInsert(Array)
#6 C:\xampp\htdocs\si_manajemen_nilai\system\Model.php(802): CodeIgniter\BaseModel->insert(Array, true)
#7 C:\xampp\htdocs\si_manajemen_nilai\app\Models\DaftarnilaitugasModel.php(104): CodeIgniter\Model->insert(Array)
#8 C:\xampp\htdocs\si_manajemen_nilai\app\Controllers\Daftarnilai.php(45): App\Models\DaftarnilaitugasModel->tambahDataNilaiTugas('3', '3', '3', '3', '3', 'Ganjil', '', '', '', '80', '80', '85', '80', '75', '85')
#9 C:\xampp\htdocs\si_manajemen_nilai\system\CodeIgniter.php(933): App\Controllers\Daftarnilai->tambah()
#10 C:\xampp\htdocs\si_manajemen_nilai\system\CodeIgniter.php(509): CodeIgniter\CodeIgniter->runController(Object(App\Controllers\Daftarnilai))
#11 C:\xampp\htdocs\si_manajemen_nilai\system\CodeIgniter.php(355): CodeIgniter\CodeIgniter->handleRequest(NULL, Object(Config\Cache), false)
#12 C:\xampp\htdocs\si_manajemen_nilai\system\Boot.php(325): CodeIgniter\CodeIgniter->run()
#13 C:\xampp\htdocs\si_manajemen_nilai\system\Boot.php(67): CodeIgniter\Boot::runCodeIgniter(Object(CodeIgniter\CodeIgniter))
#14 C:\xampp\htdocs\si_manajemen_nilai\public\index.php(56): CodeIgniter\Boot::bootWeb(Object(Config\Paths))
#15 C:\xampp\htdocs\si_manajemen_nilai\system\rewrite.php(44): require_once('C:\\xampp\\htdocs...')
#16 {main}
CRITICAL - 2025-01-27 09:29:32 --> CodeIgniter\Database\Exceptions\DatabaseException: Cannot add or update a child row: a foreign key constraint fails (`manajemen_nilai`.`dt_nilai_tugas`, CONSTRAINT `dt_nilai_tugas_ibfk_2` FOREIGN KEY (`id_mapel`) REFERENCES `dt_mapel` (`id_mapel`) ON DELETE CASCADE ON UPDATE CASCADE)
[Method: POST, Route: daftar_nilai/tambah]
in SYSTEMPATH\Database\BaseConnection.php on line 688.
 1 SYSTEMPATH\Database\BaseBuilder.php(2340): CodeIgniter\Database\BaseConnection->query('INSERT INTO `dt_nilai_tugas` (`id_siswa`, `id_mapel`, `id_kelas`, `id_jurusan`, `id_periode`, `semester`, `nilai_1`, `nilai_2`, `nilai_3`, `nilai_4`, `nilai_5`, `nilai_6`, `nilai_7`, `nilai_8`, `nilai_9`, `na_materi`, `LM_1`, `LM_2`, `LM_3`, `na_sumatif`) VALUES (:id_siswa:, :id_mapel:, :id_kelas:, :id_jurusan:, :id_periode:, :semester:, :nilai_1:, :nilai_2:, :nilai_3:, :nilai_4:, :nilai_5:, :nilai_6:, :nilai_7:, :nilai_8:, :nilai_9:, :na_materi:, :LM_1:, :LM_2:, :LM_3:, :na_sumatif:)', [...], false)
 2 SYSTEMPATH\Model.php(394): CodeIgniter\Database\BaseBuilder->insert()
 3 SYSTEMPATH\BaseModel.php(840): CodeIgniter\Model->doInsert([...])
 4 SYSTEMPATH\Model.php(802): CodeIgniter\BaseModel->insert([...], true)
 5 APPPATH\Models\DaftarnilaitugasModel.php(104): CodeIgniter\Model->insert([...])
 6 APPPATH\Controllers\Daftarnilai.php(45): App\Models\DaftarnilaitugasModel->tambahDataNilaiTugas('3', '3', '3', '3', '3', 'Ganjil', '', '', '', '80', '80', '85', '80', '75', '85')
 7 SYSTEMPATH\CodeIgniter.php(933): App\Controllers\Daftarnilai->tambah()
 8 SYSTEMPATH\CodeIgniter.php(509): CodeIgniter\CodeIgniter->runController(Object(App\Controllers\Daftarnilai))
 9 SYSTEMPATH\CodeIgniter.php(355): CodeIgniter\CodeIgniter->handleRequest(null, Object(Config\Cache), false)
10 SYSTEMPATH\Boot.php(325): CodeIgniter\CodeIgniter->run()
11 SYSTEMPATH\Boot.php(67): CodeIgniter\Boot::runCodeIgniter(Object(CodeIgniter\CodeIgniter))
12 FCPATH\index.php(56): CodeIgniter\Boot::bootWeb(Object(Config\Paths))
13 SYSTEMPATH\rewrite.php(44): require_once('C:\\xampp\\htdocs\\si_manajemen_nilai\\public\\index.php')
CRITICAL - 2025-01-27 09:29:32 --> [Caused by] CodeIgniter\Database\Exceptions\DatabaseException: Cannot add or update a child row: a foreign key constraint fails (`manajemen_nilai`.`dt_nilai_tugas`, CONSTRAINT `dt_nilai_tugas_ibfk_2` FOREIGN KEY (`id_mapel`) REFERENCES `dt_mapel` (`id_mapel`) ON DELETE CASCADE ON UPDATE CASCADE)
in SYSTEMPATH\Database\MySQLi\Connection.php on line 317.
 1 SYSTEMPATH\Database\BaseConnection.php(734): CodeIgniter\Database\MySQLi\Connection->execute('INSERT INTO `dt_nilai_tugas` (`id_siswa`, `id_mapel`, `id_kelas`, `id_jurusan`, `id_periode`, `semester`, `nilai_1`, `nilai_2`, `nilai_3`, `nilai_4`, `nilai_5`, `nilai_6`, `nilai_7`, `nilai_8`, `nilai_9`, `na_materi`, `LM_1`, `LM_2`, `LM_3`, `na_sumatif`) VALUES (\'3\', \'3\', \'3\', \'3\', \'3\', \'Ganjil\', \'\', \'\', \'\', \'80\', \'80\', \'85\', \'80\', \'75\', \'85\', 81, 0, 82, 80, 81)')
 2 SYSTEMPATH\Database\BaseConnection.php(648): CodeIgniter\Database\BaseConnection->simpleQuery('INSERT INTO `dt_nilai_tugas` (`id_siswa`, `id_mapel`, `id_kelas`, `id_jurusan`, `id_periode`, `semester`, `nilai_1`, `nilai_2`, `nilai_3`, `nilai_4`, `nilai_5`, `nilai_6`, `nilai_7`, `nilai_8`, `nilai_9`, `na_materi`, `LM_1`, `LM_2`, `LM_3`, `na_sumatif`) VALUES (\'3\', \'3\', \'3\', \'3\', \'3\', \'Ganjil\', \'\', \'\', \'\', \'80\', \'80\', \'85\', \'80\', \'75\', \'85\', 81, 0, 82, 80, 81)')
 3 SYSTEMPATH\Database\BaseBuilder.php(2340): CodeIgniter\Database\BaseConnection->query('INSERT INTO `dt_nilai_tugas` (`id_siswa`, `id_mapel`, `id_kelas`, `id_jurusan`, `id_periode`, `semester`, `nilai_1`, `nilai_2`, `nilai_3`, `nilai_4`, `nilai_5`, `nilai_6`, `nilai_7`, `nilai_8`, `nilai_9`, `na_materi`, `LM_1`, `LM_2`, `LM_3`, `na_sumatif`) VALUES (:id_siswa:, :id_mapel:, :id_kelas:, :id_jurusan:, :id_periode:, :semester:, :nilai_1:, :nilai_2:, :nilai_3:, :nilai_4:, :nilai_5:, :nilai_6:, :nilai_7:, :nilai_8:, :nilai_9:, :na_materi:, :LM_1:, :LM_2:, :LM_3:, :na_sumatif:)', [...], false)
 4 SYSTEMPATH\Model.php(394): CodeIgniter\Database\BaseBuilder->insert()
 5 SYSTEMPATH\BaseModel.php(840): CodeIgniter\Model->doInsert([...])
 6 SYSTEMPATH\Model.php(802): CodeIgniter\BaseModel->insert([...], true)
 7 APPPATH\Models\DaftarnilaitugasModel.php(104): CodeIgniter\Model->insert([...])
 8 APPPATH\Controllers\Daftarnilai.php(45): App\Models\DaftarnilaitugasModel->tambahDataNilaiTugas('3', '3', '3', '3', '3', 'Ganjil', '', '', '', '80', '80', '85', '80', '75', '85')
 9 SYSTEMPATH\CodeIgniter.php(933): App\Controllers\Daftarnilai->tambah()
10 SYSTEMPATH\CodeIgniter.php(509): CodeIgniter\CodeIgniter->runController(Object(App\Controllers\Daftarnilai))
11 SYSTEMPATH\CodeIgniter.php(355): CodeIgniter\CodeIgniter->handleRequest(null, Object(Config\Cache), false)
12 SYSTEMPATH\Boot.php(325): CodeIgniter\CodeIgniter->run()
13 SYSTEMPATH\Boot.php(67): CodeIgniter\Boot::runCodeIgniter(Object(CodeIgniter\CodeIgniter))
14 FCPATH\index.php(56): CodeIgniter\Boot::bootWeb(Object(Config\Paths))
15 SYSTEMPATH\rewrite.php(44): require_once('C:\\xampp\\htdocs\\si_manajemen_nilai\\public\\index.php')
CRITICAL - 2025-01-27 09:29:32 --> [Caused by] mysqli_sql_exception: Cannot add or update a child row: a foreign key constraint fails (`manajemen_nilai`.`dt_nilai_tugas`, CONSTRAINT `dt_nilai_tugas_ibfk_2` FOREIGN KEY (`id_mapel`) REFERENCES `dt_mapel` (`id_mapel`) ON DELETE CASCADE ON UPDATE CASCADE)
in SYSTEMPATH\Database\MySQLi\Connection.php on line 312.
 1 SYSTEMPATH\Database\MySQLi\Connection.php(312): mysqli->query('INSERT INTO `dt_nilai_tugas` (`id_siswa`, `id_mapel`, `id_kelas`, `id_jurusan`, `id_periode`, `semester`, `nilai_1`, `nilai_2`, `nilai_3`, `nilai_4`, `nilai_5`, `nilai_6`, `nilai_7`, `nilai_8`, `nilai_9`, `na_materi`, `LM_1`, `LM_2`, `LM_3`, `na_sumatif`) VALUES (\'3\', \'3\', \'3\', \'3\', \'3\', \'Ganjil\', \'\', \'\', \'\', \'80\', \'80\', \'85\', \'80\', \'75\', \'85\', 81, 0, 82, 80, 81)', 0)
 2 SYSTEMPATH\Database\BaseConnection.php(734): CodeIgniter\Database\MySQLi\Connection->execute('INSERT INTO `dt_nilai_tugas` (`id_siswa`, `id_mapel`, `id_kelas`, `id_jurusan`, `id_periode`, `semester`, `nilai_1`, `nilai_2`, `nilai_3`, `nilai_4`, `nilai_5`, `nilai_6`, `nilai_7`, `nilai_8`, `nilai_9`, `na_materi`, `LM_1`, `LM_2`, `LM_3`, `na_sumatif`) VALUES (\'3\', \'3\', \'3\', \'3\', \'3\', \'Ganjil\', \'\', \'\', \'\', \'80\', \'80\', \'85\', \'80\', \'75\', \'85\', 81, 0, 82, 80, 81)')
 3 SYSTEMPATH\Database\BaseConnection.php(648): CodeIgniter\Database\BaseConnection->simpleQuery('INSERT INTO `dt_nilai_tugas` (`id_siswa`, `id_mapel`, `id_kelas`, `id_jurusan`, `id_periode`, `semester`, `nilai_1`, `nilai_2`, `nilai_3`, `nilai_4`, `nilai_5`, `nilai_6`, `nilai_7`, `nilai_8`, `nilai_9`, `na_materi`, `LM_1`, `LM_2`, `LM_3`, `na_sumatif`) VALUES (\'3\', \'3\', \'3\', \'3\', \'3\', \'Ganjil\', \'\', \'\', \'\', \'80\', \'80\', \'85\', \'80\', \'75\', \'85\', 81, 0, 82, 80, 81)')
 4 SYSTEMPATH\Database\BaseBuilder.php(2340): CodeIgniter\Database\BaseConnection->query('INSERT INTO `dt_nilai_tugas` (`id_siswa`, `id_mapel`, `id_kelas`, `id_jurusan`, `id_periode`, `semester`, `nilai_1`, `nilai_2`, `nilai_3`, `nilai_4`, `nilai_5`, `nilai_6`, `nilai_7`, `nilai_8`, `nilai_9`, `na_materi`, `LM_1`, `LM_2`, `LM_3`, `na_sumatif`) VALUES (:id_siswa:, :id_mapel:, :id_kelas:, :id_jurusan:, :id_periode:, :semester:, :nilai_1:, :nilai_2:, :nilai_3:, :nilai_4:, :nilai_5:, :nilai_6:, :nilai_7:, :nilai_8:, :nilai_9:, :na_materi:, :LM_1:, :LM_2:, :LM_3:, :na_sumatif:)', [...], false)
 5 SYSTEMPATH\Model.php(394): CodeIgniter\Database\BaseBuilder->insert()
 6 SYSTEMPATH\BaseModel.php(840): CodeIgniter\Model->doInsert([...])
 7 SYSTEMPATH\Model.php(802): CodeIgniter\BaseModel->insert([...], true)
 8 APPPATH\Models\DaftarnilaitugasModel.php(104): CodeIgniter\Model->insert([...])
 9 APPPATH\Controllers\Daftarnilai.php(45): App\Models\DaftarnilaitugasModel->tambahDataNilaiTugas('3', '3', '3', '3', '3', 'Ganjil', '', '', '', '80', '80', '85', '80', '75', '85')
10 SYSTEMPATH\CodeIgniter.php(933): App\Controllers\Daftarnilai->tambah()
11 SYSTEMPATH\CodeIgniter.php(509): CodeIgniter\CodeIgniter->runController(Object(App\Controllers\Daftarnilai))
12 SYSTEMPATH\CodeIgniter.php(355): CodeIgniter\CodeIgniter->handleRequest(null, Object(Config\Cache), false)
13 SYSTEMPATH\Boot.php(325): CodeIgniter\CodeIgniter->run()
14 SYSTEMPATH\Boot.php(67): CodeIgniter\Boot::runCodeIgniter(Object(CodeIgniter\CodeIgniter))
15 FCPATH\index.php(56): CodeIgniter\Boot::bootWeb(Object(Config\Paths))
16 SYSTEMPATH\rewrite.php(44): require_once('C:\\xampp\\htdocs\\si_manajemen_nilai\\public\\index.php')
ERROR - 2025-01-27 09:34:57 --> mysqli_sql_exception: Cannot add or update a child row: a foreign key constraint fails (`manajemen_nilai`.`dt_nilai_tugas`, CONSTRAINT `dt_nilai_tugas_ibfk_2` FOREIGN KEY (`id_mapel`) REFERENCES `dt_mapel` (`id_mapel`) ON DELETE CASCADE ON UPDATE CASCADE) in C:\xampp\htdocs\si_manajemen_nilai\system\Database\MySQLi\Connection.php:312
Stack trace:
#0 C:\xampp\htdocs\si_manajemen_nilai\system\Database\MySQLi\Connection.php(312): mysqli->query('INSERT INTO `dt...', 0)
#1 C:\xampp\htdocs\si_manajemen_nilai\system\Database\BaseConnection.php(734): CodeIgniter\Database\MySQLi\Connection->execute('INSERT INTO `dt...')
#2 C:\xampp\htdocs\si_manajemen_nilai\system\Database\BaseConnection.php(648): CodeIgniter\Database\BaseConnection->simpleQuery('INSERT INTO `dt...')
#3 C:\xampp\htdocs\si_manajemen_nilai\system\Database\BaseBuilder.php(2340): CodeIgniter\Database\BaseConnection->query('INSERT INTO `dt...', Array, false)
#4 C:\xampp\htdocs\si_manajemen_nilai\system\Model.php(394): CodeIgniter\Database\BaseBuilder->insert()
#5 C:\xampp\htdocs\si_manajemen_nilai\system\BaseModel.php(840): CodeIgniter\Model->doInsert(Array)
#6 C:\xampp\htdocs\si_manajemen_nilai\system\Model.php(802): CodeIgniter\BaseModel->insert(Array, true)
#7 C:\xampp\htdocs\si_manajemen_nilai\app\Models\DaftarnilaitugasModel.php(103): CodeIgniter\Model->insert(Array)
#8 C:\xampp\htdocs\si_manajemen_nilai\app\Controllers\Daftarnilai.php(45): App\Models\DaftarnilaitugasModel->tambahDataNilaiTugas('3', '3', '3', '3', '3', 'Ganjil', '', '', '', '80', '80', '85', '80', '75', '85')
#9 C:\xampp\htdocs\si_manajemen_nilai\system\CodeIgniter.php(933): App\Controllers\Daftarnilai->tambah()
#10 C:\xampp\htdocs\si_manajemen_nilai\system\CodeIgniter.php(509): CodeIgniter\CodeIgniter->runController(Object(App\Controllers\Daftarnilai))
#11 C:\xampp\htdocs\si_manajemen_nilai\system\CodeIgniter.php(355): CodeIgniter\CodeIgniter->handleRequest(NULL, Object(Config\Cache), false)
#12 C:\xampp\htdocs\si_manajemen_nilai\system\Boot.php(325): CodeIgniter\CodeIgniter->run()
#13 C:\xampp\htdocs\si_manajemen_nilai\system\Boot.php(67): CodeIgniter\Boot::runCodeIgniter(Object(CodeIgniter\CodeIgniter))
#14 C:\xampp\htdocs\si_manajemen_nilai\public\index.php(56): CodeIgniter\Boot::bootWeb(Object(Config\Paths))
#15 C:\xampp\htdocs\si_manajemen_nilai\system\rewrite.php(44): require_once('C:\\xampp\\htdocs...')
#16 {main}
CRITICAL - 2025-01-27 09:34:57 --> CodeIgniter\Database\Exceptions\DatabaseException: Cannot add or update a child row: a foreign key constraint fails (`manajemen_nilai`.`dt_nilai_tugas`, CONSTRAINT `dt_nilai_tugas_ibfk_2` FOREIGN KEY (`id_mapel`) REFERENCES `dt_mapel` (`id_mapel`) ON DELETE CASCADE ON UPDATE CASCADE)
[Method: POST, Route: daftar_nilai/tambah]
in SYSTEMPATH\Database\BaseConnection.php on line 688.
 1 SYSTEMPATH\Database\BaseBuilder.php(2340): CodeIgniter\Database\BaseConnection->query('INSERT INTO `dt_nilai_tugas` (`id_siswa`, `id_mapel`, `id_kelas`, `id_jurusan`, `id_periode`, `semester`, `nilai_1`, `nilai_2`, `nilai_3`, `nilai_4`, `nilai_5`, `nilai_6`, `nilai_7`, `nilai_8`, `nilai_9`) VALUES (:id_siswa:, :id_mapel:, :id_kelas:, :id_jurusan:, :id_periode:, :semester:, :nilai_1:, :nilai_2:, :nilai_3:, :nilai_4:, :nilai_5:, :nilai_6:, :nilai_7:, :nilai_8:, :nilai_9:)', [...], false)
 2 SYSTEMPATH\Model.php(394): CodeIgniter\Database\BaseBuilder->insert()
 3 SYSTEMPATH\BaseModel.php(840): CodeIgniter\Model->doInsert([...])
 4 SYSTEMPATH\Model.php(802): CodeIgniter\BaseModel->insert([...], true)
 5 APPPATH\Models\DaftarnilaitugasModel.php(103): CodeIgniter\Model->insert([...])
 6 APPPATH\Controllers\Daftarnilai.php(45): App\Models\DaftarnilaitugasModel->tambahDataNilaiTugas('3', '3', '3', '3', '3', 'Ganjil', '', '', '', '80', '80', '85', '80', '75', '85')
 7 SYSTEMPATH\CodeIgniter.php(933): App\Controllers\Daftarnilai->tambah()
 8 SYSTEMPATH\CodeIgniter.php(509): CodeIgniter\CodeIgniter->runController(Object(App\Controllers\Daftarnilai))
 9 SYSTEMPATH\CodeIgniter.php(355): CodeIgniter\CodeIgniter->handleRequest(null, Object(Config\Cache), false)
10 SYSTEMPATH\Boot.php(325): CodeIgniter\CodeIgniter->run()
11 SYSTEMPATH\Boot.php(67): CodeIgniter\Boot::runCodeIgniter(Object(CodeIgniter\CodeIgniter))
12 FCPATH\index.php(56): CodeIgniter\Boot::bootWeb(Object(Config\Paths))
13 SYSTEMPATH\rewrite.php(44): require_once('C:\\xampp\\htdocs\\si_manajemen_nilai\\public\\index.php')
CRITICAL - 2025-01-27 09:34:57 --> [Caused by] CodeIgniter\Database\Exceptions\DatabaseException: Cannot add or update a child row: a foreign key constraint fails (`manajemen_nilai`.`dt_nilai_tugas`, CONSTRAINT `dt_nilai_tugas_ibfk_2` FOREIGN KEY (`id_mapel`) REFERENCES `dt_mapel` (`id_mapel`) ON DELETE CASCADE ON UPDATE CASCADE)
in SYSTEMPATH\Database\MySQLi\Connection.php on line 317.
 1 SYSTEMPATH\Database\BaseConnection.php(734): CodeIgniter\Database\MySQLi\Connection->execute('INSERT INTO `dt_nilai_tugas` (`id_siswa`, `id_mapel`, `id_kelas`, `id_jurusan`, `id_periode`, `semester`, `nilai_1`, `nilai_2`, `nilai_3`, `nilai_4`, `nilai_5`, `nilai_6`, `nilai_7`, `nilai_8`, `nilai_9`) VALUES (\'3\', \'3\', \'3\', \'3\', \'3\', \'Ganjil\', \'\', \'\', \'\', \'80\', \'80\', \'85\', \'80\', \'75\', \'85\')')
 2 SYSTEMPATH\Database\BaseConnection.php(648): CodeIgniter\Database\BaseConnection->simpleQuery('INSERT INTO `dt_nilai_tugas` (`id_siswa`, `id_mapel`, `id_kelas`, `id_jurusan`, `id_periode`, `semester`, `nilai_1`, `nilai_2`, `nilai_3`, `nilai_4`, `nilai_5`, `nilai_6`, `nilai_7`, `nilai_8`, `nilai_9`) VALUES (\'3\', \'3\', \'3\', \'3\', \'3\', \'Ganjil\', \'\', \'\', \'\', \'80\', \'80\', \'85\', \'80\', \'75\', \'85\')')
 3 SYSTEMPATH\Database\BaseBuilder.php(2340): CodeIgniter\Database\BaseConnection->query('INSERT INTO `dt_nilai_tugas` (`id_siswa`, `id_mapel`, `id_kelas`, `id_jurusan`, `id_periode`, `semester`, `nilai_1`, `nilai_2`, `nilai_3`, `nilai_4`, `nilai_5`, `nilai_6`, `nilai_7`, `nilai_8`, `nilai_9`) VALUES (:id_siswa:, :id_mapel:, :id_kelas:, :id_jurusan:, :id_periode:, :semester:, :nilai_1:, :nilai_2:, :nilai_3:, :nilai_4:, :nilai_5:, :nilai_6:, :nilai_7:, :nilai_8:, :nilai_9:)', [...], false)
 4 SYSTEMPATH\Model.php(394): CodeIgniter\Database\BaseBuilder->insert()
 5 SYSTEMPATH\BaseModel.php(840): CodeIgniter\Model->doInsert([...])
 6 SYSTEMPATH\Model.php(802): CodeIgniter\BaseModel->insert([...], true)
 7 APPPATH\Models\DaftarnilaitugasModel.php(103): CodeIgniter\Model->insert([...])
 8 APPPATH\Controllers\Daftarnilai.php(45): App\Models\DaftarnilaitugasModel->tambahDataNilaiTugas('3', '3', '3', '3', '3', 'Ganjil', '', '', '', '80', '80', '85', '80', '75', '85')
 9 SYSTEMPATH\CodeIgniter.php(933): App\Controllers\Daftarnilai->tambah()
10 SYSTEMPATH\CodeIgniter.php(509): CodeIgniter\CodeIgniter->runController(Object(App\Controllers\Daftarnilai))
11 SYSTEMPATH\CodeIgniter.php(355): CodeIgniter\CodeIgniter->handleRequest(null, Object(Config\Cache), false)
12 SYSTEMPATH\Boot.php(325): CodeIgniter\CodeIgniter->run()
13 SYSTEMPATH\Boot.php(67): CodeIgniter\Boot::runCodeIgniter(Object(CodeIgniter\CodeIgniter))
14 FCPATH\index.php(56): CodeIgniter\Boot::bootWeb(Object(Config\Paths))
15 SYSTEMPATH\rewrite.php(44): require_once('C:\\xampp\\htdocs\\si_manajemen_nilai\\public\\index.php')
CRITICAL - 2025-01-27 09:34:57 --> [Caused by] mysqli_sql_exception: Cannot add or update a child row: a foreign key constraint fails (`manajemen_nilai`.`dt_nilai_tugas`, CONSTRAINT `dt_nilai_tugas_ibfk_2` FOREIGN KEY (`id_mapel`) REFERENCES `dt_mapel` (`id_mapel`) ON DELETE CASCADE ON UPDATE CASCADE)
in SYSTEMPATH\Database\MySQLi\Connection.php on line 312.
 1 SYSTEMPATH\Database\MySQLi\Connection.php(312): mysqli->query('INSERT INTO `dt_nilai_tugas` (`id_siswa`, `id_mapel`, `id_kelas`, `id_jurusan`, `id_periode`, `semester`, `nilai_1`, `nilai_2`, `nilai_3`, `nilai_4`, `nilai_5`, `nilai_6`, `nilai_7`, `nilai_8`, `nilai_9`) VALUES (\'3\', \'3\', \'3\', \'3\', \'3\', \'Ganjil\', \'\', \'\', \'\', \'80\', \'80\', \'85\', \'80\', \'75\', \'85\')', 0)
 2 SYSTEMPATH\Database\BaseConnection.php(734): CodeIgniter\Database\MySQLi\Connection->execute('INSERT INTO `dt_nilai_tugas` (`id_siswa`, `id_mapel`, `id_kelas`, `id_jurusan`, `id_periode`, `semester`, `nilai_1`, `nilai_2`, `nilai_3`, `nilai_4`, `nilai_5`, `nilai_6`, `nilai_7`, `nilai_8`, `nilai_9`) VALUES (\'3\', \'3\', \'3\', \'3\', \'3\', \'Ganjil\', \'\', \'\', \'\', \'80\', \'80\', \'85\', \'80\', \'75\', \'85\')')
 3 SYSTEMPATH\Database\BaseConnection.php(648): CodeIgniter\Database\BaseConnection->simpleQuery('INSERT INTO `dt_nilai_tugas` (`id_siswa`, `id_mapel`, `id_kelas`, `id_jurusan`, `id_periode`, `semester`, `nilai_1`, `nilai_2`, `nilai_3`, `nilai_4`, `nilai_5`, `nilai_6`, `nilai_7`, `nilai_8`, `nilai_9`) VALUES (\'3\', \'3\', \'3\', \'3\', \'3\', \'Ganjil\', \'\', \'\', \'\', \'80\', \'80\', \'85\', \'80\', \'75\', \'85\')')
 4 SYSTEMPATH\Database\BaseBuilder.php(2340): CodeIgniter\Database\BaseConnection->query('INSERT INTO `dt_nilai_tugas` (`id_siswa`, `id_mapel`, `id_kelas`, `id_jurusan`, `id_periode`, `semester`, `nilai_1`, `nilai_2`, `nilai_3`, `nilai_4`, `nilai_5`, `nilai_6`, `nilai_7`, `nilai_8`, `nilai_9`) VALUES (:id_siswa:, :id_mapel:, :id_kelas:, :id_jurusan:, :id_periode:, :semester:, :nilai_1:, :nilai_2:, :nilai_3:, :nilai_4:, :nilai_5:, :nilai_6:, :nilai_7:, :nilai_8:, :nilai_9:)', [...], false)
 5 SYSTEMPATH\Model.php(394): CodeIgniter\Database\BaseBuilder->insert()
 6 SYSTEMPATH\BaseModel.php(840): CodeIgniter\Model->doInsert([...])
 7 SYSTEMPATH\Model.php(802): CodeIgniter\BaseModel->insert([...], true)
 8 APPPATH\Models\DaftarnilaitugasModel.php(103): CodeIgniter\Model->insert([...])
 9 APPPATH\Controllers\Daftarnilai.php(45): App\Models\DaftarnilaitugasModel->tambahDataNilaiTugas('3', '3', '3', '3', '3', 'Ganjil', '', '', '', '80', '80', '85', '80', '75', '85')
10 SYSTEMPATH\CodeIgniter.php(933): App\Controllers\Daftarnilai->tambah()
11 SYSTEMPATH\CodeIgniter.php(509): CodeIgniter\CodeIgniter->runController(Object(App\Controllers\Daftarnilai))
12 SYSTEMPATH\CodeIgniter.php(355): CodeIgniter\CodeIgniter->handleRequest(null, Object(Config\Cache), false)
13 SYSTEMPATH\Boot.php(325): CodeIgniter\CodeIgniter->run()
14 SYSTEMPATH\Boot.php(67): CodeIgniter\Boot::runCodeIgniter(Object(CodeIgniter\CodeIgniter))
15 FCPATH\index.php(56): CodeIgniter\Boot::bootWeb(Object(Config\Paths))
16 SYSTEMPATH\rewrite.php(44): require_once('C:\\xampp\\htdocs\\si_manajemen_nilai\\public\\index.php')
ERROR - 2025-01-27 09:35:55 --> mysqli_sql_exception: Cannot add or update a child row: a foreign key constraint fails (`manajemen_nilai`.`dt_nilai_tugas`, CONSTRAINT `dt_nilai_tugas_ibfk_2` FOREIGN KEY (`id_mapel`) REFERENCES `dt_mapel` (`id_mapel`) ON DELETE CASCADE ON UPDATE CASCADE) in C:\xampp\htdocs\si_manajemen_nilai\system\Database\MySQLi\Connection.php:312
Stack trace:
#0 C:\xampp\htdocs\si_manajemen_nilai\system\Database\MySQLi\Connection.php(312): mysqli->query('INSERT INTO `dt...', 0)
#1 C:\xampp\htdocs\si_manajemen_nilai\system\Database\BaseConnection.php(734): CodeIgniter\Database\MySQLi\Connection->execute('INSERT INTO `dt...')
#2 C:\xampp\htdocs\si_manajemen_nilai\system\Database\BaseConnection.php(648): CodeIgniter\Database\BaseConnection->simpleQuery('INSERT INTO `dt...')
#3 C:\xampp\htdocs\si_manajemen_nilai\system\Database\BaseBuilder.php(2340): CodeIgniter\Database\BaseConnection->query('INSERT INTO `dt...', Array, false)
#4 C:\xampp\htdocs\si_manajemen_nilai\system\Model.php(394): CodeIgniter\Database\BaseBuilder->insert()
#5 C:\xampp\htdocs\si_manajemen_nilai\system\BaseModel.php(840): CodeIgniter\Model->doInsert(Array)
#6 C:\xampp\htdocs\si_manajemen_nilai\system\Model.php(802): CodeIgniter\BaseModel->insert(Array, true)
#7 C:\xampp\htdocs\si_manajemen_nilai\app\Models\DaftarnilaitugasModel.php(104): CodeIgniter\Model->insert(Array)
#8 C:\xampp\htdocs\si_manajemen_nilai\app\Controllers\Daftarnilai.php(45): App\Models\DaftarnilaitugasModel->tambahDataNilaiTugas('3', '3', '3', '3', '3', 'Ganjil', '', '', '', '80', '80', '85', '80', '75', '85')
#9 C:\xampp\htdocs\si_manajemen_nilai\system\CodeIgniter.php(933): App\Controllers\Daftarnilai->tambah()
#10 C:\xampp\htdocs\si_manajemen_nilai\system\CodeIgniter.php(509): CodeIgniter\CodeIgniter->runController(Object(App\Controllers\Daftarnilai))
#11 C:\xampp\htdocs\si_manajemen_nilai\system\CodeIgniter.php(355): CodeIgniter\CodeIgniter->handleRequest(NULL, Object(Config\Cache), false)
#12 C:\xampp\htdocs\si_manajemen_nilai\system\Boot.php(325): CodeIgniter\CodeIgniter->run()
#13 C:\xampp\htdocs\si_manajemen_nilai\system\Boot.php(67): CodeIgniter\Boot::runCodeIgniter(Object(CodeIgniter\CodeIgniter))
#14 C:\xampp\htdocs\si_manajemen_nilai\public\index.php(56): CodeIgniter\Boot::bootWeb(Object(Config\Paths))
#15 C:\xampp\htdocs\si_manajemen_nilai\system\rewrite.php(44): require_once('C:\\xampp\\htdocs...')
#16 {main}
CRITICAL - 2025-01-27 09:35:55 --> CodeIgniter\Database\Exceptions\DatabaseException: Cannot add or update a child row: a foreign key constraint fails (`manajemen_nilai`.`dt_nilai_tugas`, CONSTRAINT `dt_nilai_tugas_ibfk_2` FOREIGN KEY (`id_mapel`) REFERENCES `dt_mapel` (`id_mapel`) ON DELETE CASCADE ON UPDATE CASCADE)
[Method: POST, Route: daftar_nilai/tambah]
in SYSTEMPATH\Database\BaseConnection.php on line 688.
 1 SYSTEMPATH\Database\BaseBuilder.php(2340): CodeIgniter\Database\BaseConnection->query('INSERT INTO `dt_nilai_tugas` (`id_siswa`, `id_mapel`, `id_kelas`, `id_jurusan`, `id_periode`, `semester`, `nilai_1`, `nilai_2`, `nilai_3`, `nilai_4`, `nilai_5`, `nilai_6`, `nilai_7`, `nilai_8`, `nilai_9`, `na_materi`, `LM_1`, `LM_2`, `LM_3`, `na_sumatif`) VALUES (:id_siswa:, :id_mapel:, :id_kelas:, :id_jurusan:, :id_periode:, :semester:, :nilai_1:, :nilai_2:, :nilai_3:, :nilai_4:, :nilai_5:, :nilai_6:, :nilai_7:, :nilai_8:, :nilai_9:, :na_materi:, :LM_1:, :LM_2:, :LM_3:, :na_sumatif:)', [...], false)
 2 SYSTEMPATH\Model.php(394): CodeIgniter\Database\BaseBuilder->insert()
 3 SYSTEMPATH\BaseModel.php(840): CodeIgniter\Model->doInsert([...])
 4 SYSTEMPATH\Model.php(802): CodeIgniter\BaseModel->insert([...], true)
 5 APPPATH\Models\DaftarnilaitugasModel.php(104): CodeIgniter\Model->insert([...])
 6 APPPATH\Controllers\Daftarnilai.php(45): App\Models\DaftarnilaitugasModel->tambahDataNilaiTugas('3', '3', '3', '3', '3', 'Ganjil', '', '', '', '80', '80', '85', '80', '75', '85')
 7 SYSTEMPATH\CodeIgniter.php(933): App\Controllers\Daftarnilai->tambah()
 8 SYSTEMPATH\CodeIgniter.php(509): CodeIgniter\CodeIgniter->runController(Object(App\Controllers\Daftarnilai))
 9 SYSTEMPATH\CodeIgniter.php(355): CodeIgniter\CodeIgniter->handleRequest(null, Object(Config\Cache), false)
10 SYSTEMPATH\Boot.php(325): CodeIgniter\CodeIgniter->run()
11 SYSTEMPATH\Boot.php(67): CodeIgniter\Boot::runCodeIgniter(Object(CodeIgniter\CodeIgniter))
12 FCPATH\index.php(56): CodeIgniter\Boot::bootWeb(Object(Config\Paths))
13 SYSTEMPATH\rewrite.php(44): require_once('C:\\xampp\\htdocs\\si_manajemen_nilai\\public\\index.php')
CRITICAL - 2025-01-27 09:35:55 --> [Caused by] CodeIgniter\Database\Exceptions\DatabaseException: Cannot add or update a child row: a foreign key constraint fails (`manajemen_nilai`.`dt_nilai_tugas`, CONSTRAINT `dt_nilai_tugas_ibfk_2` FOREIGN KEY (`id_mapel`) REFERENCES `dt_mapel` (`id_mapel`) ON DELETE CASCADE ON UPDATE CASCADE)
in SYSTEMPATH\Database\MySQLi\Connection.php on line 317.
 1 SYSTEMPATH\Database\BaseConnection.php(734): CodeIgniter\Database\MySQLi\Connection->execute('INSERT INTO `dt_nilai_tugas` (`id_siswa`, `id_mapel`, `id_kelas`, `id_jurusan`, `id_periode`, `semester`, `nilai_1`, `nilai_2`, `nilai_3`, `nilai_4`, `nilai_5`, `nilai_6`, `nilai_7`, `nilai_8`, `nilai_9`, `na_materi`, `LM_1`, `LM_2`, `LM_3`, `na_sumatif`) VALUES (\'3\', \'3\', \'3\', \'3\', \'3\', \'Ganjil\', \'\', \'\', \'\', \'80\', \'80\', \'85\', \'80\', \'75\', \'85\', 81, 0, 82, 80, 81)')
 2 SYSTEMPATH\Database\BaseConnection.php(648): CodeIgniter\Database\BaseConnection->simpleQuery('INSERT INTO `dt_nilai_tugas` (`id_siswa`, `id_mapel`, `id_kelas`, `id_jurusan`, `id_periode`, `semester`, `nilai_1`, `nilai_2`, `nilai_3`, `nilai_4`, `nilai_5`, `nilai_6`, `nilai_7`, `nilai_8`, `nilai_9`, `na_materi`, `LM_1`, `LM_2`, `LM_3`, `na_sumatif`) VALUES (\'3\', \'3\', \'3\', \'3\', \'3\', \'Ganjil\', \'\', \'\', \'\', \'80\', \'80\', \'85\', \'80\', \'75\', \'85\', 81, 0, 82, 80, 81)')
 3 SYSTEMPATH\Database\BaseBuilder.php(2340): CodeIgniter\Database\BaseConnection->query('INSERT INTO `dt_nilai_tugas` (`id_siswa`, `id_mapel`, `id_kelas`, `id_jurusan`, `id_periode`, `semester`, `nilai_1`, `nilai_2`, `nilai_3`, `nilai_4`, `nilai_5`, `nilai_6`, `nilai_7`, `nilai_8`, `nilai_9`, `na_materi`, `LM_1`, `LM_2`, `LM_3`, `na_sumatif`) VALUES (:id_siswa:, :id_mapel:, :id_kelas:, :id_jurusan:, :id_periode:, :semester:, :nilai_1:, :nilai_2:, :nilai_3:, :nilai_4:, :nilai_5:, :nilai_6:, :nilai_7:, :nilai_8:, :nilai_9:, :na_materi:, :LM_1:, :LM_2:, :LM_3:, :na_sumatif:)', [...], false)
 4 SYSTEMPATH\Model.php(394): CodeIgniter\Database\BaseBuilder->insert()
 5 SYSTEMPATH\BaseModel.php(840): CodeIgniter\Model->doInsert([...])
 6 SYSTEMPATH\Model.php(802): CodeIgniter\BaseModel->insert([...], true)
 7 APPPATH\Models\DaftarnilaitugasModel.php(104): CodeIgniter\Model->insert([...])
 8 APPPATH\Controllers\Daftarnilai.php(45): App\Models\DaftarnilaitugasModel->tambahDataNilaiTugas('3', '3', '3', '3', '3', 'Ganjil', '', '', '', '80', '80', '85', '80', '75', '85')
 9 SYSTEMPATH\CodeIgniter.php(933): App\Controllers\Daftarnilai->tambah()
10 SYSTEMPATH\CodeIgniter.php(509): CodeIgniter\CodeIgniter->runController(Object(App\Controllers\Daftarnilai))
11 SYSTEMPATH\CodeIgniter.php(355): CodeIgniter\CodeIgniter->handleRequest(null, Object(Config\Cache), false)
12 SYSTEMPATH\Boot.php(325): CodeIgniter\CodeIgniter->run()
13 SYSTEMPATH\Boot.php(67): CodeIgniter\Boot::runCodeIgniter(Object(CodeIgniter\CodeIgniter))
14 FCPATH\index.php(56): CodeIgniter\Boot::bootWeb(Object(Config\Paths))
15 SYSTEMPATH\rewrite.php(44): require_once('C:\\xampp\\htdocs\\si_manajemen_nilai\\public\\index.php')
CRITICAL - 2025-01-27 09:35:55 --> [Caused by] mysqli_sql_exception: Cannot add or update a child row: a foreign key constraint fails (`manajemen_nilai`.`dt_nilai_tugas`, CONSTRAINT `dt_nilai_tugas_ibfk_2` FOREIGN KEY (`id_mapel`) REFERENCES `dt_mapel` (`id_mapel`) ON DELETE CASCADE ON UPDATE CASCADE)
in SYSTEMPATH\Database\MySQLi\Connection.php on line 312.
 1 SYSTEMPATH\Database\MySQLi\Connection.php(312): mysqli->query('INSERT INTO `dt_nilai_tugas` (`id_siswa`, `id_mapel`, `id_kelas`, `id_jurusan`, `id_periode`, `semester`, `nilai_1`, `nilai_2`, `nilai_3`, `nilai_4`, `nilai_5`, `nilai_6`, `nilai_7`, `nilai_8`, `nilai_9`, `na_materi`, `LM_1`, `LM_2`, `LM_3`, `na_sumatif`) VALUES (\'3\', \'3\', \'3\', \'3\', \'3\', \'Ganjil\', \'\', \'\', \'\', \'80\', \'80\', \'85\', \'80\', \'75\', \'85\', 81, 0, 82, 80, 81)', 0)
 2 SYSTEMPATH\Database\BaseConnection.php(734): CodeIgniter\Database\MySQLi\Connection->execute('INSERT INTO `dt_nilai_tugas` (`id_siswa`, `id_mapel`, `id_kelas`, `id_jurusan`, `id_periode`, `semester`, `nilai_1`, `nilai_2`, `nilai_3`, `nilai_4`, `nilai_5`, `nilai_6`, `nilai_7`, `nilai_8`, `nilai_9`, `na_materi`, `LM_1`, `LM_2`, `LM_3`, `na_sumatif`) VALUES (\'3\', \'3\', \'3\', \'3\', \'3\', \'Ganjil\', \'\', \'\', \'\', \'80\', \'80\', \'85\', \'80\', \'75\', \'85\', 81, 0, 82, 80, 81)')
 3 SYSTEMPATH\Database\BaseConnection.php(648): CodeIgniter\Database\BaseConnection->simpleQuery('INSERT INTO `dt_nilai_tugas` (`id_siswa`, `id_mapel`, `id_kelas`, `id_jurusan`, `id_periode`, `semester`, `nilai_1`, `nilai_2`, `nilai_3`, `nilai_4`, `nilai_5`, `nilai_6`, `nilai_7`, `nilai_8`, `nilai_9`, `na_materi`, `LM_1`, `LM_2`, `LM_3`, `na_sumatif`) VALUES (\'3\', \'3\', \'3\', \'3\', \'3\', \'Ganjil\', \'\', \'\', \'\', \'80\', \'80\', \'85\', \'80\', \'75\', \'85\', 81, 0, 82, 80, 81)')
 4 SYSTEMPATH\Database\BaseBuilder.php(2340): CodeIgniter\Database\BaseConnection->query('INSERT INTO `dt_nilai_tugas` (`id_siswa`, `id_mapel`, `id_kelas`, `id_jurusan`, `id_periode`, `semester`, `nilai_1`, `nilai_2`, `nilai_3`, `nilai_4`, `nilai_5`, `nilai_6`, `nilai_7`, `nilai_8`, `nilai_9`, `na_materi`, `LM_1`, `LM_2`, `LM_3`, `na_sumatif`) VALUES (:id_siswa:, :id_mapel:, :id_kelas:, :id_jurusan:, :id_periode:, :semester:, :nilai_1:, :nilai_2:, :nilai_3:, :nilai_4:, :nilai_5:, :nilai_6:, :nilai_7:, :nilai_8:, :nilai_9:, :na_materi:, :LM_1:, :LM_2:, :LM_3:, :na_sumatif:)', [...], false)
 5 SYSTEMPATH\Model.php(394): CodeIgniter\Database\BaseBuilder->insert()
 6 SYSTEMPATH\BaseModel.php(840): CodeIgniter\Model->doInsert([...])
 7 SYSTEMPATH\Model.php(802): CodeIgniter\BaseModel->insert([...], true)
 8 APPPATH\Models\DaftarnilaitugasModel.php(104): CodeIgniter\Model->insert([...])
 9 APPPATH\Controllers\Daftarnilai.php(45): App\Models\DaftarnilaitugasModel->tambahDataNilaiTugas('3', '3', '3', '3', '3', 'Ganjil', '', '', '', '80', '80', '85', '80', '75', '85')
10 SYSTEMPATH\CodeIgniter.php(933): App\Controllers\Daftarnilai->tambah()
11 SYSTEMPATH\CodeIgniter.php(509): CodeIgniter\CodeIgniter->runController(Object(App\Controllers\Daftarnilai))
12 SYSTEMPATH\CodeIgniter.php(355): CodeIgniter\CodeIgniter->handleRequest(null, Object(Config\Cache), false)
13 SYSTEMPATH\Boot.php(325): CodeIgniter\CodeIgniter->run()
14 SYSTEMPATH\Boot.php(67): CodeIgniter\Boot::runCodeIgniter(Object(CodeIgniter\CodeIgniter))
15 FCPATH\index.php(56): CodeIgniter\Boot::bootWeb(Object(Config\Paths))
16 SYSTEMPATH\rewrite.php(44): require_once('C:\\xampp\\htdocs\\si_manajemen_nilai\\public\\index.php')
CRITICAL - 2025-01-27 11:01:22 --> CodeIgniter\Database\Exceptions\DataException: There is no data to update.
[Method: POST, Route: daftar_nilai/ubah]
in SYSTEMPATH\BaseModel.php on line 1833.
 1 SYSTEMPATH\BaseModel.php(1833): CodeIgniter\Database\Exceptions\DataException::forEmptyDataset('update')
 2 SYSTEMPATH\BaseModel.php(997): CodeIgniter\BaseModel->transformDataToArray(null, 'update')
 3 SYSTEMPATH\Model.php(865): CodeIgniter\BaseModel->update([...], null)
 4 APPPATH\Models\DaftarnilaitugasModel.php(210): CodeIgniter\Model->update([...])
 5 APPPATH\Controllers\Daftarnilai.php(71): App\Models\DaftarnilaitugasModel->ubahDataNilaiTugas('10', '4', '9', '13', '1', '4', 'Ganjil', '0', '0', '0', '80', '78', '80', '82', '75', '77')
 6 SYSTEMPATH\CodeIgniter.php(933): App\Controllers\Daftarnilai->ubah()
 7 SYSTEMPATH\CodeIgniter.php(509): CodeIgniter\CodeIgniter->runController(Object(App\Controllers\Daftarnilai))
 8 SYSTEMPATH\CodeIgniter.php(355): CodeIgniter\CodeIgniter->handleRequest(null, Object(Config\Cache), false)
 9 SYSTEMPATH\Boot.php(325): CodeIgniter\CodeIgniter->run()
10 SYSTEMPATH\Boot.php(67): CodeIgniter\Boot::runCodeIgniter(Object(CodeIgniter\CodeIgniter))
11 FCPATH\index.php(56): CodeIgniter\Boot::bootWeb(Object(Config\Paths))
12 SYSTEMPATH\rewrite.php(44): require_once('C:\\xampp\\htdocs\\si_manajemen_nilai\\public\\index.php')
CRITICAL - 2025-01-27 13:28:51 --> ErrorException: Trying to access array offset on value of type null
[Method: GET, Route: daftar_nilai/nilai_pts_periode/2024/2025]
in APPPATH\Models\PeriodeajaranModel.php on line 23.
 1 APPPATH\Models\PeriodeajaranModel.php(23): CodeIgniter\Debug\Exceptions->errorHandler(2, 'Trying to access array offset on value of type null', 'C:\\xampp\\htdocs\\si_manajemen_nilai\\app\\Models\\PeriodeajaranModel.php', 23)
 2 APPPATH\Controllers\Daftarnilai.php(173): App\Models\PeriodeajaranModel->tahunPeriode('2024')
 3 SYSTEMPATH\CodeIgniter.php(933): App\Controllers\Daftarnilai->nilai_pts_periode('2024', '2025')
 4 SYSTEMPATH\CodeIgniter.php(509): CodeIgniter\CodeIgniter->runController(Object(App\Controllers\Daftarnilai))
 5 SYSTEMPATH\CodeIgniter.php(355): CodeIgniter\CodeIgniter->handleRequest(null, Object(Config\Cache), false)
 6 SYSTEMPATH\Boot.php(325): CodeIgniter\CodeIgniter->run()
 7 SYSTEMPATH\Boot.php(67): CodeIgniter\Boot::runCodeIgniter(Object(CodeIgniter\CodeIgniter))
 8 FCPATH\index.php(56): CodeIgniter\Boot::bootWeb(Object(Config\Paths))
 9 SYSTEMPATH\rewrite.php(44): require_once('C:\\xampp\\htdocs\\si_manajemen_nilai\\public\\index.php')
